<?xml version="1.0" encoding="UTF-8"?>
<testsuite name="com.amazon.ata.kindlepublishingservice.mastery.mt4.MasteryTaskFourSubmitBookForPublishingTests" tests="2" skipped="0" failures="0" errors="0" timestamp="2022-06-02T19:10:23" hostname="eb1228msus-MBP" time="45.222">
  <properties/>
  <testcase name="submitBookForPublishing_existingBookId_publishesAndCreatesNewBookVersion()" classname="com.amazon.ata.kindlepublishingservice.mastery.mt4.MasteryTaskFourSubmitBookForPublishingTests" time="22.888"/>
  <testcase name="submitBookForPublishing_noBookId_publishesAndCreatesNewBook()" classname="com.amazon.ata.kindlepublishingservice.mastery.mt4.MasteryTaskFourSubmitBookForPublishingTests" time="22.333"/>
  <system-out><![CDATA[12:10:22.654 [Test worker] DEBUG com.amazonaws.AmazonWebServiceClient - Internal logging successfully configured to commons logger: true
12:10:22.750 [Test worker] DEBUG com.amazonaws.metrics.AwsSdkMetrics - Admin mbean registered under com.amazonaws.management:type=AwsSdkMetrics
12:10:23.014 [Test worker] DEBUG com.amazonaws.monitoring.CsmConfigurationProviderChain - Unable to load configuration from com.amazonaws.monitoring.EnvironmentVariableCsmConfigurationProvider@58855d42: Unable to load Client Side Monitoring configurations from environment variables!
12:10:23.013 [java-sdk-http-connection-reaper] DEBUG org.apache.http.impl.conn.PoolingHttpClientConnectionManager - Closing connections idle longer than 60000 MILLISECONDS
12:10:23.014 [Test worker] DEBUG com.amazonaws.monitoring.CsmConfigurationProviderChain - Unable to load configuration from com.amazonaws.monitoring.SystemPropertyCsmConfigurationProvider@519ea760: Unable to load Client Side Monitoring configurations from system properties variables!
12:10:23.015 [Test worker] DEBUG com.amazonaws.monitoring.CsmConfigurationProviderChain - Unable to load configuration from com.amazonaws.monitoring.ProfileCsmConfigurationProvider@667fe434: The 'default' profile does not define all the required properties!
12:10:23.192 [Test worker] DEBUG com.amazonaws.monitoring.CsmConfigurationProviderChain - Unable to load configuration from com.amazonaws.monitoring.EnvironmentVariableCsmConfigurationProvider@58855d42: Unable to load Client Side Monitoring configurations from environment variables!
12:10:23.192 [Test worker] DEBUG com.amazonaws.monitoring.CsmConfigurationProviderChain - Unable to load configuration from com.amazonaws.monitoring.SystemPropertyCsmConfigurationProvider@519ea760: Unable to load Client Side Monitoring configurations from system properties variables!
12:10:23.192 [Test worker] DEBUG com.amazonaws.monitoring.CsmConfigurationProviderChain - Unable to load configuration from com.amazonaws.monitoring.ProfileCsmConfigurationProvider@667fe434: The 'default' profile does not define all the required properties!
BookPublishingTask is running!!!
12:10:23.361 [Test worker] DEBUG com.amazonaws.auth.AWSCredentialsProviderChain - Unable to load credentials from EnvironmentVariableCredentialsProvider: Unable to load AWS credentials from environment variables (AWS_ACCESS_KEY_ID (or AWS_ACCESS_KEY) and AWS_SECRET_KEY (or AWS_SECRET_ACCESS_KEY))
12:10:23.361 [Test worker] DEBUG com.amazonaws.auth.AWSCredentialsProviderChain - Unable to load credentials from SystemPropertiesCredentialsProvider: Unable to load AWS credentials from Java system properties (aws.accessKeyId and aws.secretKey)
12:10:23.361 [Test worker] DEBUG com.amazonaws.auth.AWSCredentialsProviderChain - Unable to load credentials from WebIdentityTokenCredentialsProvider: To use assume role profiles the aws-java-sdk-sts module must be on the class path.
12:10:23.364 [Test worker] DEBUG com.amazonaws.auth.AWSCredentialsProviderChain - Loading credentials from com.amazonaws.auth.profile.ProfileCredentialsProvider@4272bd10
12:10:23.369 [Test worker] DEBUG com.amazonaws.request - Sending Request: POST https://dynamodb.us-west-2.amazonaws.com / Headers: (amz-sdk-invocation-id: b235755b-ff48-621b-2331-65d0ce274b8f, Content-Length: 403, Content-Type: application/x-amz-json-1.0, User-Agent: aws-sdk-java/1.11.1020 Mac_OS_X/11.6.4 OpenJDK_64-Bit_Server_VM/11.0.13+8-LTS java/11.0.13 vendor/Amazon.com_Inc. cfg/retry-mode/legacy com.amazonaws.services.dynamodbv2.datamodeling.DynamoDBMapper/1.11.1020, X-Amz-Target: DynamoDB_20120810.UpdateItem, ) 
12:10:23.425 [Test worker] DEBUG com.amazonaws.auth.AWS4Signer - AWS4 Canonical Request: '"POST
/

amz-sdk-invocation-id:b235755b-ff48-621b-2331-65d0ce274b8f
amz-sdk-request:attempt=1;max=11
amz-sdk-retry:0/0/500
content-length:403
content-type:application/x-amz-json-1.0
host:dynamodb.us-west-2.amazonaws.com
user-agent:aws-sdk-java/1.11.1020 Mac_OS_X/11.6.4 OpenJDK_64-Bit_Server_VM/11.0.13+8-LTS java/11.0.13 vendor/Amazon.com_Inc. cfg/retry-mode/legacy com.amazonaws.services.dynamodbv2.datamodeling.DynamoDBMapper/1.11.1020
x-amz-date:20220602T191023Z
x-amz-target:DynamoDB_20120810.UpdateItem

amz-sdk-invocation-id;amz-sdk-request;amz-sdk-retry;content-length;content-type;host;user-agent;x-amz-date;x-amz-target
2dadd551ad05450c9c6526fbc86b4eb1458b581f14a1094c72fdf8edacd9b3bd"
12:10:23.426 [Test worker] DEBUG com.amazonaws.auth.AWS4Signer - AWS4 String to Sign: '"AWS4-HMAC-SHA256
20220602T191023Z
20220602/us-west-2/dynamodb/aws4_request
0120d9993c78bb2065c519f5a7344999dc432492edf635cf88b382ccbc4fd01d"
12:10:23.438 [Test worker] DEBUG com.amazonaws.auth.AWS4Signer - Generating a new signing key as the signing key not available in the cache for the date 1654128000000
12:10:23.465 [Test worker] DEBUG org.apache.http.client.protocol.RequestAddCookies - CookieSpec selected: default
12:10:23.478 [Test worker] DEBUG org.apache.http.client.protocol.RequestAuthCache - Auth cache not set in the context
12:10:23.480 [Test worker] DEBUG org.apache.http.impl.conn.PoolingHttpClientConnectionManager - Connection request: [route: {s}->https://dynamodb.us-west-2.amazonaws.com:443][total available: 0; route allocated: 0 of 50; total allocated: 0 of 50]
12:10:23.503 [Test worker] DEBUG org.apache.http.impl.conn.PoolingHttpClientConnectionManager - Connection leased: [id: 0][route: {s}->https://dynamodb.us-west-2.amazonaws.com:443][total available: 0; route allocated: 1 of 50; total allocated: 1 of 50]
12:10:23.506 [Test worker] DEBUG org.apache.http.impl.execchain.MainClientExec - Opening connection {s}->https://dynamodb.us-west-2.amazonaws.com:443
12:10:23.533 [Test worker] DEBUG org.apache.http.impl.conn.DefaultHttpClientConnectionOperator - Connecting to dynamodb.us-west-2.amazonaws.com/52.94.28.36:443
12:10:23.534 [Test worker] DEBUG com.amazonaws.http.conn.ssl.SdkTLSSocketFactory - connecting to dynamodb.us-west-2.amazonaws.com/52.94.28.36:443
12:10:23.534 [Test worker] DEBUG com.amazonaws.http.conn.ssl.SdkTLSSocketFactory - Connecting socket to dynamodb.us-west-2.amazonaws.com/52.94.28.36:443 with timeout 10000
12:10:23.602 [Test worker] DEBUG com.amazonaws.http.conn.ssl.SdkTLSSocketFactory - Enabled protocols: [TLSv1.3, TLSv1.2, TLSv1.1, TLSv1]
12:10:23.603 [Test worker] DEBUG com.amazonaws.http.conn.ssl.SdkTLSSocketFactory - Enabled cipher suites:[TLS_AES_256_GCM_SHA384, TLS_AES_128_GCM_SHA256, TLS_CHACHA20_POLY1305_SHA256, TLS_ECDHE_ECDSA_WITH_AES_256_GCM_SHA384, TLS_ECDHE_ECDSA_WITH_AES_128_GCM_SHA256, TLS_ECDHE_ECDSA_WITH_CHACHA20_POLY1305_SHA256, TLS_ECDHE_RSA_WITH_AES_256_GCM_SHA384, TLS_ECDHE_RSA_WITH_CHACHA20_POLY1305_SHA256, TLS_ECDHE_RSA_WITH_AES_128_GCM_SHA256, TLS_DHE_RSA_WITH_AES_256_GCM_SHA384, TLS_DHE_RSA_WITH_CHACHA20_POLY1305_SHA256, TLS_DHE_DSS_WITH_AES_256_GCM_SHA384, TLS_DHE_RSA_WITH_AES_128_GCM_SHA256, TLS_DHE_DSS_WITH_AES_128_GCM_SHA256, TLS_ECDHE_ECDSA_WITH_AES_256_CBC_SHA384, TLS_ECDHE_RSA_WITH_AES_256_CBC_SHA384, TLS_ECDHE_ECDSA_WITH_AES_128_CBC_SHA256, TLS_ECDHE_RSA_WITH_AES_128_CBC_SHA256, TLS_DHE_RSA_WITH_AES_256_CBC_SHA256, TLS_DHE_DSS_WITH_AES_256_CBC_SHA256, TLS_DHE_RSA_WITH_AES_128_CBC_SHA256, TLS_DHE_DSS_WITH_AES_128_CBC_SHA256, TLS_ECDH_ECDSA_WITH_AES_256_GCM_SHA384, TLS_ECDH_RSA_WITH_AES_256_GCM_SHA384, TLS_ECDH_ECDSA_WITH_AES_128_GCM_SHA256, TLS_ECDH_RSA_WITH_AES_128_GCM_SHA256, TLS_ECDH_ECDSA_WITH_AES_256_CBC_SHA384, TLS_ECDH_RSA_WITH_AES_256_CBC_SHA384, TLS_ECDH_ECDSA_WITH_AES_128_CBC_SHA256, TLS_ECDH_RSA_WITH_AES_128_CBC_SHA256, TLS_ECDHE_ECDSA_WITH_AES_256_CBC_SHA, TLS_ECDHE_RSA_WITH_AES_256_CBC_SHA, TLS_ECDHE_ECDSA_WITH_AES_128_CBC_SHA, TLS_ECDHE_RSA_WITH_AES_128_CBC_SHA, TLS_DHE_RSA_WITH_AES_256_CBC_SHA, TLS_DHE_DSS_WITH_AES_256_CBC_SHA, TLS_DHE_RSA_WITH_AES_128_CBC_SHA, TLS_DHE_DSS_WITH_AES_128_CBC_SHA, TLS_ECDH_ECDSA_WITH_AES_256_CBC_SHA, TLS_ECDH_RSA_WITH_AES_256_CBC_SHA, TLS_ECDH_ECDSA_WITH_AES_128_CBC_SHA, TLS_ECDH_RSA_WITH_AES_128_CBC_SHA, TLS_RSA_WITH_AES_256_GCM_SHA384, TLS_RSA_WITH_AES_128_GCM_SHA256, TLS_RSA_WITH_AES_256_CBC_SHA256, TLS_RSA_WITH_AES_128_CBC_SHA256, TLS_RSA_WITH_AES_256_CBC_SHA, TLS_RSA_WITH_AES_128_CBC_SHA, TLS_EMPTY_RENEGOTIATION_INFO_SCSV]
12:10:23.603 [Test worker] DEBUG com.amazonaws.http.conn.ssl.SdkTLSSocketFactory - socket.getSupportedProtocols(): [TLSv1.3, TLSv1.2, TLSv1.1, TLSv1, SSLv3, SSLv2Hello], socket.getEnabledProtocols(): [TLSv1.3, TLSv1.2, TLSv1.1, TLSv1]
12:10:23.604 [Test worker] DEBUG com.amazonaws.http.conn.ssl.SdkTLSSocketFactory - TLS protocol enabled for SSL handshake: [TLSv1.2, TLSv1.1, TLSv1, TLSv1.3]
12:10:23.604 [Test worker] DEBUG com.amazonaws.http.conn.ssl.SdkTLSSocketFactory - Starting handshake
12:10:23.795 [Test worker] DEBUG com.amazonaws.http.conn.ssl.SdkTLSSocketFactory - Secure session established
12:10:23.795 [Test worker] DEBUG com.amazonaws.http.conn.ssl.SdkTLSSocketFactory -  negotiated protocol: TLSv1.2
12:10:23.795 [Test worker] DEBUG com.amazonaws.http.conn.ssl.SdkTLSSocketFactory -  negotiated cipher suite: TLS_ECDHE_RSA_WITH_AES_128_GCM_SHA256
12:10:23.796 [Test worker] DEBUG com.amazonaws.http.conn.ssl.SdkTLSSocketFactory -  peer principal: CN=dynamodb.us-west-2.amazonaws.com
12:10:23.796 [Test worker] DEBUG com.amazonaws.http.conn.ssl.SdkTLSSocketFactory -  peer alternative names: [dynamodb.us-west-2.amazonaws.com, *.ddb.us-west-2.amazonaws.com]
12:10:23.796 [Test worker] DEBUG com.amazonaws.http.conn.ssl.SdkTLSSocketFactory -  issuer principal: CN=Amazon, OU=Server CA 1B, O=Amazon, C=US
12:10:23.802 [Test worker] DEBUG com.amazonaws.internal.SdkSSLSocket - created: dynamodb.us-west-2.amazonaws.com/52.94.28.36:443
12:10:23.803 [Test worker] DEBUG org.apache.http.impl.conn.DefaultHttpClientConnectionOperator - Connection established 192.168.1.86:57432<->52.94.28.36:443
12:10:23.803 [Test worker] DEBUG org.apache.http.impl.conn.DefaultManagedHttpClientConnection - http-outgoing-0: set socket timeout to 50000
12:10:23.804 [Test worker] DEBUG org.apache.http.impl.execchain.MainClientExec - Executing request POST / HTTP/1.1
12:10:23.804 [Test worker] DEBUG org.apache.http.impl.execchain.MainClientExec - Proxy auth state: UNCHALLENGED
12:10:23.807 [Test worker] DEBUG org.apache.http.headers - http-outgoing-0 >> POST / HTTP/1.1
12:10:23.807 [Test worker] DEBUG org.apache.http.headers - http-outgoing-0 >> Host: dynamodb.us-west-2.amazonaws.com
12:10:23.807 [Test worker] DEBUG org.apache.http.headers - http-outgoing-0 >> amz-sdk-invocation-id: b235755b-ff48-621b-2331-65d0ce274b8f
12:10:23.807 [Test worker] DEBUG org.apache.http.headers - http-outgoing-0 >> amz-sdk-request: attempt=1;max=11
12:10:23.807 [Test worker] DEBUG org.apache.http.headers - http-outgoing-0 >> amz-sdk-retry: 0/0/500
12:10:23.807 [Test worker] DEBUG org.apache.http.headers - http-outgoing-0 >> Authorization: AWS4-HMAC-SHA256 Credential=AKIA4QVT5K6IDDIUW4SY/20220602/us-west-2/dynamodb/aws4_request, SignedHeaders=amz-sdk-invocation-id;amz-sdk-request;amz-sdk-retry;content-length;content-type;host;user-agent;x-amz-date;x-amz-target, Signature=586af5450bc787ca61ac71da1e9c87b9a4c672fd662e3dcd123ae7ae310a3f77
12:10:23.807 [Test worker] DEBUG org.apache.http.headers - http-outgoing-0 >> Content-Type: application/x-amz-json-1.0
12:10:23.807 [Test worker] DEBUG org.apache.http.headers - http-outgoing-0 >> User-Agent: aws-sdk-java/1.11.1020 Mac_OS_X/11.6.4 OpenJDK_64-Bit_Server_VM/11.0.13+8-LTS java/11.0.13 vendor/Amazon.com_Inc. cfg/retry-mode/legacy com.amazonaws.services.dynamodbv2.datamodeling.DynamoDBMapper/1.11.1020
12:10:23.807 [Test worker] DEBUG org.apache.http.headers - http-outgoing-0 >> X-Amz-Date: 20220602T191023Z
12:10:23.808 [Test worker] DEBUG org.apache.http.headers - http-outgoing-0 >> X-Amz-Target: DynamoDB_20120810.UpdateItem
12:10:23.808 [Test worker] DEBUG org.apache.http.headers - http-outgoing-0 >> Content-Length: 403
12:10:23.808 [Test worker] DEBUG org.apache.http.headers - http-outgoing-0 >> Connection: Keep-Alive
12:10:23.808 [Test worker] DEBUG org.apache.http.wire - http-outgoing-0 >> "POST / HTTP/1.1[\r][\n]"
12:10:23.808 [Test worker] DEBUG org.apache.http.wire - http-outgoing-0 >> "Host: dynamodb.us-west-2.amazonaws.com[\r][\n]"
12:10:23.808 [Test worker] DEBUG org.apache.http.wire - http-outgoing-0 >> "amz-sdk-invocation-id: b235755b-ff48-621b-2331-65d0ce274b8f[\r][\n]"
12:10:23.808 [Test worker] DEBUG org.apache.http.wire - http-outgoing-0 >> "amz-sdk-request: attempt=1;max=11[\r][\n]"
12:10:23.809 [Test worker] DEBUG org.apache.http.wire - http-outgoing-0 >> "amz-sdk-retry: 0/0/500[\r][\n]"
12:10:23.809 [Test worker] DEBUG org.apache.http.wire - http-outgoing-0 >> "Authorization: AWS4-HMAC-SHA256 Credential=AKIA4QVT5K6IDDIUW4SY/20220602/us-west-2/dynamodb/aws4_request, SignedHeaders=amz-sdk-invocation-id;amz-sdk-request;amz-sdk-retry;content-length;content-type;host;user-agent;x-amz-date;x-amz-target, Signature=586af5450bc787ca61ac71da1e9c87b9a4c672fd662e3dcd123ae7ae310a3f77[\r][\n]"
12:10:23.809 [Test worker] DEBUG org.apache.http.wire - http-outgoing-0 >> "Content-Type: application/x-amz-json-1.0[\r][\n]"
12:10:23.809 [Test worker] DEBUG org.apache.http.wire - http-outgoing-0 >> "User-Agent: aws-sdk-java/1.11.1020 Mac_OS_X/11.6.4 OpenJDK_64-Bit_Server_VM/11.0.13+8-LTS java/11.0.13 vendor/Amazon.com_Inc. cfg/retry-mode/legacy com.amazonaws.services.dynamodbv2.datamodeling.DynamoDBMapper/1.11.1020[\r][\n]"
12:10:23.809 [Test worker] DEBUG org.apache.http.wire - http-outgoing-0 >> "X-Amz-Date: 20220602T191023Z[\r][\n]"
12:10:23.809 [Test worker] DEBUG org.apache.http.wire - http-outgoing-0 >> "X-Amz-Target: DynamoDB_20120810.UpdateItem[\r][\n]"
12:10:23.809 [Test worker] DEBUG org.apache.http.wire - http-outgoing-0 >> "Content-Length: 403[\r][\n]"
12:10:23.809 [Test worker] DEBUG org.apache.http.wire - http-outgoing-0 >> "Connection: Keep-Alive[\r][\n]"
12:10:23.809 [Test worker] DEBUG org.apache.http.wire - http-outgoing-0 >> "[\r][\n]"
12:10:23.809 [Test worker] DEBUG org.apache.http.wire - http-outgoing-0 >> "{"TableName":"CatalogItemVersions","Key":{"version":{"N":"1"},"bookId":{"S":"book.d4d6c3c3-a8e4-4598-9010-977aae05cac3"}},"AttributeUpdates":{"inactive":{"Value":{"N":"0"},"Action":"PUT"},"author":{"Value":{"S":"author"},"Action":"PUT"},"genre":{"Value":{"S":"TRAVEL"},"Action":"PUT"},"text":{"Value":{"S":"text"},"Action":"PUT"},"title":{"Value":{"S":"title"},"Action":"PUT"}},"ReturnValues":"ALL_NEW"}"
12:10:23.866 [Test worker] DEBUG org.apache.http.wire - http-outgoing-0 << "HTTP/1.1 200 OK[\r][\n]"
12:10:23.866 [Test worker] DEBUG org.apache.http.wire - http-outgoing-0 << "Server: Server[\r][\n]"
12:10:23.866 [Test worker] DEBUG org.apache.http.wire - http-outgoing-0 << "Date: Thu, 02 Jun 2022 19:10:24 GMT[\r][\n]"
12:10:23.866 [Test worker] DEBUG org.apache.http.wire - http-outgoing-0 << "Content-Type: application/x-amz-json-1.0[\r][\n]"
12:10:23.866 [Test worker] DEBUG org.apache.http.wire - http-outgoing-0 << "Content-Length: 205[\r][\n]"
12:10:23.866 [Test worker] DEBUG org.apache.http.wire - http-outgoing-0 << "Connection: keep-alive[\r][\n]"
12:10:23.866 [Test worker] DEBUG org.apache.http.wire - http-outgoing-0 << "x-amzn-RequestId: 6TQQRTT66HOA6206ARJUIDT2MJVV4KQNSO5AEMVJF66Q9ASUAAJG[\r][\n]"
12:10:23.867 [Test worker] DEBUG org.apache.http.wire - http-outgoing-0 << "x-amz-crc32: 1847932220[\r][\n]"
12:10:23.867 [Test worker] DEBUG org.apache.http.wire - http-outgoing-0 << "[\r][\n]"
12:10:23.867 [Test worker] DEBUG org.apache.http.wire - http-outgoing-0 << "{"Attributes":{"inactive":{"N":"0"},"version":{"N":"1"},"bookId":{"S":"book.d4d6c3c3-a8e4-4598-9010-977aae05cac3"},"text":{"S":"text"},"genre":{"S":"TRAVEL"},"title":{"S":"title"},"author":{"S":"author"}}}"
12:10:23.870 [Test worker] DEBUG org.apache.http.headers - http-outgoing-0 << HTTP/1.1 200 OK
12:10:23.870 [Test worker] DEBUG org.apache.http.headers - http-outgoing-0 << Server: Server
12:10:23.870 [Test worker] DEBUG org.apache.http.headers - http-outgoing-0 << Date: Thu, 02 Jun 2022 19:10:24 GMT
12:10:23.870 [Test worker] DEBUG org.apache.http.headers - http-outgoing-0 << Content-Type: application/x-amz-json-1.0
12:10:23.870 [Test worker] DEBUG org.apache.http.headers - http-outgoing-0 << Content-Length: 205
12:10:23.870 [Test worker] DEBUG org.apache.http.headers - http-outgoing-0 << Connection: keep-alive
12:10:23.870 [Test worker] DEBUG org.apache.http.headers - http-outgoing-0 << x-amzn-RequestId: 6TQQRTT66HOA6206ARJUIDT2MJVV4KQNSO5AEMVJF66Q9ASUAAJG
12:10:23.870 [Test worker] DEBUG org.apache.http.headers - http-outgoing-0 << x-amz-crc32: 1847932220
12:10:23.874 [Test worker] DEBUG org.apache.http.impl.execchain.MainClientExec - Connection can be kept alive for 60000 MILLISECONDS
12:10:23.879 [Test worker] DEBUG com.amazonaws.retry.ClockSkewAdjuster - Reported server date (from 'Date' header): Thu, 02 Jun 2022 19:10:24 GMT
12:10:23.892 [Test worker] DEBUG org.apache.http.impl.conn.PoolingHttpClientConnectionManager - Connection [id: 0][route: {s}->https://dynamodb.us-west-2.amazonaws.com:443] can be kept alive for 60.0 seconds
12:10:23.892 [Test worker] DEBUG org.apache.http.impl.conn.DefaultManagedHttpClientConnection - http-outgoing-0: set socket timeout to 0
12:10:23.892 [Test worker] DEBUG org.apache.http.impl.conn.PoolingHttpClientConnectionManager - Connection released: [id: 0][route: {s}->https://dynamodb.us-west-2.amazonaws.com:443][total available: 1; route allocated: 1 of 50; total allocated: 1 of 50]
12:10:23.893 [Test worker] DEBUG com.amazonaws.request - Received successful response: 200, AWS Request ID: 6TQQRTT66HOA6206ARJUIDT2MJVV4KQNSO5AEMVJF66Q9ASUAAJG
12:10:23.893 [Test worker] DEBUG com.amazonaws.requestId - x-amzn-RequestId: 6TQQRTT66HOA6206ARJUIDT2MJVV4KQNSO5AEMVJF66Q9ASUAAJG
Memory address of BookPublishRequestManager in SubmitActivity: com.amazon.ata.kindlepublishingservice.publishing.BookPublishRequestManager@4f6bc04c
12:10:23.903 [Test worker] DEBUG com.amazonaws.request - Sending Request: POST https://dynamodb.us-west-2.amazonaws.com / Headers: (amz-sdk-invocation-id: 401bede0-18fd-7722-9618-2a651f727176, Content-Length: 215, Content-Type: application/x-amz-json-1.0, User-Agent: aws-sdk-java/1.11.1020 Mac_OS_X/11.6.4 OpenJDK_64-Bit_Server_VM/11.0.13+8-LTS java/11.0.13 vendor/Amazon.com_Inc. cfg/retry-mode/legacy com.amazonaws.services.dynamodbv2.datamodeling.DynamoDBMapper/1.11.1020, X-Amz-Target: DynamoDB_20120810.Query, ) 
12:10:23.903 [Test worker] DEBUG com.amazonaws.auth.AWS4Signer - AWS4 Canonical Request: '"POST
/

amz-sdk-invocation-id:401bede0-18fd-7722-9618-2a651f727176
amz-sdk-request:attempt=1;max=11
amz-sdk-retry:0/0/500
content-length:215
content-type:application/x-amz-json-1.0
host:dynamodb.us-west-2.amazonaws.com
user-agent:aws-sdk-java/1.11.1020 Mac_OS_X/11.6.4 OpenJDK_64-Bit_Server_VM/11.0.13+8-LTS java/11.0.13 vendor/Amazon.com_Inc. cfg/retry-mode/legacy com.amazonaws.services.dynamodbv2.datamodeling.DynamoDBMapper/1.11.1020
x-amz-date:20220602T191023Z
x-amz-target:DynamoDB_20120810.Query

amz-sdk-invocation-id;amz-sdk-request;amz-sdk-retry;content-length;content-type;host;user-agent;x-amz-date;x-amz-target
695b30eaf73cb473d1b077d06d12bdbbb3d1abbea1a7e6c07b491acf05894d9e"
12:10:23.903 [Test worker] DEBUG com.amazonaws.auth.AWS4Signer - AWS4 String to Sign: '"AWS4-HMAC-SHA256
20220602T191023Z
20220602/us-west-2/dynamodb/aws4_request
4acfe93be3b8eca79edf3afbe590975f64231728e8fb25199e100c083d8b45bd"
12:10:23.904 [Test worker] DEBUG org.apache.http.client.protocol.RequestAddCookies - CookieSpec selected: default
12:10:23.904 [Test worker] DEBUG org.apache.http.client.protocol.RequestAuthCache - Auth cache not set in the context
12:10:23.904 [Test worker] DEBUG org.apache.http.impl.conn.PoolingHttpClientConnectionManager - Connection request: [route: {s}->https://dynamodb.us-west-2.amazonaws.com:443][total available: 0; route allocated: 0 of 50; total allocated: 0 of 50]
12:10:23.904 [Test worker] DEBUG org.apache.http.impl.conn.PoolingHttpClientConnectionManager - Connection leased: [id: 1][route: {s}->https://dynamodb.us-west-2.amazonaws.com:443][total available: 0; route allocated: 1 of 50; total allocated: 1 of 50]
12:10:23.905 [Test worker] DEBUG org.apache.http.impl.execchain.MainClientExec - Opening connection {s}->https://dynamodb.us-west-2.amazonaws.com:443
12:10:23.905 [Test worker] DEBUG org.apache.http.impl.conn.DefaultHttpClientConnectionOperator - Connecting to dynamodb.us-west-2.amazonaws.com/52.94.28.36:443
12:10:23.905 [Test worker] DEBUG com.amazonaws.http.conn.ssl.SdkTLSSocketFactory - connecting to dynamodb.us-west-2.amazonaws.com/52.94.28.36:443
12:10:23.905 [Test worker] DEBUG com.amazonaws.http.conn.ssl.SdkTLSSocketFactory - Connecting socket to dynamodb.us-west-2.amazonaws.com/52.94.28.36:443 with timeout 10000
12:10:23.935 [Test worker] DEBUG com.amazonaws.http.conn.ssl.SdkTLSSocketFactory - Enabled protocols: [TLSv1.3, TLSv1.2, TLSv1.1, TLSv1]
12:10:23.935 [Test worker] DEBUG com.amazonaws.http.conn.ssl.SdkTLSSocketFactory - Enabled cipher suites:[TLS_AES_256_GCM_SHA384, TLS_AES_128_GCM_SHA256, TLS_CHACHA20_POLY1305_SHA256, TLS_ECDHE_ECDSA_WITH_AES_256_GCM_SHA384, TLS_ECDHE_ECDSA_WITH_AES_128_GCM_SHA256, TLS_ECDHE_ECDSA_WITH_CHACHA20_POLY1305_SHA256, TLS_ECDHE_RSA_WITH_AES_256_GCM_SHA384, TLS_ECDHE_RSA_WITH_CHACHA20_POLY1305_SHA256, TLS_ECDHE_RSA_WITH_AES_128_GCM_SHA256, TLS_DHE_RSA_WITH_AES_256_GCM_SHA384, TLS_DHE_RSA_WITH_CHACHA20_POLY1305_SHA256, TLS_DHE_DSS_WITH_AES_256_GCM_SHA384, TLS_DHE_RSA_WITH_AES_128_GCM_SHA256, TLS_DHE_DSS_WITH_AES_128_GCM_SHA256, TLS_ECDHE_ECDSA_WITH_AES_256_CBC_SHA384, TLS_ECDHE_RSA_WITH_AES_256_CBC_SHA384, TLS_ECDHE_ECDSA_WITH_AES_128_CBC_SHA256, TLS_ECDHE_RSA_WITH_AES_128_CBC_SHA256, TLS_DHE_RSA_WITH_AES_256_CBC_SHA256, TLS_DHE_DSS_WITH_AES_256_CBC_SHA256, TLS_DHE_RSA_WITH_AES_128_CBC_SHA256, TLS_DHE_DSS_WITH_AES_128_CBC_SHA256, TLS_ECDH_ECDSA_WITH_AES_256_GCM_SHA384, TLS_ECDH_RSA_WITH_AES_256_GCM_SHA384, TLS_ECDH_ECDSA_WITH_AES_128_GCM_SHA256, TLS_ECDH_RSA_WITH_AES_128_GCM_SHA256, TLS_ECDH_ECDSA_WITH_AES_256_CBC_SHA384, TLS_ECDH_RSA_WITH_AES_256_CBC_SHA384, TLS_ECDH_ECDSA_WITH_AES_128_CBC_SHA256, TLS_ECDH_RSA_WITH_AES_128_CBC_SHA256, TLS_ECDHE_ECDSA_WITH_AES_256_CBC_SHA, TLS_ECDHE_RSA_WITH_AES_256_CBC_SHA, TLS_ECDHE_ECDSA_WITH_AES_128_CBC_SHA, TLS_ECDHE_RSA_WITH_AES_128_CBC_SHA, TLS_DHE_RSA_WITH_AES_256_CBC_SHA, TLS_DHE_DSS_WITH_AES_256_CBC_SHA, TLS_DHE_RSA_WITH_AES_128_CBC_SHA, TLS_DHE_DSS_WITH_AES_128_CBC_SHA, TLS_ECDH_ECDSA_WITH_AES_256_CBC_SHA, TLS_ECDH_RSA_WITH_AES_256_CBC_SHA, TLS_ECDH_ECDSA_WITH_AES_128_CBC_SHA, TLS_ECDH_RSA_WITH_AES_128_CBC_SHA, TLS_RSA_WITH_AES_256_GCM_SHA384, TLS_RSA_WITH_AES_128_GCM_SHA256, TLS_RSA_WITH_AES_256_CBC_SHA256, TLS_RSA_WITH_AES_128_CBC_SHA256, TLS_RSA_WITH_AES_256_CBC_SHA, TLS_RSA_WITH_AES_128_CBC_SHA, TLS_EMPTY_RENEGOTIATION_INFO_SCSV]
12:10:23.935 [Test worker] DEBUG com.amazonaws.http.conn.ssl.SdkTLSSocketFactory - socket.getSupportedProtocols(): [TLSv1.3, TLSv1.2, TLSv1.1, TLSv1, SSLv3, SSLv2Hello], socket.getEnabledProtocols(): [TLSv1.3, TLSv1.2, TLSv1.1, TLSv1]
12:10:23.936 [Test worker] DEBUG com.amazonaws.http.conn.ssl.SdkTLSSocketFactory - TLS protocol enabled for SSL handshake: [TLSv1.2, TLSv1.1, TLSv1, TLSv1.3]
12:10:23.936 [Test worker] DEBUG com.amazonaws.http.conn.ssl.SdkTLSSocketFactory - Starting handshake
12:10:24.023 [Test worker] DEBUG com.amazonaws.http.conn.ssl.SdkTLSSocketFactory - Secure session established
12:10:24.023 [Test worker] DEBUG com.amazonaws.http.conn.ssl.SdkTLSSocketFactory -  negotiated protocol: TLSv1.2
12:10:24.023 [Test worker] DEBUG com.amazonaws.http.conn.ssl.SdkTLSSocketFactory -  negotiated cipher suite: TLS_ECDHE_RSA_WITH_AES_128_GCM_SHA256
12:10:24.023 [Test worker] DEBUG com.amazonaws.http.conn.ssl.SdkTLSSocketFactory -  peer principal: CN=dynamodb.us-west-2.amazonaws.com
12:10:24.023 [Test worker] DEBUG com.amazonaws.http.conn.ssl.SdkTLSSocketFactory -  peer alternative names: [dynamodb.us-west-2.amazonaws.com, *.ddb.us-west-2.amazonaws.com]
12:10:24.023 [Test worker] DEBUG com.amazonaws.http.conn.ssl.SdkTLSSocketFactory -  issuer principal: CN=Amazon, OU=Server CA 1B, O=Amazon, C=US
12:10:24.024 [Test worker] DEBUG com.amazonaws.internal.SdkSSLSocket - created: dynamodb.us-west-2.amazonaws.com/52.94.28.36:443
12:10:24.024 [Test worker] DEBUG org.apache.http.impl.conn.DefaultHttpClientConnectionOperator - Connection established 192.168.1.86:57433<->52.94.28.36:443
12:10:24.024 [Test worker] DEBUG org.apache.http.impl.conn.DefaultManagedHttpClientConnection - http-outgoing-1: set socket timeout to 50000
12:10:24.024 [Test worker] DEBUG org.apache.http.impl.execchain.MainClientExec - Executing request POST / HTTP/1.1
12:10:24.024 [Test worker] DEBUG org.apache.http.impl.execchain.MainClientExec - Proxy auth state: UNCHALLENGED
12:10:24.024 [Test worker] DEBUG org.apache.http.headers - http-outgoing-1 >> POST / HTTP/1.1
12:10:24.024 [Test worker] DEBUG org.apache.http.headers - http-outgoing-1 >> Host: dynamodb.us-west-2.amazonaws.com
12:10:24.024 [Test worker] DEBUG org.apache.http.headers - http-outgoing-1 >> amz-sdk-invocation-id: 401bede0-18fd-7722-9618-2a651f727176
12:10:24.024 [Test worker] DEBUG org.apache.http.headers - http-outgoing-1 >> amz-sdk-request: attempt=1;max=11
12:10:24.024 [Test worker] DEBUG org.apache.http.headers - http-outgoing-1 >> amz-sdk-retry: 0/0/500
12:10:24.024 [Test worker] DEBUG org.apache.http.headers - http-outgoing-1 >> Authorization: AWS4-HMAC-SHA256 Credential=AKIA4QVT5K6IDDIUW4SY/20220602/us-west-2/dynamodb/aws4_request, SignedHeaders=amz-sdk-invocation-id;amz-sdk-request;amz-sdk-retry;content-length;content-type;host;user-agent;x-amz-date;x-amz-target, Signature=26dadc7a02eee084b3694a21bfc5d14cb80c22e7b3ec0b5671f1542e5fc22357
12:10:24.025 [Test worker] DEBUG org.apache.http.headers - http-outgoing-1 >> Content-Type: application/x-amz-json-1.0
12:10:24.025 [Test worker] DEBUG org.apache.http.headers - http-outgoing-1 >> User-Agent: aws-sdk-java/1.11.1020 Mac_OS_X/11.6.4 OpenJDK_64-Bit_Server_VM/11.0.13+8-LTS java/11.0.13 vendor/Amazon.com_Inc. cfg/retry-mode/legacy com.amazonaws.services.dynamodbv2.datamodeling.DynamoDBMapper/1.11.1020
12:10:24.025 [Test worker] DEBUG org.apache.http.headers - http-outgoing-1 >> X-Amz-Date: 20220602T191023Z
12:10:24.025 [Test worker] DEBUG org.apache.http.headers - http-outgoing-1 >> X-Amz-Target: DynamoDB_20120810.Query
12:10:24.025 [Test worker] DEBUG org.apache.http.headers - http-outgoing-1 >> Content-Length: 215
12:10:24.025 [Test worker] DEBUG org.apache.http.headers - http-outgoing-1 >> Connection: Keep-Alive
12:10:24.025 [Test worker] DEBUG org.apache.http.wire - http-outgoing-1 >> "POST / HTTP/1.1[\r][\n]"
12:10:24.025 [Test worker] DEBUG org.apache.http.wire - http-outgoing-1 >> "Host: dynamodb.us-west-2.amazonaws.com[\r][\n]"
12:10:24.025 [Test worker] DEBUG org.apache.http.wire - http-outgoing-1 >> "amz-sdk-invocation-id: 401bede0-18fd-7722-9618-2a651f727176[\r][\n]"
12:10:24.025 [Test worker] DEBUG org.apache.http.wire - http-outgoing-1 >> "amz-sdk-request: attempt=1;max=11[\r][\n]"
12:10:24.025 [Test worker] DEBUG org.apache.http.wire - http-outgoing-1 >> "amz-sdk-retry: 0/0/500[\r][\n]"
12:10:24.025 [Test worker] DEBUG org.apache.http.wire - http-outgoing-1 >> "Authorization: AWS4-HMAC-SHA256 Credential=AKIA4QVT5K6IDDIUW4SY/20220602/us-west-2/dynamodb/aws4_request, SignedHeaders=amz-sdk-invocation-id;amz-sdk-request;amz-sdk-retry;content-length;content-type;host;user-agent;x-amz-date;x-amz-target, Signature=26dadc7a02eee084b3694a21bfc5d14cb80c22e7b3ec0b5671f1542e5fc22357[\r][\n]"
12:10:24.025 [Test worker] DEBUG org.apache.http.wire - http-outgoing-1 >> "Content-Type: application/x-amz-json-1.0[\r][\n]"
12:10:24.025 [Test worker] DEBUG org.apache.http.wire - http-outgoing-1 >> "User-Agent: aws-sdk-java/1.11.1020 Mac_OS_X/11.6.4 OpenJDK_64-Bit_Server_VM/11.0.13+8-LTS java/11.0.13 vendor/Amazon.com_Inc. cfg/retry-mode/legacy com.amazonaws.services.dynamodbv2.datamodeling.DynamoDBMapper/1.11.1020[\r][\n]"
12:10:24.025 [Test worker] DEBUG org.apache.http.wire - http-outgoing-1 >> "X-Amz-Date: 20220602T191023Z[\r][\n]"
12:10:24.025 [Test worker] DEBUG org.apache.http.wire - http-outgoing-1 >> "X-Amz-Target: DynamoDB_20120810.Query[\r][\n]"
12:10:24.025 [Test worker] DEBUG org.apache.http.wire - http-outgoing-1 >> "Content-Length: 215[\r][\n]"
12:10:24.025 [Test worker] DEBUG org.apache.http.wire - http-outgoing-1 >> "Connection: Keep-Alive[\r][\n]"
12:10:24.025 [Test worker] DEBUG org.apache.http.wire - http-outgoing-1 >> "[\r][\n]"
12:10:24.025 [Test worker] DEBUG org.apache.http.wire - http-outgoing-1 >> "{"TableName":"CatalogItemVersions","ConsistentRead":true,"ScanIndexForward":true,"KeyConditionExpression":"bookId = :bookId","ExpressionAttributeValues":{":bookId":{"S":"book.d4d6c3c3-a8e4-4598-9010-977aae05cac3"}}}"
12:10:24.073 [Test worker] DEBUG org.apache.http.wire - http-outgoing-1 << "HTTP/1.1 200 OK[\r][\n]"
12:10:24.073 [Test worker] DEBUG org.apache.http.wire - http-outgoing-1 << "Server: Server[\r][\n]"
12:10:24.074 [Test worker] DEBUG org.apache.http.wire - http-outgoing-1 << "Date: Thu, 02 Jun 2022 19:10:24 GMT[\r][\n]"
12:10:24.074 [Test worker] DEBUG org.apache.http.wire - http-outgoing-1 << "Content-Type: application/x-amz-json-1.0[\r][\n]"
12:10:24.074 [Test worker] DEBUG org.apache.http.wire - http-outgoing-1 << "Content-Length: 229[\r][\n]"
12:10:24.074 [Test worker] DEBUG org.apache.http.wire - http-outgoing-1 << "Connection: keep-alive[\r][\n]"
12:10:24.074 [Test worker] DEBUG org.apache.http.wire - http-outgoing-1 << "x-amzn-RequestId: EJCBLCBE5P0BSK06PS5AO9PCSNVV4KQNSO5AEMVJF66Q9ASUAAJG[\r][\n]"
12:10:24.074 [Test worker] DEBUG org.apache.http.wire - http-outgoing-1 << "x-amz-crc32: 2062114951[\r][\n]"
12:10:24.074 [Test worker] DEBUG org.apache.http.wire - http-outgoing-1 << "[\r][\n]"
12:10:24.074 [Test worker] DEBUG org.apache.http.wire - http-outgoing-1 << "{"Count":1,"Items":[{"inactive":{"N":"0"},"version":{"N":"1"},"bookId":{"S":"book.d4d6c3c3-a8e4-4598-9010-977aae05cac3"},"text":{"S":"text"},"genre":{"S":"TRAVEL"},"title":{"S":"title"},"author":{"S":"author"}}],"ScannedCount":1}"
12:10:24.074 [Test worker] DEBUG org.apache.http.headers - http-outgoing-1 << HTTP/1.1 200 OK
12:10:24.074 [Test worker] DEBUG org.apache.http.headers - http-outgoing-1 << Server: Server
12:10:24.074 [Test worker] DEBUG org.apache.http.headers - http-outgoing-1 << Date: Thu, 02 Jun 2022 19:10:24 GMT
12:10:24.074 [Test worker] DEBUG org.apache.http.headers - http-outgoing-1 << Content-Type: application/x-amz-json-1.0
12:10:24.074 [Test worker] DEBUG org.apache.http.headers - http-outgoing-1 << Content-Length: 229
12:10:24.074 [Test worker] DEBUG org.apache.http.headers - http-outgoing-1 << Connection: keep-alive
12:10:24.074 [Test worker] DEBUG org.apache.http.headers - http-outgoing-1 << x-amzn-RequestId: EJCBLCBE5P0BSK06PS5AO9PCSNVV4KQNSO5AEMVJF66Q9ASUAAJG
12:10:24.074 [Test worker] DEBUG org.apache.http.headers - http-outgoing-1 << x-amz-crc32: 2062114951
12:10:24.075 [Test worker] DEBUG org.apache.http.impl.execchain.MainClientExec - Connection can be kept alive for 60000 MILLISECONDS
12:10:24.075 [Test worker] DEBUG com.amazonaws.retry.ClockSkewAdjuster - Reported server date (from 'Date' header): Thu, 02 Jun 2022 19:10:24 GMT
12:10:24.078 [Test worker] DEBUG org.apache.http.impl.conn.PoolingHttpClientConnectionManager - Connection [id: 1][route: {s}->https://dynamodb.us-west-2.amazonaws.com:443] can be kept alive for 60.0 seconds
12:10:24.079 [Test worker] DEBUG org.apache.http.impl.conn.DefaultManagedHttpClientConnection - http-outgoing-1: set socket timeout to 0
12:10:24.079 [Test worker] DEBUG org.apache.http.impl.conn.PoolingHttpClientConnectionManager - Connection released: [id: 1][route: {s}->https://dynamodb.us-west-2.amazonaws.com:443][total available: 1; route allocated: 1 of 50; total allocated: 1 of 50]
12:10:24.079 [Test worker] DEBUG com.amazonaws.request - Received successful response: 200, AWS Request ID: EJCBLCBE5P0BSK06PS5AO9PCSNVV4KQNSO5AEMVJF66Q9ASUAAJG
12:10:24.079 [Test worker] DEBUG com.amazonaws.requestId - x-amzn-RequestId: EJCBLCBE5P0BSK06PS5AO9PCSNVV4KQNSO5AEMVJF66Q9ASUAAJG
12:10:24.135 [Test worker] DEBUG com.amazonaws.request - Sending Request: POST https://dynamodb.us-west-2.amazonaws.com / Headers: (amz-sdk-invocation-id: 86051d6d-8aac-666a-a8de-7df01d81ad04, Content-Length: 375, Content-Type: application/x-amz-json-1.0, User-Agent: aws-sdk-java/1.11.1020 Mac_OS_X/11.6.4 OpenJDK_64-Bit_Server_VM/11.0.13+8-LTS java/11.0.13 vendor/Amazon.com_Inc. cfg/retry-mode/legacy com.amazonaws.services.dynamodbv2.datamodeling.DynamoDBMapper/1.11.1020, X-Amz-Target: DynamoDB_20120810.UpdateItem, ) 
12:10:24.136 [Test worker] DEBUG com.amazonaws.auth.AWS4Signer - AWS4 Canonical Request: '"POST
/

amz-sdk-invocation-id:86051d6d-8aac-666a-a8de-7df01d81ad04
amz-sdk-request:ttl=20220602T191114Z;attempt=1;max=11
amz-sdk-retry:0/0/500
content-length:375
content-type:application/x-amz-json-1.0
host:dynamodb.us-west-2.amazonaws.com
user-agent:aws-sdk-java/1.11.1020 Mac_OS_X/11.6.4 OpenJDK_64-Bit_Server_VM/11.0.13+8-LTS java/11.0.13 vendor/Amazon.com_Inc. cfg/retry-mode/legacy com.amazonaws.services.dynamodbv2.datamodeling.DynamoDBMapper/1.11.1020
x-amz-date:20220602T191024Z
x-amz-target:DynamoDB_20120810.UpdateItem

amz-sdk-invocation-id;amz-sdk-request;amz-sdk-retry;content-length;content-type;host;user-agent;x-amz-date;x-amz-target
f9737b37d940def3d47f7123d06c254ea42154403c826fa65bf84f035a22aba1"
12:10:24.136 [Test worker] DEBUG com.amazonaws.auth.AWS4Signer - AWS4 String to Sign: '"AWS4-HMAC-SHA256
20220602T191024Z
20220602/us-west-2/dynamodb/aws4_request
1e307541056dbb857cfd11b31d68c03875c80c0374656d66c0f52b3064fc6419"
12:10:24.136 [Test worker] DEBUG org.apache.http.client.protocol.RequestAddCookies - CookieSpec selected: default
12:10:24.136 [Test worker] DEBUG org.apache.http.client.protocol.RequestAuthCache - Auth cache not set in the context
12:10:24.137 [Test worker] DEBUG org.apache.http.impl.conn.PoolingHttpClientConnectionManager - Connection request: [route: {s}->https://dynamodb.us-west-2.amazonaws.com:443][total available: 1; route allocated: 1 of 50; total allocated: 1 of 50]
12:10:24.137 [Test worker] DEBUG org.apache.http.impl.conn.PoolingHttpClientConnectionManager - Connection leased: [id: 1][route: {s}->https://dynamodb.us-west-2.amazonaws.com:443][total available: 0; route allocated: 1 of 50; total allocated: 1 of 50]
12:10:24.137 [Test worker] DEBUG org.apache.http.impl.conn.DefaultManagedHttpClientConnection - http-outgoing-1: set socket timeout to 50000
12:10:24.137 [Test worker] DEBUG org.apache.http.impl.conn.DefaultManagedHttpClientConnection - http-outgoing-1: set socket timeout to 50000
12:10:24.137 [Test worker] DEBUG org.apache.http.impl.execchain.MainClientExec - Executing request POST / HTTP/1.1
12:10:24.137 [Test worker] DEBUG org.apache.http.impl.execchain.MainClientExec - Proxy auth state: UNCHALLENGED
12:10:24.137 [Test worker] DEBUG org.apache.http.headers - http-outgoing-1 >> POST / HTTP/1.1
12:10:24.137 [Test worker] DEBUG org.apache.http.headers - http-outgoing-1 >> Host: dynamodb.us-west-2.amazonaws.com
12:10:24.137 [Test worker] DEBUG org.apache.http.headers - http-outgoing-1 >> amz-sdk-invocation-id: 86051d6d-8aac-666a-a8de-7df01d81ad04
12:10:24.138 [Test worker] DEBUG org.apache.http.headers - http-outgoing-1 >> amz-sdk-request: ttl=20220602T191114Z;attempt=1;max=11
12:10:24.138 [Test worker] DEBUG org.apache.http.headers - http-outgoing-1 >> amz-sdk-retry: 0/0/500
12:10:24.138 [Test worker] DEBUG org.apache.http.headers - http-outgoing-1 >> Authorization: AWS4-HMAC-SHA256 Credential=AKIA4QVT5K6IDDIUW4SY/20220602/us-west-2/dynamodb/aws4_request, SignedHeaders=amz-sdk-invocation-id;amz-sdk-request;amz-sdk-retry;content-length;content-type;host;user-agent;x-amz-date;x-amz-target, Signature=88dc2d8839fdeb4fdb1534743994b03cbc864342bd618bbd2568c5d2f2cd572f
12:10:24.138 [Test worker] DEBUG org.apache.http.headers - http-outgoing-1 >> Content-Type: application/x-amz-json-1.0
12:10:24.138 [Test worker] DEBUG org.apache.http.headers - http-outgoing-1 >> User-Agent: aws-sdk-java/1.11.1020 Mac_OS_X/11.6.4 OpenJDK_64-Bit_Server_VM/11.0.13+8-LTS java/11.0.13 vendor/Amazon.com_Inc. cfg/retry-mode/legacy com.amazonaws.services.dynamodbv2.datamodeling.DynamoDBMapper/1.11.1020
12:10:24.138 [Test worker] DEBUG org.apache.http.headers - http-outgoing-1 >> X-Amz-Date: 20220602T191024Z
12:10:24.138 [Test worker] DEBUG org.apache.http.headers - http-outgoing-1 >> X-Amz-Target: DynamoDB_20120810.UpdateItem
12:10:24.138 [Test worker] DEBUG org.apache.http.headers - http-outgoing-1 >> Content-Length: 375
12:10:24.138 [Test worker] DEBUG org.apache.http.headers - http-outgoing-1 >> Connection: Keep-Alive
12:10:24.138 [Test worker] DEBUG org.apache.http.wire - http-outgoing-1 >> "POST / HTTP/1.1[\r][\n]"
12:10:24.138 [Test worker] DEBUG org.apache.http.wire - http-outgoing-1 >> "Host: dynamodb.us-west-2.amazonaws.com[\r][\n]"
12:10:24.138 [Test worker] DEBUG org.apache.http.wire - http-outgoing-1 >> "amz-sdk-invocation-id: 86051d6d-8aac-666a-a8de-7df01d81ad04[\r][\n]"
12:10:24.138 [Test worker] DEBUG org.apache.http.wire - http-outgoing-1 >> "amz-sdk-request: ttl=20220602T191114Z;attempt=1;max=11[\r][\n]"
12:10:24.138 [Test worker] DEBUG org.apache.http.wire - http-outgoing-1 >> "amz-sdk-retry: 0/0/500[\r][\n]"
12:10:24.138 [Test worker] DEBUG org.apache.http.wire - http-outgoing-1 >> "Authorization: AWS4-HMAC-SHA256 Credential=AKIA4QVT5K6IDDIUW4SY/20220602/us-west-2/dynamodb/aws4_request, SignedHeaders=amz-sdk-invocation-id;amz-sdk-request;amz-sdk-retry;content-length;content-type;host;user-agent;x-amz-date;x-amz-target, Signature=88dc2d8839fdeb4fdb1534743994b03cbc864342bd618bbd2568c5d2f2cd572f[\r][\n]"
12:10:24.139 [Test worker] DEBUG org.apache.http.wire - http-outgoing-1 >> "Content-Type: application/x-amz-json-1.0[\r][\n]"
12:10:24.139 [Test worker] DEBUG org.apache.http.wire - http-outgoing-1 >> "User-Agent: aws-sdk-java/1.11.1020 Mac_OS_X/11.6.4 OpenJDK_64-Bit_Server_VM/11.0.13+8-LTS java/11.0.13 vendor/Amazon.com_Inc. cfg/retry-mode/legacy com.amazonaws.services.dynamodbv2.datamodeling.DynamoDBMapper/1.11.1020[\r][\n]"
12:10:24.139 [Test worker] DEBUG org.apache.http.wire - http-outgoing-1 >> "X-Amz-Date: 20220602T191024Z[\r][\n]"
12:10:24.139 [Test worker] DEBUG org.apache.http.wire - http-outgoing-1 >> "X-Amz-Target: DynamoDB_20120810.UpdateItem[\r][\n]"
12:10:24.139 [Test worker] DEBUG org.apache.http.wire - http-outgoing-1 >> "Content-Length: 375[\r][\n]"
12:10:24.139 [Test worker] DEBUG org.apache.http.wire - http-outgoing-1 >> "Connection: Keep-Alive[\r][\n]"
12:10:24.139 [Test worker] DEBUG org.apache.http.wire - http-outgoing-1 >> "[\r][\n]"
12:10:24.139 [Test worker] DEBUG org.apache.http.wire - http-outgoing-1 >> "{"TableName":"PublishingStatus","Key":{"publishingRecordId":{"S":"publishingstatus.bb2aa86d-9327-4968-83e4-828a8c7a3bc1"},"status":{"S":"QUEUED"}},"AttributeUpdates":{"statusMessage":{"Value":{"S":"Queued for publishing at 2022-06-02 12:10:24.116"},"Action":"PUT"},"bookId":{"Value":{"S":"book.d4d6c3c3-a8e4-4598-9010-977aae05cac3"},"Action":"PUT"}},"ReturnValues":"ALL_NEW"}"
12:10:24.173 [Test worker] DEBUG org.apache.http.wire - http-outgoing-1 << "HTTP/1.1 200 OK[\r][\n]"
12:10:24.173 [Test worker] DEBUG org.apache.http.wire - http-outgoing-1 << "Server: Server[\r][\n]"
12:10:24.173 [Test worker] DEBUG org.apache.http.wire - http-outgoing-1 << "Date: Thu, 02 Jun 2022 19:10:24 GMT[\r][\n]"
12:10:24.173 [Test worker] DEBUG org.apache.http.wire - http-outgoing-1 << "Content-Type: application/x-amz-json-1.0[\r][\n]"
12:10:24.173 [Test worker] DEBUG org.apache.http.wire - http-outgoing-1 << "Content-Length: 255[\r][\n]"
12:10:24.173 [Test worker] DEBUG org.apache.http.wire - http-outgoing-1 << "Connection: keep-alive[\r][\n]"
12:10:24.173 [Test worker] DEBUG org.apache.http.wire - http-outgoing-1 << "x-amzn-RequestId: IM8PEIHEQQQAE81P5MOTOQ3NAVVV4KQNSO5AEMVJF66Q9ASUAAJG[\r][\n]"
12:10:24.173 [Test worker] DEBUG org.apache.http.wire - http-outgoing-1 << "x-amz-crc32: 3208539025[\r][\n]"
12:10:24.173 [Test worker] DEBUG org.apache.http.wire - http-outgoing-1 << "[\r][\n]"
12:10:24.173 [Test worker] DEBUG org.apache.http.wire - http-outgoing-1 << "{"Attributes":{"publishingRecordId":{"S":"publishingstatus.bb2aa86d-9327-4968-83e4-828a8c7a3bc1"},"bookId":{"S":"book.d4d6c3c3-a8e4-4598-9010-977aae05cac3"},"statusMessage":{"S":"Queued for publishing at 2022-06-02 12:10:24.116"},"status":{"S":"QUEUED"}}}"
12:10:24.173 [Test worker] DEBUG org.apache.http.headers - http-outgoing-1 << HTTP/1.1 200 OK
12:10:24.173 [Test worker] DEBUG org.apache.http.headers - http-outgoing-1 << Server: Server
12:10:24.174 [Test worker] DEBUG org.apache.http.headers - http-outgoing-1 << Date: Thu, 02 Jun 2022 19:10:24 GMT
12:10:24.174 [Test worker] DEBUG org.apache.http.headers - http-outgoing-1 << Content-Type: application/x-amz-json-1.0
12:10:24.174 [Test worker] DEBUG org.apache.http.headers - http-outgoing-1 << Content-Length: 255
12:10:24.174 [Test worker] DEBUG org.apache.http.headers - http-outgoing-1 << Connection: keep-alive
12:10:24.174 [Test worker] DEBUG org.apache.http.headers - http-outgoing-1 << x-amzn-RequestId: IM8PEIHEQQQAE81P5MOTOQ3NAVVV4KQNSO5AEMVJF66Q9ASUAAJG
12:10:24.174 [Test worker] DEBUG org.apache.http.headers - http-outgoing-1 << x-amz-crc32: 3208539025
12:10:24.174 [Test worker] DEBUG org.apache.http.impl.execchain.MainClientExec - Connection can be kept alive for 60000 MILLISECONDS
12:10:24.174 [Test worker] DEBUG com.amazonaws.retry.ClockSkewAdjuster - Reported server date (from 'Date' header): Thu, 02 Jun 2022 19:10:24 GMT
12:10:24.174 [Test worker] DEBUG org.apache.http.impl.conn.PoolingHttpClientConnectionManager - Connection [id: 1][route: {s}->https://dynamodb.us-west-2.amazonaws.com:443] can be kept alive for 60.0 seconds
12:10:24.174 [Test worker] DEBUG org.apache.http.impl.conn.DefaultManagedHttpClientConnection - http-outgoing-1: set socket timeout to 0
12:10:24.175 [Test worker] DEBUG org.apache.http.impl.conn.PoolingHttpClientConnectionManager - Connection released: [id: 1][route: {s}->https://dynamodb.us-west-2.amazonaws.com:443][total available: 1; route allocated: 1 of 50; total allocated: 1 of 50]
12:10:24.175 [Test worker] DEBUG com.amazonaws.request - Received successful response: 200, AWS Request ID: IM8PEIHEQQQAE81P5MOTOQ3NAVVV4KQNSO5AEMVJF66Q9ASUAAJG
12:10:24.175 [Test worker] DEBUG com.amazonaws.requestId - x-amzn-RequestId: IM8PEIHEQQQAE81P5MOTOQ3NAVVV4KQNSO5AEMVJF66Q9ASUAAJG
Looking for publish request with ID publishingstatus.bb2aa86d-9327-4968-83e4-828a8c7a3bc1 in QUEUED status.
Making 10 attempts with 500 ms in between attempts.
Attempt [1]: Calling GetPublishingStatus
12:10:24.178 [Test worker] DEBUG com.amazonaws.request - Sending Request: POST https://dynamodb.us-west-2.amazonaws.com / Headers: (amz-sdk-invocation-id: be53ee4f-0a37-5b44-fb4c-55c7c270246b, Content-Length: 260, Content-Type: application/x-amz-json-1.0, User-Agent: aws-sdk-java/1.11.1020 Mac_OS_X/11.6.4 OpenJDK_64-Bit_Server_VM/11.0.13+8-LTS java/11.0.13 vendor/Amazon.com_Inc. cfg/retry-mode/legacy com.amazonaws.services.dynamodbv2.datamodeling.DynamoDBMapper/1.11.1020, X-Amz-Target: DynamoDB_20120810.Query, ) 
12:10:24.178 [Test worker] DEBUG com.amazonaws.auth.AWS4Signer - AWS4 Canonical Request: '"POST
/

amz-sdk-invocation-id:be53ee4f-0a37-5b44-fb4c-55c7c270246b
amz-sdk-request:ttl=20220602T191114Z;attempt=1;max=11
amz-sdk-retry:0/0/500
content-length:260
content-type:application/x-amz-json-1.0
host:dynamodb.us-west-2.amazonaws.com
user-agent:aws-sdk-java/1.11.1020 Mac_OS_X/11.6.4 OpenJDK_64-Bit_Server_VM/11.0.13+8-LTS java/11.0.13 vendor/Amazon.com_Inc. cfg/retry-mode/legacy com.amazonaws.services.dynamodbv2.datamodeling.DynamoDBMapper/1.11.1020
x-amz-date:20220602T191024Z
x-amz-target:DynamoDB_20120810.Query

amz-sdk-invocation-id;amz-sdk-request;amz-sdk-retry;content-length;content-type;host;user-agent;x-amz-date;x-amz-target
4295a567430b4d3a5e01f9d4fa55bae439e7dd20bd860072954bb959e893df6f"
12:10:24.179 [Test worker] DEBUG com.amazonaws.auth.AWS4Signer - AWS4 String to Sign: '"AWS4-HMAC-SHA256
20220602T191024Z
20220602/us-west-2/dynamodb/aws4_request
985e56012ea3ca08cb41016bb41afab48f119a8a09889ef07e91e159475ad667"
12:10:24.179 [Test worker] DEBUG org.apache.http.client.protocol.RequestAddCookies - CookieSpec selected: default
12:10:24.179 [Test worker] DEBUG org.apache.http.client.protocol.RequestAuthCache - Auth cache not set in the context
12:10:24.179 [Test worker] DEBUG org.apache.http.impl.conn.PoolingHttpClientConnectionManager - Connection request: [route: {s}->https://dynamodb.us-west-2.amazonaws.com:443][total available: 1; route allocated: 1 of 50; total allocated: 1 of 50]
12:10:24.179 [Test worker] DEBUG org.apache.http.impl.conn.PoolingHttpClientConnectionManager - Connection leased: [id: 1][route: {s}->https://dynamodb.us-west-2.amazonaws.com:443][total available: 0; route allocated: 1 of 50; total allocated: 1 of 50]
12:10:24.180 [Test worker] DEBUG org.apache.http.impl.conn.DefaultManagedHttpClientConnection - http-outgoing-1: set socket timeout to 50000
12:10:24.180 [Test worker] DEBUG org.apache.http.impl.conn.DefaultManagedHttpClientConnection - http-outgoing-1: set socket timeout to 50000
12:10:24.180 [Test worker] DEBUG org.apache.http.impl.execchain.MainClientExec - Executing request POST / HTTP/1.1
12:10:24.180 [Test worker] DEBUG org.apache.http.impl.execchain.MainClientExec - Proxy auth state: UNCHALLENGED
12:10:24.180 [Test worker] DEBUG org.apache.http.headers - http-outgoing-1 >> POST / HTTP/1.1
12:10:24.180 [Test worker] DEBUG org.apache.http.headers - http-outgoing-1 >> Host: dynamodb.us-west-2.amazonaws.com
12:10:24.180 [Test worker] DEBUG org.apache.http.headers - http-outgoing-1 >> amz-sdk-invocation-id: be53ee4f-0a37-5b44-fb4c-55c7c270246b
12:10:24.180 [Test worker] DEBUG org.apache.http.headers - http-outgoing-1 >> amz-sdk-request: ttl=20220602T191114Z;attempt=1;max=11
12:10:24.180 [Test worker] DEBUG org.apache.http.headers - http-outgoing-1 >> amz-sdk-retry: 0/0/500
12:10:24.180 [Test worker] DEBUG org.apache.http.headers - http-outgoing-1 >> Authorization: AWS4-HMAC-SHA256 Credential=AKIA4QVT5K6IDDIUW4SY/20220602/us-west-2/dynamodb/aws4_request, SignedHeaders=amz-sdk-invocation-id;amz-sdk-request;amz-sdk-retry;content-length;content-type;host;user-agent;x-amz-date;x-amz-target, Signature=11d169fb8b62f69546348312ebc12077bca5950bf9cfab244f7e406091f374a5
12:10:24.180 [Test worker] DEBUG org.apache.http.headers - http-outgoing-1 >> Content-Type: application/x-amz-json-1.0
12:10:24.180 [Test worker] DEBUG org.apache.http.headers - http-outgoing-1 >> User-Agent: aws-sdk-java/1.11.1020 Mac_OS_X/11.6.4 OpenJDK_64-Bit_Server_VM/11.0.13+8-LTS java/11.0.13 vendor/Amazon.com_Inc. cfg/retry-mode/legacy com.amazonaws.services.dynamodbv2.datamodeling.DynamoDBMapper/1.11.1020
12:10:24.181 [Test worker] DEBUG org.apache.http.headers - http-outgoing-1 >> X-Amz-Date: 20220602T191024Z
12:10:24.181 [Test worker] DEBUG org.apache.http.headers - http-outgoing-1 >> X-Amz-Target: DynamoDB_20120810.Query
12:10:24.181 [Test worker] DEBUG org.apache.http.headers - http-outgoing-1 >> Content-Length: 260
12:10:24.181 [Test worker] DEBUG org.apache.http.headers - http-outgoing-1 >> Connection: Keep-Alive
12:10:24.181 [Test worker] DEBUG org.apache.http.wire - http-outgoing-1 >> "POST / HTTP/1.1[\r][\n]"
12:10:24.181 [Test worker] DEBUG org.apache.http.wire - http-outgoing-1 >> "Host: dynamodb.us-west-2.amazonaws.com[\r][\n]"
12:10:24.181 [Test worker] DEBUG org.apache.http.wire - http-outgoing-1 >> "amz-sdk-invocation-id: be53ee4f-0a37-5b44-fb4c-55c7c270246b[\r][\n]"
12:10:24.181 [Test worker] DEBUG org.apache.http.wire - http-outgoing-1 >> "amz-sdk-request: ttl=20220602T191114Z;attempt=1;max=11[\r][\n]"
12:10:24.181 [Test worker] DEBUG org.apache.http.wire - http-outgoing-1 >> "amz-sdk-retry: 0/0/500[\r][\n]"
12:10:24.181 [Test worker] DEBUG org.apache.http.wire - http-outgoing-1 >> "Authorization: AWS4-HMAC-SHA256 Credential=AKIA4QVT5K6IDDIUW4SY/20220602/us-west-2/dynamodb/aws4_request, SignedHeaders=amz-sdk-invocation-id;amz-sdk-request;amz-sdk-retry;content-length;content-type;host;user-agent;x-amz-date;x-amz-target, Signature=11d169fb8b62f69546348312ebc12077bca5950bf9cfab244f7e406091f374a5[\r][\n]"
12:10:24.181 [Test worker] DEBUG org.apache.http.wire - http-outgoing-1 >> "Content-Type: application/x-amz-json-1.0[\r][\n]"
12:10:24.181 [Test worker] DEBUG org.apache.http.wire - http-outgoing-1 >> "User-Agent: aws-sdk-java/1.11.1020 Mac_OS_X/11.6.4 OpenJDK_64-Bit_Server_VM/11.0.13+8-LTS java/11.0.13 vendor/Amazon.com_Inc. cfg/retry-mode/legacy com.amazonaws.services.dynamodbv2.datamodeling.DynamoDBMapper/1.11.1020[\r][\n]"
12:10:24.181 [Test worker] DEBUG org.apache.http.wire - http-outgoing-1 >> "X-Amz-Date: 20220602T191024Z[\r][\n]"
12:10:24.181 [Test worker] DEBUG org.apache.http.wire - http-outgoing-1 >> "X-Amz-Target: DynamoDB_20120810.Query[\r][\n]"
12:10:24.182 [Test worker] DEBUG org.apache.http.wire - http-outgoing-1 >> "Content-Length: 260[\r][\n]"
12:10:24.182 [Test worker] DEBUG org.apache.http.wire - http-outgoing-1 >> "Connection: Keep-Alive[\r][\n]"
12:10:24.182 [Test worker] DEBUG org.apache.http.wire - http-outgoing-1 >> "[\r][\n]"
12:10:24.182 [Test worker] DEBUG org.apache.http.wire - http-outgoing-1 >> "{"TableName":"PublishingStatus","ConsistentRead":true,"ScanIndexForward":true,"KeyConditionExpression":"publishingRecordId = :publishingRecordId","ExpressionAttributeValues":{":publishingRecordId":{"S":"publishingstatus.bb2aa86d-9327-4968-83e4-828a8c7a3bc1"}}}"
BookPublishingTask is running!!!
12:10:24.204 [pool-2-thread-1] DEBUG com.amazonaws.request - Sending Request: POST https://dynamodb.us-west-2.amazonaws.com / Headers: (amz-sdk-invocation-id: 659feb7f-f200-4b69-eb91-134396604a72, Content-Length: 377, Content-Type: application/x-amz-json-1.0, User-Agent: aws-sdk-java/1.11.1020 Mac_OS_X/11.6.4 OpenJDK_64-Bit_Server_VM/11.0.13+8-LTS java/11.0.13 vendor/Amazon.com_Inc. cfg/retry-mode/legacy com.amazonaws.services.dynamodbv2.datamodeling.DynamoDBMapper/1.11.1020, X-Amz-Target: DynamoDB_20120810.UpdateItem, ) 
12:10:24.205 [pool-2-thread-1] DEBUG com.amazonaws.auth.AWS4Signer - AWS4 Canonical Request: '"POST
/

amz-sdk-invocation-id:659feb7f-f200-4b69-eb91-134396604a72
amz-sdk-request:ttl=20220602T191114Z;attempt=1;max=11
amz-sdk-retry:0/0/500
content-length:377
content-type:application/x-amz-json-1.0
host:dynamodb.us-west-2.amazonaws.com
user-agent:aws-sdk-java/1.11.1020 Mac_OS_X/11.6.4 OpenJDK_64-Bit_Server_VM/11.0.13+8-LTS java/11.0.13 vendor/Amazon.com_Inc. cfg/retry-mode/legacy com.amazonaws.services.dynamodbv2.datamodeling.DynamoDBMapper/1.11.1020
x-amz-date:20220602T191024Z
x-amz-target:DynamoDB_20120810.UpdateItem

amz-sdk-invocation-id;amz-sdk-request;amz-sdk-retry;content-length;content-type;host;user-agent;x-amz-date;x-amz-target
0d2908451e9c7c57b3477ab59ff80adb51d92921f552ae8d54eb61b6c6d39d62"
12:10:24.205 [pool-2-thread-1] DEBUG com.amazonaws.auth.AWS4Signer - AWS4 String to Sign: '"AWS4-HMAC-SHA256
20220602T191024Z
20220602/us-west-2/dynamodb/aws4_request
4502a15b3bb02fce75b64acbeaac7fadde3cb1444d1088131aa95e2531c6a9fb"
12:10:24.206 [pool-2-thread-1] DEBUG org.apache.http.client.protocol.RequestAddCookies - CookieSpec selected: default
12:10:24.206 [pool-2-thread-1] DEBUG org.apache.http.client.protocol.RequestAuthCache - Auth cache not set in the context
12:10:24.207 [pool-2-thread-1] DEBUG org.apache.http.impl.conn.PoolingHttpClientConnectionManager - Connection request: [route: {s}->https://dynamodb.us-west-2.amazonaws.com:443][total available: 0; route allocated: 1 of 50; total allocated: 1 of 50]
12:10:24.207 [pool-2-thread-1] DEBUG org.apache.http.impl.conn.PoolingHttpClientConnectionManager - Connection leased: [id: 2][route: {s}->https://dynamodb.us-west-2.amazonaws.com:443][total available: 0; route allocated: 2 of 50; total allocated: 2 of 50]
12:10:24.207 [pool-2-thread-1] DEBUG org.apache.http.impl.execchain.MainClientExec - Opening connection {s}->https://dynamodb.us-west-2.amazonaws.com:443
12:10:24.207 [pool-2-thread-1] DEBUG org.apache.http.impl.conn.DefaultHttpClientConnectionOperator - Connecting to dynamodb.us-west-2.amazonaws.com/52.94.28.36:443
12:10:24.207 [pool-2-thread-1] DEBUG com.amazonaws.http.conn.ssl.SdkTLSSocketFactory - connecting to dynamodb.us-west-2.amazonaws.com/52.94.28.36:443
12:10:24.207 [pool-2-thread-1] DEBUG com.amazonaws.http.conn.ssl.SdkTLSSocketFactory - Connecting socket to dynamodb.us-west-2.amazonaws.com/52.94.28.36:443 with timeout 10000
12:10:24.213 [Test worker] DEBUG org.apache.http.wire - http-outgoing-1 << "HTTP/1.1 200 OK[\r][\n]"
12:10:24.213 [Test worker] DEBUG org.apache.http.wire - http-outgoing-1 << "Server: Server[\r][\n]"
12:10:24.213 [Test worker] DEBUG org.apache.http.wire - http-outgoing-1 << "Date: Thu, 02 Jun 2022 19:10:24 GMT[\r][\n]"
12:10:24.213 [Test worker] DEBUG org.apache.http.wire - http-outgoing-1 << "Content-Type: application/x-amz-json-1.0[\r][\n]"
12:10:24.213 [Test worker] DEBUG org.apache.http.wire - http-outgoing-1 << "Content-Length: 279[\r][\n]"
12:10:24.213 [Test worker] DEBUG org.apache.http.wire - http-outgoing-1 << "Connection: keep-alive[\r][\n]"
12:10:24.213 [Test worker] DEBUG org.apache.http.wire - http-outgoing-1 << "x-amzn-RequestId: 5V509NA0KRTKED344HCBUMEO07VV4KQNSO5AEMVJF66Q9ASUAAJG[\r][\n]"
12:10:24.213 [Test worker] DEBUG org.apache.http.wire - http-outgoing-1 << "x-amz-crc32: 1704282696[\r][\n]"
12:10:24.213 [Test worker] DEBUG org.apache.http.wire - http-outgoing-1 << "[\r][\n]"
12:10:24.214 [Test worker] DEBUG org.apache.http.wire - http-outgoing-1 << "{"Count":1,"Items":[{"publishingRecordId":{"S":"publishingstatus.bb2aa86d-9327-4968-83e4-828a8c7a3bc1"},"bookId":{"S":"book.d4d6c3c3-a8e4-4598-9010-977aae05cac3"},"statusMessage":{"S":"Queued for publishing at 2022-06-02 12:10:24.116"},"status":{"S":"QUEUED"}}],"ScannedCount":1}"
12:10:24.214 [Test worker] DEBUG org.apache.http.headers - http-outgoing-1 << HTTP/1.1 200 OK
12:10:24.214 [Test worker] DEBUG org.apache.http.headers - http-outgoing-1 << Server: Server
12:10:24.214 [Test worker] DEBUG org.apache.http.headers - http-outgoing-1 << Date: Thu, 02 Jun 2022 19:10:24 GMT
12:10:24.214 [Test worker] DEBUG org.apache.http.headers - http-outgoing-1 << Content-Type: application/x-amz-json-1.0
12:10:24.214 [Test worker] DEBUG org.apache.http.headers - http-outgoing-1 << Content-Length: 279
12:10:24.214 [Test worker] DEBUG org.apache.http.headers - http-outgoing-1 << Connection: keep-alive
12:10:24.214 [Test worker] DEBUG org.apache.http.headers - http-outgoing-1 << x-amzn-RequestId: 5V509NA0KRTKED344HCBUMEO07VV4KQNSO5AEMVJF66Q9ASUAAJG
12:10:24.214 [Test worker] DEBUG org.apache.http.headers - http-outgoing-1 << x-amz-crc32: 1704282696
12:10:24.214 [Test worker] DEBUG org.apache.http.impl.execchain.MainClientExec - Connection can be kept alive for 60000 MILLISECONDS
12:10:24.214 [Test worker] DEBUG com.amazonaws.retry.ClockSkewAdjuster - Reported server date (from 'Date' header): Thu, 02 Jun 2022 19:10:24 GMT
12:10:24.215 [Test worker] DEBUG org.apache.http.impl.conn.PoolingHttpClientConnectionManager - Connection [id: 1][route: {s}->https://dynamodb.us-west-2.amazonaws.com:443] can be kept alive for 60.0 seconds
12:10:24.215 [Test worker] DEBUG org.apache.http.impl.conn.DefaultManagedHttpClientConnection - http-outgoing-1: set socket timeout to 0
12:10:24.215 [Test worker] DEBUG org.apache.http.impl.conn.PoolingHttpClientConnectionManager - Connection released: [id: 1][route: {s}->https://dynamodb.us-west-2.amazonaws.com:443][total available: 1; route allocated: 2 of 50; total allocated: 2 of 50]
12:10:24.215 [Test worker] DEBUG com.amazonaws.request - Received successful response: 200, AWS Request ID: 5V509NA0KRTKED344HCBUMEO07VV4KQNSO5AEMVJF66Q9ASUAAJG
12:10:24.215 [Test worker] DEBUG com.amazonaws.requestId - x-amzn-RequestId: 5V509NA0KRTKED344HCBUMEO07VV4KQNSO5AEMVJF66Q9ASUAAJG
Attempt [1]: Found record! [com.amazon.ata.kindlepublishingservice.models.PublishingStatusRecord@13f3214e]
Looking for publish request with ID publishingstatus.bb2aa86d-9327-4968-83e4-828a8c7a3bc1 in IN_PROGRESS status.
Making 10 attempts with 500 ms in between attempts.
Attempt [1]: Calling GetPublishingStatus
12:10:24.219 [Test worker] DEBUG com.amazonaws.request - Sending Request: POST https://dynamodb.us-west-2.amazonaws.com / Headers: (amz-sdk-invocation-id: 4d1acc85-9b2b-8c12-10ed-ae195120df33, Content-Length: 260, Content-Type: application/x-amz-json-1.0, User-Agent: aws-sdk-java/1.11.1020 Mac_OS_X/11.6.4 OpenJDK_64-Bit_Server_VM/11.0.13+8-LTS java/11.0.13 vendor/Amazon.com_Inc. cfg/retry-mode/legacy com.amazonaws.services.dynamodbv2.datamodeling.DynamoDBMapper/1.11.1020, X-Amz-Target: DynamoDB_20120810.Query, ) 
12:10:24.219 [Test worker] DEBUG com.amazonaws.auth.AWS4Signer - AWS4 Canonical Request: '"POST
/

amz-sdk-invocation-id:4d1acc85-9b2b-8c12-10ed-ae195120df33
amz-sdk-request:ttl=20220602T191114Z;attempt=1;max=11
amz-sdk-retry:0/0/500
content-length:260
content-type:application/x-amz-json-1.0
host:dynamodb.us-west-2.amazonaws.com
user-agent:aws-sdk-java/1.11.1020 Mac_OS_X/11.6.4 OpenJDK_64-Bit_Server_VM/11.0.13+8-LTS java/11.0.13 vendor/Amazon.com_Inc. cfg/retry-mode/legacy com.amazonaws.services.dynamodbv2.datamodeling.DynamoDBMapper/1.11.1020
x-amz-date:20220602T191024Z
x-amz-target:DynamoDB_20120810.Query

amz-sdk-invocation-id;amz-sdk-request;amz-sdk-retry;content-length;content-type;host;user-agent;x-amz-date;x-amz-target
4295a567430b4d3a5e01f9d4fa55bae439e7dd20bd860072954bb959e893df6f"
12:10:24.220 [Test worker] DEBUG com.amazonaws.auth.AWS4Signer - AWS4 String to Sign: '"AWS4-HMAC-SHA256
20220602T191024Z
20220602/us-west-2/dynamodb/aws4_request
446afe60c7c98fd1b0f7dfe616b2a11fe0646b8a4db9e8255c6de1ff57d90f24"
12:10:24.220 [Test worker] DEBUG org.apache.http.client.protocol.RequestAddCookies - CookieSpec selected: default
12:10:24.220 [Test worker] DEBUG org.apache.http.client.protocol.RequestAuthCache - Auth cache not set in the context
12:10:24.220 [Test worker] DEBUG org.apache.http.impl.conn.PoolingHttpClientConnectionManager - Connection request: [route: {s}->https://dynamodb.us-west-2.amazonaws.com:443][total available: 1; route allocated: 2 of 50; total allocated: 2 of 50]
12:10:24.220 [Test worker] DEBUG org.apache.http.impl.conn.PoolingHttpClientConnectionManager - Connection leased: [id: 1][route: {s}->https://dynamodb.us-west-2.amazonaws.com:443][total available: 0; route allocated: 2 of 50; total allocated: 2 of 50]
12:10:24.220 [Test worker] DEBUG org.apache.http.impl.conn.DefaultManagedHttpClientConnection - http-outgoing-1: set socket timeout to 50000
12:10:24.220 [Test worker] DEBUG org.apache.http.impl.conn.DefaultManagedHttpClientConnection - http-outgoing-1: set socket timeout to 50000
12:10:24.221 [Test worker] DEBUG org.apache.http.impl.execchain.MainClientExec - Executing request POST / HTTP/1.1
12:10:24.221 [Test worker] DEBUG org.apache.http.impl.execchain.MainClientExec - Proxy auth state: UNCHALLENGED
12:10:24.221 [Test worker] DEBUG org.apache.http.headers - http-outgoing-1 >> POST / HTTP/1.1
12:10:24.221 [Test worker] DEBUG org.apache.http.headers - http-outgoing-1 >> Host: dynamodb.us-west-2.amazonaws.com
12:10:24.221 [Test worker] DEBUG org.apache.http.headers - http-outgoing-1 >> amz-sdk-invocation-id: 4d1acc85-9b2b-8c12-10ed-ae195120df33
12:10:24.221 [Test worker] DEBUG org.apache.http.headers - http-outgoing-1 >> amz-sdk-request: ttl=20220602T191114Z;attempt=1;max=11
12:10:24.221 [Test worker] DEBUG org.apache.http.headers - http-outgoing-1 >> amz-sdk-retry: 0/0/500
12:10:24.221 [Test worker] DEBUG org.apache.http.headers - http-outgoing-1 >> Authorization: AWS4-HMAC-SHA256 Credential=AKIA4QVT5K6IDDIUW4SY/20220602/us-west-2/dynamodb/aws4_request, SignedHeaders=amz-sdk-invocation-id;amz-sdk-request;amz-sdk-retry;content-length;content-type;host;user-agent;x-amz-date;x-amz-target, Signature=ac790366903920ca8da841a3be7246fe0731ceebecbfb56d65439a5f750be55f
12:10:24.221 [Test worker] DEBUG org.apache.http.headers - http-outgoing-1 >> Content-Type: application/x-amz-json-1.0
12:10:24.221 [Test worker] DEBUG org.apache.http.headers - http-outgoing-1 >> User-Agent: aws-sdk-java/1.11.1020 Mac_OS_X/11.6.4 OpenJDK_64-Bit_Server_VM/11.0.13+8-LTS java/11.0.13 vendor/Amazon.com_Inc. cfg/retry-mode/legacy com.amazonaws.services.dynamodbv2.datamodeling.DynamoDBMapper/1.11.1020
12:10:24.221 [Test worker] DEBUG org.apache.http.headers - http-outgoing-1 >> X-Amz-Date: 20220602T191024Z
12:10:24.222 [Test worker] DEBUG org.apache.http.headers - http-outgoing-1 >> X-Amz-Target: DynamoDB_20120810.Query
12:10:24.222 [Test worker] DEBUG org.apache.http.headers - http-outgoing-1 >> Content-Length: 260
12:10:24.222 [Test worker] DEBUG org.apache.http.headers - http-outgoing-1 >> Connection: Keep-Alive
12:10:24.222 [Test worker] DEBUG org.apache.http.wire - http-outgoing-1 >> "POST / HTTP/1.1[\r][\n]"
12:10:24.222 [Test worker] DEBUG org.apache.http.wire - http-outgoing-1 >> "Host: dynamodb.us-west-2.amazonaws.com[\r][\n]"
12:10:24.222 [Test worker] DEBUG org.apache.http.wire - http-outgoing-1 >> "amz-sdk-invocation-id: 4d1acc85-9b2b-8c12-10ed-ae195120df33[\r][\n]"
12:10:24.222 [Test worker] DEBUG org.apache.http.wire - http-outgoing-1 >> "amz-sdk-request: ttl=20220602T191114Z;attempt=1;max=11[\r][\n]"
12:10:24.222 [Test worker] DEBUG org.apache.http.wire - http-outgoing-1 >> "amz-sdk-retry: 0/0/500[\r][\n]"
12:10:24.222 [Test worker] DEBUG org.apache.http.wire - http-outgoing-1 >> "Authorization: AWS4-HMAC-SHA256 Credential=AKIA4QVT5K6IDDIUW4SY/20220602/us-west-2/dynamodb/aws4_request, SignedHeaders=amz-sdk-invocation-id;amz-sdk-request;amz-sdk-retry;content-length;content-type;host;user-agent;x-amz-date;x-amz-target, Signature=ac790366903920ca8da841a3be7246fe0731ceebecbfb56d65439a5f750be55f[\r][\n]"
12:10:24.222 [Test worker] DEBUG org.apache.http.wire - http-outgoing-1 >> "Content-Type: application/x-amz-json-1.0[\r][\n]"
12:10:24.222 [Test worker] DEBUG org.apache.http.wire - http-outgoing-1 >> "User-Agent: aws-sdk-java/1.11.1020 Mac_OS_X/11.6.4 OpenJDK_64-Bit_Server_VM/11.0.13+8-LTS java/11.0.13 vendor/Amazon.com_Inc. cfg/retry-mode/legacy com.amazonaws.services.dynamodbv2.datamodeling.DynamoDBMapper/1.11.1020[\r][\n]"
12:10:24.222 [Test worker] DEBUG org.apache.http.wire - http-outgoing-1 >> "X-Amz-Date: 20220602T191024Z[\r][\n]"
12:10:24.222 [Test worker] DEBUG org.apache.http.wire - http-outgoing-1 >> "X-Amz-Target: DynamoDB_20120810.Query[\r][\n]"
12:10:24.222 [Test worker] DEBUG org.apache.http.wire - http-outgoing-1 >> "Content-Length: 260[\r][\n]"
12:10:24.222 [Test worker] DEBUG org.apache.http.wire - http-outgoing-1 >> "Connection: Keep-Alive[\r][\n]"
12:10:24.222 [Test worker] DEBUG org.apache.http.wire - http-outgoing-1 >> "[\r][\n]"
12:10:24.222 [Test worker] DEBUG org.apache.http.wire - http-outgoing-1 >> "{"TableName":"PublishingStatus","ConsistentRead":true,"ScanIndexForward":true,"KeyConditionExpression":"publishingRecordId = :publishingRecordId","ExpressionAttributeValues":{":publishingRecordId":{"S":"publishingstatus.bb2aa86d-9327-4968-83e4-828a8c7a3bc1"}}}"
12:10:24.237 [pool-2-thread-1] DEBUG com.amazonaws.http.conn.ssl.SdkTLSSocketFactory - Enabled protocols: [TLSv1.3, TLSv1.2, TLSv1.1, TLSv1]
12:10:24.238 [pool-2-thread-1] DEBUG com.amazonaws.http.conn.ssl.SdkTLSSocketFactory - Enabled cipher suites:[TLS_AES_256_GCM_SHA384, TLS_AES_128_GCM_SHA256, TLS_CHACHA20_POLY1305_SHA256, TLS_ECDHE_ECDSA_WITH_AES_256_GCM_SHA384, TLS_ECDHE_ECDSA_WITH_AES_128_GCM_SHA256, TLS_ECDHE_ECDSA_WITH_CHACHA20_POLY1305_SHA256, TLS_ECDHE_RSA_WITH_AES_256_GCM_SHA384, TLS_ECDHE_RSA_WITH_CHACHA20_POLY1305_SHA256, TLS_ECDHE_RSA_WITH_AES_128_GCM_SHA256, TLS_DHE_RSA_WITH_AES_256_GCM_SHA384, TLS_DHE_RSA_WITH_CHACHA20_POLY1305_SHA256, TLS_DHE_DSS_WITH_AES_256_GCM_SHA384, TLS_DHE_RSA_WITH_AES_128_GCM_SHA256, TLS_DHE_DSS_WITH_AES_128_GCM_SHA256, TLS_ECDHE_ECDSA_WITH_AES_256_CBC_SHA384, TLS_ECDHE_RSA_WITH_AES_256_CBC_SHA384, TLS_ECDHE_ECDSA_WITH_AES_128_CBC_SHA256, TLS_ECDHE_RSA_WITH_AES_128_CBC_SHA256, TLS_DHE_RSA_WITH_AES_256_CBC_SHA256, TLS_DHE_DSS_WITH_AES_256_CBC_SHA256, TLS_DHE_RSA_WITH_AES_128_CBC_SHA256, TLS_DHE_DSS_WITH_AES_128_CBC_SHA256, TLS_ECDH_ECDSA_WITH_AES_256_GCM_SHA384, TLS_ECDH_RSA_WITH_AES_256_GCM_SHA384, TLS_ECDH_ECDSA_WITH_AES_128_GCM_SHA256, TLS_ECDH_RSA_WITH_AES_128_GCM_SHA256, TLS_ECDH_ECDSA_WITH_AES_256_CBC_SHA384, TLS_ECDH_RSA_WITH_AES_256_CBC_SHA384, TLS_ECDH_ECDSA_WITH_AES_128_CBC_SHA256, TLS_ECDH_RSA_WITH_AES_128_CBC_SHA256, TLS_ECDHE_ECDSA_WITH_AES_256_CBC_SHA, TLS_ECDHE_RSA_WITH_AES_256_CBC_SHA, TLS_ECDHE_ECDSA_WITH_AES_128_CBC_SHA, TLS_ECDHE_RSA_WITH_AES_128_CBC_SHA, TLS_DHE_RSA_WITH_AES_256_CBC_SHA, TLS_DHE_DSS_WITH_AES_256_CBC_SHA, TLS_DHE_RSA_WITH_AES_128_CBC_SHA, TLS_DHE_DSS_WITH_AES_128_CBC_SHA, TLS_ECDH_ECDSA_WITH_AES_256_CBC_SHA, TLS_ECDH_RSA_WITH_AES_256_CBC_SHA, TLS_ECDH_ECDSA_WITH_AES_128_CBC_SHA, TLS_ECDH_RSA_WITH_AES_128_CBC_SHA, TLS_RSA_WITH_AES_256_GCM_SHA384, TLS_RSA_WITH_AES_128_GCM_SHA256, TLS_RSA_WITH_AES_256_CBC_SHA256, TLS_RSA_WITH_AES_128_CBC_SHA256, TLS_RSA_WITH_AES_256_CBC_SHA, TLS_RSA_WITH_AES_128_CBC_SHA, TLS_EMPTY_RENEGOTIATION_INFO_SCSV]
12:10:24.238 [pool-2-thread-1] DEBUG com.amazonaws.http.conn.ssl.SdkTLSSocketFactory - socket.getSupportedProtocols(): [TLSv1.3, TLSv1.2, TLSv1.1, TLSv1, SSLv3, SSLv2Hello], socket.getEnabledProtocols(): [TLSv1.3, TLSv1.2, TLSv1.1, TLSv1]
12:10:24.238 [pool-2-thread-1] DEBUG com.amazonaws.http.conn.ssl.SdkTLSSocketFactory - TLS protocol enabled for SSL handshake: [TLSv1.2, TLSv1.1, TLSv1, TLSv1.3]
12:10:24.238 [pool-2-thread-1] DEBUG com.amazonaws.http.conn.ssl.SdkTLSSocketFactory - Starting handshake
12:10:24.255 [Test worker] DEBUG org.apache.http.wire - http-outgoing-1 << "HTTP/1.1 200 OK[\r][\n]"
12:10:24.255 [Test worker] DEBUG org.apache.http.wire - http-outgoing-1 << "Server: Server[\r][\n]"
12:10:24.255 [Test worker] DEBUG org.apache.http.wire - http-outgoing-1 << "Date: Thu, 02 Jun 2022 19:10:24 GMT[\r][\n]"
12:10:24.255 [Test worker] DEBUG org.apache.http.wire - http-outgoing-1 << "Content-Type: application/x-amz-json-1.0[\r][\n]"
12:10:24.255 [Test worker] DEBUG org.apache.http.wire - http-outgoing-1 << "Content-Length: 279[\r][\n]"
12:10:24.255 [Test worker] DEBUG org.apache.http.wire - http-outgoing-1 << "Connection: keep-alive[\r][\n]"
12:10:24.255 [Test worker] DEBUG org.apache.http.wire - http-outgoing-1 << "x-amzn-RequestId: L3QOIF50AN3126GVI0A5G2H6V7VV4KQNSO5AEMVJF66Q9ASUAAJG[\r][\n]"
12:10:24.255 [Test worker] DEBUG org.apache.http.wire - http-outgoing-1 << "x-amz-crc32: 1704282696[\r][\n]"
12:10:24.255 [Test worker] DEBUG org.apache.http.wire - http-outgoing-1 << "[\r][\n]"
12:10:24.255 [Test worker] DEBUG org.apache.http.wire - http-outgoing-1 << "{"Count":1,"Items":[{"publishingRecordId":{"S":"publishingstatus.bb2aa86d-9327-4968-83e4-828a8c7a3bc1"},"bookId":{"S":"book.d4d6c3c3-a8e4-4598-9010-977aae05cac3"},"statusMessage":{"S":"Queued for publishing at 2022-06-02 12:10:24.116"},"status":{"S":"QUEUED"}}],"ScannedCount":1}"
12:10:24.255 [Test worker] DEBUG org.apache.http.headers - http-outgoing-1 << HTTP/1.1 200 OK
12:10:24.255 [Test worker] DEBUG org.apache.http.headers - http-outgoing-1 << Server: Server
12:10:24.255 [Test worker] DEBUG org.apache.http.headers - http-outgoing-1 << Date: Thu, 02 Jun 2022 19:10:24 GMT
12:10:24.255 [Test worker] DEBUG org.apache.http.headers - http-outgoing-1 << Content-Type: application/x-amz-json-1.0
12:10:24.255 [Test worker] DEBUG org.apache.http.headers - http-outgoing-1 << Content-Length: 279
12:10:24.256 [Test worker] DEBUG org.apache.http.headers - http-outgoing-1 << Connection: keep-alive
12:10:24.256 [Test worker] DEBUG org.apache.http.headers - http-outgoing-1 << x-amzn-RequestId: L3QOIF50AN3126GVI0A5G2H6V7VV4KQNSO5AEMVJF66Q9ASUAAJG
12:10:24.256 [Test worker] DEBUG org.apache.http.headers - http-outgoing-1 << x-amz-crc32: 1704282696
12:10:24.256 [Test worker] DEBUG org.apache.http.impl.execchain.MainClientExec - Connection can be kept alive for 60000 MILLISECONDS
12:10:24.256 [Test worker] DEBUG com.amazonaws.retry.ClockSkewAdjuster - Reported server date (from 'Date' header): Thu, 02 Jun 2022 19:10:24 GMT
12:10:24.256 [Test worker] DEBUG org.apache.http.impl.conn.PoolingHttpClientConnectionManager - Connection [id: 1][route: {s}->https://dynamodb.us-west-2.amazonaws.com:443] can be kept alive for 60.0 seconds
12:10:24.256 [Test worker] DEBUG org.apache.http.impl.conn.DefaultManagedHttpClientConnection - http-outgoing-1: set socket timeout to 0
12:10:24.256 [Test worker] DEBUG org.apache.http.impl.conn.PoolingHttpClientConnectionManager - Connection released: [id: 1][route: {s}->https://dynamodb.us-west-2.amazonaws.com:443][total available: 1; route allocated: 2 of 50; total allocated: 2 of 50]
12:10:24.257 [Test worker] DEBUG com.amazonaws.request - Received successful response: 200, AWS Request ID: L3QOIF50AN3126GVI0A5G2H6V7VV4KQNSO5AEMVJF66Q9ASUAAJG
12:10:24.257 [Test worker] DEBUG com.amazonaws.requestId - x-amzn-RequestId: L3QOIF50AN3126GVI0A5G2H6V7VV4KQNSO5AEMVJF66Q9ASUAAJG
Attempt [1]: Did not find a record. Waiting 500 milliseconds before next attempt
12:10:24.331 [pool-2-thread-1] DEBUG com.amazonaws.http.conn.ssl.SdkTLSSocketFactory - Secure session established
12:10:24.331 [pool-2-thread-1] DEBUG com.amazonaws.http.conn.ssl.SdkTLSSocketFactory -  negotiated protocol: TLSv1.2
12:10:24.331 [pool-2-thread-1] DEBUG com.amazonaws.http.conn.ssl.SdkTLSSocketFactory -  negotiated cipher suite: TLS_ECDHE_RSA_WITH_AES_128_GCM_SHA256
12:10:24.331 [pool-2-thread-1] DEBUG com.amazonaws.http.conn.ssl.SdkTLSSocketFactory -  peer principal: CN=dynamodb.us-west-2.amazonaws.com
12:10:24.331 [pool-2-thread-1] DEBUG com.amazonaws.http.conn.ssl.SdkTLSSocketFactory -  peer alternative names: [dynamodb.us-west-2.amazonaws.com, *.ddb.us-west-2.amazonaws.com]
12:10:24.331 [pool-2-thread-1] DEBUG com.amazonaws.http.conn.ssl.SdkTLSSocketFactory -  issuer principal: CN=Amazon, OU=Server CA 1B, O=Amazon, C=US
12:10:24.332 [pool-2-thread-1] DEBUG com.amazonaws.internal.SdkSSLSocket - created: dynamodb.us-west-2.amazonaws.com/52.94.28.36:443
12:10:24.332 [pool-2-thread-1] DEBUG org.apache.http.impl.conn.DefaultHttpClientConnectionOperator - Connection established 192.168.1.86:57434<->52.94.28.36:443
12:10:24.332 [pool-2-thread-1] DEBUG org.apache.http.impl.conn.DefaultManagedHttpClientConnection - http-outgoing-2: set socket timeout to 50000
12:10:24.332 [pool-2-thread-1] DEBUG org.apache.http.impl.execchain.MainClientExec - Executing request POST / HTTP/1.1
12:10:24.332 [pool-2-thread-1] DEBUG org.apache.http.impl.execchain.MainClientExec - Proxy auth state: UNCHALLENGED
12:10:24.332 [pool-2-thread-1] DEBUG org.apache.http.headers - http-outgoing-2 >> POST / HTTP/1.1
12:10:24.332 [pool-2-thread-1] DEBUG org.apache.http.headers - http-outgoing-2 >> Host: dynamodb.us-west-2.amazonaws.com
12:10:24.332 [pool-2-thread-1] DEBUG org.apache.http.headers - http-outgoing-2 >> amz-sdk-invocation-id: 659feb7f-f200-4b69-eb91-134396604a72
12:10:24.332 [pool-2-thread-1] DEBUG org.apache.http.headers - http-outgoing-2 >> amz-sdk-request: ttl=20220602T191114Z;attempt=1;max=11
12:10:24.332 [pool-2-thread-1] DEBUG org.apache.http.headers - http-outgoing-2 >> amz-sdk-retry: 0/0/500
12:10:24.332 [pool-2-thread-1] DEBUG org.apache.http.headers - http-outgoing-2 >> Authorization: AWS4-HMAC-SHA256 Credential=AKIA4QVT5K6IDDIUW4SY/20220602/us-west-2/dynamodb/aws4_request, SignedHeaders=amz-sdk-invocation-id;amz-sdk-request;amz-sdk-retry;content-length;content-type;host;user-agent;x-amz-date;x-amz-target, Signature=45bff879ba6818fcfbdda78b8723e0e74fd75caa8977f64709f7d0eae62266df
12:10:24.333 [pool-2-thread-1] DEBUG org.apache.http.headers - http-outgoing-2 >> Content-Type: application/x-amz-json-1.0
12:10:24.333 [pool-2-thread-1] DEBUG org.apache.http.headers - http-outgoing-2 >> User-Agent: aws-sdk-java/1.11.1020 Mac_OS_X/11.6.4 OpenJDK_64-Bit_Server_VM/11.0.13+8-LTS java/11.0.13 vendor/Amazon.com_Inc. cfg/retry-mode/legacy com.amazonaws.services.dynamodbv2.datamodeling.DynamoDBMapper/1.11.1020
12:10:24.333 [pool-2-thread-1] DEBUG org.apache.http.headers - http-outgoing-2 >> X-Amz-Date: 20220602T191024Z
12:10:24.333 [pool-2-thread-1] DEBUG org.apache.http.headers - http-outgoing-2 >> X-Amz-Target: DynamoDB_20120810.UpdateItem
12:10:24.333 [pool-2-thread-1] DEBUG org.apache.http.headers - http-outgoing-2 >> Content-Length: 377
12:10:24.333 [pool-2-thread-1] DEBUG org.apache.http.headers - http-outgoing-2 >> Connection: Keep-Alive
12:10:24.333 [pool-2-thread-1] DEBUG org.apache.http.wire - http-outgoing-2 >> "POST / HTTP/1.1[\r][\n]"
12:10:24.333 [pool-2-thread-1] DEBUG org.apache.http.wire - http-outgoing-2 >> "Host: dynamodb.us-west-2.amazonaws.com[\r][\n]"
12:10:24.333 [pool-2-thread-1] DEBUG org.apache.http.wire - http-outgoing-2 >> "amz-sdk-invocation-id: 659feb7f-f200-4b69-eb91-134396604a72[\r][\n]"
12:10:24.333 [pool-2-thread-1] DEBUG org.apache.http.wire - http-outgoing-2 >> "amz-sdk-request: ttl=20220602T191114Z;attempt=1;max=11[\r][\n]"
12:10:24.333 [pool-2-thread-1] DEBUG org.apache.http.wire - http-outgoing-2 >> "amz-sdk-retry: 0/0/500[\r][\n]"
12:10:24.333 [pool-2-thread-1] DEBUG org.apache.http.wire - http-outgoing-2 >> "Authorization: AWS4-HMAC-SHA256 Credential=AKIA4QVT5K6IDDIUW4SY/20220602/us-west-2/dynamodb/aws4_request, SignedHeaders=amz-sdk-invocation-id;amz-sdk-request;amz-sdk-retry;content-length;content-type;host;user-agent;x-amz-date;x-amz-target, Signature=45bff879ba6818fcfbdda78b8723e0e74fd75caa8977f64709f7d0eae62266df[\r][\n]"
12:10:24.333 [pool-2-thread-1] DEBUG org.apache.http.wire - http-outgoing-2 >> "Content-Type: application/x-amz-json-1.0[\r][\n]"
12:10:24.333 [pool-2-thread-1] DEBUG org.apache.http.wire - http-outgoing-2 >> "User-Agent: aws-sdk-java/1.11.1020 Mac_OS_X/11.6.4 OpenJDK_64-Bit_Server_VM/11.0.13+8-LTS java/11.0.13 vendor/Amazon.com_Inc. cfg/retry-mode/legacy com.amazonaws.services.dynamodbv2.datamodeling.DynamoDBMapper/1.11.1020[\r][\n]"
12:10:24.333 [pool-2-thread-1] DEBUG org.apache.http.wire - http-outgoing-2 >> "X-Amz-Date: 20220602T191024Z[\r][\n]"
12:10:24.333 [pool-2-thread-1] DEBUG org.apache.http.wire - http-outgoing-2 >> "X-Amz-Target: DynamoDB_20120810.UpdateItem[\r][\n]"
12:10:24.333 [pool-2-thread-1] DEBUG org.apache.http.wire - http-outgoing-2 >> "Content-Length: 377[\r][\n]"
12:10:24.333 [pool-2-thread-1] DEBUG org.apache.http.wire - http-outgoing-2 >> "Connection: Keep-Alive[\r][\n]"
12:10:24.334 [pool-2-thread-1] DEBUG org.apache.http.wire - http-outgoing-2 >> "[\r][\n]"
12:10:24.334 [pool-2-thread-1] DEBUG org.apache.http.wire - http-outgoing-2 >> "{"TableName":"PublishingStatus","Key":{"publishingRecordId":{"S":"publishingstatus.bb2aa86d-9327-4968-83e4-828a8c7a3bc1"},"status":{"S":"IN_PROGRESS"}},"AttributeUpdates":{"statusMessage":{"Value":{"S":"Processing started at 2022-06-02 12:10:24.204"},"Action":"PUT"},"bookId":{"Value":{"S":"book.d4d6c3c3-a8e4-4598-9010-977aae05cac3"},"Action":"PUT"}},"ReturnValues":"ALL_NEW"}"
12:10:24.384 [pool-2-thread-1] DEBUG org.apache.http.wire - http-outgoing-2 << "HTTP/1.1 200 OK[\r][\n]"
12:10:24.384 [pool-2-thread-1] DEBUG org.apache.http.wire - http-outgoing-2 << "Server: Server[\r][\n]"
12:10:24.384 [pool-2-thread-1] DEBUG org.apache.http.wire - http-outgoing-2 << "Date: Thu, 02 Jun 2022 19:10:24 GMT[\r][\n]"
12:10:24.384 [pool-2-thread-1] DEBUG org.apache.http.wire - http-outgoing-2 << "Content-Type: application/x-amz-json-1.0[\r][\n]"
12:10:24.384 [pool-2-thread-1] DEBUG org.apache.http.wire - http-outgoing-2 << "Content-Length: 257[\r][\n]"
12:10:24.384 [pool-2-thread-1] DEBUG org.apache.http.wire - http-outgoing-2 << "Connection: keep-alive[\r][\n]"
12:10:24.384 [pool-2-thread-1] DEBUG org.apache.http.wire - http-outgoing-2 << "x-amzn-RequestId: SQKRBO45R6HLLA469Q5JPBPOTJVV4KQNSO5AEMVJF66Q9ASUAAJG[\r][\n]"
12:10:24.384 [pool-2-thread-1] DEBUG org.apache.http.wire - http-outgoing-2 << "x-amz-crc32: 3352473534[\r][\n]"
12:10:24.384 [pool-2-thread-1] DEBUG org.apache.http.wire - http-outgoing-2 << "[\r][\n]"
12:10:24.384 [pool-2-thread-1] DEBUG org.apache.http.wire - http-outgoing-2 << "{"Attributes":{"publishingRecordId":{"S":"publishingstatus.bb2aa86d-9327-4968-83e4-828a8c7a3bc1"},"bookId":{"S":"book.d4d6c3c3-a8e4-4598-9010-977aae05cac3"},"statusMessage":{"S":"Processing started at 2022-06-02 12:10:24.204"},"status":{"S":"IN_PROGRESS"}}}"
12:10:24.385 [pool-2-thread-1] DEBUG org.apache.http.headers - http-outgoing-2 << HTTP/1.1 200 OK
12:10:24.385 [pool-2-thread-1] DEBUG org.apache.http.headers - http-outgoing-2 << Server: Server
12:10:24.385 [pool-2-thread-1] DEBUG org.apache.http.headers - http-outgoing-2 << Date: Thu, 02 Jun 2022 19:10:24 GMT
12:10:24.385 [pool-2-thread-1] DEBUG org.apache.http.headers - http-outgoing-2 << Content-Type: application/x-amz-json-1.0
12:10:24.385 [pool-2-thread-1] DEBUG org.apache.http.headers - http-outgoing-2 << Content-Length: 257
12:10:24.385 [pool-2-thread-1] DEBUG org.apache.http.headers - http-outgoing-2 << Connection: keep-alive
12:10:24.385 [pool-2-thread-1] DEBUG org.apache.http.headers - http-outgoing-2 << x-amzn-RequestId: SQKRBO45R6HLLA469Q5JPBPOTJVV4KQNSO5AEMVJF66Q9ASUAAJG
12:10:24.385 [pool-2-thread-1] DEBUG org.apache.http.headers - http-outgoing-2 << x-amz-crc32: 3352473534
12:10:24.385 [pool-2-thread-1] DEBUG org.apache.http.impl.execchain.MainClientExec - Connection can be kept alive for 60000 MILLISECONDS
12:10:24.385 [pool-2-thread-1] DEBUG com.amazonaws.retry.ClockSkewAdjuster - Reported server date (from 'Date' header): Thu, 02 Jun 2022 19:10:24 GMT
12:10:24.386 [pool-2-thread-1] DEBUG org.apache.http.impl.conn.PoolingHttpClientConnectionManager - Connection [id: 2][route: {s}->https://dynamodb.us-west-2.amazonaws.com:443] can be kept alive for 60.0 seconds
12:10:24.386 [pool-2-thread-1] DEBUG org.apache.http.impl.conn.DefaultManagedHttpClientConnection - http-outgoing-2: set socket timeout to 0
12:10:24.386 [pool-2-thread-1] DEBUG org.apache.http.impl.conn.PoolingHttpClientConnectionManager - Connection released: [id: 2][route: {s}->https://dynamodb.us-west-2.amazonaws.com:443][total available: 2; route allocated: 2 of 50; total allocated: 2 of 50]
12:10:24.386 [pool-2-thread-1] DEBUG com.amazonaws.request - Received successful response: 200, AWS Request ID: SQKRBO45R6HLLA469Q5JPBPOTJVV4KQNSO5AEMVJF66Q9ASUAAJG
12:10:24.386 [pool-2-thread-1] DEBUG com.amazonaws.requestId - x-amzn-RequestId: SQKRBO45R6HLLA469Q5JPBPOTJVV4KQNSO5AEMVJF66Q9ASUAAJG
Attempt [2]: Calling GetPublishingStatus
12:10:24.762 [Test worker] DEBUG com.amazonaws.request - Sending Request: POST https://dynamodb.us-west-2.amazonaws.com / Headers: (amz-sdk-invocation-id: d7e4cdb1-9886-7ef2-983f-9044710b6835, Content-Length: 260, Content-Type: application/x-amz-json-1.0, User-Agent: aws-sdk-java/1.11.1020 Mac_OS_X/11.6.4 OpenJDK_64-Bit_Server_VM/11.0.13+8-LTS java/11.0.13 vendor/Amazon.com_Inc. cfg/retry-mode/legacy com.amazonaws.services.dynamodbv2.datamodeling.DynamoDBMapper/1.11.1020, X-Amz-Target: DynamoDB_20120810.Query, ) 
12:10:24.763 [Test worker] DEBUG com.amazonaws.auth.AWS4Signer - AWS4 Canonical Request: '"POST
/

amz-sdk-invocation-id:d7e4cdb1-9886-7ef2-983f-9044710b6835
amz-sdk-request:ttl=20220602T191114Z;attempt=1;max=11
amz-sdk-retry:0/0/500
content-length:260
content-type:application/x-amz-json-1.0
host:dynamodb.us-west-2.amazonaws.com
user-agent:aws-sdk-java/1.11.1020 Mac_OS_X/11.6.4 OpenJDK_64-Bit_Server_VM/11.0.13+8-LTS java/11.0.13 vendor/Amazon.com_Inc. cfg/retry-mode/legacy com.amazonaws.services.dynamodbv2.datamodeling.DynamoDBMapper/1.11.1020
x-amz-date:20220602T191024Z
x-amz-target:DynamoDB_20120810.Query

amz-sdk-invocation-id;amz-sdk-request;amz-sdk-retry;content-length;content-type;host;user-agent;x-amz-date;x-amz-target
4295a567430b4d3a5e01f9d4fa55bae439e7dd20bd860072954bb959e893df6f"
12:10:24.763 [Test worker] DEBUG com.amazonaws.auth.AWS4Signer - AWS4 String to Sign: '"AWS4-HMAC-SHA256
20220602T191024Z
20220602/us-west-2/dynamodb/aws4_request
253df4bb9759767f2df270197b20a58f6a996c20a7404793a6e3080ef7c3313a"
12:10:24.764 [Test worker] DEBUG org.apache.http.client.protocol.RequestAddCookies - CookieSpec selected: default
12:10:24.764 [Test worker] DEBUG org.apache.http.client.protocol.RequestAuthCache - Auth cache not set in the context
12:10:24.764 [Test worker] DEBUG org.apache.http.impl.conn.PoolingHttpClientConnectionManager - Connection request: [route: {s}->https://dynamodb.us-west-2.amazonaws.com:443][total available: 2; route allocated: 2 of 50; total allocated: 2 of 50]
12:10:24.764 [Test worker] DEBUG org.apache.http.impl.conn.PoolingHttpClientConnectionManager - Connection leased: [id: 2][route: {s}->https://dynamodb.us-west-2.amazonaws.com:443][total available: 1; route allocated: 2 of 50; total allocated: 2 of 50]
12:10:24.764 [Test worker] DEBUG org.apache.http.impl.conn.DefaultManagedHttpClientConnection - http-outgoing-2: set socket timeout to 50000
12:10:24.765 [Test worker] DEBUG org.apache.http.impl.conn.DefaultManagedHttpClientConnection - http-outgoing-2: set socket timeout to 50000
12:10:24.765 [Test worker] DEBUG org.apache.http.impl.execchain.MainClientExec - Executing request POST / HTTP/1.1
12:10:24.765 [Test worker] DEBUG org.apache.http.impl.execchain.MainClientExec - Proxy auth state: UNCHALLENGED
12:10:24.765 [Test worker] DEBUG org.apache.http.headers - http-outgoing-2 >> POST / HTTP/1.1
12:10:24.765 [Test worker] DEBUG org.apache.http.headers - http-outgoing-2 >> Host: dynamodb.us-west-2.amazonaws.com
12:10:24.765 [Test worker] DEBUG org.apache.http.headers - http-outgoing-2 >> amz-sdk-invocation-id: d7e4cdb1-9886-7ef2-983f-9044710b6835
12:10:24.765 [Test worker] DEBUG org.apache.http.headers - http-outgoing-2 >> amz-sdk-request: ttl=20220602T191114Z;attempt=1;max=11
12:10:24.766 [Test worker] DEBUG org.apache.http.headers - http-outgoing-2 >> amz-sdk-retry: 0/0/500
12:10:24.766 [Test worker] DEBUG org.apache.http.headers - http-outgoing-2 >> Authorization: AWS4-HMAC-SHA256 Credential=AKIA4QVT5K6IDDIUW4SY/20220602/us-west-2/dynamodb/aws4_request, SignedHeaders=amz-sdk-invocation-id;amz-sdk-request;amz-sdk-retry;content-length;content-type;host;user-agent;x-amz-date;x-amz-target, Signature=2f38d82ca67bd9c070fda69688f7c3735075f35928fef9aa4d428cf4cbb2e7f8
12:10:24.766 [Test worker] DEBUG org.apache.http.headers - http-outgoing-2 >> Content-Type: application/x-amz-json-1.0
12:10:24.766 [Test worker] DEBUG org.apache.http.headers - http-outgoing-2 >> User-Agent: aws-sdk-java/1.11.1020 Mac_OS_X/11.6.4 OpenJDK_64-Bit_Server_VM/11.0.13+8-LTS java/11.0.13 vendor/Amazon.com_Inc. cfg/retry-mode/legacy com.amazonaws.services.dynamodbv2.datamodeling.DynamoDBMapper/1.11.1020
12:10:24.766 [Test worker] DEBUG org.apache.http.headers - http-outgoing-2 >> X-Amz-Date: 20220602T191024Z
12:10:24.766 [Test worker] DEBUG org.apache.http.headers - http-outgoing-2 >> X-Amz-Target: DynamoDB_20120810.Query
12:10:24.766 [Test worker] DEBUG org.apache.http.headers - http-outgoing-2 >> Content-Length: 260
12:10:24.766 [Test worker] DEBUG org.apache.http.headers - http-outgoing-2 >> Connection: Keep-Alive
12:10:24.766 [Test worker] DEBUG org.apache.http.wire - http-outgoing-2 >> "POST / HTTP/1.1[\r][\n]"
12:10:24.766 [Test worker] DEBUG org.apache.http.wire - http-outgoing-2 >> "Host: dynamodb.us-west-2.amazonaws.com[\r][\n]"
12:10:24.766 [Test worker] DEBUG org.apache.http.wire - http-outgoing-2 >> "amz-sdk-invocation-id: d7e4cdb1-9886-7ef2-983f-9044710b6835[\r][\n]"
12:10:24.766 [Test worker] DEBUG org.apache.http.wire - http-outgoing-2 >> "amz-sdk-request: ttl=20220602T191114Z;attempt=1;max=11[\r][\n]"
12:10:24.766 [Test worker] DEBUG org.apache.http.wire - http-outgoing-2 >> "amz-sdk-retry: 0/0/500[\r][\n]"
12:10:24.766 [Test worker] DEBUG org.apache.http.wire - http-outgoing-2 >> "Authorization: AWS4-HMAC-SHA256 Credential=AKIA4QVT5K6IDDIUW4SY/20220602/us-west-2/dynamodb/aws4_request, SignedHeaders=amz-sdk-invocation-id;amz-sdk-request;amz-sdk-retry;content-length;content-type;host;user-agent;x-amz-date;x-amz-target, Signature=2f38d82ca67bd9c070fda69688f7c3735075f35928fef9aa4d428cf4cbb2e7f8[\r][\n]"
12:10:24.767 [Test worker] DEBUG org.apache.http.wire - http-outgoing-2 >> "Content-Type: application/x-amz-json-1.0[\r][\n]"
12:10:24.767 [Test worker] DEBUG org.apache.http.wire - http-outgoing-2 >> "User-Agent: aws-sdk-java/1.11.1020 Mac_OS_X/11.6.4 OpenJDK_64-Bit_Server_VM/11.0.13+8-LTS java/11.0.13 vendor/Amazon.com_Inc. cfg/retry-mode/legacy com.amazonaws.services.dynamodbv2.datamodeling.DynamoDBMapper/1.11.1020[\r][\n]"
12:10:24.767 [Test worker] DEBUG org.apache.http.wire - http-outgoing-2 >> "X-Amz-Date: 20220602T191024Z[\r][\n]"
12:10:24.767 [Test worker] DEBUG org.apache.http.wire - http-outgoing-2 >> "X-Amz-Target: DynamoDB_20120810.Query[\r][\n]"
12:10:24.767 [Test worker] DEBUG org.apache.http.wire - http-outgoing-2 >> "Content-Length: 260[\r][\n]"
12:10:24.767 [Test worker] DEBUG org.apache.http.wire - http-outgoing-2 >> "Connection: Keep-Alive[\r][\n]"
12:10:24.767 [Test worker] DEBUG org.apache.http.wire - http-outgoing-2 >> "[\r][\n]"
12:10:24.767 [Test worker] DEBUG org.apache.http.wire - http-outgoing-2 >> "{"TableName":"PublishingStatus","ConsistentRead":true,"ScanIndexForward":true,"KeyConditionExpression":"publishingRecordId = :publishingRecordId","ExpressionAttributeValues":{":publishingRecordId":{"S":"publishingstatus.bb2aa86d-9327-4968-83e4-828a8c7a3bc1"}}}"
12:10:24.798 [Test worker] DEBUG org.apache.http.wire - http-outgoing-2 << "HTTP/1.1 200 OK[\r][\n]"
12:10:24.799 [Test worker] DEBUG org.apache.http.wire - http-outgoing-2 << "Server: Server[\r][\n]"
12:10:24.799 [Test worker] DEBUG org.apache.http.wire - http-outgoing-2 << "Date: Thu, 02 Jun 2022 19:10:24 GMT[\r][\n]"
12:10:24.799 [Test worker] DEBUG org.apache.http.wire - http-outgoing-2 << "Content-Type: application/x-amz-json-1.0[\r][\n]"
12:10:24.799 [Test worker] DEBUG org.apache.http.wire - http-outgoing-2 << "Content-Length: 522[\r][\n]"
12:10:24.799 [Test worker] DEBUG org.apache.http.wire - http-outgoing-2 << "Connection: keep-alive[\r][\n]"
12:10:24.799 [Test worker] DEBUG org.apache.http.wire - http-outgoing-2 << "x-amzn-RequestId: DO38Q9QOTUU7BOC4AND6S0B427VV4KQNSO5AEMVJF66Q9ASUAAJG[\r][\n]"
12:10:24.799 [Test worker] DEBUG org.apache.http.wire - http-outgoing-2 << "x-amz-crc32: 1773275314[\r][\n]"
12:10:24.799 [Test worker] DEBUG org.apache.http.wire - http-outgoing-2 << "[\r][\n]"
12:10:24.799 [Test worker] DEBUG org.apache.http.wire - http-outgoing-2 << "{"Count":2,"Items":[{"publishingRecordId":{"S":"publishingstatus.bb2aa86d-9327-4968-83e4-828a8c7a3bc1"},"bookId":{"S":"book.d4d6c3c3-a8e4-4598-9010-977aae05cac3"},"statusMessage":{"S":"Processing started at 2022-06-02 12:10:24.204"},"status":{"S":"IN_PROGRESS"}},{"publishingRecordId":{"S":"publishingstatus.bb2aa86d-9327-4968-83e4-828a8c7a3bc1"},"bookId":{"S":"book.d4d6c3c3-a8e4-4598-9010-977aae05cac3"},"statusMessage":{"S":"Queued for publishing at 2022-06-02 12:10:24.116"},"status":{"S":"QUEUED"}}],"ScannedCount":2}"
12:10:24.799 [Test worker] DEBUG org.apache.http.headers - http-outgoing-2 << HTTP/1.1 200 OK
12:10:24.799 [Test worker] DEBUG org.apache.http.headers - http-outgoing-2 << Server: Server
12:10:24.799 [Test worker] DEBUG org.apache.http.headers - http-outgoing-2 << Date: Thu, 02 Jun 2022 19:10:24 GMT
12:10:24.800 [Test worker] DEBUG org.apache.http.headers - http-outgoing-2 << Content-Type: application/x-amz-json-1.0
12:10:24.800 [Test worker] DEBUG org.apache.http.headers - http-outgoing-2 << Content-Length: 522
12:10:24.800 [Test worker] DEBUG org.apache.http.headers - http-outgoing-2 << Connection: keep-alive
12:10:24.800 [Test worker] DEBUG org.apache.http.headers - http-outgoing-2 << x-amzn-RequestId: DO38Q9QOTUU7BOC4AND6S0B427VV4KQNSO5AEMVJF66Q9ASUAAJG
12:10:24.800 [Test worker] DEBUG org.apache.http.headers - http-outgoing-2 << x-amz-crc32: 1773275314
12:10:24.800 [Test worker] DEBUG org.apache.http.impl.execchain.MainClientExec - Connection can be kept alive for 60000 MILLISECONDS
12:10:24.800 [Test worker] DEBUG com.amazonaws.retry.ClockSkewAdjuster - Reported server date (from 'Date' header): Thu, 02 Jun 2022 19:10:24 GMT
12:10:24.800 [Test worker] DEBUG org.apache.http.impl.conn.PoolingHttpClientConnectionManager - Connection [id: 2][route: {s}->https://dynamodb.us-west-2.amazonaws.com:443] can be kept alive for 60.0 seconds
12:10:24.801 [Test worker] DEBUG org.apache.http.impl.conn.DefaultManagedHttpClientConnection - http-outgoing-2: set socket timeout to 0
12:10:24.801 [Test worker] DEBUG org.apache.http.impl.conn.PoolingHttpClientConnectionManager - Connection released: [id: 2][route: {s}->https://dynamodb.us-west-2.amazonaws.com:443][total available: 2; route allocated: 2 of 50; total allocated: 2 of 50]
12:10:24.801 [Test worker] DEBUG com.amazonaws.request - Received successful response: 200, AWS Request ID: DO38Q9QOTUU7BOC4AND6S0B427VV4KQNSO5AEMVJF66Q9ASUAAJG
12:10:24.801 [Test worker] DEBUG com.amazonaws.requestId - x-amzn-RequestId: DO38Q9QOTUU7BOC4AND6S0B427VV4KQNSO5AEMVJF66Q9ASUAAJG
Attempt [2]: Found record! [com.amazon.ata.kindlepublishingservice.models.PublishingStatusRecord@75e1fff]
Waiting 15 seconds for publishing
12:10:34.393 [pool-2-thread-1] DEBUG com.amazonaws.request - Sending Request: POST https://dynamodb.us-west-2.amazonaws.com / Headers: (amz-sdk-invocation-id: 2217c8a7-5ff7-9a66-b802-cc2cbdc995ba, Content-Length: 215, Content-Type: application/x-amz-json-1.0, User-Agent: aws-sdk-java/1.11.1020 Mac_OS_X/11.6.4 OpenJDK_64-Bit_Server_VM/11.0.13+8-LTS java/11.0.13 vendor/Amazon.com_Inc. cfg/retry-mode/legacy com.amazonaws.services.dynamodbv2.datamodeling.DynamoDBMapper/1.11.1020, X-Amz-Target: DynamoDB_20120810.Query, ) 
12:10:34.394 [pool-2-thread-1] DEBUG com.amazonaws.auth.AWS4Signer - AWS4 Canonical Request: '"POST
/

amz-sdk-invocation-id:2217c8a7-5ff7-9a66-b802-cc2cbdc995ba
amz-sdk-request:ttl=20220602T191124Z;attempt=1;max=11
amz-sdk-retry:0/0/500
content-length:215
content-type:application/x-amz-json-1.0
host:dynamodb.us-west-2.amazonaws.com
user-agent:aws-sdk-java/1.11.1020 Mac_OS_X/11.6.4 OpenJDK_64-Bit_Server_VM/11.0.13+8-LTS java/11.0.13 vendor/Amazon.com_Inc. cfg/retry-mode/legacy com.amazonaws.services.dynamodbv2.datamodeling.DynamoDBMapper/1.11.1020
x-amz-date:20220602T191034Z
x-amz-target:DynamoDB_20120810.Query

amz-sdk-invocation-id;amz-sdk-request;amz-sdk-retry;content-length;content-type;host;user-agent;x-amz-date;x-amz-target
695b30eaf73cb473d1b077d06d12bdbbb3d1abbea1a7e6c07b491acf05894d9e"
12:10:34.395 [pool-2-thread-1] DEBUG com.amazonaws.auth.AWS4Signer - AWS4 String to Sign: '"AWS4-HMAC-SHA256
20220602T191034Z
20220602/us-west-2/dynamodb/aws4_request
e6249937cee1473eb8cdd21d2b93e91528e51e73f195b9d191fe4bcd77609535"
12:10:34.396 [pool-2-thread-1] DEBUG org.apache.http.client.protocol.RequestAddCookies - CookieSpec selected: default
12:10:34.396 [pool-2-thread-1] DEBUG org.apache.http.client.protocol.RequestAuthCache - Auth cache not set in the context
12:10:34.396 [pool-2-thread-1] DEBUG org.apache.http.impl.conn.PoolingHttpClientConnectionManager - Connection request: [route: {s}->https://dynamodb.us-west-2.amazonaws.com:443][total available: 2; route allocated: 2 of 50; total allocated: 2 of 50]
12:10:34.398 [pool-2-thread-1] DEBUG org.apache.http.wire - http-outgoing-2 << "[read] I/O error: Read timed out"
12:10:34.398 [pool-2-thread-1] DEBUG org.apache.http.impl.conn.PoolingHttpClientConnectionManager - Connection leased: [id: 2][route: {s}->https://dynamodb.us-west-2.amazonaws.com:443][total available: 1; route allocated: 2 of 50; total allocated: 2 of 50]
12:10:34.398 [pool-2-thread-1] DEBUG org.apache.http.impl.conn.DefaultManagedHttpClientConnection - http-outgoing-2: set socket timeout to 50000
12:10:34.398 [pool-2-thread-1] DEBUG org.apache.http.impl.conn.DefaultManagedHttpClientConnection - http-outgoing-2: set socket timeout to 50000
12:10:34.398 [pool-2-thread-1] DEBUG org.apache.http.impl.execchain.MainClientExec - Executing request POST / HTTP/1.1
12:10:34.398 [pool-2-thread-1] DEBUG org.apache.http.impl.execchain.MainClientExec - Proxy auth state: UNCHALLENGED
12:10:34.398 [pool-2-thread-1] DEBUG org.apache.http.headers - http-outgoing-2 >> POST / HTTP/1.1
12:10:34.399 [pool-2-thread-1] DEBUG org.apache.http.headers - http-outgoing-2 >> Host: dynamodb.us-west-2.amazonaws.com
12:10:34.399 [pool-2-thread-1] DEBUG org.apache.http.headers - http-outgoing-2 >> amz-sdk-invocation-id: 2217c8a7-5ff7-9a66-b802-cc2cbdc995ba
12:10:34.399 [pool-2-thread-1] DEBUG org.apache.http.headers - http-outgoing-2 >> amz-sdk-request: ttl=20220602T191124Z;attempt=1;max=11
12:10:34.399 [pool-2-thread-1] DEBUG org.apache.http.headers - http-outgoing-2 >> amz-sdk-retry: 0/0/500
12:10:34.399 [pool-2-thread-1] DEBUG org.apache.http.headers - http-outgoing-2 >> Authorization: AWS4-HMAC-SHA256 Credential=AKIA4QVT5K6IDDIUW4SY/20220602/us-west-2/dynamodb/aws4_request, SignedHeaders=amz-sdk-invocation-id;amz-sdk-request;amz-sdk-retry;content-length;content-type;host;user-agent;x-amz-date;x-amz-target, Signature=6b1dcbb6a913144f11cf443b4c860931ab46fb480bcf9a170749c1cbfee20ff3
12:10:34.399 [pool-2-thread-1] DEBUG org.apache.http.headers - http-outgoing-2 >> Content-Type: application/x-amz-json-1.0
12:10:34.399 [pool-2-thread-1] DEBUG org.apache.http.headers - http-outgoing-2 >> User-Agent: aws-sdk-java/1.11.1020 Mac_OS_X/11.6.4 OpenJDK_64-Bit_Server_VM/11.0.13+8-LTS java/11.0.13 vendor/Amazon.com_Inc. cfg/retry-mode/legacy com.amazonaws.services.dynamodbv2.datamodeling.DynamoDBMapper/1.11.1020
12:10:34.399 [pool-2-thread-1] DEBUG org.apache.http.headers - http-outgoing-2 >> X-Amz-Date: 20220602T191034Z
12:10:34.399 [pool-2-thread-1] DEBUG org.apache.http.headers - http-outgoing-2 >> X-Amz-Target: DynamoDB_20120810.Query
12:10:34.399 [pool-2-thread-1] DEBUG org.apache.http.headers - http-outgoing-2 >> Content-Length: 215
12:10:34.399 [pool-2-thread-1] DEBUG org.apache.http.headers - http-outgoing-2 >> Connection: Keep-Alive
12:10:34.400 [pool-2-thread-1] DEBUG org.apache.http.wire - http-outgoing-2 >> "POST / HTTP/1.1[\r][\n]"
12:10:34.400 [pool-2-thread-1] DEBUG org.apache.http.wire - http-outgoing-2 >> "Host: dynamodb.us-west-2.amazonaws.com[\r][\n]"
12:10:34.400 [pool-2-thread-1] DEBUG org.apache.http.wire - http-outgoing-2 >> "amz-sdk-invocation-id: 2217c8a7-5ff7-9a66-b802-cc2cbdc995ba[\r][\n]"
12:10:34.400 [pool-2-thread-1] DEBUG org.apache.http.wire - http-outgoing-2 >> "amz-sdk-request: ttl=20220602T191124Z;attempt=1;max=11[\r][\n]"
12:10:34.400 [pool-2-thread-1] DEBUG org.apache.http.wire - http-outgoing-2 >> "amz-sdk-retry: 0/0/500[\r][\n]"
12:10:34.400 [pool-2-thread-1] DEBUG org.apache.http.wire - http-outgoing-2 >> "Authorization: AWS4-HMAC-SHA256 Credential=AKIA4QVT5K6IDDIUW4SY/20220602/us-west-2/dynamodb/aws4_request, SignedHeaders=amz-sdk-invocation-id;amz-sdk-request;amz-sdk-retry;content-length;content-type;host;user-agent;x-amz-date;x-amz-target, Signature=6b1dcbb6a913144f11cf443b4c860931ab46fb480bcf9a170749c1cbfee20ff3[\r][\n]"
12:10:34.400 [pool-2-thread-1] DEBUG org.apache.http.wire - http-outgoing-2 >> "Content-Type: application/x-amz-json-1.0[\r][\n]"
12:10:34.400 [pool-2-thread-1] DEBUG org.apache.http.wire - http-outgoing-2 >> "User-Agent: aws-sdk-java/1.11.1020 Mac_OS_X/11.6.4 OpenJDK_64-Bit_Server_VM/11.0.13+8-LTS java/11.0.13 vendor/Amazon.com_Inc. cfg/retry-mode/legacy com.amazonaws.services.dynamodbv2.datamodeling.DynamoDBMapper/1.11.1020[\r][\n]"
12:10:34.400 [pool-2-thread-1] DEBUG org.apache.http.wire - http-outgoing-2 >> "X-Amz-Date: 20220602T191034Z[\r][\n]"
12:10:34.400 [pool-2-thread-1] DEBUG org.apache.http.wire - http-outgoing-2 >> "X-Amz-Target: DynamoDB_20120810.Query[\r][\n]"
12:10:34.400 [pool-2-thread-1] DEBUG org.apache.http.wire - http-outgoing-2 >> "Content-Length: 215[\r][\n]"
12:10:34.400 [pool-2-thread-1] DEBUG org.apache.http.wire - http-outgoing-2 >> "Connection: Keep-Alive[\r][\n]"
12:10:34.400 [pool-2-thread-1] DEBUG org.apache.http.wire - http-outgoing-2 >> "[\r][\n]"
12:10:34.400 [pool-2-thread-1] DEBUG org.apache.http.wire - http-outgoing-2 >> "{"TableName":"CatalogItemVersions","ConsistentRead":true,"ScanIndexForward":true,"KeyConditionExpression":"bookId = :bookId","ExpressionAttributeValues":{":bookId":{"S":"book.d4d6c3c3-a8e4-4598-9010-977aae05cac3"}}}"
12:10:34.434 [pool-2-thread-1] DEBUG org.apache.http.wire - http-outgoing-2 << "HTTP/1.1 200 OK[\r][\n]"
12:10:34.434 [pool-2-thread-1] DEBUG org.apache.http.wire - http-outgoing-2 << "Server: Server[\r][\n]"
12:10:34.434 [pool-2-thread-1] DEBUG org.apache.http.wire - http-outgoing-2 << "Date: Thu, 02 Jun 2022 19:10:34 GMT[\r][\n]"
12:10:34.434 [pool-2-thread-1] DEBUG org.apache.http.wire - http-outgoing-2 << "Content-Type: application/x-amz-json-1.0[\r][\n]"
12:10:34.434 [pool-2-thread-1] DEBUG org.apache.http.wire - http-outgoing-2 << "Content-Length: 229[\r][\n]"
12:10:34.434 [pool-2-thread-1] DEBUG org.apache.http.wire - http-outgoing-2 << "Connection: keep-alive[\r][\n]"
12:10:34.434 [pool-2-thread-1] DEBUG org.apache.http.wire - http-outgoing-2 << "x-amzn-RequestId: 8DG4DHOCHJ102JG7V3HU1JGA4FVV4KQNSO5AEMVJF66Q9ASUAAJG[\r][\n]"
12:10:34.434 [pool-2-thread-1] DEBUG org.apache.http.wire - http-outgoing-2 << "x-amz-crc32: 2062114951[\r][\n]"
12:10:34.434 [pool-2-thread-1] DEBUG org.apache.http.wire - http-outgoing-2 << "[\r][\n]"
12:10:34.434 [pool-2-thread-1] DEBUG org.apache.http.wire - http-outgoing-2 << "{"Count":1,"Items":[{"inactive":{"N":"0"},"version":{"N":"1"},"bookId":{"S":"book.d4d6c3c3-a8e4-4598-9010-977aae05cac3"},"text":{"S":"text"},"genre":{"S":"TRAVEL"},"title":{"S":"title"},"author":{"S":"author"}}],"ScannedCount":1}"
12:10:34.435 [pool-2-thread-1] DEBUG org.apache.http.headers - http-outgoing-2 << HTTP/1.1 200 OK
12:10:34.435 [pool-2-thread-1] DEBUG org.apache.http.headers - http-outgoing-2 << Server: Server
12:10:34.435 [pool-2-thread-1] DEBUG org.apache.http.headers - http-outgoing-2 << Date: Thu, 02 Jun 2022 19:10:34 GMT
12:10:34.435 [pool-2-thread-1] DEBUG org.apache.http.headers - http-outgoing-2 << Content-Type: application/x-amz-json-1.0
12:10:34.435 [pool-2-thread-1] DEBUG org.apache.http.headers - http-outgoing-2 << Content-Length: 229
12:10:34.435 [pool-2-thread-1] DEBUG org.apache.http.headers - http-outgoing-2 << Connection: keep-alive
12:10:34.435 [pool-2-thread-1] DEBUG org.apache.http.headers - http-outgoing-2 << x-amzn-RequestId: 8DG4DHOCHJ102JG7V3HU1JGA4FVV4KQNSO5AEMVJF66Q9ASUAAJG
12:10:34.435 [pool-2-thread-1] DEBUG org.apache.http.headers - http-outgoing-2 << x-amz-crc32: 2062114951
12:10:34.435 [pool-2-thread-1] DEBUG org.apache.http.impl.execchain.MainClientExec - Connection can be kept alive for 60000 MILLISECONDS
12:10:34.435 [pool-2-thread-1] DEBUG com.amazonaws.retry.ClockSkewAdjuster - Reported server date (from 'Date' header): Thu, 02 Jun 2022 19:10:34 GMT
12:10:34.436 [pool-2-thread-1] DEBUG org.apache.http.impl.conn.PoolingHttpClientConnectionManager - Connection [id: 2][route: {s}->https://dynamodb.us-west-2.amazonaws.com:443] can be kept alive for 60.0 seconds
12:10:34.436 [pool-2-thread-1] DEBUG org.apache.http.impl.conn.DefaultManagedHttpClientConnection - http-outgoing-2: set socket timeout to 0
12:10:34.436 [pool-2-thread-1] DEBUG org.apache.http.impl.conn.PoolingHttpClientConnectionManager - Connection released: [id: 2][route: {s}->https://dynamodb.us-west-2.amazonaws.com:443][total available: 2; route allocated: 2 of 50; total allocated: 2 of 50]
12:10:34.436 [pool-2-thread-1] DEBUG com.amazonaws.request - Received successful response: 200, AWS Request ID: 8DG4DHOCHJ102JG7V3HU1JGA4FVV4KQNSO5AEMVJF66Q9ASUAAJG
12:10:34.436 [pool-2-thread-1] DEBUG com.amazonaws.requestId - x-amzn-RequestId: 8DG4DHOCHJ102JG7V3HU1JGA4FVV4KQNSO5AEMVJF66Q9ASUAAJG
12:10:34.447 [pool-2-thread-1] DEBUG com.amazonaws.request - Sending Request: POST https://dynamodb.us-west-2.amazonaws.com / Headers: (amz-sdk-invocation-id: 494cd118-b2ea-40ea-40bf-1108ae7b2954, Content-Length: 220, Content-Type: application/x-amz-json-1.0, User-Agent: aws-sdk-java/1.11.1020 Mac_OS_X/11.6.4 OpenJDK_64-Bit_Server_VM/11.0.13+8-LTS java/11.0.13 vendor/Amazon.com_Inc. cfg/retry-mode/legacy com.amazonaws.services.dynamodbv2.datamodeling.DynamoDBMapper/1.11.1020, X-Amz-Target: DynamoDB_20120810.Query, ) 
12:10:34.447 [pool-2-thread-1] DEBUG com.amazonaws.auth.AWS4Signer - AWS4 Canonical Request: '"POST
/

amz-sdk-invocation-id:494cd118-b2ea-40ea-40bf-1108ae7b2954
amz-sdk-request:ttl=20220602T191124Z;attempt=1;max=11
amz-sdk-retry:0/0/500
content-length:220
content-type:application/x-amz-json-1.0
host:dynamodb.us-west-2.amazonaws.com
user-agent:aws-sdk-java/1.11.1020 Mac_OS_X/11.6.4 OpenJDK_64-Bit_Server_VM/11.0.13+8-LTS java/11.0.13 vendor/Amazon.com_Inc. cfg/retry-mode/legacy com.amazonaws.services.dynamodbv2.datamodeling.DynamoDBMapper/1.11.1020
x-amz-date:20220602T191034Z
x-amz-target:DynamoDB_20120810.Query

amz-sdk-invocation-id;amz-sdk-request;amz-sdk-retry;content-length;content-type;host;user-agent;x-amz-date;x-amz-target
248b8705f5e455bfb6eb3a4a1a01a25c097542f8868a03b377822db271d4cca7"
12:10:34.447 [pool-2-thread-1] DEBUG com.amazonaws.auth.AWS4Signer - AWS4 String to Sign: '"AWS4-HMAC-SHA256
20220602T191034Z
20220602/us-west-2/dynamodb/aws4_request
b7f47c26e4f2e99834b08c2044bb3491277741424d3faa5772527015cd0ccbdc"
12:10:34.448 [pool-2-thread-1] DEBUG org.apache.http.client.protocol.RequestAddCookies - CookieSpec selected: default
12:10:34.448 [pool-2-thread-1] DEBUG org.apache.http.client.protocol.RequestAuthCache - Auth cache not set in the context
12:10:34.448 [pool-2-thread-1] DEBUG org.apache.http.impl.conn.PoolingHttpClientConnectionManager - Connection request: [route: {s}->https://dynamodb.us-west-2.amazonaws.com:443][total available: 2; route allocated: 2 of 50; total allocated: 2 of 50]
12:10:34.448 [pool-2-thread-1] DEBUG org.apache.http.impl.conn.PoolingHttpClientConnectionManager - Connection leased: [id: 2][route: {s}->https://dynamodb.us-west-2.amazonaws.com:443][total available: 1; route allocated: 2 of 50; total allocated: 2 of 50]
12:10:34.448 [pool-2-thread-1] DEBUG org.apache.http.impl.conn.DefaultManagedHttpClientConnection - http-outgoing-2: set socket timeout to 50000
12:10:34.448 [pool-2-thread-1] DEBUG org.apache.http.impl.conn.DefaultManagedHttpClientConnection - http-outgoing-2: set socket timeout to 50000
12:10:34.448 [pool-2-thread-1] DEBUG org.apache.http.impl.execchain.MainClientExec - Executing request POST / HTTP/1.1
12:10:34.448 [pool-2-thread-1] DEBUG org.apache.http.impl.execchain.MainClientExec - Proxy auth state: UNCHALLENGED
12:10:34.449 [pool-2-thread-1] DEBUG org.apache.http.headers - http-outgoing-2 >> POST / HTTP/1.1
12:10:34.449 [pool-2-thread-1] DEBUG org.apache.http.headers - http-outgoing-2 >> Host: dynamodb.us-west-2.amazonaws.com
12:10:34.449 [pool-2-thread-1] DEBUG org.apache.http.headers - http-outgoing-2 >> amz-sdk-invocation-id: 494cd118-b2ea-40ea-40bf-1108ae7b2954
12:10:34.449 [pool-2-thread-1] DEBUG org.apache.http.headers - http-outgoing-2 >> amz-sdk-request: ttl=20220602T191124Z;attempt=1;max=11
12:10:34.449 [pool-2-thread-1] DEBUG org.apache.http.headers - http-outgoing-2 >> amz-sdk-retry: 0/0/500
12:10:34.449 [pool-2-thread-1] DEBUG org.apache.http.headers - http-outgoing-2 >> Authorization: AWS4-HMAC-SHA256 Credential=AKIA4QVT5K6IDDIUW4SY/20220602/us-west-2/dynamodb/aws4_request, SignedHeaders=amz-sdk-invocation-id;amz-sdk-request;amz-sdk-retry;content-length;content-type;host;user-agent;x-amz-date;x-amz-target, Signature=b0c1772d31777e61a1fb3443cb7a813b8f59c14b37fce9a2ff5ed1152341a16a
12:10:34.449 [pool-2-thread-1] DEBUG org.apache.http.headers - http-outgoing-2 >> Content-Type: application/x-amz-json-1.0
12:10:34.449 [pool-2-thread-1] DEBUG org.apache.http.headers - http-outgoing-2 >> User-Agent: aws-sdk-java/1.11.1020 Mac_OS_X/11.6.4 OpenJDK_64-Bit_Server_VM/11.0.13+8-LTS java/11.0.13 vendor/Amazon.com_Inc. cfg/retry-mode/legacy com.amazonaws.services.dynamodbv2.datamodeling.DynamoDBMapper/1.11.1020
12:10:34.449 [pool-2-thread-1] DEBUG org.apache.http.headers - http-outgoing-2 >> X-Amz-Date: 20220602T191034Z
12:10:34.449 [pool-2-thread-1] DEBUG org.apache.http.headers - http-outgoing-2 >> X-Amz-Target: DynamoDB_20120810.Query
12:10:34.449 [pool-2-thread-1] DEBUG org.apache.http.headers - http-outgoing-2 >> Content-Length: 220
12:10:34.449 [pool-2-thread-1] DEBUG org.apache.http.headers - http-outgoing-2 >> Connection: Keep-Alive
12:10:34.449 [pool-2-thread-1] DEBUG org.apache.http.wire - http-outgoing-2 >> "POST / HTTP/1.1[\r][\n]"
12:10:34.449 [pool-2-thread-1] DEBUG org.apache.http.wire - http-outgoing-2 >> "Host: dynamodb.us-west-2.amazonaws.com[\r][\n]"
12:10:34.449 [pool-2-thread-1] DEBUG org.apache.http.wire - http-outgoing-2 >> "amz-sdk-invocation-id: 494cd118-b2ea-40ea-40bf-1108ae7b2954[\r][\n]"
12:10:34.449 [pool-2-thread-1] DEBUG org.apache.http.wire - http-outgoing-2 >> "amz-sdk-request: ttl=20220602T191124Z;attempt=1;max=11[\r][\n]"
12:10:34.449 [pool-2-thread-1] DEBUG org.apache.http.wire - http-outgoing-2 >> "amz-sdk-retry: 0/0/500[\r][\n]"
12:10:34.449 [pool-2-thread-1] DEBUG org.apache.http.wire - http-outgoing-2 >> "Authorization: AWS4-HMAC-SHA256 Credential=AKIA4QVT5K6IDDIUW4SY/20220602/us-west-2/dynamodb/aws4_request, SignedHeaders=amz-sdk-invocation-id;amz-sdk-request;amz-sdk-retry;content-length;content-type;host;user-agent;x-amz-date;x-amz-target, Signature=b0c1772d31777e61a1fb3443cb7a813b8f59c14b37fce9a2ff5ed1152341a16a[\r][\n]"
12:10:34.449 [pool-2-thread-1] DEBUG org.apache.http.wire - http-outgoing-2 >> "Content-Type: application/x-amz-json-1.0[\r][\n]"
12:10:34.449 [pool-2-thread-1] DEBUG org.apache.http.wire - http-outgoing-2 >> "User-Agent: aws-sdk-java/1.11.1020 Mac_OS_X/11.6.4 OpenJDK_64-Bit_Server_VM/11.0.13+8-LTS java/11.0.13 vendor/Amazon.com_Inc. cfg/retry-mode/legacy com.amazonaws.services.dynamodbv2.datamodeling.DynamoDBMapper/1.11.1020[\r][\n]"
12:10:34.449 [pool-2-thread-1] DEBUG org.apache.http.wire - http-outgoing-2 >> "X-Amz-Date: 20220602T191034Z[\r][\n]"
12:10:34.449 [pool-2-thread-1] DEBUG org.apache.http.wire - http-outgoing-2 >> "X-Amz-Target: DynamoDB_20120810.Query[\r][\n]"
12:10:34.449 [pool-2-thread-1] DEBUG org.apache.http.wire - http-outgoing-2 >> "Content-Length: 220[\r][\n]"
12:10:34.449 [pool-2-thread-1] DEBUG org.apache.http.wire - http-outgoing-2 >> "Connection: Keep-Alive[\r][\n]"
12:10:34.449 [pool-2-thread-1] DEBUG org.apache.http.wire - http-outgoing-2 >> "[\r][\n]"
12:10:34.449 [pool-2-thread-1] DEBUG org.apache.http.wire - http-outgoing-2 >> "{"TableName":"CatalogItemVersions","Limit":1,"ConsistentRead":true,"KeyConditions":{"bookId":{"AttributeValueList":[{"S":"book.d4d6c3c3-a8e4-4598-9010-977aae05cac3"}],"ComparisonOperator":"EQ"}},"ScanIndexForward":false}"
12:10:34.481 [pool-2-thread-1] DEBUG org.apache.http.wire - http-outgoing-2 << "HTTP/1.1 200 OK[\r][\n]"
12:10:34.481 [pool-2-thread-1] DEBUG org.apache.http.wire - http-outgoing-2 << "Server: Server[\r][\n]"
12:10:34.481 [pool-2-thread-1] DEBUG org.apache.http.wire - http-outgoing-2 << "Date: Thu, 02 Jun 2022 19:10:34 GMT[\r][\n]"
12:10:34.481 [pool-2-thread-1] DEBUG org.apache.http.wire - http-outgoing-2 << "Content-Type: application/x-amz-json-1.0[\r][\n]"
12:10:34.481 [pool-2-thread-1] DEBUG org.apache.http.wire - http-outgoing-2 << "Content-Length: 329[\r][\n]"
12:10:34.481 [pool-2-thread-1] DEBUG org.apache.http.wire - http-outgoing-2 << "Connection: keep-alive[\r][\n]"
12:10:34.481 [pool-2-thread-1] DEBUG org.apache.http.wire - http-outgoing-2 << "x-amzn-RequestId: I7B6JGM07FGDCMH3TB35VV6U6RVV4KQNSO5AEMVJF66Q9ASUAAJG[\r][\n]"
12:10:34.481 [pool-2-thread-1] DEBUG org.apache.http.wire - http-outgoing-2 << "x-amz-crc32: 989317[\r][\n]"
12:10:34.481 [pool-2-thread-1] DEBUG org.apache.http.wire - http-outgoing-2 << "[\r][\n]"
12:10:34.481 [pool-2-thread-1] DEBUG org.apache.http.wire - http-outgoing-2 << "{"Count":1,"Items":[{"inactive":{"N":"0"},"version":{"N":"1"},"bookId":{"S":"book.d4d6c3c3-a8e4-4598-9010-977aae05cac3"},"text":{"S":"text"},"genre":{"S":"TRAVEL"},"title":{"S":"title"},"author":{"S":"author"}}],"LastEvaluatedKey":{"bookId":{"S":"book.d4d6c3c3-a8e4-4598-9010-977aae05cac3"},"version":{"N":"1"}},"ScannedCount":1}"
12:10:34.481 [pool-2-thread-1] DEBUG org.apache.http.headers - http-outgoing-2 << HTTP/1.1 200 OK
12:10:34.481 [pool-2-thread-1] DEBUG org.apache.http.headers - http-outgoing-2 << Server: Server
12:10:34.481 [pool-2-thread-1] DEBUG org.apache.http.headers - http-outgoing-2 << Date: Thu, 02 Jun 2022 19:10:34 GMT
12:10:34.481 [pool-2-thread-1] DEBUG org.apache.http.headers - http-outgoing-2 << Content-Type: application/x-amz-json-1.0
12:10:34.481 [pool-2-thread-1] DEBUG org.apache.http.headers - http-outgoing-2 << Content-Length: 329
12:10:34.481 [pool-2-thread-1] DEBUG org.apache.http.headers - http-outgoing-2 << Connection: keep-alive
12:10:34.481 [pool-2-thread-1] DEBUG org.apache.http.headers - http-outgoing-2 << x-amzn-RequestId: I7B6JGM07FGDCMH3TB35VV6U6RVV4KQNSO5AEMVJF66Q9ASUAAJG
12:10:34.481 [pool-2-thread-1] DEBUG org.apache.http.headers - http-outgoing-2 << x-amz-crc32: 989317
12:10:34.482 [pool-2-thread-1] DEBUG org.apache.http.impl.execchain.MainClientExec - Connection can be kept alive for 60000 MILLISECONDS
12:10:34.482 [pool-2-thread-1] DEBUG com.amazonaws.retry.ClockSkewAdjuster - Reported server date (from 'Date' header): Thu, 02 Jun 2022 19:10:34 GMT
12:10:34.482 [pool-2-thread-1] DEBUG org.apache.http.impl.conn.PoolingHttpClientConnectionManager - Connection [id: 2][route: {s}->https://dynamodb.us-west-2.amazonaws.com:443] can be kept alive for 60.0 seconds
12:10:34.482 [pool-2-thread-1] DEBUG org.apache.http.impl.conn.DefaultManagedHttpClientConnection - http-outgoing-2: set socket timeout to 0
12:10:34.482 [pool-2-thread-1] DEBUG org.apache.http.impl.conn.PoolingHttpClientConnectionManager - Connection released: [id: 2][route: {s}->https://dynamodb.us-west-2.amazonaws.com:443][total available: 2; route allocated: 2 of 50; total allocated: 2 of 50]
12:10:34.482 [pool-2-thread-1] DEBUG com.amazonaws.request - Received successful response: 200, AWS Request ID: I7B6JGM07FGDCMH3TB35VV6U6RVV4KQNSO5AEMVJF66Q9ASUAAJG
12:10:34.482 [pool-2-thread-1] DEBUG com.amazonaws.requestId - x-amzn-RequestId: I7B6JGM07FGDCMH3TB35VV6U6RVV4KQNSO5AEMVJF66Q9ASUAAJG
12:10:34.483 [pool-2-thread-1] DEBUG com.amazonaws.request - Sending Request: POST https://dynamodb.us-west-2.amazonaws.com / Headers: (amz-sdk-invocation-id: e05859d6-865c-1bcf-2025-017eb03b31bd, Content-Length: 220, Content-Type: application/x-amz-json-1.0, User-Agent: aws-sdk-java/1.11.1020 Mac_OS_X/11.6.4 OpenJDK_64-Bit_Server_VM/11.0.13+8-LTS java/11.0.13 vendor/Amazon.com_Inc. cfg/retry-mode/legacy com.amazonaws.services.dynamodbv2.datamodeling.DynamoDBMapper/1.11.1020, X-Amz-Target: DynamoDB_20120810.Query, ) 
12:10:34.483 [pool-2-thread-1] DEBUG com.amazonaws.auth.AWS4Signer - AWS4 Canonical Request: '"POST
/

amz-sdk-invocation-id:e05859d6-865c-1bcf-2025-017eb03b31bd
amz-sdk-request:ttl=20220602T191124Z;attempt=1;max=11
amz-sdk-retry:0/0/500
content-length:220
content-type:application/x-amz-json-1.0
host:dynamodb.us-west-2.amazonaws.com
user-agent:aws-sdk-java/1.11.1020 Mac_OS_X/11.6.4 OpenJDK_64-Bit_Server_VM/11.0.13+8-LTS java/11.0.13 vendor/Amazon.com_Inc. cfg/retry-mode/legacy com.amazonaws.services.dynamodbv2.datamodeling.DynamoDBMapper/1.11.1020
x-amz-date:20220602T191034Z
x-amz-target:DynamoDB_20120810.Query

amz-sdk-invocation-id;amz-sdk-request;amz-sdk-retry;content-length;content-type;host;user-agent;x-amz-date;x-amz-target
248b8705f5e455bfb6eb3a4a1a01a25c097542f8868a03b377822db271d4cca7"
12:10:34.483 [pool-2-thread-1] DEBUG com.amazonaws.auth.AWS4Signer - AWS4 String to Sign: '"AWS4-HMAC-SHA256
20220602T191034Z
20220602/us-west-2/dynamodb/aws4_request
7655b079646eeaa36abee16ab514a5cf062e34615c3fe0aaac9448c8d4bf4854"
12:10:34.484 [pool-2-thread-1] DEBUG org.apache.http.client.protocol.RequestAddCookies - CookieSpec selected: default
12:10:34.484 [pool-2-thread-1] DEBUG org.apache.http.client.protocol.RequestAuthCache - Auth cache not set in the context
12:10:34.484 [pool-2-thread-1] DEBUG org.apache.http.impl.conn.PoolingHttpClientConnectionManager - Connection request: [route: {s}->https://dynamodb.us-west-2.amazonaws.com:443][total available: 2; route allocated: 2 of 50; total allocated: 2 of 50]
12:10:34.484 [pool-2-thread-1] DEBUG org.apache.http.impl.conn.PoolingHttpClientConnectionManager - Connection leased: [id: 2][route: {s}->https://dynamodb.us-west-2.amazonaws.com:443][total available: 1; route allocated: 2 of 50; total allocated: 2 of 50]
12:10:34.484 [pool-2-thread-1] DEBUG org.apache.http.impl.conn.DefaultManagedHttpClientConnection - http-outgoing-2: set socket timeout to 50000
12:10:34.484 [pool-2-thread-1] DEBUG org.apache.http.impl.conn.DefaultManagedHttpClientConnection - http-outgoing-2: set socket timeout to 50000
12:10:34.484 [pool-2-thread-1] DEBUG org.apache.http.impl.execchain.MainClientExec - Executing request POST / HTTP/1.1
12:10:34.484 [pool-2-thread-1] DEBUG org.apache.http.impl.execchain.MainClientExec - Proxy auth state: UNCHALLENGED
12:10:34.484 [pool-2-thread-1] DEBUG org.apache.http.headers - http-outgoing-2 >> POST / HTTP/1.1
12:10:34.484 [pool-2-thread-1] DEBUG org.apache.http.headers - http-outgoing-2 >> Host: dynamodb.us-west-2.amazonaws.com
12:10:34.485 [pool-2-thread-1] DEBUG org.apache.http.headers - http-outgoing-2 >> amz-sdk-invocation-id: e05859d6-865c-1bcf-2025-017eb03b31bd
12:10:34.485 [pool-2-thread-1] DEBUG org.apache.http.headers - http-outgoing-2 >> amz-sdk-request: ttl=20220602T191124Z;attempt=1;max=11
12:10:34.485 [pool-2-thread-1] DEBUG org.apache.http.headers - http-outgoing-2 >> amz-sdk-retry: 0/0/500
12:10:34.485 [pool-2-thread-1] DEBUG org.apache.http.headers - http-outgoing-2 >> Authorization: AWS4-HMAC-SHA256 Credential=AKIA4QVT5K6IDDIUW4SY/20220602/us-west-2/dynamodb/aws4_request, SignedHeaders=amz-sdk-invocation-id;amz-sdk-request;amz-sdk-retry;content-length;content-type;host;user-agent;x-amz-date;x-amz-target, Signature=cd2584f5b7cfbab2726c13311add2d5d9fbf6fa34d678ca0075903dc7236d6b1
12:10:34.485 [pool-2-thread-1] DEBUG org.apache.http.headers - http-outgoing-2 >> Content-Type: application/x-amz-json-1.0
12:10:34.485 [pool-2-thread-1] DEBUG org.apache.http.headers - http-outgoing-2 >> User-Agent: aws-sdk-java/1.11.1020 Mac_OS_X/11.6.4 OpenJDK_64-Bit_Server_VM/11.0.13+8-LTS java/11.0.13 vendor/Amazon.com_Inc. cfg/retry-mode/legacy com.amazonaws.services.dynamodbv2.datamodeling.DynamoDBMapper/1.11.1020
12:10:34.485 [pool-2-thread-1] DEBUG org.apache.http.headers - http-outgoing-2 >> X-Amz-Date: 20220602T191034Z
12:10:34.485 [pool-2-thread-1] DEBUG org.apache.http.headers - http-outgoing-2 >> X-Amz-Target: DynamoDB_20120810.Query
12:10:34.485 [pool-2-thread-1] DEBUG org.apache.http.headers - http-outgoing-2 >> Content-Length: 220
12:10:34.485 [pool-2-thread-1] DEBUG org.apache.http.headers - http-outgoing-2 >> Connection: Keep-Alive
12:10:34.485 [pool-2-thread-1] DEBUG org.apache.http.wire - http-outgoing-2 >> "POST / HTTP/1.1[\r][\n]"
12:10:34.485 [pool-2-thread-1] DEBUG org.apache.http.wire - http-outgoing-2 >> "Host: dynamodb.us-west-2.amazonaws.com[\r][\n]"
12:10:34.485 [pool-2-thread-1] DEBUG org.apache.http.wire - http-outgoing-2 >> "amz-sdk-invocation-id: e05859d6-865c-1bcf-2025-017eb03b31bd[\r][\n]"
12:10:34.485 [pool-2-thread-1] DEBUG org.apache.http.wire - http-outgoing-2 >> "amz-sdk-request: ttl=20220602T191124Z;attempt=1;max=11[\r][\n]"
12:10:34.485 [pool-2-thread-1] DEBUG org.apache.http.wire - http-outgoing-2 >> "amz-sdk-retry: 0/0/500[\r][\n]"
12:10:34.485 [pool-2-thread-1] DEBUG org.apache.http.wire - http-outgoing-2 >> "Authorization: AWS4-HMAC-SHA256 Credential=AKIA4QVT5K6IDDIUW4SY/20220602/us-west-2/dynamodb/aws4_request, SignedHeaders=amz-sdk-invocation-id;amz-sdk-request;amz-sdk-retry;content-length;content-type;host;user-agent;x-amz-date;x-amz-target, Signature=cd2584f5b7cfbab2726c13311add2d5d9fbf6fa34d678ca0075903dc7236d6b1[\r][\n]"
12:10:34.485 [pool-2-thread-1] DEBUG org.apache.http.wire - http-outgoing-2 >> "Content-Type: application/x-amz-json-1.0[\r][\n]"
12:10:34.485 [pool-2-thread-1] DEBUG org.apache.http.wire - http-outgoing-2 >> "User-Agent: aws-sdk-java/1.11.1020 Mac_OS_X/11.6.4 OpenJDK_64-Bit_Server_VM/11.0.13+8-LTS java/11.0.13 vendor/Amazon.com_Inc. cfg/retry-mode/legacy com.amazonaws.services.dynamodbv2.datamodeling.DynamoDBMapper/1.11.1020[\r][\n]"
12:10:34.485 [pool-2-thread-1] DEBUG org.apache.http.wire - http-outgoing-2 >> "X-Amz-Date: 20220602T191034Z[\r][\n]"
12:10:34.485 [pool-2-thread-1] DEBUG org.apache.http.wire - http-outgoing-2 >> "X-Amz-Target: DynamoDB_20120810.Query[\r][\n]"
12:10:34.485 [pool-2-thread-1] DEBUG org.apache.http.wire - http-outgoing-2 >> "Content-Length: 220[\r][\n]"
12:10:34.485 [pool-2-thread-1] DEBUG org.apache.http.wire - http-outgoing-2 >> "Connection: Keep-Alive[\r][\n]"
12:10:34.485 [pool-2-thread-1] DEBUG org.apache.http.wire - http-outgoing-2 >> "[\r][\n]"
12:10:34.485 [pool-2-thread-1] DEBUG org.apache.http.wire - http-outgoing-2 >> "{"TableName":"CatalogItemVersions","Limit":1,"ConsistentRead":true,"KeyConditions":{"bookId":{"AttributeValueList":[{"S":"book.d4d6c3c3-a8e4-4598-9010-977aae05cac3"}],"ComparisonOperator":"EQ"}},"ScanIndexForward":false}"
12:10:34.516 [pool-2-thread-1] DEBUG org.apache.http.wire - http-outgoing-2 << "HTTP/1.1 200 OK[\r][\n]"
12:10:34.517 [pool-2-thread-1] DEBUG org.apache.http.wire - http-outgoing-2 << "Server: Server[\r][\n]"
12:10:34.517 [pool-2-thread-1] DEBUG org.apache.http.wire - http-outgoing-2 << "Date: Thu, 02 Jun 2022 19:10:34 GMT[\r][\n]"
12:10:34.517 [pool-2-thread-1] DEBUG org.apache.http.wire - http-outgoing-2 << "Content-Type: application/x-amz-json-1.0[\r][\n]"
12:10:34.517 [pool-2-thread-1] DEBUG org.apache.http.wire - http-outgoing-2 << "Content-Length: 329[\r][\n]"
12:10:34.517 [pool-2-thread-1] DEBUG org.apache.http.wire - http-outgoing-2 << "Connection: keep-alive[\r][\n]"
12:10:34.517 [pool-2-thread-1] DEBUG org.apache.http.wire - http-outgoing-2 << "x-amzn-RequestId: TFL19OLPJC1NBFCDTBO44AQRQ7VV4KQNSO5AEMVJF66Q9ASUAAJG[\r][\n]"
12:10:34.517 [pool-2-thread-1] DEBUG org.apache.http.wire - http-outgoing-2 << "x-amz-crc32: 989317[\r][\n]"
12:10:34.517 [pool-2-thread-1] DEBUG org.apache.http.wire - http-outgoing-2 << "[\r][\n]"
12:10:34.517 [pool-2-thread-1] DEBUG org.apache.http.wire - http-outgoing-2 << "{"Count":1,"Items":[{"inactive":{"N":"0"},"version":{"N":"1"},"bookId":{"S":"book.d4d6c3c3-a8e4-4598-9010-977aae05cac3"},"text":{"S":"text"},"genre":{"S":"TRAVEL"},"title":{"S":"title"},"author":{"S":"author"}}],"LastEvaluatedKey":{"bookId":{"S":"book.d4d6c3c3-a8e4-4598-9010-977aae05cac3"},"version":{"N":"1"}},"ScannedCount":1}"
12:10:34.517 [pool-2-thread-1] DEBUG org.apache.http.headers - http-outgoing-2 << HTTP/1.1 200 OK
12:10:34.517 [pool-2-thread-1] DEBUG org.apache.http.headers - http-outgoing-2 << Server: Server
12:10:34.517 [pool-2-thread-1] DEBUG org.apache.http.headers - http-outgoing-2 << Date: Thu, 02 Jun 2022 19:10:34 GMT
12:10:34.517 [pool-2-thread-1] DEBUG org.apache.http.headers - http-outgoing-2 << Content-Type: application/x-amz-json-1.0
12:10:34.517 [pool-2-thread-1] DEBUG org.apache.http.headers - http-outgoing-2 << Content-Length: 329
12:10:34.517 [pool-2-thread-1] DEBUG org.apache.http.headers - http-outgoing-2 << Connection: keep-alive
12:10:34.517 [pool-2-thread-1] DEBUG org.apache.http.headers - http-outgoing-2 << x-amzn-RequestId: TFL19OLPJC1NBFCDTBO44AQRQ7VV4KQNSO5AEMVJF66Q9ASUAAJG
12:10:34.517 [pool-2-thread-1] DEBUG org.apache.http.headers - http-outgoing-2 << x-amz-crc32: 989317
12:10:34.517 [pool-2-thread-1] DEBUG org.apache.http.impl.execchain.MainClientExec - Connection can be kept alive for 60000 MILLISECONDS
12:10:34.517 [pool-2-thread-1] DEBUG com.amazonaws.retry.ClockSkewAdjuster - Reported server date (from 'Date' header): Thu, 02 Jun 2022 19:10:34 GMT
12:10:34.518 [pool-2-thread-1] DEBUG org.apache.http.impl.conn.PoolingHttpClientConnectionManager - Connection [id: 2][route: {s}->https://dynamodb.us-west-2.amazonaws.com:443] can be kept alive for 60.0 seconds
12:10:34.518 [pool-2-thread-1] DEBUG org.apache.http.impl.conn.DefaultManagedHttpClientConnection - http-outgoing-2: set socket timeout to 0
12:10:34.518 [pool-2-thread-1] DEBUG org.apache.http.impl.conn.PoolingHttpClientConnectionManager - Connection released: [id: 2][route: {s}->https://dynamodb.us-west-2.amazonaws.com:443][total available: 2; route allocated: 2 of 50; total allocated: 2 of 50]
12:10:34.518 [pool-2-thread-1] DEBUG com.amazonaws.request - Received successful response: 200, AWS Request ID: TFL19OLPJC1NBFCDTBO44AQRQ7VV4KQNSO5AEMVJF66Q9ASUAAJG
12:10:34.518 [pool-2-thread-1] DEBUG com.amazonaws.requestId - x-amzn-RequestId: TFL19OLPJC1NBFCDTBO44AQRQ7VV4KQNSO5AEMVJF66Q9ASUAAJG
12:10:34.519 [pool-2-thread-1] DEBUG com.amazonaws.request - Sending Request: POST https://dynamodb.us-west-2.amazonaws.com / Headers: (amz-sdk-invocation-id: a9352609-a358-ed2a-1957-d08e1a9cafe8, Content-Length: 403, Content-Type: application/x-amz-json-1.0, User-Agent: aws-sdk-java/1.11.1020 Mac_OS_X/11.6.4 OpenJDK_64-Bit_Server_VM/11.0.13+8-LTS java/11.0.13 vendor/Amazon.com_Inc. cfg/retry-mode/legacy com.amazonaws.services.dynamodbv2.datamodeling.DynamoDBMapper/1.11.1020, X-Amz-Target: DynamoDB_20120810.UpdateItem, ) 
12:10:34.519 [pool-2-thread-1] DEBUG com.amazonaws.auth.AWS4Signer - AWS4 Canonical Request: '"POST
/

amz-sdk-invocation-id:a9352609-a358-ed2a-1957-d08e1a9cafe8
amz-sdk-request:ttl=20220602T191124Z;attempt=1;max=11
amz-sdk-retry:0/0/500
content-length:403
content-type:application/x-amz-json-1.0
host:dynamodb.us-west-2.amazonaws.com
user-agent:aws-sdk-java/1.11.1020 Mac_OS_X/11.6.4 OpenJDK_64-Bit_Server_VM/11.0.13+8-LTS java/11.0.13 vendor/Amazon.com_Inc. cfg/retry-mode/legacy com.amazonaws.services.dynamodbv2.datamodeling.DynamoDBMapper/1.11.1020
x-amz-date:20220602T191034Z
x-amz-target:DynamoDB_20120810.UpdateItem

amz-sdk-invocation-id;amz-sdk-request;amz-sdk-retry;content-length;content-type;host;user-agent;x-amz-date;x-amz-target
b2d58ee26787b390b4a2454bdc6098cb80965ff14041ff321931fde8961dc459"
12:10:34.519 [pool-2-thread-1] DEBUG com.amazonaws.auth.AWS4Signer - AWS4 String to Sign: '"AWS4-HMAC-SHA256
20220602T191034Z
20220602/us-west-2/dynamodb/aws4_request
1bd6da6cc1d8da7be9961b21465cb0c87bb2a77bd7aaf53f4e3c49d0b4611547"
12:10:34.519 [pool-2-thread-1] DEBUG org.apache.http.client.protocol.RequestAddCookies - CookieSpec selected: default
12:10:34.520 [pool-2-thread-1] DEBUG org.apache.http.client.protocol.RequestAuthCache - Auth cache not set in the context
12:10:34.520 [pool-2-thread-1] DEBUG org.apache.http.impl.conn.PoolingHttpClientConnectionManager - Connection request: [route: {s}->https://dynamodb.us-west-2.amazonaws.com:443][total available: 2; route allocated: 2 of 50; total allocated: 2 of 50]
12:10:34.520 [pool-2-thread-1] DEBUG org.apache.http.impl.conn.PoolingHttpClientConnectionManager - Connection leased: [id: 2][route: {s}->https://dynamodb.us-west-2.amazonaws.com:443][total available: 1; route allocated: 2 of 50; total allocated: 2 of 50]
12:10:34.520 [pool-2-thread-1] DEBUG org.apache.http.impl.conn.DefaultManagedHttpClientConnection - http-outgoing-2: set socket timeout to 50000
12:10:34.520 [pool-2-thread-1] DEBUG org.apache.http.impl.conn.DefaultManagedHttpClientConnection - http-outgoing-2: set socket timeout to 50000
12:10:34.520 [pool-2-thread-1] DEBUG org.apache.http.impl.execchain.MainClientExec - Executing request POST / HTTP/1.1
12:10:34.520 [pool-2-thread-1] DEBUG org.apache.http.impl.execchain.MainClientExec - Proxy auth state: UNCHALLENGED
12:10:34.520 [pool-2-thread-1] DEBUG org.apache.http.headers - http-outgoing-2 >> POST / HTTP/1.1
12:10:34.520 [pool-2-thread-1] DEBUG org.apache.http.headers - http-outgoing-2 >> Host: dynamodb.us-west-2.amazonaws.com
12:10:34.520 [pool-2-thread-1] DEBUG org.apache.http.headers - http-outgoing-2 >> amz-sdk-invocation-id: a9352609-a358-ed2a-1957-d08e1a9cafe8
12:10:34.520 [pool-2-thread-1] DEBUG org.apache.http.headers - http-outgoing-2 >> amz-sdk-request: ttl=20220602T191124Z;attempt=1;max=11
12:10:34.520 [pool-2-thread-1] DEBUG org.apache.http.headers - http-outgoing-2 >> amz-sdk-retry: 0/0/500
12:10:34.520 [pool-2-thread-1] DEBUG org.apache.http.headers - http-outgoing-2 >> Authorization: AWS4-HMAC-SHA256 Credential=AKIA4QVT5K6IDDIUW4SY/20220602/us-west-2/dynamodb/aws4_request, SignedHeaders=amz-sdk-invocation-id;amz-sdk-request;amz-sdk-retry;content-length;content-type;host;user-agent;x-amz-date;x-amz-target, Signature=431fd68f31b22d097885387c21b873033d5339c0e10c31f70337ae63c7d33e8d
12:10:34.520 [pool-2-thread-1] DEBUG org.apache.http.headers - http-outgoing-2 >> Content-Type: application/x-amz-json-1.0
12:10:34.520 [pool-2-thread-1] DEBUG org.apache.http.headers - http-outgoing-2 >> User-Agent: aws-sdk-java/1.11.1020 Mac_OS_X/11.6.4 OpenJDK_64-Bit_Server_VM/11.0.13+8-LTS java/11.0.13 vendor/Amazon.com_Inc. cfg/retry-mode/legacy com.amazonaws.services.dynamodbv2.datamodeling.DynamoDBMapper/1.11.1020
12:10:34.520 [pool-2-thread-1] DEBUG org.apache.http.headers - http-outgoing-2 >> X-Amz-Date: 20220602T191034Z
12:10:34.520 [pool-2-thread-1] DEBUG org.apache.http.headers - http-outgoing-2 >> X-Amz-Target: DynamoDB_20120810.UpdateItem
12:10:34.520 [pool-2-thread-1] DEBUG org.apache.http.headers - http-outgoing-2 >> Content-Length: 403
12:10:34.520 [pool-2-thread-1] DEBUG org.apache.http.headers - http-outgoing-2 >> Connection: Keep-Alive
12:10:34.520 [pool-2-thread-1] DEBUG org.apache.http.wire - http-outgoing-2 >> "POST / HTTP/1.1[\r][\n]"
12:10:34.520 [pool-2-thread-1] DEBUG org.apache.http.wire - http-outgoing-2 >> "Host: dynamodb.us-west-2.amazonaws.com[\r][\n]"
12:10:34.520 [pool-2-thread-1] DEBUG org.apache.http.wire - http-outgoing-2 >> "amz-sdk-invocation-id: a9352609-a358-ed2a-1957-d08e1a9cafe8[\r][\n]"
12:10:34.520 [pool-2-thread-1] DEBUG org.apache.http.wire - http-outgoing-2 >> "amz-sdk-request: ttl=20220602T191124Z;attempt=1;max=11[\r][\n]"
12:10:34.520 [pool-2-thread-1] DEBUG org.apache.http.wire - http-outgoing-2 >> "amz-sdk-retry: 0/0/500[\r][\n]"
12:10:34.520 [pool-2-thread-1] DEBUG org.apache.http.wire - http-outgoing-2 >> "Authorization: AWS4-HMAC-SHA256 Credential=AKIA4QVT5K6IDDIUW4SY/20220602/us-west-2/dynamodb/aws4_request, SignedHeaders=amz-sdk-invocation-id;amz-sdk-request;amz-sdk-retry;content-length;content-type;host;user-agent;x-amz-date;x-amz-target, Signature=431fd68f31b22d097885387c21b873033d5339c0e10c31f70337ae63c7d33e8d[\r][\n]"
12:10:34.520 [pool-2-thread-1] DEBUG org.apache.http.wire - http-outgoing-2 >> "Content-Type: application/x-amz-json-1.0[\r][\n]"
12:10:34.520 [pool-2-thread-1] DEBUG org.apache.http.wire - http-outgoing-2 >> "User-Agent: aws-sdk-java/1.11.1020 Mac_OS_X/11.6.4 OpenJDK_64-Bit_Server_VM/11.0.13+8-LTS java/11.0.13 vendor/Amazon.com_Inc. cfg/retry-mode/legacy com.amazonaws.services.dynamodbv2.datamodeling.DynamoDBMapper/1.11.1020[\r][\n]"
12:10:34.520 [pool-2-thread-1] DEBUG org.apache.http.wire - http-outgoing-2 >> "X-Amz-Date: 20220602T191034Z[\r][\n]"
12:10:34.520 [pool-2-thread-1] DEBUG org.apache.http.wire - http-outgoing-2 >> "X-Amz-Target: DynamoDB_20120810.UpdateItem[\r][\n]"
12:10:34.520 [pool-2-thread-1] DEBUG org.apache.http.wire - http-outgoing-2 >> "Content-Length: 403[\r][\n]"
12:10:34.520 [pool-2-thread-1] DEBUG org.apache.http.wire - http-outgoing-2 >> "Connection: Keep-Alive[\r][\n]"
12:10:34.520 [pool-2-thread-1] DEBUG org.apache.http.wire - http-outgoing-2 >> "[\r][\n]"
12:10:34.520 [pool-2-thread-1] DEBUG org.apache.http.wire - http-outgoing-2 >> "{"TableName":"CatalogItemVersions","Key":{"version":{"N":"1"},"bookId":{"S":"book.d4d6c3c3-a8e4-4598-9010-977aae05cac3"}},"AttributeUpdates":{"inactive":{"Value":{"N":"1"},"Action":"PUT"},"author":{"Value":{"S":"author"},"Action":"PUT"},"genre":{"Value":{"S":"TRAVEL"},"Action":"PUT"},"text":{"Value":{"S":"text"},"Action":"PUT"},"title":{"Value":{"S":"title"},"Action":"PUT"}},"ReturnValues":"ALL_NEW"}"
12:10:34.553 [pool-2-thread-1] DEBUG org.apache.http.wire - http-outgoing-2 << "HTTP/1.1 200 OK[\r][\n]"
12:10:34.553 [pool-2-thread-1] DEBUG org.apache.http.wire - http-outgoing-2 << "Server: Server[\r][\n]"
12:10:34.553 [pool-2-thread-1] DEBUG org.apache.http.wire - http-outgoing-2 << "Date: Thu, 02 Jun 2022 19:10:34 GMT[\r][\n]"
12:10:34.553 [pool-2-thread-1] DEBUG org.apache.http.wire - http-outgoing-2 << "Content-Type: application/x-amz-json-1.0[\r][\n]"
12:10:34.553 [pool-2-thread-1] DEBUG org.apache.http.wire - http-outgoing-2 << "Content-Length: 205[\r][\n]"
12:10:34.553 [pool-2-thread-1] DEBUG org.apache.http.wire - http-outgoing-2 << "Connection: keep-alive[\r][\n]"
12:10:34.553 [pool-2-thread-1] DEBUG org.apache.http.wire - http-outgoing-2 << "x-amzn-RequestId: 66GQJ6146J64TC8ACT52DCB6RNVV4KQNSO5AEMVJF66Q9ASUAAJG[\r][\n]"
12:10:34.553 [pool-2-thread-1] DEBUG org.apache.http.wire - http-outgoing-2 << "x-amz-crc32: 2981445803[\r][\n]"
12:10:34.553 [pool-2-thread-1] DEBUG org.apache.http.wire - http-outgoing-2 << "[\r][\n]"
12:10:34.554 [pool-2-thread-1] DEBUG org.apache.http.wire - http-outgoing-2 << "{"Attributes":{"inactive":{"N":"1"},"version":{"N":"1"},"bookId":{"S":"book.d4d6c3c3-a8e4-4598-9010-977aae05cac3"},"text":{"S":"text"},"genre":{"S":"TRAVEL"},"title":{"S":"title"},"author":{"S":"author"}}}"
12:10:34.554 [pool-2-thread-1] DEBUG org.apache.http.headers - http-outgoing-2 << HTTP/1.1 200 OK
12:10:34.554 [pool-2-thread-1] DEBUG org.apache.http.headers - http-outgoing-2 << Server: Server
12:10:34.554 [pool-2-thread-1] DEBUG org.apache.http.headers - http-outgoing-2 << Date: Thu, 02 Jun 2022 19:10:34 GMT
12:10:34.554 [pool-2-thread-1] DEBUG org.apache.http.headers - http-outgoing-2 << Content-Type: application/x-amz-json-1.0
12:10:34.554 [pool-2-thread-1] DEBUG org.apache.http.headers - http-outgoing-2 << Content-Length: 205
12:10:34.554 [pool-2-thread-1] DEBUG org.apache.http.headers - http-outgoing-2 << Connection: keep-alive
12:10:34.554 [pool-2-thread-1] DEBUG org.apache.http.headers - http-outgoing-2 << x-amzn-RequestId: 66GQJ6146J64TC8ACT52DCB6RNVV4KQNSO5AEMVJF66Q9ASUAAJG
12:10:34.554 [pool-2-thread-1] DEBUG org.apache.http.headers - http-outgoing-2 << x-amz-crc32: 2981445803
12:10:34.554 [pool-2-thread-1] DEBUG org.apache.http.impl.execchain.MainClientExec - Connection can be kept alive for 60000 MILLISECONDS
12:10:34.554 [pool-2-thread-1] DEBUG com.amazonaws.retry.ClockSkewAdjuster - Reported server date (from 'Date' header): Thu, 02 Jun 2022 19:10:34 GMT
12:10:34.554 [pool-2-thread-1] DEBUG org.apache.http.impl.conn.PoolingHttpClientConnectionManager - Connection [id: 2][route: {s}->https://dynamodb.us-west-2.amazonaws.com:443] can be kept alive for 60.0 seconds
12:10:34.555 [pool-2-thread-1] DEBUG org.apache.http.impl.conn.DefaultManagedHttpClientConnection - http-outgoing-2: set socket timeout to 0
12:10:34.555 [pool-2-thread-1] DEBUG org.apache.http.impl.conn.PoolingHttpClientConnectionManager - Connection released: [id: 2][route: {s}->https://dynamodb.us-west-2.amazonaws.com:443][total available: 2; route allocated: 2 of 50; total allocated: 2 of 50]
12:10:34.555 [pool-2-thread-1] DEBUG com.amazonaws.request - Received successful response: 200, AWS Request ID: 66GQJ6146J64TC8ACT52DCB6RNVV4KQNSO5AEMVJF66Q9ASUAAJG
12:10:34.555 [pool-2-thread-1] DEBUG com.amazonaws.requestId - x-amzn-RequestId: 66GQJ6146J64TC8ACT52DCB6RNVV4KQNSO5AEMVJF66Q9ASUAAJG
12:10:34.555 [pool-2-thread-1] DEBUG com.amazonaws.request - Sending Request: POST https://dynamodb.us-west-2.amazonaws.com / Headers: (amz-sdk-invocation-id: 30d68abd-c40d-0d0f-4639-48ad58a3f953, Content-Length: 220, Content-Type: application/x-amz-json-1.0, User-Agent: aws-sdk-java/1.11.1020 Mac_OS_X/11.6.4 OpenJDK_64-Bit_Server_VM/11.0.13+8-LTS java/11.0.13 vendor/Amazon.com_Inc. cfg/retry-mode/legacy com.amazonaws.services.dynamodbv2.datamodeling.DynamoDBMapper/1.11.1020, X-Amz-Target: DynamoDB_20120810.Query, ) 
12:10:34.556 [pool-2-thread-1] DEBUG com.amazonaws.auth.AWS4Signer - AWS4 Canonical Request: '"POST
/

amz-sdk-invocation-id:30d68abd-c40d-0d0f-4639-48ad58a3f953
amz-sdk-request:ttl=20220602T191124Z;attempt=1;max=11
amz-sdk-retry:0/0/500
content-length:220
content-type:application/x-amz-json-1.0
host:dynamodb.us-west-2.amazonaws.com
user-agent:aws-sdk-java/1.11.1020 Mac_OS_X/11.6.4 OpenJDK_64-Bit_Server_VM/11.0.13+8-LTS java/11.0.13 vendor/Amazon.com_Inc. cfg/retry-mode/legacy com.amazonaws.services.dynamodbv2.datamodeling.DynamoDBMapper/1.11.1020
x-amz-date:20220602T191034Z
x-amz-target:DynamoDB_20120810.Query

amz-sdk-invocation-id;amz-sdk-request;amz-sdk-retry;content-length;content-type;host;user-agent;x-amz-date;x-amz-target
248b8705f5e455bfb6eb3a4a1a01a25c097542f8868a03b377822db271d4cca7"
12:10:34.556 [pool-2-thread-1] DEBUG com.amazonaws.auth.AWS4Signer - AWS4 String to Sign: '"AWS4-HMAC-SHA256
20220602T191034Z
20220602/us-west-2/dynamodb/aws4_request
0778388e70f41a70710a873d8895e971058375155834deb0e6070d19eb3633c0"
12:10:34.556 [pool-2-thread-1] DEBUG org.apache.http.client.protocol.RequestAddCookies - CookieSpec selected: default
12:10:34.556 [pool-2-thread-1] DEBUG org.apache.http.client.protocol.RequestAuthCache - Auth cache not set in the context
12:10:34.556 [pool-2-thread-1] DEBUG org.apache.http.impl.conn.PoolingHttpClientConnectionManager - Connection request: [route: {s}->https://dynamodb.us-west-2.amazonaws.com:443][total available: 2; route allocated: 2 of 50; total allocated: 2 of 50]
12:10:34.556 [pool-2-thread-1] DEBUG org.apache.http.impl.conn.PoolingHttpClientConnectionManager - Connection leased: [id: 2][route: {s}->https://dynamodb.us-west-2.amazonaws.com:443][total available: 1; route allocated: 2 of 50; total allocated: 2 of 50]
12:10:34.556 [pool-2-thread-1] DEBUG org.apache.http.impl.conn.DefaultManagedHttpClientConnection - http-outgoing-2: set socket timeout to 50000
12:10:34.556 [pool-2-thread-1] DEBUG org.apache.http.impl.conn.DefaultManagedHttpClientConnection - http-outgoing-2: set socket timeout to 50000
12:10:34.556 [pool-2-thread-1] DEBUG org.apache.http.impl.execchain.MainClientExec - Executing request POST / HTTP/1.1
12:10:34.556 [pool-2-thread-1] DEBUG org.apache.http.impl.execchain.MainClientExec - Proxy auth state: UNCHALLENGED
12:10:34.557 [pool-2-thread-1] DEBUG org.apache.http.headers - http-outgoing-2 >> POST / HTTP/1.1
12:10:34.557 [pool-2-thread-1] DEBUG org.apache.http.headers - http-outgoing-2 >> Host: dynamodb.us-west-2.amazonaws.com
12:10:34.557 [pool-2-thread-1] DEBUG org.apache.http.headers - http-outgoing-2 >> amz-sdk-invocation-id: 30d68abd-c40d-0d0f-4639-48ad58a3f953
12:10:34.557 [pool-2-thread-1] DEBUG org.apache.http.headers - http-outgoing-2 >> amz-sdk-request: ttl=20220602T191124Z;attempt=1;max=11
12:10:34.557 [pool-2-thread-1] DEBUG org.apache.http.headers - http-outgoing-2 >> amz-sdk-retry: 0/0/500
12:10:34.557 [pool-2-thread-1] DEBUG org.apache.http.headers - http-outgoing-2 >> Authorization: AWS4-HMAC-SHA256 Credential=AKIA4QVT5K6IDDIUW4SY/20220602/us-west-2/dynamodb/aws4_request, SignedHeaders=amz-sdk-invocation-id;amz-sdk-request;amz-sdk-retry;content-length;content-type;host;user-agent;x-amz-date;x-amz-target, Signature=8cab1f944952eeee27bdf621e3effd5c8140399499c49f160e70bf5617e46735
12:10:34.557 [pool-2-thread-1] DEBUG org.apache.http.headers - http-outgoing-2 >> Content-Type: application/x-amz-json-1.0
12:10:34.557 [pool-2-thread-1] DEBUG org.apache.http.headers - http-outgoing-2 >> User-Agent: aws-sdk-java/1.11.1020 Mac_OS_X/11.6.4 OpenJDK_64-Bit_Server_VM/11.0.13+8-LTS java/11.0.13 vendor/Amazon.com_Inc. cfg/retry-mode/legacy com.amazonaws.services.dynamodbv2.datamodeling.DynamoDBMapper/1.11.1020
12:10:34.557 [pool-2-thread-1] DEBUG org.apache.http.headers - http-outgoing-2 >> X-Amz-Date: 20220602T191034Z
12:10:34.557 [pool-2-thread-1] DEBUG org.apache.http.headers - http-outgoing-2 >> X-Amz-Target: DynamoDB_20120810.Query
12:10:34.557 [pool-2-thread-1] DEBUG org.apache.http.headers - http-outgoing-2 >> Content-Length: 220
12:10:34.557 [pool-2-thread-1] DEBUG org.apache.http.headers - http-outgoing-2 >> Connection: Keep-Alive
12:10:34.557 [pool-2-thread-1] DEBUG org.apache.http.wire - http-outgoing-2 >> "POST / HTTP/1.1[\r][\n]"
12:10:34.557 [pool-2-thread-1] DEBUG org.apache.http.wire - http-outgoing-2 >> "Host: dynamodb.us-west-2.amazonaws.com[\r][\n]"
12:10:34.557 [pool-2-thread-1] DEBUG org.apache.http.wire - http-outgoing-2 >> "amz-sdk-invocation-id: 30d68abd-c40d-0d0f-4639-48ad58a3f953[\r][\n]"
12:10:34.558 [pool-2-thread-1] DEBUG org.apache.http.wire - http-outgoing-2 >> "amz-sdk-request: ttl=20220602T191124Z;attempt=1;max=11[\r][\n]"
12:10:34.558 [pool-2-thread-1] DEBUG org.apache.http.wire - http-outgoing-2 >> "amz-sdk-retry: 0/0/500[\r][\n]"
12:10:34.558 [pool-2-thread-1] DEBUG org.apache.http.wire - http-outgoing-2 >> "Authorization: AWS4-HMAC-SHA256 Credential=AKIA4QVT5K6IDDIUW4SY/20220602/us-west-2/dynamodb/aws4_request, SignedHeaders=amz-sdk-invocation-id;amz-sdk-request;amz-sdk-retry;content-length;content-type;host;user-agent;x-amz-date;x-amz-target, Signature=8cab1f944952eeee27bdf621e3effd5c8140399499c49f160e70bf5617e46735[\r][\n]"
12:10:34.558 [pool-2-thread-1] DEBUG org.apache.http.wire - http-outgoing-2 >> "Content-Type: application/x-amz-json-1.0[\r][\n]"
12:10:34.558 [pool-2-thread-1] DEBUG org.apache.http.wire - http-outgoing-2 >> "User-Agent: aws-sdk-java/1.11.1020 Mac_OS_X/11.6.4 OpenJDK_64-Bit_Server_VM/11.0.13+8-LTS java/11.0.13 vendor/Amazon.com_Inc. cfg/retry-mode/legacy com.amazonaws.services.dynamodbv2.datamodeling.DynamoDBMapper/1.11.1020[\r][\n]"
12:10:34.558 [pool-2-thread-1] DEBUG org.apache.http.wire - http-outgoing-2 >> "X-Amz-Date: 20220602T191034Z[\r][\n]"
12:10:34.558 [pool-2-thread-1] DEBUG org.apache.http.wire - http-outgoing-2 >> "X-Amz-Target: DynamoDB_20120810.Query[\r][\n]"
12:10:34.558 [pool-2-thread-1] DEBUG org.apache.http.wire - http-outgoing-2 >> "Content-Length: 220[\r][\n]"
12:10:34.558 [pool-2-thread-1] DEBUG org.apache.http.wire - http-outgoing-2 >> "Connection: Keep-Alive[\r][\n]"
12:10:34.558 [pool-2-thread-1] DEBUG org.apache.http.wire - http-outgoing-2 >> "[\r][\n]"
12:10:34.558 [pool-2-thread-1] DEBUG org.apache.http.wire - http-outgoing-2 >> "{"TableName":"CatalogItemVersions","Limit":1,"ConsistentRead":true,"KeyConditions":{"bookId":{"AttributeValueList":[{"S":"book.d4d6c3c3-a8e4-4598-9010-977aae05cac3"}],"ComparisonOperator":"EQ"}},"ScanIndexForward":false}"
12:10:34.591 [pool-2-thread-1] DEBUG org.apache.http.wire - http-outgoing-2 << "HTTP/1.1 200 OK[\r][\n]"
12:10:34.591 [pool-2-thread-1] DEBUG org.apache.http.wire - http-outgoing-2 << "Server: Server[\r][\n]"
12:10:34.592 [pool-2-thread-1] DEBUG org.apache.http.wire - http-outgoing-2 << "Date: Thu, 02 Jun 2022 19:10:34 GMT[\r][\n]"
12:10:34.592 [pool-2-thread-1] DEBUG org.apache.http.wire - http-outgoing-2 << "Content-Type: application/x-amz-json-1.0[\r][\n]"
12:10:34.592 [pool-2-thread-1] DEBUG org.apache.http.wire - http-outgoing-2 << "Content-Length: 329[\r][\n]"
12:10:34.592 [pool-2-thread-1] DEBUG org.apache.http.wire - http-outgoing-2 << "Connection: keep-alive[\r][\n]"
12:10:34.592 [pool-2-thread-1] DEBUG org.apache.http.wire - http-outgoing-2 << "x-amzn-RequestId: CTFPS5RKH79QAJ0KT47PF6PML3VV4KQNSO5AEMVJF66Q9ASUAAJG[\r][\n]"
12:10:34.592 [pool-2-thread-1] DEBUG org.apache.http.wire - http-outgoing-2 << "x-amz-crc32: 3020880181[\r][\n]"
12:10:34.592 [pool-2-thread-1] DEBUG org.apache.http.wire - http-outgoing-2 << "[\r][\n]"
12:10:34.592 [pool-2-thread-1] DEBUG org.apache.http.wire - http-outgoing-2 << "{"Count":1,"Items":[{"inactive":{"N":"1"},"version":{"N":"1"},"bookId":{"S":"book.d4d6c3c3-a8e4-4598-9010-977aae05cac3"},"text":{"S":"text"},"genre":{"S":"TRAVEL"},"title":{"S":"title"},"author":{"S":"author"}}],"LastEvaluatedKey":{"bookId":{"S":"book.d4d6c3c3-a8e4-4598-9010-977aae05cac3"},"version":{"N":"1"}},"ScannedCount":1}"
12:10:34.592 [pool-2-thread-1] DEBUG org.apache.http.headers - http-outgoing-2 << HTTP/1.1 200 OK
12:10:34.592 [pool-2-thread-1] DEBUG org.apache.http.headers - http-outgoing-2 << Server: Server
12:10:34.592 [pool-2-thread-1] DEBUG org.apache.http.headers - http-outgoing-2 << Date: Thu, 02 Jun 2022 19:10:34 GMT
12:10:34.592 [pool-2-thread-1] DEBUG org.apache.http.headers - http-outgoing-2 << Content-Type: application/x-amz-json-1.0
12:10:34.592 [pool-2-thread-1] DEBUG org.apache.http.headers - http-outgoing-2 << Content-Length: 329
12:10:34.592 [pool-2-thread-1] DEBUG org.apache.http.headers - http-outgoing-2 << Connection: keep-alive
12:10:34.592 [pool-2-thread-1] DEBUG org.apache.http.headers - http-outgoing-2 << x-amzn-RequestId: CTFPS5RKH79QAJ0KT47PF6PML3VV4KQNSO5AEMVJF66Q9ASUAAJG
12:10:34.592 [pool-2-thread-1] DEBUG org.apache.http.headers - http-outgoing-2 << x-amz-crc32: 3020880181
12:10:34.592 [pool-2-thread-1] DEBUG org.apache.http.impl.execchain.MainClientExec - Connection can be kept alive for 60000 MILLISECONDS
12:10:34.592 [pool-2-thread-1] DEBUG com.amazonaws.retry.ClockSkewAdjuster - Reported server date (from 'Date' header): Thu, 02 Jun 2022 19:10:34 GMT
12:10:34.593 [pool-2-thread-1] DEBUG org.apache.http.impl.conn.PoolingHttpClientConnectionManager - Connection [id: 2][route: {s}->https://dynamodb.us-west-2.amazonaws.com:443] can be kept alive for 60.0 seconds
12:10:34.593 [pool-2-thread-1] DEBUG org.apache.http.impl.conn.DefaultManagedHttpClientConnection - http-outgoing-2: set socket timeout to 0
12:10:34.593 [pool-2-thread-1] DEBUG org.apache.http.impl.conn.PoolingHttpClientConnectionManager - Connection released: [id: 2][route: {s}->https://dynamodb.us-west-2.amazonaws.com:443][total available: 2; route allocated: 2 of 50; total allocated: 2 of 50]
12:10:34.593 [pool-2-thread-1] DEBUG com.amazonaws.request - Received successful response: 200, AWS Request ID: CTFPS5RKH79QAJ0KT47PF6PML3VV4KQNSO5AEMVJF66Q9ASUAAJG
12:10:34.593 [pool-2-thread-1] DEBUG com.amazonaws.requestId - x-amzn-RequestId: CTFPS5RKH79QAJ0KT47PF6PML3VV4KQNSO5AEMVJF66Q9ASUAAJG
12:10:34.594 [pool-2-thread-1] DEBUG com.amazonaws.request - Sending Request: POST https://dynamodb.us-west-2.amazonaws.com / Headers: (amz-sdk-invocation-id: cd1ec4a2-0f66-05ff-da4c-a1331f436b9f, Content-Length: 403, Content-Type: application/x-amz-json-1.0, User-Agent: aws-sdk-java/1.11.1020 Mac_OS_X/11.6.4 OpenJDK_64-Bit_Server_VM/11.0.13+8-LTS java/11.0.13 vendor/Amazon.com_Inc. cfg/retry-mode/legacy com.amazonaws.services.dynamodbv2.datamodeling.DynamoDBMapper/1.11.1020, X-Amz-Target: DynamoDB_20120810.UpdateItem, ) 
12:10:34.594 [pool-2-thread-1] DEBUG com.amazonaws.auth.AWS4Signer - AWS4 Canonical Request: '"POST
/

amz-sdk-invocation-id:cd1ec4a2-0f66-05ff-da4c-a1331f436b9f
amz-sdk-request:ttl=20220602T191124Z;attempt=1;max=11
amz-sdk-retry:0/0/500
content-length:403
content-type:application/x-amz-json-1.0
host:dynamodb.us-west-2.amazonaws.com
user-agent:aws-sdk-java/1.11.1020 Mac_OS_X/11.6.4 OpenJDK_64-Bit_Server_VM/11.0.13+8-LTS java/11.0.13 vendor/Amazon.com_Inc. cfg/retry-mode/legacy com.amazonaws.services.dynamodbv2.datamodeling.DynamoDBMapper/1.11.1020
x-amz-date:20220602T191034Z
x-amz-target:DynamoDB_20120810.UpdateItem

amz-sdk-invocation-id;amz-sdk-request;amz-sdk-retry;content-length;content-type;host;user-agent;x-amz-date;x-amz-target
56b2e4f09e24db2bab11f3dc644a2579b74ee04b9228d29b87b75d9b9117dda3"
12:10:34.594 [pool-2-thread-1] DEBUG com.amazonaws.auth.AWS4Signer - AWS4 String to Sign: '"AWS4-HMAC-SHA256
20220602T191034Z
20220602/us-west-2/dynamodb/aws4_request
40884db9305af7f0718daf32ce52362ea6679909daa78486f6d0339d43f23e0d"
12:10:34.594 [pool-2-thread-1] DEBUG org.apache.http.client.protocol.RequestAddCookies - CookieSpec selected: default
12:10:34.594 [pool-2-thread-1] DEBUG org.apache.http.client.protocol.RequestAuthCache - Auth cache not set in the context
12:10:34.594 [pool-2-thread-1] DEBUG org.apache.http.impl.conn.PoolingHttpClientConnectionManager - Connection request: [route: {s}->https://dynamodb.us-west-2.amazonaws.com:443][total available: 2; route allocated: 2 of 50; total allocated: 2 of 50]
12:10:34.595 [pool-2-thread-1] DEBUG org.apache.http.impl.conn.PoolingHttpClientConnectionManager - Connection leased: [id: 2][route: {s}->https://dynamodb.us-west-2.amazonaws.com:443][total available: 1; route allocated: 2 of 50; total allocated: 2 of 50]
12:10:34.595 [pool-2-thread-1] DEBUG org.apache.http.impl.conn.DefaultManagedHttpClientConnection - http-outgoing-2: set socket timeout to 50000
12:10:34.595 [pool-2-thread-1] DEBUG org.apache.http.impl.conn.DefaultManagedHttpClientConnection - http-outgoing-2: set socket timeout to 50000
12:10:34.595 [pool-2-thread-1] DEBUG org.apache.http.impl.execchain.MainClientExec - Executing request POST / HTTP/1.1
12:10:34.595 [pool-2-thread-1] DEBUG org.apache.http.impl.execchain.MainClientExec - Proxy auth state: UNCHALLENGED
12:10:34.595 [pool-2-thread-1] DEBUG org.apache.http.headers - http-outgoing-2 >> POST / HTTP/1.1
12:10:34.595 [pool-2-thread-1] DEBUG org.apache.http.headers - http-outgoing-2 >> Host: dynamodb.us-west-2.amazonaws.com
12:10:34.595 [pool-2-thread-1] DEBUG org.apache.http.headers - http-outgoing-2 >> amz-sdk-invocation-id: cd1ec4a2-0f66-05ff-da4c-a1331f436b9f
12:10:34.595 [pool-2-thread-1] DEBUG org.apache.http.headers - http-outgoing-2 >> amz-sdk-request: ttl=20220602T191124Z;attempt=1;max=11
12:10:34.595 [pool-2-thread-1] DEBUG org.apache.http.headers - http-outgoing-2 >> amz-sdk-retry: 0/0/500
12:10:34.595 [pool-2-thread-1] DEBUG org.apache.http.headers - http-outgoing-2 >> Authorization: AWS4-HMAC-SHA256 Credential=AKIA4QVT5K6IDDIUW4SY/20220602/us-west-2/dynamodb/aws4_request, SignedHeaders=amz-sdk-invocation-id;amz-sdk-request;amz-sdk-retry;content-length;content-type;host;user-agent;x-amz-date;x-amz-target, Signature=c2cb049dd24b0a6088dd4b0f77959f19a2f1f09b2a9611736368ea57951e37f9
12:10:34.595 [pool-2-thread-1] DEBUG org.apache.http.headers - http-outgoing-2 >> Content-Type: application/x-amz-json-1.0
12:10:34.595 [pool-2-thread-1] DEBUG org.apache.http.headers - http-outgoing-2 >> User-Agent: aws-sdk-java/1.11.1020 Mac_OS_X/11.6.4 OpenJDK_64-Bit_Server_VM/11.0.13+8-LTS java/11.0.13 vendor/Amazon.com_Inc. cfg/retry-mode/legacy com.amazonaws.services.dynamodbv2.datamodeling.DynamoDBMapper/1.11.1020
12:10:34.595 [pool-2-thread-1] DEBUG org.apache.http.headers - http-outgoing-2 >> X-Amz-Date: 20220602T191034Z
12:10:34.595 [pool-2-thread-1] DEBUG org.apache.http.headers - http-outgoing-2 >> X-Amz-Target: DynamoDB_20120810.UpdateItem
12:10:34.595 [pool-2-thread-1] DEBUG org.apache.http.headers - http-outgoing-2 >> Content-Length: 403
12:10:34.595 [pool-2-thread-1] DEBUG org.apache.http.headers - http-outgoing-2 >> Connection: Keep-Alive
12:10:34.595 [pool-2-thread-1] DEBUG org.apache.http.wire - http-outgoing-2 >> "POST / HTTP/1.1[\r][\n]"
12:10:34.595 [pool-2-thread-1] DEBUG org.apache.http.wire - http-outgoing-2 >> "Host: dynamodb.us-west-2.amazonaws.com[\r][\n]"
12:10:34.595 [pool-2-thread-1] DEBUG org.apache.http.wire - http-outgoing-2 >> "amz-sdk-invocation-id: cd1ec4a2-0f66-05ff-da4c-a1331f436b9f[\r][\n]"
12:10:34.595 [pool-2-thread-1] DEBUG org.apache.http.wire - http-outgoing-2 >> "amz-sdk-request: ttl=20220602T191124Z;attempt=1;max=11[\r][\n]"
12:10:34.595 [pool-2-thread-1] DEBUG org.apache.http.wire - http-outgoing-2 >> "amz-sdk-retry: 0/0/500[\r][\n]"
12:10:34.595 [pool-2-thread-1] DEBUG org.apache.http.wire - http-outgoing-2 >> "Authorization: AWS4-HMAC-SHA256 Credential=AKIA4QVT5K6IDDIUW4SY/20220602/us-west-2/dynamodb/aws4_request, SignedHeaders=amz-sdk-invocation-id;amz-sdk-request;amz-sdk-retry;content-length;content-type;host;user-agent;x-amz-date;x-amz-target, Signature=c2cb049dd24b0a6088dd4b0f77959f19a2f1f09b2a9611736368ea57951e37f9[\r][\n]"
12:10:34.595 [pool-2-thread-1] DEBUG org.apache.http.wire - http-outgoing-2 >> "Content-Type: application/x-amz-json-1.0[\r][\n]"
12:10:34.595 [pool-2-thread-1] DEBUG org.apache.http.wire - http-outgoing-2 >> "User-Agent: aws-sdk-java/1.11.1020 Mac_OS_X/11.6.4 OpenJDK_64-Bit_Server_VM/11.0.13+8-LTS java/11.0.13 vendor/Amazon.com_Inc. cfg/retry-mode/legacy com.amazonaws.services.dynamodbv2.datamodeling.DynamoDBMapper/1.11.1020[\r][\n]"
12:10:34.595 [pool-2-thread-1] DEBUG org.apache.http.wire - http-outgoing-2 >> "X-Amz-Date: 20220602T191034Z[\r][\n]"
12:10:34.595 [pool-2-thread-1] DEBUG org.apache.http.wire - http-outgoing-2 >> "X-Amz-Target: DynamoDB_20120810.UpdateItem[\r][\n]"
12:10:34.595 [pool-2-thread-1] DEBUG org.apache.http.wire - http-outgoing-2 >> "Content-Length: 403[\r][\n]"
12:10:34.595 [pool-2-thread-1] DEBUG org.apache.http.wire - http-outgoing-2 >> "Connection: Keep-Alive[\r][\n]"
12:10:34.595 [pool-2-thread-1] DEBUG org.apache.http.wire - http-outgoing-2 >> "[\r][\n]"
12:10:34.596 [pool-2-thread-1] DEBUG org.apache.http.wire - http-outgoing-2 >> "{"TableName":"CatalogItemVersions","Key":{"version":{"N":"2"},"bookId":{"S":"book.d4d6c3c3-a8e4-4598-9010-977aae05cac3"}},"AttributeUpdates":{"inactive":{"Value":{"N":"0"},"Action":"PUT"},"author":{"Value":{"S":"author"},"Action":"PUT"},"genre":{"Value":{"S":"TRAVEL"},"Action":"PUT"},"text":{"Value":{"S":"text"},"Action":"PUT"},"title":{"Value":{"S":"title"},"Action":"PUT"}},"ReturnValues":"ALL_NEW"}"
12:10:34.628 [pool-2-thread-1] DEBUG org.apache.http.wire - http-outgoing-2 << "HTTP/1.1 200 OK[\r][\n]"
12:10:34.628 [pool-2-thread-1] DEBUG org.apache.http.wire - http-outgoing-2 << "Server: Server[\r][\n]"
12:10:34.628 [pool-2-thread-1] DEBUG org.apache.http.wire - http-outgoing-2 << "Date: Thu, 02 Jun 2022 19:10:34 GMT[\r][\n]"
12:10:34.628 [pool-2-thread-1] DEBUG org.apache.http.wire - http-outgoing-2 << "Content-Type: application/x-amz-json-1.0[\r][\n]"
12:10:34.628 [pool-2-thread-1] DEBUG org.apache.http.wire - http-outgoing-2 << "Content-Length: 205[\r][\n]"
12:10:34.628 [pool-2-thread-1] DEBUG org.apache.http.wire - http-outgoing-2 << "Connection: keep-alive[\r][\n]"
12:10:34.628 [pool-2-thread-1] DEBUG org.apache.http.wire - http-outgoing-2 << "x-amzn-RequestId: 31MTA888LJ5HE996R2C536BIH7VV4KQNSO5AEMVJF66Q9ASUAAJG[\r][\n]"
12:10:34.628 [pool-2-thread-1] DEBUG org.apache.http.wire - http-outgoing-2 << "x-amz-crc32: 1884282156[\r][\n]"
12:10:34.628 [pool-2-thread-1] DEBUG org.apache.http.wire - http-outgoing-2 << "[\r][\n]"
12:10:34.628 [pool-2-thread-1] DEBUG org.apache.http.wire - http-outgoing-2 << "{"Attributes":{"inactive":{"N":"0"},"version":{"N":"2"},"bookId":{"S":"book.d4d6c3c3-a8e4-4598-9010-977aae05cac3"},"text":{"S":"text"},"genre":{"S":"TRAVEL"},"title":{"S":"title"},"author":{"S":"author"}}}"
12:10:34.628 [pool-2-thread-1] DEBUG org.apache.http.headers - http-outgoing-2 << HTTP/1.1 200 OK
12:10:34.628 [pool-2-thread-1] DEBUG org.apache.http.headers - http-outgoing-2 << Server: Server
12:10:34.628 [pool-2-thread-1] DEBUG org.apache.http.headers - http-outgoing-2 << Date: Thu, 02 Jun 2022 19:10:34 GMT
12:10:34.628 [pool-2-thread-1] DEBUG org.apache.http.headers - http-outgoing-2 << Content-Type: application/x-amz-json-1.0
12:10:34.628 [pool-2-thread-1] DEBUG org.apache.http.headers - http-outgoing-2 << Content-Length: 205
12:10:34.628 [pool-2-thread-1] DEBUG org.apache.http.headers - http-outgoing-2 << Connection: keep-alive
12:10:34.628 [pool-2-thread-1] DEBUG org.apache.http.headers - http-outgoing-2 << x-amzn-RequestId: 31MTA888LJ5HE996R2C536BIH7VV4KQNSO5AEMVJF66Q9ASUAAJG
12:10:34.628 [pool-2-thread-1] DEBUG org.apache.http.headers - http-outgoing-2 << x-amz-crc32: 1884282156
12:10:34.628 [pool-2-thread-1] DEBUG org.apache.http.impl.execchain.MainClientExec - Connection can be kept alive for 60000 MILLISECONDS
12:10:34.628 [pool-2-thread-1] DEBUG com.amazonaws.retry.ClockSkewAdjuster - Reported server date (from 'Date' header): Thu, 02 Jun 2022 19:10:34 GMT
12:10:34.629 [pool-2-thread-1] DEBUG org.apache.http.impl.conn.PoolingHttpClientConnectionManager - Connection [id: 2][route: {s}->https://dynamodb.us-west-2.amazonaws.com:443] can be kept alive for 60.0 seconds
12:10:34.629 [pool-2-thread-1] DEBUG org.apache.http.impl.conn.DefaultManagedHttpClientConnection - http-outgoing-2: set socket timeout to 0
12:10:34.629 [pool-2-thread-1] DEBUG org.apache.http.impl.conn.PoolingHttpClientConnectionManager - Connection released: [id: 2][route: {s}->https://dynamodb.us-west-2.amazonaws.com:443][total available: 2; route allocated: 2 of 50; total allocated: 2 of 50]
12:10:34.629 [pool-2-thread-1] DEBUG com.amazonaws.request - Received successful response: 200, AWS Request ID: 31MTA888LJ5HE996R2C536BIH7VV4KQNSO5AEMVJF66Q9ASUAAJG
12:10:34.629 [pool-2-thread-1] DEBUG com.amazonaws.requestId - x-amzn-RequestId: 31MTA888LJ5HE996R2C536BIH7VV4KQNSO5AEMVJF66Q9ASUAAJG
12:10:34.630 [pool-2-thread-1] DEBUG com.amazonaws.request - Sending Request: POST https://dynamodb.us-west-2.amazonaws.com / Headers: (amz-sdk-invocation-id: bdbe660a-b8bc-049e-6a26-c5f8fbb74561, Content-Length: 372, Content-Type: application/x-amz-json-1.0, User-Agent: aws-sdk-java/1.11.1020 Mac_OS_X/11.6.4 OpenJDK_64-Bit_Server_VM/11.0.13+8-LTS java/11.0.13 vendor/Amazon.com_Inc. cfg/retry-mode/legacy com.amazonaws.services.dynamodbv2.datamodeling.DynamoDBMapper/1.11.1020, X-Amz-Target: DynamoDB_20120810.UpdateItem, ) 
12:10:34.630 [pool-2-thread-1] DEBUG com.amazonaws.auth.AWS4Signer - AWS4 Canonical Request: '"POST
/

amz-sdk-invocation-id:bdbe660a-b8bc-049e-6a26-c5f8fbb74561
amz-sdk-request:ttl=20220602T191124Z;attempt=1;max=11
amz-sdk-retry:0/0/500
content-length:372
content-type:application/x-amz-json-1.0
host:dynamodb.us-west-2.amazonaws.com
user-agent:aws-sdk-java/1.11.1020 Mac_OS_X/11.6.4 OpenJDK_64-Bit_Server_VM/11.0.13+8-LTS java/11.0.13 vendor/Amazon.com_Inc. cfg/retry-mode/legacy com.amazonaws.services.dynamodbv2.datamodeling.DynamoDBMapper/1.11.1020
x-amz-date:20220602T191034Z
x-amz-target:DynamoDB_20120810.UpdateItem

amz-sdk-invocation-id;amz-sdk-request;amz-sdk-retry;content-length;content-type;host;user-agent;x-amz-date;x-amz-target
624bbc2cad286b29766ca76e0fc0ca7369bf630a6d46f516d5e195f8c011b8c4"
12:10:34.631 [pool-2-thread-1] DEBUG com.amazonaws.auth.AWS4Signer - AWS4 String to Sign: '"AWS4-HMAC-SHA256
20220602T191034Z
20220602/us-west-2/dynamodb/aws4_request
f245601dfaf920222ed5b9901be9db79052df17c0ee1db974841741781004dc0"
12:10:34.631 [pool-2-thread-1] DEBUG org.apache.http.client.protocol.RequestAddCookies - CookieSpec selected: default
12:10:34.631 [pool-2-thread-1] DEBUG org.apache.http.client.protocol.RequestAuthCache - Auth cache not set in the context
12:10:34.631 [pool-2-thread-1] DEBUG org.apache.http.impl.conn.PoolingHttpClientConnectionManager - Connection request: [route: {s}->https://dynamodb.us-west-2.amazonaws.com:443][total available: 2; route allocated: 2 of 50; total allocated: 2 of 50]
12:10:34.631 [pool-2-thread-1] DEBUG org.apache.http.impl.conn.PoolingHttpClientConnectionManager - Connection leased: [id: 2][route: {s}->https://dynamodb.us-west-2.amazonaws.com:443][total available: 1; route allocated: 2 of 50; total allocated: 2 of 50]
12:10:34.631 [pool-2-thread-1] DEBUG org.apache.http.impl.conn.DefaultManagedHttpClientConnection - http-outgoing-2: set socket timeout to 50000
12:10:34.631 [pool-2-thread-1] DEBUG org.apache.http.impl.conn.DefaultManagedHttpClientConnection - http-outgoing-2: set socket timeout to 50000
12:10:34.632 [pool-2-thread-1] DEBUG org.apache.http.impl.execchain.MainClientExec - Executing request POST / HTTP/1.1
12:10:34.632 [pool-2-thread-1] DEBUG org.apache.http.impl.execchain.MainClientExec - Proxy auth state: UNCHALLENGED
12:10:34.632 [pool-2-thread-1] DEBUG org.apache.http.headers - http-outgoing-2 >> POST / HTTP/1.1
12:10:34.632 [pool-2-thread-1] DEBUG org.apache.http.headers - http-outgoing-2 >> Host: dynamodb.us-west-2.amazonaws.com
12:10:34.632 [pool-2-thread-1] DEBUG org.apache.http.headers - http-outgoing-2 >> amz-sdk-invocation-id: bdbe660a-b8bc-049e-6a26-c5f8fbb74561
12:10:34.632 [pool-2-thread-1] DEBUG org.apache.http.headers - http-outgoing-2 >> amz-sdk-request: ttl=20220602T191124Z;attempt=1;max=11
12:10:34.632 [pool-2-thread-1] DEBUG org.apache.http.headers - http-outgoing-2 >> amz-sdk-retry: 0/0/500
12:10:34.632 [pool-2-thread-1] DEBUG org.apache.http.headers - http-outgoing-2 >> Authorization: AWS4-HMAC-SHA256 Credential=AKIA4QVT5K6IDDIUW4SY/20220602/us-west-2/dynamodb/aws4_request, SignedHeaders=amz-sdk-invocation-id;amz-sdk-request;amz-sdk-retry;content-length;content-type;host;user-agent;x-amz-date;x-amz-target, Signature=0c2111f9596f3769fcb2f2ff3b25b9200b1440f5cc8f75591d4bd11c58464809
12:10:34.632 [pool-2-thread-1] DEBUG org.apache.http.headers - http-outgoing-2 >> Content-Type: application/x-amz-json-1.0
12:10:34.632 [pool-2-thread-1] DEBUG org.apache.http.headers - http-outgoing-2 >> User-Agent: aws-sdk-java/1.11.1020 Mac_OS_X/11.6.4 OpenJDK_64-Bit_Server_VM/11.0.13+8-LTS java/11.0.13 vendor/Amazon.com_Inc. cfg/retry-mode/legacy com.amazonaws.services.dynamodbv2.datamodeling.DynamoDBMapper/1.11.1020
12:10:34.632 [pool-2-thread-1] DEBUG org.apache.http.headers - http-outgoing-2 >> X-Amz-Date: 20220602T191034Z
12:10:34.632 [pool-2-thread-1] DEBUG org.apache.http.headers - http-outgoing-2 >> X-Amz-Target: DynamoDB_20120810.UpdateItem
12:10:34.632 [pool-2-thread-1] DEBUG org.apache.http.headers - http-outgoing-2 >> Content-Length: 372
12:10:34.632 [pool-2-thread-1] DEBUG org.apache.http.headers - http-outgoing-2 >> Connection: Keep-Alive
12:10:34.632 [pool-2-thread-1] DEBUG org.apache.http.wire - http-outgoing-2 >> "POST / HTTP/1.1[\r][\n]"
12:10:34.632 [pool-2-thread-1] DEBUG org.apache.http.wire - http-outgoing-2 >> "Host: dynamodb.us-west-2.amazonaws.com[\r][\n]"
12:10:34.632 [pool-2-thread-1] DEBUG org.apache.http.wire - http-outgoing-2 >> "amz-sdk-invocation-id: bdbe660a-b8bc-049e-6a26-c5f8fbb74561[\r][\n]"
12:10:34.632 [pool-2-thread-1] DEBUG org.apache.http.wire - http-outgoing-2 >> "amz-sdk-request: ttl=20220602T191124Z;attempt=1;max=11[\r][\n]"
12:10:34.632 [pool-2-thread-1] DEBUG org.apache.http.wire - http-outgoing-2 >> "amz-sdk-retry: 0/0/500[\r][\n]"
12:10:34.632 [pool-2-thread-1] DEBUG org.apache.http.wire - http-outgoing-2 >> "Authorization: AWS4-HMAC-SHA256 Credential=AKIA4QVT5K6IDDIUW4SY/20220602/us-west-2/dynamodb/aws4_request, SignedHeaders=amz-sdk-invocation-id;amz-sdk-request;amz-sdk-retry;content-length;content-type;host;user-agent;x-amz-date;x-amz-target, Signature=0c2111f9596f3769fcb2f2ff3b25b9200b1440f5cc8f75591d4bd11c58464809[\r][\n]"
12:10:34.633 [pool-2-thread-1] DEBUG org.apache.http.wire - http-outgoing-2 >> "Content-Type: application/x-amz-json-1.0[\r][\n]"
12:10:34.633 [pool-2-thread-1] DEBUG org.apache.http.wire - http-outgoing-2 >> "User-Agent: aws-sdk-java/1.11.1020 Mac_OS_X/11.6.4 OpenJDK_64-Bit_Server_VM/11.0.13+8-LTS java/11.0.13 vendor/Amazon.com_Inc. cfg/retry-mode/legacy com.amazonaws.services.dynamodbv2.datamodeling.DynamoDBMapper/1.11.1020[\r][\n]"
12:10:34.633 [pool-2-thread-1] DEBUG org.apache.http.wire - http-outgoing-2 >> "X-Amz-Date: 20220602T191034Z[\r][\n]"
12:10:34.633 [pool-2-thread-1] DEBUG org.apache.http.wire - http-outgoing-2 >> "X-Amz-Target: DynamoDB_20120810.UpdateItem[\r][\n]"
12:10:34.633 [pool-2-thread-1] DEBUG org.apache.http.wire - http-outgoing-2 >> "Content-Length: 372[\r][\n]"
12:10:34.633 [pool-2-thread-1] DEBUG org.apache.http.wire - http-outgoing-2 >> "Connection: Keep-Alive[\r][\n]"
12:10:34.633 [pool-2-thread-1] DEBUG org.apache.http.wire - http-outgoing-2 >> "[\r][\n]"
12:10:34.633 [pool-2-thread-1] DEBUG org.apache.http.wire - http-outgoing-2 >> "{"TableName":"PublishingStatus","Key":{"publishingRecordId":{"S":"publishingstatus.bb2aa86d-9327-4968-83e4-828a8c7a3bc1"},"status":{"S":"SUCCESSFUL"}},"AttributeUpdates":{"statusMessage":{"Value":{"S":"Book published at 2022-06-02 12:10:34.629"},"Action":"PUT"},"bookId":{"Value":{"S":"book.d4d6c3c3-a8e4-4598-9010-977aae05cac3"},"Action":"PUT"}},"ReturnValues":"ALL_NEW"}"
12:10:34.665 [pool-2-thread-1] DEBUG org.apache.http.wire - http-outgoing-2 << "HTTP/1.1 200 OK[\r][\n]"
12:10:34.665 [pool-2-thread-1] DEBUG org.apache.http.wire - http-outgoing-2 << "Server: Server[\r][\n]"
12:10:34.665 [pool-2-thread-1] DEBUG org.apache.http.wire - http-outgoing-2 << "Date: Thu, 02 Jun 2022 19:10:34 GMT[\r][\n]"
12:10:34.665 [pool-2-thread-1] DEBUG org.apache.http.wire - http-outgoing-2 << "Content-Type: application/x-amz-json-1.0[\r][\n]"
12:10:34.666 [pool-2-thread-1] DEBUG org.apache.http.wire - http-outgoing-2 << "Content-Length: 252[\r][\n]"
12:10:34.666 [pool-2-thread-1] DEBUG org.apache.http.wire - http-outgoing-2 << "Connection: keep-alive[\r][\n]"
12:10:34.666 [pool-2-thread-1] DEBUG org.apache.http.wire - http-outgoing-2 << "x-amzn-RequestId: CTJ5RN7D2TM3C0UCI1N84A9IINVV4KQNSO5AEMVJF66Q9ASUAAJG[\r][\n]"
12:10:34.666 [pool-2-thread-1] DEBUG org.apache.http.wire - http-outgoing-2 << "x-amz-crc32: 3439348396[\r][\n]"
12:10:34.666 [pool-2-thread-1] DEBUG org.apache.http.wire - http-outgoing-2 << "[\r][\n]"
12:10:34.666 [pool-2-thread-1] DEBUG org.apache.http.wire - http-outgoing-2 << "{"Attributes":{"publishingRecordId":{"S":"publishingstatus.bb2aa86d-9327-4968-83e4-828a8c7a3bc1"},"bookId":{"S":"book.d4d6c3c3-a8e4-4598-9010-977aae05cac3"},"statusMessage":{"S":"Book published at 2022-06-02 12:10:34.629"},"status":{"S":"SUCCESSFUL"}}}"
12:10:34.666 [pool-2-thread-1] DEBUG org.apache.http.headers - http-outgoing-2 << HTTP/1.1 200 OK
12:10:34.666 [pool-2-thread-1] DEBUG org.apache.http.headers - http-outgoing-2 << Server: Server
12:10:34.666 [pool-2-thread-1] DEBUG org.apache.http.headers - http-outgoing-2 << Date: Thu, 02 Jun 2022 19:10:34 GMT
12:10:34.666 [pool-2-thread-1] DEBUG org.apache.http.headers - http-outgoing-2 << Content-Type: application/x-amz-json-1.0
12:10:34.666 [pool-2-thread-1] DEBUG org.apache.http.headers - http-outgoing-2 << Content-Length: 252
12:10:34.666 [pool-2-thread-1] DEBUG org.apache.http.headers - http-outgoing-2 << Connection: keep-alive
12:10:34.666 [pool-2-thread-1] DEBUG org.apache.http.headers - http-outgoing-2 << x-amzn-RequestId: CTJ5RN7D2TM3C0UCI1N84A9IINVV4KQNSO5AEMVJF66Q9ASUAAJG
12:10:34.666 [pool-2-thread-1] DEBUG org.apache.http.headers - http-outgoing-2 << x-amz-crc32: 3439348396
12:10:34.666 [pool-2-thread-1] DEBUG org.apache.http.impl.execchain.MainClientExec - Connection can be kept alive for 60000 MILLISECONDS
12:10:34.666 [pool-2-thread-1] DEBUG com.amazonaws.retry.ClockSkewAdjuster - Reported server date (from 'Date' header): Thu, 02 Jun 2022 19:10:34 GMT
12:10:34.667 [pool-2-thread-1] DEBUG org.apache.http.impl.conn.PoolingHttpClientConnectionManager - Connection [id: 2][route: {s}->https://dynamodb.us-west-2.amazonaws.com:443] can be kept alive for 60.0 seconds
12:10:34.667 [pool-2-thread-1] DEBUG org.apache.http.impl.conn.DefaultManagedHttpClientConnection - http-outgoing-2: set socket timeout to 0
12:10:34.667 [pool-2-thread-1] DEBUG org.apache.http.impl.conn.PoolingHttpClientConnectionManager - Connection released: [id: 2][route: {s}->https://dynamodb.us-west-2.amazonaws.com:443][total available: 2; route allocated: 2 of 50; total allocated: 2 of 50]
12:10:34.667 [pool-2-thread-1] DEBUG com.amazonaws.request - Received successful response: 200, AWS Request ID: CTJ5RN7D2TM3C0UCI1N84A9IINVV4KQNSO5AEMVJF66Q9ASUAAJG
12:10:34.667 [pool-2-thread-1] DEBUG com.amazonaws.requestId - x-amzn-RequestId: CTJ5RN7D2TM3C0UCI1N84A9IINVV4KQNSO5AEMVJF66Q9ASUAAJG
BookPublishingTask is running!!!
BookPublishingTask is running!!!
BookPublishingTask is running!!!
BookPublishingTask is running!!!
BookPublishingTask is running!!!
Looking for publish request with ID publishingstatus.bb2aa86d-9327-4968-83e4-828a8c7a3bc1 in SUCCESSFUL status.
Making 10 attempts with 500 ms in between attempts.
Attempt [1]: Calling GetPublishingStatus
12:10:39.809 [Test worker] DEBUG com.amazonaws.request - Sending Request: POST https://dynamodb.us-west-2.amazonaws.com / Headers: (amz-sdk-invocation-id: 098e213e-5976-0ea8-e0a8-f53cad85b83a, Content-Length: 260, Content-Type: application/x-amz-json-1.0, User-Agent: aws-sdk-java/1.11.1020 Mac_OS_X/11.6.4 OpenJDK_64-Bit_Server_VM/11.0.13+8-LTS java/11.0.13 vendor/Amazon.com_Inc. cfg/retry-mode/legacy com.amazonaws.services.dynamodbv2.datamodeling.DynamoDBMapper/1.11.1020, X-Amz-Target: DynamoDB_20120810.Query, ) 
12:10:39.810 [Test worker] DEBUG com.amazonaws.auth.AWS4Signer - AWS4 Canonical Request: '"POST
/

amz-sdk-invocation-id:098e213e-5976-0ea8-e0a8-f53cad85b83a
amz-sdk-request:ttl=20220602T191129Z;attempt=1;max=11
amz-sdk-retry:0/0/500
content-length:260
content-type:application/x-amz-json-1.0
host:dynamodb.us-west-2.amazonaws.com
user-agent:aws-sdk-java/1.11.1020 Mac_OS_X/11.6.4 OpenJDK_64-Bit_Server_VM/11.0.13+8-LTS java/11.0.13 vendor/Amazon.com_Inc. cfg/retry-mode/legacy com.amazonaws.services.dynamodbv2.datamodeling.DynamoDBMapper/1.11.1020
x-amz-date:20220602T191039Z
x-amz-target:DynamoDB_20120810.Query

amz-sdk-invocation-id;amz-sdk-request;amz-sdk-retry;content-length;content-type;host;user-agent;x-amz-date;x-amz-target
4295a567430b4d3a5e01f9d4fa55bae439e7dd20bd860072954bb959e893df6f"
12:10:39.810 [Test worker] DEBUG com.amazonaws.auth.AWS4Signer - AWS4 String to Sign: '"AWS4-HMAC-SHA256
20220602T191039Z
20220602/us-west-2/dynamodb/aws4_request
9aeb285f3bf1e36db32ca62867fc88710cee7ed15d8692be4527dfc481b7468c"
12:10:39.811 [Test worker] DEBUG org.apache.http.client.protocol.RequestAddCookies - CookieSpec selected: default
12:10:39.811 [Test worker] DEBUG org.apache.http.client.protocol.RequestAuthCache - Auth cache not set in the context
12:10:39.811 [Test worker] DEBUG org.apache.http.impl.conn.PoolingHttpClientConnectionManager - Connection request: [route: {s}->https://dynamodb.us-west-2.amazonaws.com:443][total available: 2; route allocated: 2 of 50; total allocated: 2 of 50]
12:10:39.813 [Test worker] DEBUG org.apache.http.wire - http-outgoing-2 << "[read] I/O error: Read timed out"
12:10:39.813 [Test worker] DEBUG org.apache.http.impl.conn.PoolingHttpClientConnectionManager - Connection leased: [id: 2][route: {s}->https://dynamodb.us-west-2.amazonaws.com:443][total available: 1; route allocated: 2 of 50; total allocated: 2 of 50]
12:10:39.813 [Test worker] DEBUG org.apache.http.impl.conn.DefaultManagedHttpClientConnection - http-outgoing-2: set socket timeout to 50000
12:10:39.813 [Test worker] DEBUG org.apache.http.impl.conn.DefaultManagedHttpClientConnection - http-outgoing-2: set socket timeout to 50000
12:10:39.813 [Test worker] DEBUG org.apache.http.impl.execchain.MainClientExec - Executing request POST / HTTP/1.1
12:10:39.813 [Test worker] DEBUG org.apache.http.impl.execchain.MainClientExec - Proxy auth state: UNCHALLENGED
12:10:39.813 [Test worker] DEBUG org.apache.http.headers - http-outgoing-2 >> POST / HTTP/1.1
12:10:39.813 [Test worker] DEBUG org.apache.http.headers - http-outgoing-2 >> Host: dynamodb.us-west-2.amazonaws.com
12:10:39.813 [Test worker] DEBUG org.apache.http.headers - http-outgoing-2 >> amz-sdk-invocation-id: 098e213e-5976-0ea8-e0a8-f53cad85b83a
12:10:39.813 [Test worker] DEBUG org.apache.http.headers - http-outgoing-2 >> amz-sdk-request: ttl=20220602T191129Z;attempt=1;max=11
12:10:39.813 [Test worker] DEBUG org.apache.http.headers - http-outgoing-2 >> amz-sdk-retry: 0/0/500
12:10:39.813 [Test worker] DEBUG org.apache.http.headers - http-outgoing-2 >> Authorization: AWS4-HMAC-SHA256 Credential=AKIA4QVT5K6IDDIUW4SY/20220602/us-west-2/dynamodb/aws4_request, SignedHeaders=amz-sdk-invocation-id;amz-sdk-request;amz-sdk-retry;content-length;content-type;host;user-agent;x-amz-date;x-amz-target, Signature=f4c1fbac5b707fb7a025fa6ee5dcbf841808b59263986396ca50ce58e19dd20e
12:10:39.813 [Test worker] DEBUG org.apache.http.headers - http-outgoing-2 >> Content-Type: application/x-amz-json-1.0
12:10:39.813 [Test worker] DEBUG org.apache.http.headers - http-outgoing-2 >> User-Agent: aws-sdk-java/1.11.1020 Mac_OS_X/11.6.4 OpenJDK_64-Bit_Server_VM/11.0.13+8-LTS java/11.0.13 vendor/Amazon.com_Inc. cfg/retry-mode/legacy com.amazonaws.services.dynamodbv2.datamodeling.DynamoDBMapper/1.11.1020
12:10:39.813 [Test worker] DEBUG org.apache.http.headers - http-outgoing-2 >> X-Amz-Date: 20220602T191039Z
12:10:39.814 [Test worker] DEBUG org.apache.http.headers - http-outgoing-2 >> X-Amz-Target: DynamoDB_20120810.Query
12:10:39.814 [Test worker] DEBUG org.apache.http.headers - http-outgoing-2 >> Content-Length: 260
12:10:39.814 [Test worker] DEBUG org.apache.http.headers - http-outgoing-2 >> Connection: Keep-Alive
12:10:39.814 [Test worker] DEBUG org.apache.http.wire - http-outgoing-2 >> "POST / HTTP/1.1[\r][\n]"
12:10:39.814 [Test worker] DEBUG org.apache.http.wire - http-outgoing-2 >> "Host: dynamodb.us-west-2.amazonaws.com[\r][\n]"
12:10:39.814 [Test worker] DEBUG org.apache.http.wire - http-outgoing-2 >> "amz-sdk-invocation-id: 098e213e-5976-0ea8-e0a8-f53cad85b83a[\r][\n]"
12:10:39.814 [Test worker] DEBUG org.apache.http.wire - http-outgoing-2 >> "amz-sdk-request: ttl=20220602T191129Z;attempt=1;max=11[\r][\n]"
12:10:39.814 [Test worker] DEBUG org.apache.http.wire - http-outgoing-2 >> "amz-sdk-retry: 0/0/500[\r][\n]"
12:10:39.814 [Test worker] DEBUG org.apache.http.wire - http-outgoing-2 >> "Authorization: AWS4-HMAC-SHA256 Credential=AKIA4QVT5K6IDDIUW4SY/20220602/us-west-2/dynamodb/aws4_request, SignedHeaders=amz-sdk-invocation-id;amz-sdk-request;amz-sdk-retry;content-length;content-type;host;user-agent;x-amz-date;x-amz-target, Signature=f4c1fbac5b707fb7a025fa6ee5dcbf841808b59263986396ca50ce58e19dd20e[\r][\n]"
12:10:39.814 [Test worker] DEBUG org.apache.http.wire - http-outgoing-2 >> "Content-Type: application/x-amz-json-1.0[\r][\n]"
12:10:39.814 [Test worker] DEBUG org.apache.http.wire - http-outgoing-2 >> "User-Agent: aws-sdk-java/1.11.1020 Mac_OS_X/11.6.4 OpenJDK_64-Bit_Server_VM/11.0.13+8-LTS java/11.0.13 vendor/Amazon.com_Inc. cfg/retry-mode/legacy com.amazonaws.services.dynamodbv2.datamodeling.DynamoDBMapper/1.11.1020[\r][\n]"
12:10:39.814 [Test worker] DEBUG org.apache.http.wire - http-outgoing-2 >> "X-Amz-Date: 20220602T191039Z[\r][\n]"
12:10:39.814 [Test worker] DEBUG org.apache.http.wire - http-outgoing-2 >> "X-Amz-Target: DynamoDB_20120810.Query[\r][\n]"
12:10:39.814 [Test worker] DEBUG org.apache.http.wire - http-outgoing-2 >> "Content-Length: 260[\r][\n]"
12:10:39.814 [Test worker] DEBUG org.apache.http.wire - http-outgoing-2 >> "Connection: Keep-Alive[\r][\n]"
12:10:39.814 [Test worker] DEBUG org.apache.http.wire - http-outgoing-2 >> "[\r][\n]"
12:10:39.814 [Test worker] DEBUG org.apache.http.wire - http-outgoing-2 >> "{"TableName":"PublishingStatus","ConsistentRead":true,"ScanIndexForward":true,"KeyConditionExpression":"publishingRecordId = :publishingRecordId","ExpressionAttributeValues":{":publishingRecordId":{"S":"publishingstatus.bb2aa86d-9327-4968-83e4-828a8c7a3bc1"}}}"
12:10:39.879 [Test worker] DEBUG org.apache.http.wire - http-outgoing-2 << "HTTP/1.1 200 OK[\r][\n]"
12:10:39.879 [Test worker] DEBUG org.apache.http.wire - http-outgoing-2 << "Server: Server[\r][\n]"
12:10:39.879 [Test worker] DEBUG org.apache.http.wire - http-outgoing-2 << "Date: Thu, 02 Jun 2022 19:10:39 GMT[\r][\n]"
12:10:39.879 [Test worker] DEBUG org.apache.http.wire - http-outgoing-2 << "Content-Type: application/x-amz-json-1.0[\r][\n]"
12:10:39.879 [Test worker] DEBUG org.apache.http.wire - http-outgoing-2 << "Content-Length: 760[\r][\n]"
12:10:39.879 [Test worker] DEBUG org.apache.http.wire - http-outgoing-2 << "Connection: keep-alive[\r][\n]"
12:10:39.879 [Test worker] DEBUG org.apache.http.wire - http-outgoing-2 << "x-amzn-RequestId: CSONG10ERQEGDOCP4U2LR9P1JFVV4KQNSO5AEMVJF66Q9ASUAAJG[\r][\n]"
12:10:39.879 [Test worker] DEBUG org.apache.http.wire - http-outgoing-2 << "x-amz-crc32: 2870621298[\r][\n]"
12:10:39.879 [Test worker] DEBUG org.apache.http.wire - http-outgoing-2 << "[\r][\n]"
12:10:39.879 [Test worker] DEBUG org.apache.http.wire - http-outgoing-2 << "{"Count":3,"Items":[{"publishingRecordId":{"S":"publishingstatus.bb2aa86d-9327-4968-83e4-828a8c7a3bc1"},"bookId":{"S":"book.d4d6c3c3-a8e4-4598-9010-977aae05cac3"},"statusMessage":{"S":"Processing started at 2022-06-02 12:10:24.204"},"status":{"S":"IN_PROGRESS"}},{"publishingRecordId":{"S":"publishingstatus.bb2aa86d-9327-4968-83e4-828a8c7a3bc1"},"bookId":{"S":"book.d4d6c3c3-a8e4-4598-9010-977aae05cac3"},"statusMessage":{"S":"Queued for publishing at 2022-06-02 12:10:24.116"},"status":{"S":"QUEUED"}},{"publishingRecordId":{"S":"publishingstatus.bb2aa86d-9327-4968-83e4-828a8c7a3bc1"},"bookId":{"S":"book.d4d6c3c3-a8e4-4598-9010-977aae05cac3"},"statusMessage":{"S":"Book published at 2022-06-02 12:10:34.629"},"status":{"S":"SUCCESSFUL"}}],"ScannedCount":3}"
12:10:39.879 [Test worker] DEBUG org.apache.http.headers - http-outgoing-2 << HTTP/1.1 200 OK
12:10:39.879 [Test worker] DEBUG org.apache.http.headers - http-outgoing-2 << Server: Server
12:10:39.879 [Test worker] DEBUG org.apache.http.headers - http-outgoing-2 << Date: Thu, 02 Jun 2022 19:10:39 GMT
12:10:39.879 [Test worker] DEBUG org.apache.http.headers - http-outgoing-2 << Content-Type: application/x-amz-json-1.0
12:10:39.879 [Test worker] DEBUG org.apache.http.headers - http-outgoing-2 << Content-Length: 760
12:10:39.879 [Test worker] DEBUG org.apache.http.headers - http-outgoing-2 << Connection: keep-alive
12:10:39.879 [Test worker] DEBUG org.apache.http.headers - http-outgoing-2 << x-amzn-RequestId: CSONG10ERQEGDOCP4U2LR9P1JFVV4KQNSO5AEMVJF66Q9ASUAAJG
12:10:39.879 [Test worker] DEBUG org.apache.http.headers - http-outgoing-2 << x-amz-crc32: 2870621298
12:10:39.880 [Test worker] DEBUG org.apache.http.impl.execchain.MainClientExec - Connection can be kept alive for 60000 MILLISECONDS
12:10:39.880 [Test worker] DEBUG com.amazonaws.retry.ClockSkewAdjuster - Reported server date (from 'Date' header): Thu, 02 Jun 2022 19:10:39 GMT
12:10:39.880 [Test worker] DEBUG org.apache.http.impl.conn.PoolingHttpClientConnectionManager - Connection [id: 2][route: {s}->https://dynamodb.us-west-2.amazonaws.com:443] can be kept alive for 60.0 seconds
12:10:39.880 [Test worker] DEBUG org.apache.http.impl.conn.DefaultManagedHttpClientConnection - http-outgoing-2: set socket timeout to 0
12:10:39.880 [Test worker] DEBUG org.apache.http.impl.conn.PoolingHttpClientConnectionManager - Connection released: [id: 2][route: {s}->https://dynamodb.us-west-2.amazonaws.com:443][total available: 2; route allocated: 2 of 50; total allocated: 2 of 50]
12:10:39.881 [Test worker] DEBUG com.amazonaws.request - Received successful response: 200, AWS Request ID: CSONG10ERQEGDOCP4U2LR9P1JFVV4KQNSO5AEMVJF66Q9ASUAAJG
12:10:39.881 [Test worker] DEBUG com.amazonaws.requestId - x-amzn-RequestId: CSONG10ERQEGDOCP4U2LR9P1JFVV4KQNSO5AEMVJF66Q9ASUAAJG
Attempt [1]: Found record! [com.amazon.ata.kindlepublishingservice.models.PublishingStatusRecord@4843452f]
12:10:39.891 [Test worker] DEBUG com.amazonaws.request - Sending Request: POST https://dynamodb.us-west-2.amazonaws.com / Headers: (amz-sdk-invocation-id: e34472ed-b346-3525-a7ac-d7c88ea58824, Content-Length: 220, Content-Type: application/x-amz-json-1.0, User-Agent: aws-sdk-java/1.11.1020 Mac_OS_X/11.6.4 OpenJDK_64-Bit_Server_VM/11.0.13+8-LTS java/11.0.13 vendor/Amazon.com_Inc. cfg/retry-mode/legacy com.amazonaws.services.dynamodbv2.datamodeling.DynamoDBMapper/1.11.1020, X-Amz-Target: DynamoDB_20120810.Query, ) 
12:10:39.892 [Test worker] DEBUG com.amazonaws.auth.AWS4Signer - AWS4 Canonical Request: '"POST
/

amz-sdk-invocation-id:e34472ed-b346-3525-a7ac-d7c88ea58824
amz-sdk-request:ttl=20220602T191129Z;attempt=1;max=11
amz-sdk-retry:0/0/500
content-length:220
content-type:application/x-amz-json-1.0
host:dynamodb.us-west-2.amazonaws.com
user-agent:aws-sdk-java/1.11.1020 Mac_OS_X/11.6.4 OpenJDK_64-Bit_Server_VM/11.0.13+8-LTS java/11.0.13 vendor/Amazon.com_Inc. cfg/retry-mode/legacy com.amazonaws.services.dynamodbv2.datamodeling.DynamoDBMapper/1.11.1020
x-amz-date:20220602T191039Z
x-amz-target:DynamoDB_20120810.Query

amz-sdk-invocation-id;amz-sdk-request;amz-sdk-retry;content-length;content-type;host;user-agent;x-amz-date;x-amz-target
248b8705f5e455bfb6eb3a4a1a01a25c097542f8868a03b377822db271d4cca7"
12:10:39.892 [Test worker] DEBUG com.amazonaws.auth.AWS4Signer - AWS4 String to Sign: '"AWS4-HMAC-SHA256
20220602T191039Z
20220602/us-west-2/dynamodb/aws4_request
42f9b8bb1d06ca3cb806dc8ad08e6b2f7d4f3abed9cfc5c820186a647e5af763"
12:10:39.893 [Test worker] DEBUG org.apache.http.client.protocol.RequestAddCookies - CookieSpec selected: default
12:10:39.893 [Test worker] DEBUG org.apache.http.client.protocol.RequestAuthCache - Auth cache not set in the context
12:10:39.893 [Test worker] DEBUG org.apache.http.impl.conn.PoolingHttpClientConnectionManager - Connection request: [route: {s}->https://dynamodb.us-west-2.amazonaws.com:443][total available: 2; route allocated: 2 of 50; total allocated: 2 of 50]
12:10:39.894 [Test worker] DEBUG org.apache.http.impl.conn.PoolingHttpClientConnectionManager - Connection leased: [id: 2][route: {s}->https://dynamodb.us-west-2.amazonaws.com:443][total available: 1; route allocated: 2 of 50; total allocated: 2 of 50]
12:10:39.894 [Test worker] DEBUG org.apache.http.impl.conn.DefaultManagedHttpClientConnection - http-outgoing-2: set socket timeout to 50000
12:10:39.894 [Test worker] DEBUG org.apache.http.impl.conn.DefaultManagedHttpClientConnection - http-outgoing-2: set socket timeout to 50000
12:10:39.894 [Test worker] DEBUG org.apache.http.impl.execchain.MainClientExec - Executing request POST / HTTP/1.1
12:10:39.894 [Test worker] DEBUG org.apache.http.impl.execchain.MainClientExec - Proxy auth state: UNCHALLENGED
12:10:39.894 [Test worker] DEBUG org.apache.http.headers - http-outgoing-2 >> POST / HTTP/1.1
12:10:39.894 [Test worker] DEBUG org.apache.http.headers - http-outgoing-2 >> Host: dynamodb.us-west-2.amazonaws.com
12:10:39.894 [Test worker] DEBUG org.apache.http.headers - http-outgoing-2 >> amz-sdk-invocation-id: e34472ed-b346-3525-a7ac-d7c88ea58824
12:10:39.894 [Test worker] DEBUG org.apache.http.headers - http-outgoing-2 >> amz-sdk-request: ttl=20220602T191129Z;attempt=1;max=11
12:10:39.894 [Test worker] DEBUG org.apache.http.headers - http-outgoing-2 >> amz-sdk-retry: 0/0/500
12:10:39.894 [Test worker] DEBUG org.apache.http.headers - http-outgoing-2 >> Authorization: AWS4-HMAC-SHA256 Credential=AKIA4QVT5K6IDDIUW4SY/20220602/us-west-2/dynamodb/aws4_request, SignedHeaders=amz-sdk-invocation-id;amz-sdk-request;amz-sdk-retry;content-length;content-type;host;user-agent;x-amz-date;x-amz-target, Signature=6cd14057b9a07acddd29731eb419cc3608b6384440fe1c7afc92554765216891
12:10:39.894 [Test worker] DEBUG org.apache.http.headers - http-outgoing-2 >> Content-Type: application/x-amz-json-1.0
12:10:39.894 [Test worker] DEBUG org.apache.http.headers - http-outgoing-2 >> User-Agent: aws-sdk-java/1.11.1020 Mac_OS_X/11.6.4 OpenJDK_64-Bit_Server_VM/11.0.13+8-LTS java/11.0.13 vendor/Amazon.com_Inc. cfg/retry-mode/legacy com.amazonaws.services.dynamodbv2.datamodeling.DynamoDBMapper/1.11.1020
12:10:39.894 [Test worker] DEBUG org.apache.http.headers - http-outgoing-2 >> X-Amz-Date: 20220602T191039Z
12:10:39.894 [Test worker] DEBUG org.apache.http.headers - http-outgoing-2 >> X-Amz-Target: DynamoDB_20120810.Query
12:10:39.894 [Test worker] DEBUG org.apache.http.headers - http-outgoing-2 >> Content-Length: 220
12:10:39.894 [Test worker] DEBUG org.apache.http.headers - http-outgoing-2 >> Connection: Keep-Alive
12:10:39.894 [Test worker] DEBUG org.apache.http.wire - http-outgoing-2 >> "POST / HTTP/1.1[\r][\n]"
12:10:39.894 [Test worker] DEBUG org.apache.http.wire - http-outgoing-2 >> "Host: dynamodb.us-west-2.amazonaws.com[\r][\n]"
12:10:39.894 [Test worker] DEBUG org.apache.http.wire - http-outgoing-2 >> "amz-sdk-invocation-id: e34472ed-b346-3525-a7ac-d7c88ea58824[\r][\n]"
12:10:39.895 [Test worker] DEBUG org.apache.http.wire - http-outgoing-2 >> "amz-sdk-request: ttl=20220602T191129Z;attempt=1;max=11[\r][\n]"
12:10:39.895 [Test worker] DEBUG org.apache.http.wire - http-outgoing-2 >> "amz-sdk-retry: 0/0/500[\r][\n]"
12:10:39.895 [Test worker] DEBUG org.apache.http.wire - http-outgoing-2 >> "Authorization: AWS4-HMAC-SHA256 Credential=AKIA4QVT5K6IDDIUW4SY/20220602/us-west-2/dynamodb/aws4_request, SignedHeaders=amz-sdk-invocation-id;amz-sdk-request;amz-sdk-retry;content-length;content-type;host;user-agent;x-amz-date;x-amz-target, Signature=6cd14057b9a07acddd29731eb419cc3608b6384440fe1c7afc92554765216891[\r][\n]"
12:10:39.895 [Test worker] DEBUG org.apache.http.wire - http-outgoing-2 >> "Content-Type: application/x-amz-json-1.0[\r][\n]"
12:10:39.895 [Test worker] DEBUG org.apache.http.wire - http-outgoing-2 >> "User-Agent: aws-sdk-java/1.11.1020 Mac_OS_X/11.6.4 OpenJDK_64-Bit_Server_VM/11.0.13+8-LTS java/11.0.13 vendor/Amazon.com_Inc. cfg/retry-mode/legacy com.amazonaws.services.dynamodbv2.datamodeling.DynamoDBMapper/1.11.1020[\r][\n]"
12:10:39.895 [Test worker] DEBUG org.apache.http.wire - http-outgoing-2 >> "X-Amz-Date: 20220602T191039Z[\r][\n]"
12:10:39.895 [Test worker] DEBUG org.apache.http.wire - http-outgoing-2 >> "X-Amz-Target: DynamoDB_20120810.Query[\r][\n]"
12:10:39.895 [Test worker] DEBUG org.apache.http.wire - http-outgoing-2 >> "Content-Length: 220[\r][\n]"
12:10:39.895 [Test worker] DEBUG org.apache.http.wire - http-outgoing-2 >> "Connection: Keep-Alive[\r][\n]"
12:10:39.895 [Test worker] DEBUG org.apache.http.wire - http-outgoing-2 >> "[\r][\n]"
12:10:39.895 [Test worker] DEBUG org.apache.http.wire - http-outgoing-2 >> "{"TableName":"CatalogItemVersions","Limit":1,"ConsistentRead":true,"KeyConditions":{"bookId":{"AttributeValueList":[{"S":"book.d4d6c3c3-a8e4-4598-9010-977aae05cac3"}],"ComparisonOperator":"EQ"}},"ScanIndexForward":false}"
12:10:39.926 [Test worker] DEBUG org.apache.http.wire - http-outgoing-2 << "HTTP/1.1 200 OK[\r][\n]"
12:10:39.926 [Test worker] DEBUG org.apache.http.wire - http-outgoing-2 << "Server: Server[\r][\n]"
12:10:39.926 [Test worker] DEBUG org.apache.http.wire - http-outgoing-2 << "Date: Thu, 02 Jun 2022 19:10:39 GMT[\r][\n]"
12:10:39.926 [Test worker] DEBUG org.apache.http.wire - http-outgoing-2 << "Content-Type: application/x-amz-json-1.0[\r][\n]"
12:10:39.926 [Test worker] DEBUG org.apache.http.wire - http-outgoing-2 << "Content-Length: 329[\r][\n]"
12:10:39.926 [Test worker] DEBUG org.apache.http.wire - http-outgoing-2 << "Connection: keep-alive[\r][\n]"
12:10:39.926 [Test worker] DEBUG org.apache.http.wire - http-outgoing-2 << "x-amzn-RequestId: 4HNJCS4RCGBFO7746V2TUND1R3VV4KQNSO5AEMVJF66Q9ASUAAJG[\r][\n]"
12:10:39.926 [Test worker] DEBUG org.apache.http.wire - http-outgoing-2 << "x-amz-crc32: 1243917289[\r][\n]"
12:10:39.926 [Test worker] DEBUG org.apache.http.wire - http-outgoing-2 << "[\r][\n]"
12:10:39.926 [Test worker] DEBUG org.apache.http.wire - http-outgoing-2 << "{"Count":1,"Items":[{"inactive":{"N":"0"},"version":{"N":"2"},"bookId":{"S":"book.d4d6c3c3-a8e4-4598-9010-977aae05cac3"},"text":{"S":"text"},"genre":{"S":"TRAVEL"},"title":{"S":"title"},"author":{"S":"author"}}],"LastEvaluatedKey":{"bookId":{"S":"book.d4d6c3c3-a8e4-4598-9010-977aae05cac3"},"version":{"N":"2"}},"ScannedCount":1}"
12:10:39.927 [Test worker] DEBUG org.apache.http.headers - http-outgoing-2 << HTTP/1.1 200 OK
12:10:39.927 [Test worker] DEBUG org.apache.http.headers - http-outgoing-2 << Server: Server
12:10:39.927 [Test worker] DEBUG org.apache.http.headers - http-outgoing-2 << Date: Thu, 02 Jun 2022 19:10:39 GMT
12:10:39.927 [Test worker] DEBUG org.apache.http.headers - http-outgoing-2 << Content-Type: application/x-amz-json-1.0
12:10:39.927 [Test worker] DEBUG org.apache.http.headers - http-outgoing-2 << Content-Length: 329
12:10:39.927 [Test worker] DEBUG org.apache.http.headers - http-outgoing-2 << Connection: keep-alive
12:10:39.927 [Test worker] DEBUG org.apache.http.headers - http-outgoing-2 << x-amzn-RequestId: 4HNJCS4RCGBFO7746V2TUND1R3VV4KQNSO5AEMVJF66Q9ASUAAJG
12:10:39.927 [Test worker] DEBUG org.apache.http.headers - http-outgoing-2 << x-amz-crc32: 1243917289
12:10:39.927 [Test worker] DEBUG org.apache.http.impl.execchain.MainClientExec - Connection can be kept alive for 60000 MILLISECONDS
12:10:39.927 [Test worker] DEBUG com.amazonaws.retry.ClockSkewAdjuster - Reported server date (from 'Date' header): Thu, 02 Jun 2022 19:10:39 GMT
12:10:39.928 [Test worker] DEBUG org.apache.http.impl.conn.PoolingHttpClientConnectionManager - Connection [id: 2][route: {s}->https://dynamodb.us-west-2.amazonaws.com:443] can be kept alive for 60.0 seconds
12:10:39.928 [Test worker] DEBUG org.apache.http.impl.conn.DefaultManagedHttpClientConnection - http-outgoing-2: set socket timeout to 0
12:10:39.928 [Test worker] DEBUG org.apache.http.impl.conn.PoolingHttpClientConnectionManager - Connection released: [id: 2][route: {s}->https://dynamodb.us-west-2.amazonaws.com:443][total available: 2; route allocated: 2 of 50; total allocated: 2 of 50]
12:10:39.928 [Test worker] DEBUG com.amazonaws.request - Received successful response: 200, AWS Request ID: 4HNJCS4RCGBFO7746V2TUND1R3VV4KQNSO5AEMVJF66Q9ASUAAJG
12:10:39.928 [Test worker] DEBUG com.amazonaws.requestId - x-amzn-RequestId: 4HNJCS4RCGBFO7746V2TUND1R3VV4KQNSO5AEMVJF66Q9ASUAAJG
BookPublishingTask is running!!!
BookPublishingTask is running!!!
BookPublishingTask is running!!!
BookPublishingTask is running!!!
BookPublishingTask is running!!!
BookPublishingTask is running!!!
12:10:45.958 [Test worker] DEBUG com.amazonaws.request - Sending Request: POST https://dynamodb.us-west-2.amazonaws.com / Headers: (amz-sdk-invocation-id: 7c01b32b-26f2-4ce5-f4a8-3a1c0f6887f9, Content-Length: 145, Content-Type: application/x-amz-json-1.0, User-Agent: aws-sdk-java/1.11.1020 Mac_OS_X/11.6.4 OpenJDK_64-Bit_Server_VM/11.0.13+8-LTS java/11.0.13 vendor/Amazon.com_Inc. cfg/retry-mode/legacy com.amazonaws.services.dynamodbv2.datamodeling.DynamoDBMapper/1.11.1020, X-Amz-Target: DynamoDB_20120810.GetItem, ) 
12:10:45.959 [Test worker] DEBUG com.amazonaws.auth.AWS4Signer - AWS4 Canonical Request: '"POST
/

amz-sdk-invocation-id:7c01b32b-26f2-4ce5-f4a8-3a1c0f6887f9
amz-sdk-request:ttl=20220602T191135Z;attempt=1;max=11
amz-sdk-retry:0/0/500
content-length:145
content-type:application/x-amz-json-1.0
host:dynamodb.us-west-2.amazonaws.com
user-agent:aws-sdk-java/1.11.1020 Mac_OS_X/11.6.4 OpenJDK_64-Bit_Server_VM/11.0.13+8-LTS java/11.0.13 vendor/Amazon.com_Inc. cfg/retry-mode/legacy com.amazonaws.services.dynamodbv2.datamodeling.DynamoDBMapper/1.11.1020
x-amz-date:20220602T191045Z
x-amz-target:DynamoDB_20120810.GetItem

amz-sdk-invocation-id;amz-sdk-request;amz-sdk-retry;content-length;content-type;host;user-agent;x-amz-date;x-amz-target
511ffb699ba2267d7f99a1408c15736c921b317fa5a66dd11a4273e416177782"
12:10:45.959 [Test worker] DEBUG com.amazonaws.auth.AWS4Signer - AWS4 String to Sign: '"AWS4-HMAC-SHA256
20220602T191045Z
20220602/us-west-2/dynamodb/aws4_request
fb0eaf502e69832f27509da349e3b56014bd93c323f9c05b99dfc2f48647465a"
12:10:45.959 [Test worker] DEBUG org.apache.http.client.protocol.RequestAddCookies - CookieSpec selected: default
12:10:45.959 [Test worker] DEBUG org.apache.http.client.protocol.RequestAuthCache - Auth cache not set in the context
12:10:45.959 [Test worker] DEBUG org.apache.http.impl.conn.PoolingHttpClientConnectionManager - Connection request: [route: {s}->https://dynamodb.us-west-2.amazonaws.com:443][total available: 1; route allocated: 1 of 50; total allocated: 1 of 50]
12:10:45.961 [Test worker] DEBUG org.apache.http.wire - http-outgoing-0 << "[read] I/O error: Read timed out"
12:10:45.961 [Test worker] DEBUG org.apache.http.impl.conn.PoolingHttpClientConnectionManager - Connection leased: [id: 0][route: {s}->https://dynamodb.us-west-2.amazonaws.com:443][total available: 0; route allocated: 1 of 50; total allocated: 1 of 50]
12:10:45.961 [Test worker] DEBUG org.apache.http.impl.conn.DefaultManagedHttpClientConnection - http-outgoing-0: set socket timeout to 50000
12:10:45.961 [Test worker] DEBUG org.apache.http.impl.conn.DefaultManagedHttpClientConnection - http-outgoing-0: set socket timeout to 50000
12:10:45.961 [Test worker] DEBUG org.apache.http.impl.execchain.MainClientExec - Executing request POST / HTTP/1.1
12:10:45.961 [Test worker] DEBUG org.apache.http.impl.execchain.MainClientExec - Proxy auth state: UNCHALLENGED
12:10:45.961 [Test worker] DEBUG org.apache.http.headers - http-outgoing-0 >> POST / HTTP/1.1
12:10:45.961 [Test worker] DEBUG org.apache.http.headers - http-outgoing-0 >> Host: dynamodb.us-west-2.amazonaws.com
12:10:45.961 [Test worker] DEBUG org.apache.http.headers - http-outgoing-0 >> amz-sdk-invocation-id: 7c01b32b-26f2-4ce5-f4a8-3a1c0f6887f9
12:10:45.961 [Test worker] DEBUG org.apache.http.headers - http-outgoing-0 >> amz-sdk-request: ttl=20220602T191135Z;attempt=1;max=11
12:10:45.961 [Test worker] DEBUG org.apache.http.headers - http-outgoing-0 >> amz-sdk-retry: 0/0/500
12:10:45.961 [Test worker] DEBUG org.apache.http.headers - http-outgoing-0 >> Authorization: AWS4-HMAC-SHA256 Credential=AKIA4QVT5K6IDDIUW4SY/20220602/us-west-2/dynamodb/aws4_request, SignedHeaders=amz-sdk-invocation-id;amz-sdk-request;amz-sdk-retry;content-length;content-type;host;user-agent;x-amz-date;x-amz-target, Signature=3e6f5d48e37b4bf72f2ea9616dc8523b1d543d0fb971c8f7b10b9dcce1ef261e
12:10:45.961 [Test worker] DEBUG org.apache.http.headers - http-outgoing-0 >> Content-Type: application/x-amz-json-1.0
12:10:45.961 [Test worker] DEBUG org.apache.http.headers - http-outgoing-0 >> User-Agent: aws-sdk-java/1.11.1020 Mac_OS_X/11.6.4 OpenJDK_64-Bit_Server_VM/11.0.13+8-LTS java/11.0.13 vendor/Amazon.com_Inc. cfg/retry-mode/legacy com.amazonaws.services.dynamodbv2.datamodeling.DynamoDBMapper/1.11.1020
12:10:45.961 [Test worker] DEBUG org.apache.http.headers - http-outgoing-0 >> X-Amz-Date: 20220602T191045Z
12:10:45.961 [Test worker] DEBUG org.apache.http.headers - http-outgoing-0 >> X-Amz-Target: DynamoDB_20120810.GetItem
12:10:45.961 [Test worker] DEBUG org.apache.http.headers - http-outgoing-0 >> Content-Length: 145
12:10:45.961 [Test worker] DEBUG org.apache.http.headers - http-outgoing-0 >> Connection: Keep-Alive
12:10:45.961 [Test worker] DEBUG org.apache.http.wire - http-outgoing-0 >> "POST / HTTP/1.1[\r][\n]"
12:10:45.961 [Test worker] DEBUG org.apache.http.wire - http-outgoing-0 >> "Host: dynamodb.us-west-2.amazonaws.com[\r][\n]"
12:10:45.961 [Test worker] DEBUG org.apache.http.wire - http-outgoing-0 >> "amz-sdk-invocation-id: 7c01b32b-26f2-4ce5-f4a8-3a1c0f6887f9[\r][\n]"
12:10:45.961 [Test worker] DEBUG org.apache.http.wire - http-outgoing-0 >> "amz-sdk-request: ttl=20220602T191135Z;attempt=1;max=11[\r][\n]"
12:10:45.961 [Test worker] DEBUG org.apache.http.wire - http-outgoing-0 >> "amz-sdk-retry: 0/0/500[\r][\n]"
12:10:45.961 [Test worker] DEBUG org.apache.http.wire - http-outgoing-0 >> "Authorization: AWS4-HMAC-SHA256 Credential=AKIA4QVT5K6IDDIUW4SY/20220602/us-west-2/dynamodb/aws4_request, SignedHeaders=amz-sdk-invocation-id;amz-sdk-request;amz-sdk-retry;content-length;content-type;host;user-agent;x-amz-date;x-amz-target, Signature=3e6f5d48e37b4bf72f2ea9616dc8523b1d543d0fb971c8f7b10b9dcce1ef261e[\r][\n]"
12:10:45.961 [Test worker] DEBUG org.apache.http.wire - http-outgoing-0 >> "Content-Type: application/x-amz-json-1.0[\r][\n]"
12:10:45.961 [Test worker] DEBUG org.apache.http.wire - http-outgoing-0 >> "User-Agent: aws-sdk-java/1.11.1020 Mac_OS_X/11.6.4 OpenJDK_64-Bit_Server_VM/11.0.13+8-LTS java/11.0.13 vendor/Amazon.com_Inc. cfg/retry-mode/legacy com.amazonaws.services.dynamodbv2.datamodeling.DynamoDBMapper/1.11.1020[\r][\n]"
12:10:45.961 [Test worker] DEBUG org.apache.http.wire - http-outgoing-0 >> "X-Amz-Date: 20220602T191045Z[\r][\n]"
12:10:45.961 [Test worker] DEBUG org.apache.http.wire - http-outgoing-0 >> "X-Amz-Target: DynamoDB_20120810.GetItem[\r][\n]"
12:10:45.961 [Test worker] DEBUG org.apache.http.wire - http-outgoing-0 >> "Content-Length: 145[\r][\n]"
12:10:45.961 [Test worker] DEBUG org.apache.http.wire - http-outgoing-0 >> "Connection: Keep-Alive[\r][\n]"
12:10:45.961 [Test worker] DEBUG org.apache.http.wire - http-outgoing-0 >> "[\r][\n]"
12:10:45.961 [Test worker] DEBUG org.apache.http.wire - http-outgoing-0 >> "{"TableName":"CatalogItemVersions","Key":{"bookId":{"S":"book.d4d6c3c3-a8e4-4598-9010-977aae05cac3"},"version":{"N":"1"}},"ConsistentRead":false}"
12:10:45.994 [Test worker] DEBUG org.apache.http.wire - http-outgoing-0 << "HTTP/1.1 200 OK[\r][\n]"
12:10:45.994 [Test worker] DEBUG org.apache.http.wire - http-outgoing-0 << "Server: Server[\r][\n]"
12:10:45.994 [Test worker] DEBUG org.apache.http.wire - http-outgoing-0 << "Date: Thu, 02 Jun 2022 19:10:46 GMT[\r][\n]"
12:10:45.994 [Test worker] DEBUG org.apache.http.wire - http-outgoing-0 << "Content-Type: application/x-amz-json-1.0[\r][\n]"
12:10:45.994 [Test worker] DEBUG org.apache.http.wire - http-outgoing-0 << "Content-Length: 199[\r][\n]"
12:10:45.994 [Test worker] DEBUG org.apache.http.wire - http-outgoing-0 << "Connection: keep-alive[\r][\n]"
12:10:45.994 [Test worker] DEBUG org.apache.http.wire - http-outgoing-0 << "x-amzn-RequestId: 20AJ1A9VUNUJQAI27QIM0N6C5JVV4KQNSO5AEMVJF66Q9ASUAAJG[\r][\n]"
12:10:45.994 [Test worker] DEBUG org.apache.http.wire - http-outgoing-0 << "x-amz-crc32: 2685284045[\r][\n]"
12:10:45.994 [Test worker] DEBUG org.apache.http.wire - http-outgoing-0 << "[\r][\n]"
12:10:45.994 [Test worker] DEBUG org.apache.http.wire - http-outgoing-0 << "{"Item":{"inactive":{"N":"1"},"version":{"N":"1"},"bookId":{"S":"book.d4d6c3c3-a8e4-4598-9010-977aae05cac3"},"text":{"S":"text"},"genre":{"S":"TRAVEL"},"title":{"S":"title"},"author":{"S":"author"}}}"
12:10:45.995 [Test worker] DEBUG org.apache.http.headers - http-outgoing-0 << HTTP/1.1 200 OK
12:10:45.995 [Test worker] DEBUG org.apache.http.headers - http-outgoing-0 << Server: Server
12:10:45.995 [Test worker] DEBUG org.apache.http.headers - http-outgoing-0 << Date: Thu, 02 Jun 2022 19:10:46 GMT
12:10:45.995 [Test worker] DEBUG org.apache.http.headers - http-outgoing-0 << Content-Type: application/x-amz-json-1.0
12:10:45.995 [Test worker] DEBUG org.apache.http.headers - http-outgoing-0 << Content-Length: 199
12:10:45.995 [Test worker] DEBUG org.apache.http.headers - http-outgoing-0 << Connection: keep-alive
12:10:45.995 [Test worker] DEBUG org.apache.http.headers - http-outgoing-0 << x-amzn-RequestId: 20AJ1A9VUNUJQAI27QIM0N6C5JVV4KQNSO5AEMVJF66Q9ASUAAJG
12:10:45.995 [Test worker] DEBUG org.apache.http.headers - http-outgoing-0 << x-amz-crc32: 2685284045
12:10:45.995 [Test worker] DEBUG org.apache.http.impl.execchain.MainClientExec - Connection can be kept alive for 60000 MILLISECONDS
12:10:45.995 [Test worker] DEBUG com.amazonaws.retry.ClockSkewAdjuster - Reported server date (from 'Date' header): Thu, 02 Jun 2022 19:10:46 GMT
12:10:45.997 [Test worker] DEBUG org.apache.http.impl.conn.PoolingHttpClientConnectionManager - Connection [id: 0][route: {s}->https://dynamodb.us-west-2.amazonaws.com:443] can be kept alive for 60.0 seconds
12:10:45.997 [Test worker] DEBUG org.apache.http.impl.conn.DefaultManagedHttpClientConnection - http-outgoing-0: set socket timeout to 0
12:10:45.997 [Test worker] DEBUG org.apache.http.impl.conn.PoolingHttpClientConnectionManager - Connection released: [id: 0][route: {s}->https://dynamodb.us-west-2.amazonaws.com:443][total available: 1; route allocated: 1 of 50; total allocated: 1 of 50]
12:10:45.997 [Test worker] DEBUG com.amazonaws.request - Received successful response: 200, AWS Request ID: 20AJ1A9VUNUJQAI27QIM0N6C5JVV4KQNSO5AEMVJF66Q9ASUAAJG
12:10:45.997 [Test worker] DEBUG com.amazonaws.requestId - x-amzn-RequestId: 20AJ1A9VUNUJQAI27QIM0N6C5JVV4KQNSO5AEMVJF66Q9ASUAAJG
Cleaning up test data, wrote [1] items to DynamoDB.
12:10:46.013 [Test worker] DEBUG com.amazonaws.request - Sending Request: POST https://dynamodb.us-west-2.amazonaws.com / Headers: (amz-sdk-invocation-id: 235e2bf8-99ca-68c8-3674-30832f4687ce, Content-Length: 149, Content-Type: application/x-amz-json-1.0, User-Agent: aws-sdk-java/1.11.1020 Mac_OS_X/11.6.4 OpenJDK_64-Bit_Server_VM/11.0.13+8-LTS java/11.0.13 vendor/Amazon.com_Inc. cfg/retry-mode/legacy com.amazonaws.services.dynamodbv2.datamodeling.DynamoDBMapper_batch_operation/1.11.1020, X-Amz-Target: DynamoDB_20120810.BatchWriteItem, ) 
12:10:46.014 [Test worker] DEBUG com.amazonaws.auth.AWS4Signer - AWS4 Canonical Request: '"POST
/

amz-sdk-invocation-id:235e2bf8-99ca-68c8-3674-30832f4687ce
amz-sdk-request:ttl=20220602T191136Z;attempt=1;max=11
amz-sdk-retry:0/0/500
content-length:149
content-type:application/x-amz-json-1.0
host:dynamodb.us-west-2.amazonaws.com
user-agent:aws-sdk-java/1.11.1020 Mac_OS_X/11.6.4 OpenJDK_64-Bit_Server_VM/11.0.13+8-LTS java/11.0.13 vendor/Amazon.com_Inc. cfg/retry-mode/legacy com.amazonaws.services.dynamodbv2.datamodeling.DynamoDBMapper_batch_operation/1.11.1020
x-amz-date:20220602T191046Z
x-amz-target:DynamoDB_20120810.BatchWriteItem

amz-sdk-invocation-id;amz-sdk-request;amz-sdk-retry;content-length;content-type;host;user-agent;x-amz-date;x-amz-target
3f2dfd6cc2d2ce01013fe2effa3f5639a64823cf4dde3d043df057977e6e7d5e"
12:10:46.014 [Test worker] DEBUG com.amazonaws.auth.AWS4Signer - AWS4 String to Sign: '"AWS4-HMAC-SHA256
20220602T191046Z
20220602/us-west-2/dynamodb/aws4_request
44b604eb4c6cf2eb9888f77a6d69130cfd9ff505880fdc73e3fb3c1a40f7f39a"
12:10:46.014 [Test worker] DEBUG org.apache.http.client.protocol.RequestAddCookies - CookieSpec selected: default
12:10:46.014 [Test worker] DEBUG org.apache.http.client.protocol.RequestAuthCache - Auth cache not set in the context
12:10:46.014 [Test worker] DEBUG org.apache.http.impl.conn.PoolingHttpClientConnectionManager - Connection request: [route: {s}->https://dynamodb.us-west-2.amazonaws.com:443][total available: 1; route allocated: 1 of 50; total allocated: 1 of 50]
12:10:46.014 [Test worker] DEBUG org.apache.http.impl.conn.PoolingHttpClientConnectionManager - Connection leased: [id: 0][route: {s}->https://dynamodb.us-west-2.amazonaws.com:443][total available: 0; route allocated: 1 of 50; total allocated: 1 of 50]
12:10:46.014 [Test worker] DEBUG org.apache.http.impl.conn.DefaultManagedHttpClientConnection - http-outgoing-0: set socket timeout to 50000
12:10:46.014 [Test worker] DEBUG org.apache.http.impl.conn.DefaultManagedHttpClientConnection - http-outgoing-0: set socket timeout to 50000
12:10:46.015 [Test worker] DEBUG org.apache.http.impl.execchain.MainClientExec - Executing request POST / HTTP/1.1
12:10:46.015 [Test worker] DEBUG org.apache.http.impl.execchain.MainClientExec - Proxy auth state: UNCHALLENGED
12:10:46.015 [Test worker] DEBUG org.apache.http.headers - http-outgoing-0 >> POST / HTTP/1.1
12:10:46.015 [Test worker] DEBUG org.apache.http.headers - http-outgoing-0 >> Host: dynamodb.us-west-2.amazonaws.com
12:10:46.015 [Test worker] DEBUG org.apache.http.headers - http-outgoing-0 >> amz-sdk-invocation-id: 235e2bf8-99ca-68c8-3674-30832f4687ce
12:10:46.015 [Test worker] DEBUG org.apache.http.headers - http-outgoing-0 >> amz-sdk-request: ttl=20220602T191136Z;attempt=1;max=11
12:10:46.015 [Test worker] DEBUG org.apache.http.headers - http-outgoing-0 >> amz-sdk-retry: 0/0/500
12:10:46.015 [Test worker] DEBUG org.apache.http.headers - http-outgoing-0 >> Authorization: AWS4-HMAC-SHA256 Credential=AKIA4QVT5K6IDDIUW4SY/20220602/us-west-2/dynamodb/aws4_request, SignedHeaders=amz-sdk-invocation-id;amz-sdk-request;amz-sdk-retry;content-length;content-type;host;user-agent;x-amz-date;x-amz-target, Signature=1f929065baa13de2353cf7bc59e88be9bb808117c8dfa1ee9a2224846953b0c5
12:10:46.015 [Test worker] DEBUG org.apache.http.headers - http-outgoing-0 >> Content-Type: application/x-amz-json-1.0
12:10:46.015 [Test worker] DEBUG org.apache.http.headers - http-outgoing-0 >> User-Agent: aws-sdk-java/1.11.1020 Mac_OS_X/11.6.4 OpenJDK_64-Bit_Server_VM/11.0.13+8-LTS java/11.0.13 vendor/Amazon.com_Inc. cfg/retry-mode/legacy com.amazonaws.services.dynamodbv2.datamodeling.DynamoDBMapper_batch_operation/1.11.1020
12:10:46.015 [Test worker] DEBUG org.apache.http.headers - http-outgoing-0 >> X-Amz-Date: 20220602T191046Z
12:10:46.015 [Test worker] DEBUG org.apache.http.headers - http-outgoing-0 >> X-Amz-Target: DynamoDB_20120810.BatchWriteItem
12:10:46.015 [Test worker] DEBUG org.apache.http.headers - http-outgoing-0 >> Content-Length: 149
12:10:46.015 [Test worker] DEBUG org.apache.http.headers - http-outgoing-0 >> Connection: Keep-Alive
12:10:46.015 [Test worker] DEBUG org.apache.http.wire - http-outgoing-0 >> "POST / HTTP/1.1[\r][\n]"
12:10:46.015 [Test worker] DEBUG org.apache.http.wire - http-outgoing-0 >> "Host: dynamodb.us-west-2.amazonaws.com[\r][\n]"
12:10:46.015 [Test worker] DEBUG org.apache.http.wire - http-outgoing-0 >> "amz-sdk-invocation-id: 235e2bf8-99ca-68c8-3674-30832f4687ce[\r][\n]"
12:10:46.015 [Test worker] DEBUG org.apache.http.wire - http-outgoing-0 >> "amz-sdk-request: ttl=20220602T191136Z;attempt=1;max=11[\r][\n]"
12:10:46.015 [Test worker] DEBUG org.apache.http.wire - http-outgoing-0 >> "amz-sdk-retry: 0/0/500[\r][\n]"
12:10:46.015 [Test worker] DEBUG org.apache.http.wire - http-outgoing-0 >> "Authorization: AWS4-HMAC-SHA256 Credential=AKIA4QVT5K6IDDIUW4SY/20220602/us-west-2/dynamodb/aws4_request, SignedHeaders=amz-sdk-invocation-id;amz-sdk-request;amz-sdk-retry;content-length;content-type;host;user-agent;x-amz-date;x-amz-target, Signature=1f929065baa13de2353cf7bc59e88be9bb808117c8dfa1ee9a2224846953b0c5[\r][\n]"
12:10:46.015 [Test worker] DEBUG org.apache.http.wire - http-outgoing-0 >> "Content-Type: application/x-amz-json-1.0[\r][\n]"
12:10:46.015 [Test worker] DEBUG org.apache.http.wire - http-outgoing-0 >> "User-Agent: aws-sdk-java/1.11.1020 Mac_OS_X/11.6.4 OpenJDK_64-Bit_Server_VM/11.0.13+8-LTS java/11.0.13 vendor/Amazon.com_Inc. cfg/retry-mode/legacy com.amazonaws.services.dynamodbv2.datamodeling.DynamoDBMapper_batch_operation/1.11.1020[\r][\n]"
12:10:46.015 [Test worker] DEBUG org.apache.http.wire - http-outgoing-0 >> "X-Amz-Date: 20220602T191046Z[\r][\n]"
12:10:46.015 [Test worker] DEBUG org.apache.http.wire - http-outgoing-0 >> "X-Amz-Target: DynamoDB_20120810.BatchWriteItem[\r][\n]"
12:10:46.015 [Test worker] DEBUG org.apache.http.wire - http-outgoing-0 >> "Content-Length: 149[\r][\n]"
12:10:46.015 [Test worker] DEBUG org.apache.http.wire - http-outgoing-0 >> "Connection: Keep-Alive[\r][\n]"
12:10:46.015 [Test worker] DEBUG org.apache.http.wire - http-outgoing-0 >> "[\r][\n]"
12:10:46.015 [Test worker] DEBUG org.apache.http.wire - http-outgoing-0 >> "{"RequestItems":{"CatalogItemVersions":[{"DeleteRequest":{"Key":{"bookId":{"S":"book.d4d6c3c3-a8e4-4598-9010-977aae05cac3"},"version":{"N":"1"}}}}]}}"
12:10:46.053 [Test worker] DEBUG org.apache.http.wire - http-outgoing-0 << "HTTP/1.1 200 OK[\r][\n]"
12:10:46.053 [Test worker] DEBUG org.apache.http.wire - http-outgoing-0 << "Server: Server[\r][\n]"
12:10:46.053 [Test worker] DEBUG org.apache.http.wire - http-outgoing-0 << "Date: Thu, 02 Jun 2022 19:10:46 GMT[\r][\n]"
12:10:46.053 [Test worker] DEBUG org.apache.http.wire - http-outgoing-0 << "Content-Type: application/x-amz-json-1.0[\r][\n]"
12:10:46.053 [Test worker] DEBUG org.apache.http.wire - http-outgoing-0 << "Content-Length: 23[\r][\n]"
12:10:46.053 [Test worker] DEBUG org.apache.http.wire - http-outgoing-0 << "Connection: keep-alive[\r][\n]"
12:10:46.053 [Test worker] DEBUG org.apache.http.wire - http-outgoing-0 << "x-amzn-RequestId: TLG4U3PTGOL4AE4GCIDIT069C3VV4KQNSO5AEMVJF66Q9ASUAAJG[\r][\n]"
12:10:46.053 [Test worker] DEBUG org.apache.http.wire - http-outgoing-0 << "x-amz-crc32: 4185382651[\r][\n]"
12:10:46.053 [Test worker] DEBUG org.apache.http.wire - http-outgoing-0 << "[\r][\n]"
12:10:46.053 [Test worker] DEBUG org.apache.http.wire - http-outgoing-0 << "{"UnprocessedItems":{}}"
12:10:46.053 [Test worker] DEBUG org.apache.http.headers - http-outgoing-0 << HTTP/1.1 200 OK
12:10:46.053 [Test worker] DEBUG org.apache.http.headers - http-outgoing-0 << Server: Server
12:10:46.053 [Test worker] DEBUG org.apache.http.headers - http-outgoing-0 << Date: Thu, 02 Jun 2022 19:10:46 GMT
12:10:46.053 [Test worker] DEBUG org.apache.http.headers - http-outgoing-0 << Content-Type: application/x-amz-json-1.0
12:10:46.053 [Test worker] DEBUG org.apache.http.headers - http-outgoing-0 << Content-Length: 23
12:10:46.053 [Test worker] DEBUG org.apache.http.headers - http-outgoing-0 << Connection: keep-alive
12:10:46.053 [Test worker] DEBUG org.apache.http.headers - http-outgoing-0 << x-amzn-RequestId: TLG4U3PTGOL4AE4GCIDIT069C3VV4KQNSO5AEMVJF66Q9ASUAAJG
12:10:46.053 [Test worker] DEBUG org.apache.http.headers - http-outgoing-0 << x-amz-crc32: 4185382651
12:10:46.053 [Test worker] DEBUG org.apache.http.impl.execchain.MainClientExec - Connection can be kept alive for 60000 MILLISECONDS
12:10:46.054 [Test worker] DEBUG com.amazonaws.retry.ClockSkewAdjuster - Reported server date (from 'Date' header): Thu, 02 Jun 2022 19:10:46 GMT
12:10:46.057 [Test worker] DEBUG org.apache.http.impl.conn.PoolingHttpClientConnectionManager - Connection [id: 0][route: {s}->https://dynamodb.us-west-2.amazonaws.com:443] can be kept alive for 60.0 seconds
12:10:46.057 [Test worker] DEBUG org.apache.http.impl.conn.DefaultManagedHttpClientConnection - http-outgoing-0: set socket timeout to 0
12:10:46.057 [Test worker] DEBUG org.apache.http.impl.conn.PoolingHttpClientConnectionManager - Connection released: [id: 0][route: {s}->https://dynamodb.us-west-2.amazonaws.com:443][total available: 1; route allocated: 1 of 50; total allocated: 1 of 50]
12:10:46.057 [Test worker] DEBUG com.amazonaws.request - Received successful response: 200, AWS Request ID: TLG4U3PTGOL4AE4GCIDIT069C3VV4KQNSO5AEMVJF66Q9ASUAAJG
12:10:46.057 [Test worker] DEBUG com.amazonaws.requestId - x-amzn-RequestId: TLG4U3PTGOL4AE4GCIDIT069C3VV4KQNSO5AEMVJF66Q9ASUAAJG
Memory address of BookPublishRequestManager in SubmitActivity: com.amazon.ata.kindlepublishingservice.publishing.BookPublishRequestManager@4f6bc04c
12:10:46.065 [Test worker] DEBUG com.amazonaws.request - Sending Request: POST https://dynamodb.us-west-2.amazonaws.com / Headers: (amz-sdk-invocation-id: 6e7cf102-b9ba-35dc-1a97-7753419ecc0f, Content-Length: 320, Content-Type: application/x-amz-json-1.0, User-Agent: aws-sdk-java/1.11.1020 Mac_OS_X/11.6.4 OpenJDK_64-Bit_Server_VM/11.0.13+8-LTS java/11.0.13 vendor/Amazon.com_Inc. cfg/retry-mode/legacy com.amazonaws.services.dynamodbv2.datamodeling.DynamoDBMapper/1.11.1020, X-Amz-Target: DynamoDB_20120810.UpdateItem, ) 
12:10:46.066 [Test worker] DEBUG com.amazonaws.auth.AWS4Signer - AWS4 Canonical Request: '"POST
/

amz-sdk-invocation-id:6e7cf102-b9ba-35dc-1a97-7753419ecc0f
amz-sdk-request:ttl=20220602T191136Z;attempt=1;max=11
amz-sdk-retry:0/0/500
content-length:320
content-type:application/x-amz-json-1.0
host:dynamodb.us-west-2.amazonaws.com
user-agent:aws-sdk-java/1.11.1020 Mac_OS_X/11.6.4 OpenJDK_64-Bit_Server_VM/11.0.13+8-LTS java/11.0.13 vendor/Amazon.com_Inc. cfg/retry-mode/legacy com.amazonaws.services.dynamodbv2.datamodeling.DynamoDBMapper/1.11.1020
x-amz-date:20220602T191046Z
x-amz-target:DynamoDB_20120810.UpdateItem

amz-sdk-invocation-id;amz-sdk-request;amz-sdk-retry;content-length;content-type;host;user-agent;x-amz-date;x-amz-target
7dc785f53aa31ed786139839b9e252d80c7c73f929c93e3b65dd763f8e26275a"
12:10:46.066 [Test worker] DEBUG com.amazonaws.auth.AWS4Signer - AWS4 String to Sign: '"AWS4-HMAC-SHA256
20220602T191046Z
20220602/us-west-2/dynamodb/aws4_request
2e8feab4dcaf04db5948fd70078a71491a0f9d2f2c25ebd3951e99e98153163f"
12:10:46.066 [Test worker] DEBUG org.apache.http.client.protocol.RequestAddCookies - CookieSpec selected: default
12:10:46.066 [Test worker] DEBUG org.apache.http.client.protocol.RequestAuthCache - Auth cache not set in the context
12:10:46.066 [Test worker] DEBUG org.apache.http.impl.conn.PoolingHttpClientConnectionManager - Connection request: [route: {s}->https://dynamodb.us-west-2.amazonaws.com:443][total available: 2; route allocated: 2 of 50; total allocated: 2 of 50]
12:10:46.068 [Test worker] DEBUG org.apache.http.wire - http-outgoing-2 << "[read] I/O error: Read timed out"
12:10:46.068 [Test worker] DEBUG org.apache.http.impl.conn.PoolingHttpClientConnectionManager - Connection leased: [id: 2][route: {s}->https://dynamodb.us-west-2.amazonaws.com:443][total available: 1; route allocated: 2 of 50; total allocated: 2 of 50]
12:10:46.068 [Test worker] DEBUG org.apache.http.impl.conn.DefaultManagedHttpClientConnection - http-outgoing-2: set socket timeout to 50000
12:10:46.068 [Test worker] DEBUG org.apache.http.impl.conn.DefaultManagedHttpClientConnection - http-outgoing-2: set socket timeout to 50000
12:10:46.068 [Test worker] DEBUG org.apache.http.impl.execchain.MainClientExec - Executing request POST / HTTP/1.1
12:10:46.068 [Test worker] DEBUG org.apache.http.impl.execchain.MainClientExec - Proxy auth state: UNCHALLENGED
12:10:46.068 [Test worker] DEBUG org.apache.http.headers - http-outgoing-2 >> POST / HTTP/1.1
12:10:46.068 [Test worker] DEBUG org.apache.http.headers - http-outgoing-2 >> Host: dynamodb.us-west-2.amazonaws.com
12:10:46.068 [Test worker] DEBUG org.apache.http.headers - http-outgoing-2 >> amz-sdk-invocation-id: 6e7cf102-b9ba-35dc-1a97-7753419ecc0f
12:10:46.068 [Test worker] DEBUG org.apache.http.headers - http-outgoing-2 >> amz-sdk-request: ttl=20220602T191136Z;attempt=1;max=11
12:10:46.068 [Test worker] DEBUG org.apache.http.headers - http-outgoing-2 >> amz-sdk-retry: 0/0/500
12:10:46.068 [Test worker] DEBUG org.apache.http.headers - http-outgoing-2 >> Authorization: AWS4-HMAC-SHA256 Credential=AKIA4QVT5K6IDDIUW4SY/20220602/us-west-2/dynamodb/aws4_request, SignedHeaders=amz-sdk-invocation-id;amz-sdk-request;amz-sdk-retry;content-length;content-type;host;user-agent;x-amz-date;x-amz-target, Signature=c147a928132d9d7bcb20e716a70a6d7567e64a0f00a8993af6eff79c74148c5a
12:10:46.068 [Test worker] DEBUG org.apache.http.headers - http-outgoing-2 >> Content-Type: application/x-amz-json-1.0
12:10:46.068 [Test worker] DEBUG org.apache.http.headers - http-outgoing-2 >> User-Agent: aws-sdk-java/1.11.1020 Mac_OS_X/11.6.4 OpenJDK_64-Bit_Server_VM/11.0.13+8-LTS java/11.0.13 vendor/Amazon.com_Inc. cfg/retry-mode/legacy com.amazonaws.services.dynamodbv2.datamodeling.DynamoDBMapper/1.11.1020
12:10:46.068 [Test worker] DEBUG org.apache.http.headers - http-outgoing-2 >> X-Amz-Date: 20220602T191046Z
12:10:46.068 [Test worker] DEBUG org.apache.http.headers - http-outgoing-2 >> X-Amz-Target: DynamoDB_20120810.UpdateItem
12:10:46.068 [Test worker] DEBUG org.apache.http.headers - http-outgoing-2 >> Content-Length: 320
12:10:46.068 [Test worker] DEBUG org.apache.http.headers - http-outgoing-2 >> Connection: Keep-Alive
12:10:46.068 [Test worker] DEBUG org.apache.http.wire - http-outgoing-2 >> "POST / HTTP/1.1[\r][\n]"
12:10:46.069 [Test worker] DEBUG org.apache.http.wire - http-outgoing-2 >> "Host: dynamodb.us-west-2.amazonaws.com[\r][\n]"
12:10:46.069 [Test worker] DEBUG org.apache.http.wire - http-outgoing-2 >> "amz-sdk-invocation-id: 6e7cf102-b9ba-35dc-1a97-7753419ecc0f[\r][\n]"
12:10:46.069 [Test worker] DEBUG org.apache.http.wire - http-outgoing-2 >> "amz-sdk-request: ttl=20220602T191136Z;attempt=1;max=11[\r][\n]"
12:10:46.069 [Test worker] DEBUG org.apache.http.wire - http-outgoing-2 >> "amz-sdk-retry: 0/0/500[\r][\n]"
12:10:46.069 [Test worker] DEBUG org.apache.http.wire - http-outgoing-2 >> "Authorization: AWS4-HMAC-SHA256 Credential=AKIA4QVT5K6IDDIUW4SY/20220602/us-west-2/dynamodb/aws4_request, SignedHeaders=amz-sdk-invocation-id;amz-sdk-request;amz-sdk-retry;content-length;content-type;host;user-agent;x-amz-date;x-amz-target, Signature=c147a928132d9d7bcb20e716a70a6d7567e64a0f00a8993af6eff79c74148c5a[\r][\n]"
12:10:46.069 [Test worker] DEBUG org.apache.http.wire - http-outgoing-2 >> "Content-Type: application/x-amz-json-1.0[\r][\n]"
12:10:46.069 [Test worker] DEBUG org.apache.http.wire - http-outgoing-2 >> "User-Agent: aws-sdk-java/1.11.1020 Mac_OS_X/11.6.4 OpenJDK_64-Bit_Server_VM/11.0.13+8-LTS java/11.0.13 vendor/Amazon.com_Inc. cfg/retry-mode/legacy com.amazonaws.services.dynamodbv2.datamodeling.DynamoDBMapper/1.11.1020[\r][\n]"
12:10:46.069 [Test worker] DEBUG org.apache.http.wire - http-outgoing-2 >> "X-Amz-Date: 20220602T191046Z[\r][\n]"
12:10:46.069 [Test worker] DEBUG org.apache.http.wire - http-outgoing-2 >> "X-Amz-Target: DynamoDB_20120810.UpdateItem[\r][\n]"
12:10:46.069 [Test worker] DEBUG org.apache.http.wire - http-outgoing-2 >> "Content-Length: 320[\r][\n]"
12:10:46.069 [Test worker] DEBUG org.apache.http.wire - http-outgoing-2 >> "Connection: Keep-Alive[\r][\n]"
12:10:46.069 [Test worker] DEBUG org.apache.http.wire - http-outgoing-2 >> "[\r][\n]"
12:10:46.069 [Test worker] DEBUG org.apache.http.wire - http-outgoing-2 >> "{"TableName":"PublishingStatus","Key":{"publishingRecordId":{"S":"publishingstatus.d5be4ca3-5e0e-4852-a17f-4d9f005ca340"},"status":{"S":"QUEUED"}},"AttributeUpdates":{"statusMessage":{"Value":{"S":"Queued for publishing at 2022-06-02 12:10:46.065"},"Action":"PUT"},"bookId":{"Action":"DELETE"}},"ReturnValues":"ALL_NEW"}"
12:10:46.117 [Test worker] DEBUG org.apache.http.wire - http-outgoing-2 << "HTTP/1.1 200 OK[\r][\n]"
12:10:46.117 [Test worker] DEBUG org.apache.http.wire - http-outgoing-2 << "Server: Server[\r][\n]"
12:10:46.117 [Test worker] DEBUG org.apache.http.wire - http-outgoing-2 << "Date: Thu, 02 Jun 2022 19:10:46 GMT[\r][\n]"
12:10:46.117 [Test worker] DEBUG org.apache.http.wire - http-outgoing-2 << "Content-Type: application/x-amz-json-1.0[\r][\n]"
12:10:46.117 [Test worker] DEBUG org.apache.http.wire - http-outgoing-2 << "Content-Length: 196[\r][\n]"
12:10:46.117 [Test worker] DEBUG org.apache.http.wire - http-outgoing-2 << "Connection: keep-alive[\r][\n]"
12:10:46.117 [Test worker] DEBUG org.apache.http.wire - http-outgoing-2 << "x-amzn-RequestId: LDEN39B7D4H2EFQTJSC6RO8HSVVV4KQNSO5AEMVJF66Q9ASUAAJG[\r][\n]"
12:10:46.117 [Test worker] DEBUG org.apache.http.wire - http-outgoing-2 << "x-amz-crc32: 834158497[\r][\n]"
12:10:46.117 [Test worker] DEBUG org.apache.http.wire - http-outgoing-2 << "[\r][\n]"
12:10:46.117 [Test worker] DEBUG org.apache.http.wire - http-outgoing-2 << "{"Attributes":{"publishingRecordId":{"S":"publishingstatus.d5be4ca3-5e0e-4852-a17f-4d9f005ca340"},"statusMessage":{"S":"Queued for publishing at 2022-06-02 12:10:46.065"},"status":{"S":"QUEUED"}}}"
12:10:46.118 [Test worker] DEBUG org.apache.http.headers - http-outgoing-2 << HTTP/1.1 200 OK
12:10:46.118 [Test worker] DEBUG org.apache.http.headers - http-outgoing-2 << Server: Server
12:10:46.118 [Test worker] DEBUG org.apache.http.headers - http-outgoing-2 << Date: Thu, 02 Jun 2022 19:10:46 GMT
12:10:46.118 [Test worker] DEBUG org.apache.http.headers - http-outgoing-2 << Content-Type: application/x-amz-json-1.0
12:10:46.118 [Test worker] DEBUG org.apache.http.headers - http-outgoing-2 << Content-Length: 196
12:10:46.118 [Test worker] DEBUG org.apache.http.headers - http-outgoing-2 << Connection: keep-alive
12:10:46.118 [Test worker] DEBUG org.apache.http.headers - http-outgoing-2 << x-amzn-RequestId: LDEN39B7D4H2EFQTJSC6RO8HSVVV4KQNSO5AEMVJF66Q9ASUAAJG
12:10:46.118 [Test worker] DEBUG org.apache.http.headers - http-outgoing-2 << x-amz-crc32: 834158497
12:10:46.118 [Test worker] DEBUG org.apache.http.impl.execchain.MainClientExec - Connection can be kept alive for 60000 MILLISECONDS
12:10:46.118 [Test worker] DEBUG com.amazonaws.retry.ClockSkewAdjuster - Reported server date (from 'Date' header): Thu, 02 Jun 2022 19:10:46 GMT
12:10:46.118 [Test worker] DEBUG org.apache.http.impl.conn.PoolingHttpClientConnectionManager - Connection [id: 2][route: {s}->https://dynamodb.us-west-2.amazonaws.com:443] can be kept alive for 60.0 seconds
12:10:46.118 [Test worker] DEBUG org.apache.http.impl.conn.DefaultManagedHttpClientConnection - http-outgoing-2: set socket timeout to 0
12:10:46.118 [Test worker] DEBUG org.apache.http.impl.conn.PoolingHttpClientConnectionManager - Connection released: [id: 2][route: {s}->https://dynamodb.us-west-2.amazonaws.com:443][total available: 2; route allocated: 2 of 50; total allocated: 2 of 50]
12:10:46.118 [Test worker] DEBUG com.amazonaws.request - Received successful response: 200, AWS Request ID: LDEN39B7D4H2EFQTJSC6RO8HSVVV4KQNSO5AEMVJF66Q9ASUAAJG
12:10:46.118 [Test worker] DEBUG com.amazonaws.requestId - x-amzn-RequestId: LDEN39B7D4H2EFQTJSC6RO8HSVVV4KQNSO5AEMVJF66Q9ASUAAJG
publishingstatus.d5be4ca3-5e0e-4852-a17f-4d9f005ca340
Looking for publish request with ID publishingstatus.d5be4ca3-5e0e-4852-a17f-4d9f005ca340 in QUEUED status.
Making 10 attempts with 500 ms in between attempts.
Attempt [1]: Calling GetPublishingStatus
12:10:46.119 [Test worker] DEBUG com.amazonaws.request - Sending Request: POST https://dynamodb.us-west-2.amazonaws.com / Headers: (amz-sdk-invocation-id: 311f419b-8cb0-4004-80ba-b7274e9ea3ac, Content-Length: 260, Content-Type: application/x-amz-json-1.0, User-Agent: aws-sdk-java/1.11.1020 Mac_OS_X/11.6.4 OpenJDK_64-Bit_Server_VM/11.0.13+8-LTS java/11.0.13 vendor/Amazon.com_Inc. cfg/retry-mode/legacy com.amazonaws.services.dynamodbv2.datamodeling.DynamoDBMapper/1.11.1020, X-Amz-Target: DynamoDB_20120810.Query, ) 
12:10:46.119 [Test worker] DEBUG com.amazonaws.auth.AWS4Signer - AWS4 Canonical Request: '"POST
/

amz-sdk-invocation-id:311f419b-8cb0-4004-80ba-b7274e9ea3ac
amz-sdk-request:ttl=20220602T191136Z;attempt=1;max=11
amz-sdk-retry:0/0/500
content-length:260
content-type:application/x-amz-json-1.0
host:dynamodb.us-west-2.amazonaws.com
user-agent:aws-sdk-java/1.11.1020 Mac_OS_X/11.6.4 OpenJDK_64-Bit_Server_VM/11.0.13+8-LTS java/11.0.13 vendor/Amazon.com_Inc. cfg/retry-mode/legacy com.amazonaws.services.dynamodbv2.datamodeling.DynamoDBMapper/1.11.1020
x-amz-date:20220602T191046Z
x-amz-target:DynamoDB_20120810.Query

amz-sdk-invocation-id;amz-sdk-request;amz-sdk-retry;content-length;content-type;host;user-agent;x-amz-date;x-amz-target
013f7e7edec603175de8a32a577a8f3ba844b6f1a2f6026aa01d8969dffa4f42"
12:10:46.119 [Test worker] DEBUG com.amazonaws.auth.AWS4Signer - AWS4 String to Sign: '"AWS4-HMAC-SHA256
20220602T191046Z
20220602/us-west-2/dynamodb/aws4_request
1abab2806cc67bc7e2dff5e7357345afa7b0ea46163e5f53ddf2f0e804f9cf36"
12:10:46.120 [Test worker] DEBUG org.apache.http.client.protocol.RequestAddCookies - CookieSpec selected: default
12:10:46.120 [Test worker] DEBUG org.apache.http.client.protocol.RequestAuthCache - Auth cache not set in the context
12:10:46.120 [Test worker] DEBUG org.apache.http.impl.conn.PoolingHttpClientConnectionManager - Connection request: [route: {s}->https://dynamodb.us-west-2.amazonaws.com:443][total available: 2; route allocated: 2 of 50; total allocated: 2 of 50]
12:10:46.120 [Test worker] DEBUG org.apache.http.impl.conn.PoolingHttpClientConnectionManager - Connection leased: [id: 2][route: {s}->https://dynamodb.us-west-2.amazonaws.com:443][total available: 1; route allocated: 2 of 50; total allocated: 2 of 50]
12:10:46.120 [Test worker] DEBUG org.apache.http.impl.conn.DefaultManagedHttpClientConnection - http-outgoing-2: set socket timeout to 50000
12:10:46.120 [Test worker] DEBUG org.apache.http.impl.conn.DefaultManagedHttpClientConnection - http-outgoing-2: set socket timeout to 50000
12:10:46.120 [Test worker] DEBUG org.apache.http.impl.execchain.MainClientExec - Executing request POST / HTTP/1.1
12:10:46.120 [Test worker] DEBUG org.apache.http.impl.execchain.MainClientExec - Proxy auth state: UNCHALLENGED
12:10:46.120 [Test worker] DEBUG org.apache.http.headers - http-outgoing-2 >> POST / HTTP/1.1
12:10:46.120 [Test worker] DEBUG org.apache.http.headers - http-outgoing-2 >> Host: dynamodb.us-west-2.amazonaws.com
12:10:46.120 [Test worker] DEBUG org.apache.http.headers - http-outgoing-2 >> amz-sdk-invocation-id: 311f419b-8cb0-4004-80ba-b7274e9ea3ac
12:10:46.120 [Test worker] DEBUG org.apache.http.headers - http-outgoing-2 >> amz-sdk-request: ttl=20220602T191136Z;attempt=1;max=11
12:10:46.120 [Test worker] DEBUG org.apache.http.headers - http-outgoing-2 >> amz-sdk-retry: 0/0/500
12:10:46.120 [Test worker] DEBUG org.apache.http.headers - http-outgoing-2 >> Authorization: AWS4-HMAC-SHA256 Credential=AKIA4QVT5K6IDDIUW4SY/20220602/us-west-2/dynamodb/aws4_request, SignedHeaders=amz-sdk-invocation-id;amz-sdk-request;amz-sdk-retry;content-length;content-type;host;user-agent;x-amz-date;x-amz-target, Signature=007c2ad4c517d0c8500632777f2604cc87c2d668f97fac8402839c1eea469d5c
12:10:46.120 [Test worker] DEBUG org.apache.http.headers - http-outgoing-2 >> Content-Type: application/x-amz-json-1.0
12:10:46.120 [Test worker] DEBUG org.apache.http.headers - http-outgoing-2 >> User-Agent: aws-sdk-java/1.11.1020 Mac_OS_X/11.6.4 OpenJDK_64-Bit_Server_VM/11.0.13+8-LTS java/11.0.13 vendor/Amazon.com_Inc. cfg/retry-mode/legacy com.amazonaws.services.dynamodbv2.datamodeling.DynamoDBMapper/1.11.1020
12:10:46.120 [Test worker] DEBUG org.apache.http.headers - http-outgoing-2 >> X-Amz-Date: 20220602T191046Z
12:10:46.120 [Test worker] DEBUG org.apache.http.headers - http-outgoing-2 >> X-Amz-Target: DynamoDB_20120810.Query
12:10:46.120 [Test worker] DEBUG org.apache.http.headers - http-outgoing-2 >> Content-Length: 260
12:10:46.120 [Test worker] DEBUG org.apache.http.headers - http-outgoing-2 >> Connection: Keep-Alive
12:10:46.120 [Test worker] DEBUG org.apache.http.wire - http-outgoing-2 >> "POST / HTTP/1.1[\r][\n]"
12:10:46.120 [Test worker] DEBUG org.apache.http.wire - http-outgoing-2 >> "Host: dynamodb.us-west-2.amazonaws.com[\r][\n]"
12:10:46.120 [Test worker] DEBUG org.apache.http.wire - http-outgoing-2 >> "amz-sdk-invocation-id: 311f419b-8cb0-4004-80ba-b7274e9ea3ac[\r][\n]"
12:10:46.120 [Test worker] DEBUG org.apache.http.wire - http-outgoing-2 >> "amz-sdk-request: ttl=20220602T191136Z;attempt=1;max=11[\r][\n]"
12:10:46.120 [Test worker] DEBUG org.apache.http.wire - http-outgoing-2 >> "amz-sdk-retry: 0/0/500[\r][\n]"
12:10:46.120 [Test worker] DEBUG org.apache.http.wire - http-outgoing-2 >> "Authorization: AWS4-HMAC-SHA256 Credential=AKIA4QVT5K6IDDIUW4SY/20220602/us-west-2/dynamodb/aws4_request, SignedHeaders=amz-sdk-invocation-id;amz-sdk-request;amz-sdk-retry;content-length;content-type;host;user-agent;x-amz-date;x-amz-target, Signature=007c2ad4c517d0c8500632777f2604cc87c2d668f97fac8402839c1eea469d5c[\r][\n]"
12:10:46.120 [Test worker] DEBUG org.apache.http.wire - http-outgoing-2 >> "Content-Type: application/x-amz-json-1.0[\r][\n]"
12:10:46.120 [Test worker] DEBUG org.apache.http.wire - http-outgoing-2 >> "User-Agent: aws-sdk-java/1.11.1020 Mac_OS_X/11.6.4 OpenJDK_64-Bit_Server_VM/11.0.13+8-LTS java/11.0.13 vendor/Amazon.com_Inc. cfg/retry-mode/legacy com.amazonaws.services.dynamodbv2.datamodeling.DynamoDBMapper/1.11.1020[\r][\n]"
12:10:46.120 [Test worker] DEBUG org.apache.http.wire - http-outgoing-2 >> "X-Amz-Date: 20220602T191046Z[\r][\n]"
12:10:46.120 [Test worker] DEBUG org.apache.http.wire - http-outgoing-2 >> "X-Amz-Target: DynamoDB_20120810.Query[\r][\n]"
12:10:46.120 [Test worker] DEBUG org.apache.http.wire - http-outgoing-2 >> "Content-Length: 260[\r][\n]"
12:10:46.120 [Test worker] DEBUG org.apache.http.wire - http-outgoing-2 >> "Connection: Keep-Alive[\r][\n]"
12:10:46.120 [Test worker] DEBUG org.apache.http.wire - http-outgoing-2 >> "[\r][\n]"
12:10:46.120 [Test worker] DEBUG org.apache.http.wire - http-outgoing-2 >> "{"TableName":"PublishingStatus","ConsistentRead":true,"ScanIndexForward":true,"KeyConditionExpression":"publishingRecordId = :publishingRecordId","ExpressionAttributeValues":{":publishingRecordId":{"S":"publishingstatus.d5be4ca3-5e0e-4852-a17f-4d9f005ca340"}}}"
12:10:46.151 [Test worker] DEBUG org.apache.http.wire - http-outgoing-2 << "HTTP/1.1 200 OK[\r][\n]"
12:10:46.152 [Test worker] DEBUG org.apache.http.wire - http-outgoing-2 << "Server: Server[\r][\n]"
12:10:46.152 [Test worker] DEBUG org.apache.http.wire - http-outgoing-2 << "Date: Thu, 02 Jun 2022 19:10:46 GMT[\r][\n]"
12:10:46.152 [Test worker] DEBUG org.apache.http.wire - http-outgoing-2 << "Content-Type: application/x-amz-json-1.0[\r][\n]"
12:10:46.152 [Test worker] DEBUG org.apache.http.wire - http-outgoing-2 << "Content-Length: 220[\r][\n]"
12:10:46.152 [Test worker] DEBUG org.apache.http.wire - http-outgoing-2 << "Connection: keep-alive[\r][\n]"
12:10:46.152 [Test worker] DEBUG org.apache.http.wire - http-outgoing-2 << "x-amzn-RequestId: RAURT1B2NA3RDAIEU096N0U9ANVV4KQNSO5AEMVJF66Q9ASUAAJG[\r][\n]"
12:10:46.152 [Test worker] DEBUG org.apache.http.wire - http-outgoing-2 << "x-amz-crc32: 844980751[\r][\n]"
12:10:46.152 [Test worker] DEBUG org.apache.http.wire - http-outgoing-2 << "[\r][\n]"
12:10:46.152 [Test worker] DEBUG org.apache.http.wire - http-outgoing-2 << "{"Count":1,"Items":[{"publishingRecordId":{"S":"publishingstatus.d5be4ca3-5e0e-4852-a17f-4d9f005ca340"},"statusMessage":{"S":"Queued for publishing at 2022-06-02 12:10:46.065"},"status":{"S":"QUEUED"}}],"ScannedCount":1}"
12:10:46.152 [Test worker] DEBUG org.apache.http.headers - http-outgoing-2 << HTTP/1.1 200 OK
12:10:46.152 [Test worker] DEBUG org.apache.http.headers - http-outgoing-2 << Server: Server
12:10:46.152 [Test worker] DEBUG org.apache.http.headers - http-outgoing-2 << Date: Thu, 02 Jun 2022 19:10:46 GMT
12:10:46.152 [Test worker] DEBUG org.apache.http.headers - http-outgoing-2 << Content-Type: application/x-amz-json-1.0
12:10:46.152 [Test worker] DEBUG org.apache.http.headers - http-outgoing-2 << Content-Length: 220
12:10:46.152 [Test worker] DEBUG org.apache.http.headers - http-outgoing-2 << Connection: keep-alive
12:10:46.152 [Test worker] DEBUG org.apache.http.headers - http-outgoing-2 << x-amzn-RequestId: RAURT1B2NA3RDAIEU096N0U9ANVV4KQNSO5AEMVJF66Q9ASUAAJG
12:10:46.152 [Test worker] DEBUG org.apache.http.headers - http-outgoing-2 << x-amz-crc32: 844980751
12:10:46.152 [Test worker] DEBUG org.apache.http.impl.execchain.MainClientExec - Connection can be kept alive for 60000 MILLISECONDS
12:10:46.152 [Test worker] DEBUG com.amazonaws.retry.ClockSkewAdjuster - Reported server date (from 'Date' header): Thu, 02 Jun 2022 19:10:46 GMT
12:10:46.153 [Test worker] DEBUG org.apache.http.impl.conn.PoolingHttpClientConnectionManager - Connection [id: 2][route: {s}->https://dynamodb.us-west-2.amazonaws.com:443] can be kept alive for 60.0 seconds
12:10:46.153 [Test worker] DEBUG org.apache.http.impl.conn.DefaultManagedHttpClientConnection - http-outgoing-2: set socket timeout to 0
12:10:46.153 [Test worker] DEBUG org.apache.http.impl.conn.PoolingHttpClientConnectionManager - Connection released: [id: 2][route: {s}->https://dynamodb.us-west-2.amazonaws.com:443][total available: 2; route allocated: 2 of 50; total allocated: 2 of 50]
12:10:46.153 [Test worker] DEBUG com.amazonaws.request - Received successful response: 200, AWS Request ID: RAURT1B2NA3RDAIEU096N0U9ANVV4KQNSO5AEMVJF66Q9ASUAAJG
12:10:46.153 [Test worker] DEBUG com.amazonaws.requestId - x-amzn-RequestId: RAURT1B2NA3RDAIEU096N0U9ANVV4KQNSO5AEMVJF66Q9ASUAAJG
Attempt [1]: Found record! [com.amazon.ata.kindlepublishingservice.models.PublishingStatusRecord@f22e998b]
Looking for publish request with ID publishingstatus.d5be4ca3-5e0e-4852-a17f-4d9f005ca340 in IN_PROGRESS status.
Making 10 attempts with 500 ms in between attempts.
Attempt [1]: Calling GetPublishingStatus
12:10:46.154 [Test worker] DEBUG com.amazonaws.request - Sending Request: POST https://dynamodb.us-west-2.amazonaws.com / Headers: (amz-sdk-invocation-id: 218ffe56-ea06-d041-d1c3-3302aeaff687, Content-Length: 260, Content-Type: application/x-amz-json-1.0, User-Agent: aws-sdk-java/1.11.1020 Mac_OS_X/11.6.4 OpenJDK_64-Bit_Server_VM/11.0.13+8-LTS java/11.0.13 vendor/Amazon.com_Inc. cfg/retry-mode/legacy com.amazonaws.services.dynamodbv2.datamodeling.DynamoDBMapper/1.11.1020, X-Amz-Target: DynamoDB_20120810.Query, ) 
12:10:46.154 [Test worker] DEBUG com.amazonaws.auth.AWS4Signer - AWS4 Canonical Request: '"POST
/

amz-sdk-invocation-id:218ffe56-ea06-d041-d1c3-3302aeaff687
amz-sdk-request:ttl=20220602T191136Z;attempt=1;max=11
amz-sdk-retry:0/0/500
content-length:260
content-type:application/x-amz-json-1.0
host:dynamodb.us-west-2.amazonaws.com
user-agent:aws-sdk-java/1.11.1020 Mac_OS_X/11.6.4 OpenJDK_64-Bit_Server_VM/11.0.13+8-LTS java/11.0.13 vendor/Amazon.com_Inc. cfg/retry-mode/legacy com.amazonaws.services.dynamodbv2.datamodeling.DynamoDBMapper/1.11.1020
x-amz-date:20220602T191046Z
x-amz-target:DynamoDB_20120810.Query

amz-sdk-invocation-id;amz-sdk-request;amz-sdk-retry;content-length;content-type;host;user-agent;x-amz-date;x-amz-target
013f7e7edec603175de8a32a577a8f3ba844b6f1a2f6026aa01d8969dffa4f42"
12:10:46.154 [Test worker] DEBUG com.amazonaws.auth.AWS4Signer - AWS4 String to Sign: '"AWS4-HMAC-SHA256
20220602T191046Z
20220602/us-west-2/dynamodb/aws4_request
f084a0e1d89d559978bd8c827ac663b0c94afde596baf26b8107fb07a36232ca"
12:10:46.154 [Test worker] DEBUG org.apache.http.client.protocol.RequestAddCookies - CookieSpec selected: default
12:10:46.154 [Test worker] DEBUG org.apache.http.client.protocol.RequestAuthCache - Auth cache not set in the context
12:10:46.155 [Test worker] DEBUG org.apache.http.impl.conn.PoolingHttpClientConnectionManager - Connection request: [route: {s}->https://dynamodb.us-west-2.amazonaws.com:443][total available: 2; route allocated: 2 of 50; total allocated: 2 of 50]
12:10:46.155 [Test worker] DEBUG org.apache.http.impl.conn.PoolingHttpClientConnectionManager - Connection leased: [id: 2][route: {s}->https://dynamodb.us-west-2.amazonaws.com:443][total available: 1; route allocated: 2 of 50; total allocated: 2 of 50]
12:10:46.155 [Test worker] DEBUG org.apache.http.impl.conn.DefaultManagedHttpClientConnection - http-outgoing-2: set socket timeout to 50000
12:10:46.155 [Test worker] DEBUG org.apache.http.impl.conn.DefaultManagedHttpClientConnection - http-outgoing-2: set socket timeout to 50000
12:10:46.155 [Test worker] DEBUG org.apache.http.impl.execchain.MainClientExec - Executing request POST / HTTP/1.1
12:10:46.155 [Test worker] DEBUG org.apache.http.impl.execchain.MainClientExec - Proxy auth state: UNCHALLENGED
12:10:46.155 [Test worker] DEBUG org.apache.http.headers - http-outgoing-2 >> POST / HTTP/1.1
12:10:46.155 [Test worker] DEBUG org.apache.http.headers - http-outgoing-2 >> Host: dynamodb.us-west-2.amazonaws.com
12:10:46.155 [Test worker] DEBUG org.apache.http.headers - http-outgoing-2 >> amz-sdk-invocation-id: 218ffe56-ea06-d041-d1c3-3302aeaff687
12:10:46.155 [Test worker] DEBUG org.apache.http.headers - http-outgoing-2 >> amz-sdk-request: ttl=20220602T191136Z;attempt=1;max=11
12:10:46.155 [Test worker] DEBUG org.apache.http.headers - http-outgoing-2 >> amz-sdk-retry: 0/0/500
12:10:46.155 [Test worker] DEBUG org.apache.http.headers - http-outgoing-2 >> Authorization: AWS4-HMAC-SHA256 Credential=AKIA4QVT5K6IDDIUW4SY/20220602/us-west-2/dynamodb/aws4_request, SignedHeaders=amz-sdk-invocation-id;amz-sdk-request;amz-sdk-retry;content-length;content-type;host;user-agent;x-amz-date;x-amz-target, Signature=ebebd2798b5b10218120136ee927dfa8c6270b2dd5d2054a1170ffc9dafe371b
12:10:46.155 [Test worker] DEBUG org.apache.http.headers - http-outgoing-2 >> Content-Type: application/x-amz-json-1.0
12:10:46.155 [Test worker] DEBUG org.apache.http.headers - http-outgoing-2 >> User-Agent: aws-sdk-java/1.11.1020 Mac_OS_X/11.6.4 OpenJDK_64-Bit_Server_VM/11.0.13+8-LTS java/11.0.13 vendor/Amazon.com_Inc. cfg/retry-mode/legacy com.amazonaws.services.dynamodbv2.datamodeling.DynamoDBMapper/1.11.1020
12:10:46.155 [Test worker] DEBUG org.apache.http.headers - http-outgoing-2 >> X-Amz-Date: 20220602T191046Z
12:10:46.155 [Test worker] DEBUG org.apache.http.headers - http-outgoing-2 >> X-Amz-Target: DynamoDB_20120810.Query
12:10:46.155 [Test worker] DEBUG org.apache.http.headers - http-outgoing-2 >> Content-Length: 260
12:10:46.155 [Test worker] DEBUG org.apache.http.headers - http-outgoing-2 >> Connection: Keep-Alive
12:10:46.155 [Test worker] DEBUG org.apache.http.wire - http-outgoing-2 >> "POST / HTTP/1.1[\r][\n]"
12:10:46.155 [Test worker] DEBUG org.apache.http.wire - http-outgoing-2 >> "Host: dynamodb.us-west-2.amazonaws.com[\r][\n]"
12:10:46.155 [Test worker] DEBUG org.apache.http.wire - http-outgoing-2 >> "amz-sdk-invocation-id: 218ffe56-ea06-d041-d1c3-3302aeaff687[\r][\n]"
12:10:46.155 [Test worker] DEBUG org.apache.http.wire - http-outgoing-2 >> "amz-sdk-request: ttl=20220602T191136Z;attempt=1;max=11[\r][\n]"
12:10:46.155 [Test worker] DEBUG org.apache.http.wire - http-outgoing-2 >> "amz-sdk-retry: 0/0/500[\r][\n]"
12:10:46.155 [Test worker] DEBUG org.apache.http.wire - http-outgoing-2 >> "Authorization: AWS4-HMAC-SHA256 Credential=AKIA4QVT5K6IDDIUW4SY/20220602/us-west-2/dynamodb/aws4_request, SignedHeaders=amz-sdk-invocation-id;amz-sdk-request;amz-sdk-retry;content-length;content-type;host;user-agent;x-amz-date;x-amz-target, Signature=ebebd2798b5b10218120136ee927dfa8c6270b2dd5d2054a1170ffc9dafe371b[\r][\n]"
12:10:46.155 [Test worker] DEBUG org.apache.http.wire - http-outgoing-2 >> "Content-Type: application/x-amz-json-1.0[\r][\n]"
12:10:46.155 [Test worker] DEBUG org.apache.http.wire - http-outgoing-2 >> "User-Agent: aws-sdk-java/1.11.1020 Mac_OS_X/11.6.4 OpenJDK_64-Bit_Server_VM/11.0.13+8-LTS java/11.0.13 vendor/Amazon.com_Inc. cfg/retry-mode/legacy com.amazonaws.services.dynamodbv2.datamodeling.DynamoDBMapper/1.11.1020[\r][\n]"
12:10:46.155 [Test worker] DEBUG org.apache.http.wire - http-outgoing-2 >> "X-Amz-Date: 20220602T191046Z[\r][\n]"
12:10:46.155 [Test worker] DEBUG org.apache.http.wire - http-outgoing-2 >> "X-Amz-Target: DynamoDB_20120810.Query[\r][\n]"
12:10:46.155 [Test worker] DEBUG org.apache.http.wire - http-outgoing-2 >> "Content-Length: 260[\r][\n]"
12:10:46.155 [Test worker] DEBUG org.apache.http.wire - http-outgoing-2 >> "Connection: Keep-Alive[\r][\n]"
12:10:46.155 [Test worker] DEBUG org.apache.http.wire - http-outgoing-2 >> "[\r][\n]"
12:10:46.155 [Test worker] DEBUG org.apache.http.wire - http-outgoing-2 >> "{"TableName":"PublishingStatus","ConsistentRead":true,"ScanIndexForward":true,"KeyConditionExpression":"publishingRecordId = :publishingRecordId","ExpressionAttributeValues":{":publishingRecordId":{"S":"publishingstatus.d5be4ca3-5e0e-4852-a17f-4d9f005ca340"}}}"
12:10:46.186 [Test worker] DEBUG org.apache.http.wire - http-outgoing-2 << "HTTP/1.1 200 OK[\r][\n]"
12:10:46.186 [Test worker] DEBUG org.apache.http.wire - http-outgoing-2 << "Server: Server[\r][\n]"
12:10:46.186 [Test worker] DEBUG org.apache.http.wire - http-outgoing-2 << "Date: Thu, 02 Jun 2022 19:10:46 GMT[\r][\n]"
12:10:46.186 [Test worker] DEBUG org.apache.http.wire - http-outgoing-2 << "Content-Type: application/x-amz-json-1.0[\r][\n]"
12:10:46.186 [Test worker] DEBUG org.apache.http.wire - http-outgoing-2 << "Content-Length: 220[\r][\n]"
12:10:46.186 [Test worker] DEBUG org.apache.http.wire - http-outgoing-2 << "Connection: keep-alive[\r][\n]"
12:10:46.186 [Test worker] DEBUG org.apache.http.wire - http-outgoing-2 << "x-amzn-RequestId: LVT11KPP73S99K9DS7VE6G95C3VV4KQNSO5AEMVJF66Q9ASUAAJG[\r][\n]"
12:10:46.186 [Test worker] DEBUG org.apache.http.wire - http-outgoing-2 << "x-amz-crc32: 844980751[\r][\n]"
12:10:46.186 [Test worker] DEBUG org.apache.http.wire - http-outgoing-2 << "[\r][\n]"
12:10:46.186 [Test worker] DEBUG org.apache.http.wire - http-outgoing-2 << "{"Count":1,"Items":[{"publishingRecordId":{"S":"publishingstatus.d5be4ca3-5e0e-4852-a17f-4d9f005ca340"},"statusMessage":{"S":"Queued for publishing at 2022-06-02 12:10:46.065"},"status":{"S":"QUEUED"}}],"ScannedCount":1}"
12:10:46.186 [Test worker] DEBUG org.apache.http.headers - http-outgoing-2 << HTTP/1.1 200 OK
12:10:46.186 [Test worker] DEBUG org.apache.http.headers - http-outgoing-2 << Server: Server
12:10:46.186 [Test worker] DEBUG org.apache.http.headers - http-outgoing-2 << Date: Thu, 02 Jun 2022 19:10:46 GMT
12:10:46.186 [Test worker] DEBUG org.apache.http.headers - http-outgoing-2 << Content-Type: application/x-amz-json-1.0
12:10:46.186 [Test worker] DEBUG org.apache.http.headers - http-outgoing-2 << Content-Length: 220
12:10:46.186 [Test worker] DEBUG org.apache.http.headers - http-outgoing-2 << Connection: keep-alive
12:10:46.186 [Test worker] DEBUG org.apache.http.headers - http-outgoing-2 << x-amzn-RequestId: LVT11KPP73S99K9DS7VE6G95C3VV4KQNSO5AEMVJF66Q9ASUAAJG
12:10:46.186 [Test worker] DEBUG org.apache.http.headers - http-outgoing-2 << x-amz-crc32: 844980751
12:10:46.186 [Test worker] DEBUG org.apache.http.impl.execchain.MainClientExec - Connection can be kept alive for 60000 MILLISECONDS
12:10:46.187 [Test worker] DEBUG com.amazonaws.retry.ClockSkewAdjuster - Reported server date (from 'Date' header): Thu, 02 Jun 2022 19:10:46 GMT
12:10:46.187 [Test worker] DEBUG org.apache.http.impl.conn.PoolingHttpClientConnectionManager - Connection [id: 2][route: {s}->https://dynamodb.us-west-2.amazonaws.com:443] can be kept alive for 60.0 seconds
12:10:46.187 [Test worker] DEBUG org.apache.http.impl.conn.DefaultManagedHttpClientConnection - http-outgoing-2: set socket timeout to 0
12:10:46.187 [Test worker] DEBUG org.apache.http.impl.conn.PoolingHttpClientConnectionManager - Connection released: [id: 2][route: {s}->https://dynamodb.us-west-2.amazonaws.com:443][total available: 2; route allocated: 2 of 50; total allocated: 2 of 50]
12:10:46.187 [Test worker] DEBUG com.amazonaws.request - Received successful response: 200, AWS Request ID: LVT11KPP73S99K9DS7VE6G95C3VV4KQNSO5AEMVJF66Q9ASUAAJG
12:10:46.187 [Test worker] DEBUG com.amazonaws.requestId - x-amzn-RequestId: LVT11KPP73S99K9DS7VE6G95C3VV4KQNSO5AEMVJF66Q9ASUAAJG
Attempt [1]: Did not find a record. Waiting 500 milliseconds before next attempt
Attempt [2]: Calling GetPublishingStatus
12:10:46.693 [Test worker] DEBUG com.amazonaws.request - Sending Request: POST https://dynamodb.us-west-2.amazonaws.com / Headers: (amz-sdk-invocation-id: 67f607cf-36d9-d7ce-d1ea-a8413cd8905b, Content-Length: 260, Content-Type: application/x-amz-json-1.0, User-Agent: aws-sdk-java/1.11.1020 Mac_OS_X/11.6.4 OpenJDK_64-Bit_Server_VM/11.0.13+8-LTS java/11.0.13 vendor/Amazon.com_Inc. cfg/retry-mode/legacy com.amazonaws.services.dynamodbv2.datamodeling.DynamoDBMapper/1.11.1020, X-Amz-Target: DynamoDB_20120810.Query, ) 
12:10:46.693 [Test worker] DEBUG com.amazonaws.auth.AWS4Signer - AWS4 Canonical Request: '"POST
/

amz-sdk-invocation-id:67f607cf-36d9-d7ce-d1ea-a8413cd8905b
amz-sdk-request:ttl=20220602T191136Z;attempt=1;max=11
amz-sdk-retry:0/0/500
content-length:260
content-type:application/x-amz-json-1.0
host:dynamodb.us-west-2.amazonaws.com
user-agent:aws-sdk-java/1.11.1020 Mac_OS_X/11.6.4 OpenJDK_64-Bit_Server_VM/11.0.13+8-LTS java/11.0.13 vendor/Amazon.com_Inc. cfg/retry-mode/legacy com.amazonaws.services.dynamodbv2.datamodeling.DynamoDBMapper/1.11.1020
x-amz-date:20220602T191046Z
x-amz-target:DynamoDB_20120810.Query

amz-sdk-invocation-id;amz-sdk-request;amz-sdk-retry;content-length;content-type;host;user-agent;x-amz-date;x-amz-target
013f7e7edec603175de8a32a577a8f3ba844b6f1a2f6026aa01d8969dffa4f42"
12:10:46.694 [Test worker] DEBUG com.amazonaws.auth.AWS4Signer - AWS4 String to Sign: '"AWS4-HMAC-SHA256
20220602T191046Z
20220602/us-west-2/dynamodb/aws4_request
771d16a385bd7b8ba238fa8ff63e7adb64b11edb0775cf8ac5c7c03ffb66d3e1"
12:10:46.694 [Test worker] DEBUG org.apache.http.client.protocol.RequestAddCookies - CookieSpec selected: default
12:10:46.694 [Test worker] DEBUG org.apache.http.client.protocol.RequestAuthCache - Auth cache not set in the context
12:10:46.694 [Test worker] DEBUG org.apache.http.impl.conn.PoolingHttpClientConnectionManager - Connection request: [route: {s}->https://dynamodb.us-west-2.amazonaws.com:443][total available: 2; route allocated: 2 of 50; total allocated: 2 of 50]
12:10:46.695 [Test worker] DEBUG org.apache.http.impl.conn.PoolingHttpClientConnectionManager - Connection leased: [id: 2][route: {s}->https://dynamodb.us-west-2.amazonaws.com:443][total available: 1; route allocated: 2 of 50; total allocated: 2 of 50]
12:10:46.695 [Test worker] DEBUG org.apache.http.impl.conn.DefaultManagedHttpClientConnection - http-outgoing-2: set socket timeout to 50000
12:10:46.695 [Test worker] DEBUG org.apache.http.impl.conn.DefaultManagedHttpClientConnection - http-outgoing-2: set socket timeout to 50000
12:10:46.695 [Test worker] DEBUG org.apache.http.impl.execchain.MainClientExec - Executing request POST / HTTP/1.1
12:10:46.695 [Test worker] DEBUG org.apache.http.impl.execchain.MainClientExec - Proxy auth state: UNCHALLENGED
12:10:46.695 [Test worker] DEBUG org.apache.http.headers - http-outgoing-2 >> POST / HTTP/1.1
12:10:46.695 [Test worker] DEBUG org.apache.http.headers - http-outgoing-2 >> Host: dynamodb.us-west-2.amazonaws.com
12:10:46.695 [Test worker] DEBUG org.apache.http.headers - http-outgoing-2 >> amz-sdk-invocation-id: 67f607cf-36d9-d7ce-d1ea-a8413cd8905b
12:10:46.695 [Test worker] DEBUG org.apache.http.headers - http-outgoing-2 >> amz-sdk-request: ttl=20220602T191136Z;attempt=1;max=11
12:10:46.695 [Test worker] DEBUG org.apache.http.headers - http-outgoing-2 >> amz-sdk-retry: 0/0/500
12:10:46.695 [Test worker] DEBUG org.apache.http.headers - http-outgoing-2 >> Authorization: AWS4-HMAC-SHA256 Credential=AKIA4QVT5K6IDDIUW4SY/20220602/us-west-2/dynamodb/aws4_request, SignedHeaders=amz-sdk-invocation-id;amz-sdk-request;amz-sdk-retry;content-length;content-type;host;user-agent;x-amz-date;x-amz-target, Signature=9ff98632de396695ba78bfcf2a01fdc58ce610c35cc0f4487f9ac2b24ff16935
12:10:46.695 [Test worker] DEBUG org.apache.http.headers - http-outgoing-2 >> Content-Type: application/x-amz-json-1.0
12:10:46.695 [Test worker] DEBUG org.apache.http.headers - http-outgoing-2 >> User-Agent: aws-sdk-java/1.11.1020 Mac_OS_X/11.6.4 OpenJDK_64-Bit_Server_VM/11.0.13+8-LTS java/11.0.13 vendor/Amazon.com_Inc. cfg/retry-mode/legacy com.amazonaws.services.dynamodbv2.datamodeling.DynamoDBMapper/1.11.1020
12:10:46.695 [Test worker] DEBUG org.apache.http.headers - http-outgoing-2 >> X-Amz-Date: 20220602T191046Z
12:10:46.695 [Test worker] DEBUG org.apache.http.headers - http-outgoing-2 >> X-Amz-Target: DynamoDB_20120810.Query
12:10:46.695 [Test worker] DEBUG org.apache.http.headers - http-outgoing-2 >> Content-Length: 260
12:10:46.695 [Test worker] DEBUG org.apache.http.headers - http-outgoing-2 >> Connection: Keep-Alive
12:10:46.696 [Test worker] DEBUG org.apache.http.wire - http-outgoing-2 >> "POST / HTTP/1.1[\r][\n]"
12:10:46.696 [Test worker] DEBUG org.apache.http.wire - http-outgoing-2 >> "Host: dynamodb.us-west-2.amazonaws.com[\r][\n]"
12:10:46.696 [Test worker] DEBUG org.apache.http.wire - http-outgoing-2 >> "amz-sdk-invocation-id: 67f607cf-36d9-d7ce-d1ea-a8413cd8905b[\r][\n]"
12:10:46.696 [Test worker] DEBUG org.apache.http.wire - http-outgoing-2 >> "amz-sdk-request: ttl=20220602T191136Z;attempt=1;max=11[\r][\n]"
12:10:46.696 [Test worker] DEBUG org.apache.http.wire - http-outgoing-2 >> "amz-sdk-retry: 0/0/500[\r][\n]"
12:10:46.696 [Test worker] DEBUG org.apache.http.wire - http-outgoing-2 >> "Authorization: AWS4-HMAC-SHA256 Credential=AKIA4QVT5K6IDDIUW4SY/20220602/us-west-2/dynamodb/aws4_request, SignedHeaders=amz-sdk-invocation-id;amz-sdk-request;amz-sdk-retry;content-length;content-type;host;user-agent;x-amz-date;x-amz-target, Signature=9ff98632de396695ba78bfcf2a01fdc58ce610c35cc0f4487f9ac2b24ff16935[\r][\n]"
12:10:46.696 [Test worker] DEBUG org.apache.http.wire - http-outgoing-2 >> "Content-Type: application/x-amz-json-1.0[\r][\n]"
12:10:46.696 [Test worker] DEBUG org.apache.http.wire - http-outgoing-2 >> "User-Agent: aws-sdk-java/1.11.1020 Mac_OS_X/11.6.4 OpenJDK_64-Bit_Server_VM/11.0.13+8-LTS java/11.0.13 vendor/Amazon.com_Inc. cfg/retry-mode/legacy com.amazonaws.services.dynamodbv2.datamodeling.DynamoDBMapper/1.11.1020[\r][\n]"
12:10:46.696 [Test worker] DEBUG org.apache.http.wire - http-outgoing-2 >> "X-Amz-Date: 20220602T191046Z[\r][\n]"
12:10:46.696 [Test worker] DEBUG org.apache.http.wire - http-outgoing-2 >> "X-Amz-Target: DynamoDB_20120810.Query[\r][\n]"
12:10:46.696 [Test worker] DEBUG org.apache.http.wire - http-outgoing-2 >> "Content-Length: 260[\r][\n]"
12:10:46.696 [Test worker] DEBUG org.apache.http.wire - http-outgoing-2 >> "Connection: Keep-Alive[\r][\n]"
12:10:46.696 [Test worker] DEBUG org.apache.http.wire - http-outgoing-2 >> "[\r][\n]"
12:10:46.696 [Test worker] DEBUG org.apache.http.wire - http-outgoing-2 >> "{"TableName":"PublishingStatus","ConsistentRead":true,"ScanIndexForward":true,"KeyConditionExpression":"publishingRecordId = :publishingRecordId","ExpressionAttributeValues":{":publishingRecordId":{"S":"publishingstatus.d5be4ca3-5e0e-4852-a17f-4d9f005ca340"}}}"
BookPublishingTask is running!!!
12:10:46.717 [pool-2-thread-1] DEBUG com.amazonaws.request - Sending Request: POST https://dynamodb.us-west-2.amazonaws.com / Headers: (amz-sdk-invocation-id: a4830d65-b70e-a2f6-7485-4d3af0fb2ea1, Content-Length: 322, Content-Type: application/x-amz-json-1.0, User-Agent: aws-sdk-java/1.11.1020 Mac_OS_X/11.6.4 OpenJDK_64-Bit_Server_VM/11.0.13+8-LTS java/11.0.13 vendor/Amazon.com_Inc. cfg/retry-mode/legacy com.amazonaws.services.dynamodbv2.datamodeling.DynamoDBMapper/1.11.1020, X-Amz-Target: DynamoDB_20120810.UpdateItem, ) 
12:10:46.718 [pool-2-thread-1] DEBUG com.amazonaws.auth.AWS4Signer - AWS4 Canonical Request: '"POST
/

amz-sdk-invocation-id:a4830d65-b70e-a2f6-7485-4d3af0fb2ea1
amz-sdk-request:ttl=20220602T191136Z;attempt=1;max=11
amz-sdk-retry:0/0/500
content-length:322
content-type:application/x-amz-json-1.0
host:dynamodb.us-west-2.amazonaws.com
user-agent:aws-sdk-java/1.11.1020 Mac_OS_X/11.6.4 OpenJDK_64-Bit_Server_VM/11.0.13+8-LTS java/11.0.13 vendor/Amazon.com_Inc. cfg/retry-mode/legacy com.amazonaws.services.dynamodbv2.datamodeling.DynamoDBMapper/1.11.1020
x-amz-date:20220602T191046Z
x-amz-target:DynamoDB_20120810.UpdateItem

amz-sdk-invocation-id;amz-sdk-request;amz-sdk-retry;content-length;content-type;host;user-agent;x-amz-date;x-amz-target
6b6bf49efb27a9ed33cddf5196be1c6b6db0cef9b0aad1eb3b5281794abe4673"
12:10:46.718 [pool-2-thread-1] DEBUG com.amazonaws.auth.AWS4Signer - AWS4 String to Sign: '"AWS4-HMAC-SHA256
20220602T191046Z
20220602/us-west-2/dynamodb/aws4_request
6a4bc174116af20a7ff95d0ba631ccf916bdc5a4c12975cf229e2c28975fecdc"
12:10:46.718 [pool-2-thread-1] DEBUG org.apache.http.client.protocol.RequestAddCookies - CookieSpec selected: default
12:10:46.718 [pool-2-thread-1] DEBUG org.apache.http.client.protocol.RequestAuthCache - Auth cache not set in the context
12:10:46.718 [pool-2-thread-1] DEBUG org.apache.http.impl.conn.PoolingHttpClientConnectionManager - Connection request: [route: {s}->https://dynamodb.us-west-2.amazonaws.com:443][total available: 1; route allocated: 2 of 50; total allocated: 2 of 50]
12:10:46.720 [pool-2-thread-1] DEBUG org.apache.http.wire - http-outgoing-1 << "[read] I/O error: Read timed out"
12:10:46.721 [pool-2-thread-1] DEBUG org.apache.http.impl.conn.PoolingHttpClientConnectionManager - Connection leased: [id: 1][route: {s}->https://dynamodb.us-west-2.amazonaws.com:443][total available: 0; route allocated: 2 of 50; total allocated: 2 of 50]
12:10:46.721 [pool-2-thread-1] DEBUG org.apache.http.impl.conn.DefaultManagedHttpClientConnection - http-outgoing-1: set socket timeout to 50000
12:10:46.721 [pool-2-thread-1] DEBUG org.apache.http.impl.conn.DefaultManagedHttpClientConnection - http-outgoing-1: set socket timeout to 50000
12:10:46.721 [pool-2-thread-1] DEBUG org.apache.http.impl.execchain.MainClientExec - Executing request POST / HTTP/1.1
12:10:46.721 [pool-2-thread-1] DEBUG org.apache.http.impl.execchain.MainClientExec - Proxy auth state: UNCHALLENGED
12:10:46.721 [pool-2-thread-1] DEBUG org.apache.http.headers - http-outgoing-1 >> POST / HTTP/1.1
12:10:46.721 [pool-2-thread-1] DEBUG org.apache.http.headers - http-outgoing-1 >> Host: dynamodb.us-west-2.amazonaws.com
12:10:46.721 [pool-2-thread-1] DEBUG org.apache.http.headers - http-outgoing-1 >> amz-sdk-invocation-id: a4830d65-b70e-a2f6-7485-4d3af0fb2ea1
12:10:46.721 [pool-2-thread-1] DEBUG org.apache.http.headers - http-outgoing-1 >> amz-sdk-request: ttl=20220602T191136Z;attempt=1;max=11
12:10:46.721 [pool-2-thread-1] DEBUG org.apache.http.headers - http-outgoing-1 >> amz-sdk-retry: 0/0/500
12:10:46.721 [pool-2-thread-1] DEBUG org.apache.http.headers - http-outgoing-1 >> Authorization: AWS4-HMAC-SHA256 Credential=AKIA4QVT5K6IDDIUW4SY/20220602/us-west-2/dynamodb/aws4_request, SignedHeaders=amz-sdk-invocation-id;amz-sdk-request;amz-sdk-retry;content-length;content-type;host;user-agent;x-amz-date;x-amz-target, Signature=ddb1c86d19bcab8d985485027e96144690fed12c27a35748578d957e1b940837
12:10:46.721 [pool-2-thread-1] DEBUG org.apache.http.headers - http-outgoing-1 >> Content-Type: application/x-amz-json-1.0
12:10:46.721 [pool-2-thread-1] DEBUG org.apache.http.headers - http-outgoing-1 >> User-Agent: aws-sdk-java/1.11.1020 Mac_OS_X/11.6.4 OpenJDK_64-Bit_Server_VM/11.0.13+8-LTS java/11.0.13 vendor/Amazon.com_Inc. cfg/retry-mode/legacy com.amazonaws.services.dynamodbv2.datamodeling.DynamoDBMapper/1.11.1020
12:10:46.721 [pool-2-thread-1] DEBUG org.apache.http.headers - http-outgoing-1 >> X-Amz-Date: 20220602T191046Z
12:10:46.721 [pool-2-thread-1] DEBUG org.apache.http.headers - http-outgoing-1 >> X-Amz-Target: DynamoDB_20120810.UpdateItem
12:10:46.721 [pool-2-thread-1] DEBUG org.apache.http.headers - http-outgoing-1 >> Content-Length: 322
12:10:46.721 [pool-2-thread-1] DEBUG org.apache.http.headers - http-outgoing-1 >> Connection: Keep-Alive
12:10:46.721 [pool-2-thread-1] DEBUG org.apache.http.wire - http-outgoing-1 >> "POST / HTTP/1.1[\r][\n]"
12:10:46.721 [pool-2-thread-1] DEBUG org.apache.http.wire - http-outgoing-1 >> "Host: dynamodb.us-west-2.amazonaws.com[\r][\n]"
12:10:46.721 [pool-2-thread-1] DEBUG org.apache.http.wire - http-outgoing-1 >> "amz-sdk-invocation-id: a4830d65-b70e-a2f6-7485-4d3af0fb2ea1[\r][\n]"
12:10:46.721 [pool-2-thread-1] DEBUG org.apache.http.wire - http-outgoing-1 >> "amz-sdk-request: ttl=20220602T191136Z;attempt=1;max=11[\r][\n]"
12:10:46.721 [pool-2-thread-1] DEBUG org.apache.http.wire - http-outgoing-1 >> "amz-sdk-retry: 0/0/500[\r][\n]"
12:10:46.721 [pool-2-thread-1] DEBUG org.apache.http.wire - http-outgoing-1 >> "Authorization: AWS4-HMAC-SHA256 Credential=AKIA4QVT5K6IDDIUW4SY/20220602/us-west-2/dynamodb/aws4_request, SignedHeaders=amz-sdk-invocation-id;amz-sdk-request;amz-sdk-retry;content-length;content-type;host;user-agent;x-amz-date;x-amz-target, Signature=ddb1c86d19bcab8d985485027e96144690fed12c27a35748578d957e1b940837[\r][\n]"
12:10:46.721 [pool-2-thread-1] DEBUG org.apache.http.wire - http-outgoing-1 >> "Content-Type: application/x-amz-json-1.0[\r][\n]"
12:10:46.721 [pool-2-thread-1] DEBUG org.apache.http.wire - http-outgoing-1 >> "User-Agent: aws-sdk-java/1.11.1020 Mac_OS_X/11.6.4 OpenJDK_64-Bit_Server_VM/11.0.13+8-LTS java/11.0.13 vendor/Amazon.com_Inc. cfg/retry-mode/legacy com.amazonaws.services.dynamodbv2.datamodeling.DynamoDBMapper/1.11.1020[\r][\n]"
12:10:46.721 [pool-2-thread-1] DEBUG org.apache.http.wire - http-outgoing-1 >> "X-Amz-Date: 20220602T191046Z[\r][\n]"
12:10:46.721 [pool-2-thread-1] DEBUG org.apache.http.wire - http-outgoing-1 >> "X-Amz-Target: DynamoDB_20120810.UpdateItem[\r][\n]"
12:10:46.721 [pool-2-thread-1] DEBUG org.apache.http.wire - http-outgoing-1 >> "Content-Length: 322[\r][\n]"
12:10:46.721 [pool-2-thread-1] DEBUG org.apache.http.wire - http-outgoing-1 >> "Connection: Keep-Alive[\r][\n]"
12:10:46.721 [pool-2-thread-1] DEBUG org.apache.http.wire - http-outgoing-1 >> "[\r][\n]"
12:10:46.721 [pool-2-thread-1] DEBUG org.apache.http.wire - http-outgoing-1 >> "{"TableName":"PublishingStatus","Key":{"publishingRecordId":{"S":"publishingstatus.d5be4ca3-5e0e-4852-a17f-4d9f005ca340"},"status":{"S":"IN_PROGRESS"}},"AttributeUpdates":{"statusMessage":{"Value":{"S":"Processing started at 2022-06-02 12:10:46.717"},"Action":"PUT"},"bookId":{"Action":"DELETE"}},"ReturnValues":"ALL_NEW"}"
12:10:46.727 [Test worker] DEBUG org.apache.http.wire - http-outgoing-2 << "HTTP/1.1 200 OK[\r][\n]"
12:10:46.727 [Test worker] DEBUG org.apache.http.wire - http-outgoing-2 << "Server: Server[\r][\n]"
12:10:46.727 [Test worker] DEBUG org.apache.http.wire - http-outgoing-2 << "Date: Thu, 02 Jun 2022 19:10:46 GMT[\r][\n]"
12:10:46.727 [Test worker] DEBUG org.apache.http.wire - http-outgoing-2 << "Content-Type: application/x-amz-json-1.0[\r][\n]"
12:10:46.727 [Test worker] DEBUG org.apache.http.wire - http-outgoing-2 << "Content-Length: 220[\r][\n]"
12:10:46.727 [Test worker] DEBUG org.apache.http.wire - http-outgoing-2 << "Connection: keep-alive[\r][\n]"
12:10:46.727 [Test worker] DEBUG org.apache.http.wire - http-outgoing-2 << "x-amzn-RequestId: 12MAOHTG7FVBQUSDFL8SBPDKQJVV4KQNSO5AEMVJF66Q9ASUAAJG[\r][\n]"
12:10:46.728 [Test worker] DEBUG org.apache.http.wire - http-outgoing-2 << "x-amz-crc32: 844980751[\r][\n]"
12:10:46.728 [Test worker] DEBUG org.apache.http.wire - http-outgoing-2 << "[\r][\n]"
12:10:46.728 [Test worker] DEBUG org.apache.http.wire - http-outgoing-2 << "{"Count":1,"Items":[{"publishingRecordId":{"S":"publishingstatus.d5be4ca3-5e0e-4852-a17f-4d9f005ca340"},"statusMessage":{"S":"Queued for publishing at 2022-06-02 12:10:46.065"},"status":{"S":"QUEUED"}}],"ScannedCount":1}"
12:10:46.728 [Test worker] DEBUG org.apache.http.headers - http-outgoing-2 << HTTP/1.1 200 OK
12:10:46.728 [Test worker] DEBUG org.apache.http.headers - http-outgoing-2 << Server: Server
12:10:46.728 [Test worker] DEBUG org.apache.http.headers - http-outgoing-2 << Date: Thu, 02 Jun 2022 19:10:46 GMT
12:10:46.728 [Test worker] DEBUG org.apache.http.headers - http-outgoing-2 << Content-Type: application/x-amz-json-1.0
12:10:46.728 [Test worker] DEBUG org.apache.http.headers - http-outgoing-2 << Content-Length: 220
12:10:46.728 [Test worker] DEBUG org.apache.http.headers - http-outgoing-2 << Connection: keep-alive
12:10:46.728 [Test worker] DEBUG org.apache.http.headers - http-outgoing-2 << x-amzn-RequestId: 12MAOHTG7FVBQUSDFL8SBPDKQJVV4KQNSO5AEMVJF66Q9ASUAAJG
12:10:46.728 [Test worker] DEBUG org.apache.http.headers - http-outgoing-2 << x-amz-crc32: 844980751
12:10:46.728 [Test worker] DEBUG org.apache.http.impl.execchain.MainClientExec - Connection can be kept alive for 60000 MILLISECONDS
12:10:46.728 [Test worker] DEBUG com.amazonaws.retry.ClockSkewAdjuster - Reported server date (from 'Date' header): Thu, 02 Jun 2022 19:10:46 GMT
12:10:46.728 [Test worker] DEBUG org.apache.http.impl.conn.PoolingHttpClientConnectionManager - Connection [id: 2][route: {s}->https://dynamodb.us-west-2.amazonaws.com:443] can be kept alive for 60.0 seconds
12:10:46.728 [Test worker] DEBUG org.apache.http.impl.conn.DefaultManagedHttpClientConnection - http-outgoing-2: set socket timeout to 0
12:10:46.729 [Test worker] DEBUG org.apache.http.impl.conn.PoolingHttpClientConnectionManager - Connection released: [id: 2][route: {s}->https://dynamodb.us-west-2.amazonaws.com:443][total available: 1; route allocated: 2 of 50; total allocated: 2 of 50]
12:10:46.729 [Test worker] DEBUG com.amazonaws.request - Received successful response: 200, AWS Request ID: 12MAOHTG7FVBQUSDFL8SBPDKQJVV4KQNSO5AEMVJF66Q9ASUAAJG
12:10:46.729 [Test worker] DEBUG com.amazonaws.requestId - x-amzn-RequestId: 12MAOHTG7FVBQUSDFL8SBPDKQJVV4KQNSO5AEMVJF66Q9ASUAAJG
Attempt [2]: Did not find a record. Waiting 500 milliseconds before next attempt
12:10:46.761 [pool-2-thread-1] DEBUG org.apache.http.wire - http-outgoing-1 << "HTTP/1.1 200 OK[\r][\n]"
12:10:46.761 [pool-2-thread-1] DEBUG org.apache.http.wire - http-outgoing-1 << "Server: Server[\r][\n]"
12:10:46.761 [pool-2-thread-1] DEBUG org.apache.http.wire - http-outgoing-1 << "Date: Thu, 02 Jun 2022 19:10:46 GMT[\r][\n]"
12:10:46.761 [pool-2-thread-1] DEBUG org.apache.http.wire - http-outgoing-1 << "Content-Type: application/x-amz-json-1.0[\r][\n]"
12:10:46.761 [pool-2-thread-1] DEBUG org.apache.http.wire - http-outgoing-1 << "Content-Length: 198[\r][\n]"
12:10:46.761 [pool-2-thread-1] DEBUG org.apache.http.wire - http-outgoing-1 << "Connection: keep-alive[\r][\n]"
12:10:46.761 [pool-2-thread-1] DEBUG org.apache.http.wire - http-outgoing-1 << "x-amzn-RequestId: SKQSS1H82TC86FF5D3LFOUVIIJVV4KQNSO5AEMVJF66Q9ASUAAJG[\r][\n]"
12:10:46.761 [pool-2-thread-1] DEBUG org.apache.http.wire - http-outgoing-1 << "x-amz-crc32: 3612298684[\r][\n]"
12:10:46.761 [pool-2-thread-1] DEBUG org.apache.http.wire - http-outgoing-1 << "[\r][\n]"
12:10:46.761 [pool-2-thread-1] DEBUG org.apache.http.wire - http-outgoing-1 << "{"Attributes":{"publishingRecordId":{"S":"publishingstatus.d5be4ca3-5e0e-4852-a17f-4d9f005ca340"},"statusMessage":{"S":"Processing started at 2022-06-02 12:10:46.717"},"status":{"S":"IN_PROGRESS"}}}"
12:10:46.761 [pool-2-thread-1] DEBUG org.apache.http.headers - http-outgoing-1 << HTTP/1.1 200 OK
12:10:46.761 [pool-2-thread-1] DEBUG org.apache.http.headers - http-outgoing-1 << Server: Server
12:10:46.762 [pool-2-thread-1] DEBUG org.apache.http.headers - http-outgoing-1 << Date: Thu, 02 Jun 2022 19:10:46 GMT
12:10:46.762 [pool-2-thread-1] DEBUG org.apache.http.headers - http-outgoing-1 << Content-Type: application/x-amz-json-1.0
12:10:46.762 [pool-2-thread-1] DEBUG org.apache.http.headers - http-outgoing-1 << Content-Length: 198
12:10:46.762 [pool-2-thread-1] DEBUG org.apache.http.headers - http-outgoing-1 << Connection: keep-alive
12:10:46.762 [pool-2-thread-1] DEBUG org.apache.http.headers - http-outgoing-1 << x-amzn-RequestId: SKQSS1H82TC86FF5D3LFOUVIIJVV4KQNSO5AEMVJF66Q9ASUAAJG
12:10:46.762 [pool-2-thread-1] DEBUG org.apache.http.headers - http-outgoing-1 << x-amz-crc32: 3612298684
12:10:46.762 [pool-2-thread-1] DEBUG org.apache.http.impl.execchain.MainClientExec - Connection can be kept alive for 60000 MILLISECONDS
12:10:46.762 [pool-2-thread-1] DEBUG com.amazonaws.retry.ClockSkewAdjuster - Reported server date (from 'Date' header): Thu, 02 Jun 2022 19:10:46 GMT
12:10:46.763 [pool-2-thread-1] DEBUG org.apache.http.impl.conn.PoolingHttpClientConnectionManager - Connection [id: 1][route: {s}->https://dynamodb.us-west-2.amazonaws.com:443] can be kept alive for 60.0 seconds
12:10:46.763 [pool-2-thread-1] DEBUG org.apache.http.impl.conn.DefaultManagedHttpClientConnection - http-outgoing-1: set socket timeout to 0
12:10:46.763 [pool-2-thread-1] DEBUG org.apache.http.impl.conn.PoolingHttpClientConnectionManager - Connection released: [id: 1][route: {s}->https://dynamodb.us-west-2.amazonaws.com:443][total available: 2; route allocated: 2 of 50; total allocated: 2 of 50]
12:10:46.763 [pool-2-thread-1] DEBUG com.amazonaws.request - Received successful response: 200, AWS Request ID: SKQSS1H82TC86FF5D3LFOUVIIJVV4KQNSO5AEMVJF66Q9ASUAAJG
12:10:46.763 [pool-2-thread-1] DEBUG com.amazonaws.requestId - x-amzn-RequestId: SKQSS1H82TC86FF5D3LFOUVIIJVV4KQNSO5AEMVJF66Q9ASUAAJG
Attempt [3]: Calling GetPublishingStatus
12:10:47.230 [Test worker] DEBUG com.amazonaws.request - Sending Request: POST https://dynamodb.us-west-2.amazonaws.com / Headers: (amz-sdk-invocation-id: f6564d42-b013-32c8-5c02-bae9cd545369, Content-Length: 260, Content-Type: application/x-amz-json-1.0, User-Agent: aws-sdk-java/1.11.1020 Mac_OS_X/11.6.4 OpenJDK_64-Bit_Server_VM/11.0.13+8-LTS java/11.0.13 vendor/Amazon.com_Inc. cfg/retry-mode/legacy com.amazonaws.services.dynamodbv2.datamodeling.DynamoDBMapper/1.11.1020, X-Amz-Target: DynamoDB_20120810.Query, ) 
12:10:47.230 [Test worker] DEBUG com.amazonaws.auth.AWS4Signer - AWS4 Canonical Request: '"POST
/

amz-sdk-invocation-id:f6564d42-b013-32c8-5c02-bae9cd545369
amz-sdk-request:ttl=20220602T191137Z;attempt=1;max=11
amz-sdk-retry:0/0/500
content-length:260
content-type:application/x-amz-json-1.0
host:dynamodb.us-west-2.amazonaws.com
user-agent:aws-sdk-java/1.11.1020 Mac_OS_X/11.6.4 OpenJDK_64-Bit_Server_VM/11.0.13+8-LTS java/11.0.13 vendor/Amazon.com_Inc. cfg/retry-mode/legacy com.amazonaws.services.dynamodbv2.datamodeling.DynamoDBMapper/1.11.1020
x-amz-date:20220602T191047Z
x-amz-target:DynamoDB_20120810.Query

amz-sdk-invocation-id;amz-sdk-request;amz-sdk-retry;content-length;content-type;host;user-agent;x-amz-date;x-amz-target
013f7e7edec603175de8a32a577a8f3ba844b6f1a2f6026aa01d8969dffa4f42"
12:10:47.231 [Test worker] DEBUG com.amazonaws.auth.AWS4Signer - AWS4 String to Sign: '"AWS4-HMAC-SHA256
20220602T191047Z
20220602/us-west-2/dynamodb/aws4_request
838194ff6ea65af1ac1209c93b04e1b00da830907a917e0d7e2ffc16627c2d0a"
12:10:47.231 [Test worker] DEBUG org.apache.http.client.protocol.RequestAddCookies - CookieSpec selected: default
12:10:47.232 [Test worker] DEBUG org.apache.http.client.protocol.RequestAuthCache - Auth cache not set in the context
12:10:47.232 [Test worker] DEBUG org.apache.http.impl.conn.PoolingHttpClientConnectionManager - Connection request: [route: {s}->https://dynamodb.us-west-2.amazonaws.com:443][total available: 2; route allocated: 2 of 50; total allocated: 2 of 50]
12:10:47.232 [Test worker] DEBUG org.apache.http.impl.conn.PoolingHttpClientConnectionManager - Connection leased: [id: 1][route: {s}->https://dynamodb.us-west-2.amazonaws.com:443][total available: 1; route allocated: 2 of 50; total allocated: 2 of 50]
12:10:47.232 [Test worker] DEBUG org.apache.http.impl.conn.DefaultManagedHttpClientConnection - http-outgoing-1: set socket timeout to 50000
12:10:47.232 [Test worker] DEBUG org.apache.http.impl.conn.DefaultManagedHttpClientConnection - http-outgoing-1: set socket timeout to 50000
12:10:47.232 [Test worker] DEBUG org.apache.http.impl.execchain.MainClientExec - Executing request POST / HTTP/1.1
12:10:47.232 [Test worker] DEBUG org.apache.http.impl.execchain.MainClientExec - Proxy auth state: UNCHALLENGED
12:10:47.232 [Test worker] DEBUG org.apache.http.headers - http-outgoing-1 >> POST / HTTP/1.1
12:10:47.232 [Test worker] DEBUG org.apache.http.headers - http-outgoing-1 >> Host: dynamodb.us-west-2.amazonaws.com
12:10:47.232 [Test worker] DEBUG org.apache.http.headers - http-outgoing-1 >> amz-sdk-invocation-id: f6564d42-b013-32c8-5c02-bae9cd545369
12:10:47.232 [Test worker] DEBUG org.apache.http.headers - http-outgoing-1 >> amz-sdk-request: ttl=20220602T191137Z;attempt=1;max=11
12:10:47.232 [Test worker] DEBUG org.apache.http.headers - http-outgoing-1 >> amz-sdk-retry: 0/0/500
12:10:47.232 [Test worker] DEBUG org.apache.http.headers - http-outgoing-1 >> Authorization: AWS4-HMAC-SHA256 Credential=AKIA4QVT5K6IDDIUW4SY/20220602/us-west-2/dynamodb/aws4_request, SignedHeaders=amz-sdk-invocation-id;amz-sdk-request;amz-sdk-retry;content-length;content-type;host;user-agent;x-amz-date;x-amz-target, Signature=c298122736a78b4a2cc40943df46dc601a15eef355df9e408d4dc281e0cec64a
12:10:47.232 [Test worker] DEBUG org.apache.http.headers - http-outgoing-1 >> Content-Type: application/x-amz-json-1.0
12:10:47.232 [Test worker] DEBUG org.apache.http.headers - http-outgoing-1 >> User-Agent: aws-sdk-java/1.11.1020 Mac_OS_X/11.6.4 OpenJDK_64-Bit_Server_VM/11.0.13+8-LTS java/11.0.13 vendor/Amazon.com_Inc. cfg/retry-mode/legacy com.amazonaws.services.dynamodbv2.datamodeling.DynamoDBMapper/1.11.1020
12:10:47.232 [Test worker] DEBUG org.apache.http.headers - http-outgoing-1 >> X-Amz-Date: 20220602T191047Z
12:10:47.232 [Test worker] DEBUG org.apache.http.headers - http-outgoing-1 >> X-Amz-Target: DynamoDB_20120810.Query
12:10:47.232 [Test worker] DEBUG org.apache.http.headers - http-outgoing-1 >> Content-Length: 260
12:10:47.232 [Test worker] DEBUG org.apache.http.headers - http-outgoing-1 >> Connection: Keep-Alive
12:10:47.233 [Test worker] DEBUG org.apache.http.wire - http-outgoing-1 >> "POST / HTTP/1.1[\r][\n]"
12:10:47.233 [Test worker] DEBUG org.apache.http.wire - http-outgoing-1 >> "Host: dynamodb.us-west-2.amazonaws.com[\r][\n]"
12:10:47.233 [Test worker] DEBUG org.apache.http.wire - http-outgoing-1 >> "amz-sdk-invocation-id: f6564d42-b013-32c8-5c02-bae9cd545369[\r][\n]"
12:10:47.233 [Test worker] DEBUG org.apache.http.wire - http-outgoing-1 >> "amz-sdk-request: ttl=20220602T191137Z;attempt=1;max=11[\r][\n]"
12:10:47.233 [Test worker] DEBUG org.apache.http.wire - http-outgoing-1 >> "amz-sdk-retry: 0/0/500[\r][\n]"
12:10:47.233 [Test worker] DEBUG org.apache.http.wire - http-outgoing-1 >> "Authorization: AWS4-HMAC-SHA256 Credential=AKIA4QVT5K6IDDIUW4SY/20220602/us-west-2/dynamodb/aws4_request, SignedHeaders=amz-sdk-invocation-id;amz-sdk-request;amz-sdk-retry;content-length;content-type;host;user-agent;x-amz-date;x-amz-target, Signature=c298122736a78b4a2cc40943df46dc601a15eef355df9e408d4dc281e0cec64a[\r][\n]"
12:10:47.233 [Test worker] DEBUG org.apache.http.wire - http-outgoing-1 >> "Content-Type: application/x-amz-json-1.0[\r][\n]"
12:10:47.233 [Test worker] DEBUG org.apache.http.wire - http-outgoing-1 >> "User-Agent: aws-sdk-java/1.11.1020 Mac_OS_X/11.6.4 OpenJDK_64-Bit_Server_VM/11.0.13+8-LTS java/11.0.13 vendor/Amazon.com_Inc. cfg/retry-mode/legacy com.amazonaws.services.dynamodbv2.datamodeling.DynamoDBMapper/1.11.1020[\r][\n]"
12:10:47.233 [Test worker] DEBUG org.apache.http.wire - http-outgoing-1 >> "X-Amz-Date: 20220602T191047Z[\r][\n]"
12:10:47.233 [Test worker] DEBUG org.apache.http.wire - http-outgoing-1 >> "X-Amz-Target: DynamoDB_20120810.Query[\r][\n]"
12:10:47.233 [Test worker] DEBUG org.apache.http.wire - http-outgoing-1 >> "Content-Length: 260[\r][\n]"
12:10:47.233 [Test worker] DEBUG org.apache.http.wire - http-outgoing-1 >> "Connection: Keep-Alive[\r][\n]"
12:10:47.233 [Test worker] DEBUG org.apache.http.wire - http-outgoing-1 >> "[\r][\n]"
12:10:47.233 [Test worker] DEBUG org.apache.http.wire - http-outgoing-1 >> "{"TableName":"PublishingStatus","ConsistentRead":true,"ScanIndexForward":true,"KeyConditionExpression":"publishingRecordId = :publishingRecordId","ExpressionAttributeValues":{":publishingRecordId":{"S":"publishingstatus.d5be4ca3-5e0e-4852-a17f-4d9f005ca340"}}}"
12:10:47.269 [Test worker] DEBUG org.apache.http.wire - http-outgoing-1 << "HTTP/1.1 200 OK[\r][\n]"
12:10:47.269 [Test worker] DEBUG org.apache.http.wire - http-outgoing-1 << "Server: Server[\r][\n]"
12:10:47.269 [Test worker] DEBUG org.apache.http.wire - http-outgoing-1 << "Date: Thu, 02 Jun 2022 19:10:47 GMT[\r][\n]"
12:10:47.269 [Test worker] DEBUG org.apache.http.wire - http-outgoing-1 << "Content-Type: application/x-amz-json-1.0[\r][\n]"
12:10:47.269 [Test worker] DEBUG org.apache.http.wire - http-outgoing-1 << "Content-Length: 404[\r][\n]"
12:10:47.269 [Test worker] DEBUG org.apache.http.wire - http-outgoing-1 << "Connection: keep-alive[\r][\n]"
12:10:47.269 [Test worker] DEBUG org.apache.http.wire - http-outgoing-1 << "x-amzn-RequestId: F6L7NM5DBSCGTC02OC7QHGPA5VVV4KQNSO5AEMVJF66Q9ASUAAJG[\r][\n]"
12:10:47.269 [Test worker] DEBUG org.apache.http.wire - http-outgoing-1 << "x-amz-crc32: 2227863206[\r][\n]"
12:10:47.269 [Test worker] DEBUG org.apache.http.wire - http-outgoing-1 << "[\r][\n]"
12:10:47.269 [Test worker] DEBUG org.apache.http.wire - http-outgoing-1 << "{"Count":2,"Items":[{"publishingRecordId":{"S":"publishingstatus.d5be4ca3-5e0e-4852-a17f-4d9f005ca340"},"statusMessage":{"S":"Processing started at 2022-06-02 12:10:46.717"},"status":{"S":"IN_PROGRESS"}},{"publishingRecordId":{"S":"publishingstatus.d5be4ca3-5e0e-4852-a17f-4d9f005ca340"},"statusMessage":{"S":"Queued for publishing at 2022-06-02 12:10:46.065"},"status":{"S":"QUEUED"}}],"ScannedCount":2}"
12:10:47.270 [Test worker] DEBUG org.apache.http.headers - http-outgoing-1 << HTTP/1.1 200 OK
12:10:47.270 [Test worker] DEBUG org.apache.http.headers - http-outgoing-1 << Server: Server
12:10:47.270 [Test worker] DEBUG org.apache.http.headers - http-outgoing-1 << Date: Thu, 02 Jun 2022 19:10:47 GMT
12:10:47.270 [Test worker] DEBUG org.apache.http.headers - http-outgoing-1 << Content-Type: application/x-amz-json-1.0
12:10:47.270 [Test worker] DEBUG org.apache.http.headers - http-outgoing-1 << Content-Length: 404
12:10:47.270 [Test worker] DEBUG org.apache.http.headers - http-outgoing-1 << Connection: keep-alive
12:10:47.270 [Test worker] DEBUG org.apache.http.headers - http-outgoing-1 << x-amzn-RequestId: F6L7NM5DBSCGTC02OC7QHGPA5VVV4KQNSO5AEMVJF66Q9ASUAAJG
12:10:47.270 [Test worker] DEBUG org.apache.http.headers - http-outgoing-1 << x-amz-crc32: 2227863206
12:10:47.270 [Test worker] DEBUG org.apache.http.impl.execchain.MainClientExec - Connection can be kept alive for 60000 MILLISECONDS
12:10:47.270 [Test worker] DEBUG com.amazonaws.retry.ClockSkewAdjuster - Reported server date (from 'Date' header): Thu, 02 Jun 2022 19:10:47 GMT
12:10:47.271 [Test worker] DEBUG org.apache.http.impl.conn.PoolingHttpClientConnectionManager - Connection [id: 1][route: {s}->https://dynamodb.us-west-2.amazonaws.com:443] can be kept alive for 60.0 seconds
12:10:47.271 [Test worker] DEBUG org.apache.http.impl.conn.DefaultManagedHttpClientConnection - http-outgoing-1: set socket timeout to 0
12:10:47.271 [Test worker] DEBUG org.apache.http.impl.conn.PoolingHttpClientConnectionManager - Connection released: [id: 1][route: {s}->https://dynamodb.us-west-2.amazonaws.com:443][total available: 2; route allocated: 2 of 50; total allocated: 2 of 50]
12:10:47.271 [Test worker] DEBUG com.amazonaws.request - Received successful response: 200, AWS Request ID: F6L7NM5DBSCGTC02OC7QHGPA5VVV4KQNSO5AEMVJF66Q9ASUAAJG
12:10:47.271 [Test worker] DEBUG com.amazonaws.requestId - x-amzn-RequestId: F6L7NM5DBSCGTC02OC7QHGPA5VVV4KQNSO5AEMVJF66Q9ASUAAJG
Attempt [3]: Found record! [com.amazon.ata.kindlepublishingservice.models.PublishingStatusRecord@e59c43ee]
Waiting 15 seconds for publishing
12:10:56.768 [pool-2-thread-1] DEBUG com.amazonaws.request - Sending Request: POST https://dynamodb.us-west-2.amazonaws.com / Headers: (amz-sdk-invocation-id: 727cd09d-d0cc-fe0a-14e1-4ccfbe70f16d, Content-Length: 403, Content-Type: application/x-amz-json-1.0, User-Agent: aws-sdk-java/1.11.1020 Mac_OS_X/11.6.4 OpenJDK_64-Bit_Server_VM/11.0.13+8-LTS java/11.0.13 vendor/Amazon.com_Inc. cfg/retry-mode/legacy com.amazonaws.services.dynamodbv2.datamodeling.DynamoDBMapper/1.11.1020, X-Amz-Target: DynamoDB_20120810.UpdateItem, ) 
12:10:56.769 [pool-2-thread-1] DEBUG com.amazonaws.auth.AWS4Signer - AWS4 Canonical Request: '"POST
/

amz-sdk-invocation-id:727cd09d-d0cc-fe0a-14e1-4ccfbe70f16d
amz-sdk-request:ttl=20220602T191146Z;attempt=1;max=11
amz-sdk-retry:0/0/500
content-length:403
content-type:application/x-amz-json-1.0
host:dynamodb.us-west-2.amazonaws.com
user-agent:aws-sdk-java/1.11.1020 Mac_OS_X/11.6.4 OpenJDK_64-Bit_Server_VM/11.0.13+8-LTS java/11.0.13 vendor/Amazon.com_Inc. cfg/retry-mode/legacy com.amazonaws.services.dynamodbv2.datamodeling.DynamoDBMapper/1.11.1020
x-amz-date:20220602T191056Z
x-amz-target:DynamoDB_20120810.UpdateItem

amz-sdk-invocation-id;amz-sdk-request;amz-sdk-retry;content-length;content-type;host;user-agent;x-amz-date;x-amz-target
1f890d6f8f0a6b4a9ede309a1c63ffc1fc8ff85861c0e38b12394eddbe3d4bb9"
12:10:56.769 [pool-2-thread-1] DEBUG com.amazonaws.auth.AWS4Signer - AWS4 String to Sign: '"AWS4-HMAC-SHA256
20220602T191056Z
20220602/us-west-2/dynamodb/aws4_request
7334d832fc813972cd31b1ea2c9db7d1a055af362482c8d9eefa26293cb9934a"
12:10:56.770 [pool-2-thread-1] DEBUG org.apache.http.client.protocol.RequestAddCookies - CookieSpec selected: default
12:10:56.770 [pool-2-thread-1] DEBUG org.apache.http.client.protocol.RequestAuthCache - Auth cache not set in the context
12:10:56.770 [pool-2-thread-1] DEBUG org.apache.http.impl.conn.PoolingHttpClientConnectionManager - Connection request: [route: {s}->https://dynamodb.us-west-2.amazonaws.com:443][total available: 2; route allocated: 2 of 50; total allocated: 2 of 50]
12:10:56.771 [pool-2-thread-1] DEBUG org.apache.http.wire - http-outgoing-1 << "[read] I/O error: Read timed out"
12:10:56.771 [pool-2-thread-1] DEBUG org.apache.http.impl.conn.PoolingHttpClientConnectionManager - Connection leased: [id: 1][route: {s}->https://dynamodb.us-west-2.amazonaws.com:443][total available: 1; route allocated: 2 of 50; total allocated: 2 of 50]
12:10:56.771 [pool-2-thread-1] DEBUG org.apache.http.impl.conn.DefaultManagedHttpClientConnection - http-outgoing-1: set socket timeout to 50000
12:10:56.771 [pool-2-thread-1] DEBUG org.apache.http.impl.conn.DefaultManagedHttpClientConnection - http-outgoing-1: set socket timeout to 50000
12:10:56.771 [pool-2-thread-1] DEBUG org.apache.http.impl.execchain.MainClientExec - Executing request POST / HTTP/1.1
12:10:56.771 [pool-2-thread-1] DEBUG org.apache.http.impl.execchain.MainClientExec - Proxy auth state: UNCHALLENGED
12:10:56.772 [pool-2-thread-1] DEBUG org.apache.http.headers - http-outgoing-1 >> POST / HTTP/1.1
12:10:56.772 [pool-2-thread-1] DEBUG org.apache.http.headers - http-outgoing-1 >> Host: dynamodb.us-west-2.amazonaws.com
12:10:56.772 [pool-2-thread-1] DEBUG org.apache.http.headers - http-outgoing-1 >> amz-sdk-invocation-id: 727cd09d-d0cc-fe0a-14e1-4ccfbe70f16d
12:10:56.772 [pool-2-thread-1] DEBUG org.apache.http.headers - http-outgoing-1 >> amz-sdk-request: ttl=20220602T191146Z;attempt=1;max=11
12:10:56.772 [pool-2-thread-1] DEBUG org.apache.http.headers - http-outgoing-1 >> amz-sdk-retry: 0/0/500
12:10:56.772 [pool-2-thread-1] DEBUG org.apache.http.headers - http-outgoing-1 >> Authorization: AWS4-HMAC-SHA256 Credential=AKIA4QVT5K6IDDIUW4SY/20220602/us-west-2/dynamodb/aws4_request, SignedHeaders=amz-sdk-invocation-id;amz-sdk-request;amz-sdk-retry;content-length;content-type;host;user-agent;x-amz-date;x-amz-target, Signature=59af508b03549a6463c92848f5d67a62bb515931f7ea1e2ba458127020cd6dce
12:10:56.772 [pool-2-thread-1] DEBUG org.apache.http.headers - http-outgoing-1 >> Content-Type: application/x-amz-json-1.0
12:10:56.772 [pool-2-thread-1] DEBUG org.apache.http.headers - http-outgoing-1 >> User-Agent: aws-sdk-java/1.11.1020 Mac_OS_X/11.6.4 OpenJDK_64-Bit_Server_VM/11.0.13+8-LTS java/11.0.13 vendor/Amazon.com_Inc. cfg/retry-mode/legacy com.amazonaws.services.dynamodbv2.datamodeling.DynamoDBMapper/1.11.1020
12:10:56.772 [pool-2-thread-1] DEBUG org.apache.http.headers - http-outgoing-1 >> X-Amz-Date: 20220602T191056Z
12:10:56.772 [pool-2-thread-1] DEBUG org.apache.http.headers - http-outgoing-1 >> X-Amz-Target: DynamoDB_20120810.UpdateItem
12:10:56.772 [pool-2-thread-1] DEBUG org.apache.http.headers - http-outgoing-1 >> Content-Length: 403
12:10:56.772 [pool-2-thread-1] DEBUG org.apache.http.headers - http-outgoing-1 >> Connection: Keep-Alive
12:10:56.772 [pool-2-thread-1] DEBUG org.apache.http.wire - http-outgoing-1 >> "POST / HTTP/1.1[\r][\n]"
12:10:56.772 [pool-2-thread-1] DEBUG org.apache.http.wire - http-outgoing-1 >> "Host: dynamodb.us-west-2.amazonaws.com[\r][\n]"
12:10:56.772 [pool-2-thread-1] DEBUG org.apache.http.wire - http-outgoing-1 >> "amz-sdk-invocation-id: 727cd09d-d0cc-fe0a-14e1-4ccfbe70f16d[\r][\n]"
12:10:56.772 [pool-2-thread-1] DEBUG org.apache.http.wire - http-outgoing-1 >> "amz-sdk-request: ttl=20220602T191146Z;attempt=1;max=11[\r][\n]"
12:10:56.772 [pool-2-thread-1] DEBUG org.apache.http.wire - http-outgoing-1 >> "amz-sdk-retry: 0/0/500[\r][\n]"
12:10:56.772 [pool-2-thread-1] DEBUG org.apache.http.wire - http-outgoing-1 >> "Authorization: AWS4-HMAC-SHA256 Credential=AKIA4QVT5K6IDDIUW4SY/20220602/us-west-2/dynamodb/aws4_request, SignedHeaders=amz-sdk-invocation-id;amz-sdk-request;amz-sdk-retry;content-length;content-type;host;user-agent;x-amz-date;x-amz-target, Signature=59af508b03549a6463c92848f5d67a62bb515931f7ea1e2ba458127020cd6dce[\r][\n]"
12:10:56.772 [pool-2-thread-1] DEBUG org.apache.http.wire - http-outgoing-1 >> "Content-Type: application/x-amz-json-1.0[\r][\n]"
12:10:56.772 [pool-2-thread-1] DEBUG org.apache.http.wire - http-outgoing-1 >> "User-Agent: aws-sdk-java/1.11.1020 Mac_OS_X/11.6.4 OpenJDK_64-Bit_Server_VM/11.0.13+8-LTS java/11.0.13 vendor/Amazon.com_Inc. cfg/retry-mode/legacy com.amazonaws.services.dynamodbv2.datamodeling.DynamoDBMapper/1.11.1020[\r][\n]"
12:10:56.772 [pool-2-thread-1] DEBUG org.apache.http.wire - http-outgoing-1 >> "X-Amz-Date: 20220602T191056Z[\r][\n]"
12:10:56.772 [pool-2-thread-1] DEBUG org.apache.http.wire - http-outgoing-1 >> "X-Amz-Target: DynamoDB_20120810.UpdateItem[\r][\n]"
12:10:56.772 [pool-2-thread-1] DEBUG org.apache.http.wire - http-outgoing-1 >> "Content-Length: 403[\r][\n]"
12:10:56.772 [pool-2-thread-1] DEBUG org.apache.http.wire - http-outgoing-1 >> "Connection: Keep-Alive[\r][\n]"
12:10:56.772 [pool-2-thread-1] DEBUG org.apache.http.wire - http-outgoing-1 >> "[\r][\n]"
12:10:56.772 [pool-2-thread-1] DEBUG org.apache.http.wire - http-outgoing-1 >> "{"TableName":"CatalogItemVersions","Key":{"version":{"N":"1"},"bookId":{"S":"book.a360139e-74d1-49cf-8fdb-3c214b115cd0"}},"AttributeUpdates":{"inactive":{"Value":{"N":"0"},"Action":"PUT"},"author":{"Value":{"S":"author"},"Action":"PUT"},"genre":{"Value":{"S":"TRAVEL"},"Action":"PUT"},"text":{"Value":{"S":"text"},"Action":"PUT"},"title":{"Value":{"S":"title"},"Action":"PUT"}},"ReturnValues":"ALL_NEW"}"
12:10:56.806 [pool-2-thread-1] DEBUG org.apache.http.wire - http-outgoing-1 << "HTTP/1.1 200 OK[\r][\n]"
12:10:56.806 [pool-2-thread-1] DEBUG org.apache.http.wire - http-outgoing-1 << "Server: Server[\r][\n]"
12:10:56.806 [pool-2-thread-1] DEBUG org.apache.http.wire - http-outgoing-1 << "Date: Thu, 02 Jun 2022 19:10:56 GMT[\r][\n]"
12:10:56.806 [pool-2-thread-1] DEBUG org.apache.http.wire - http-outgoing-1 << "Content-Type: application/x-amz-json-1.0[\r][\n]"
12:10:56.806 [pool-2-thread-1] DEBUG org.apache.http.wire - http-outgoing-1 << "Content-Length: 205[\r][\n]"
12:10:56.806 [pool-2-thread-1] DEBUG org.apache.http.wire - http-outgoing-1 << "Connection: keep-alive[\r][\n]"
12:10:56.806 [pool-2-thread-1] DEBUG org.apache.http.wire - http-outgoing-1 << "x-amzn-RequestId: 1N4Q4EP32BFQGKAF8O1GVJ1FUVVV4KQNSO5AEMVJF66Q9ASUAAJG[\r][\n]"
12:10:56.806 [pool-2-thread-1] DEBUG org.apache.http.wire - http-outgoing-1 << "x-amz-crc32: 2832816917[\r][\n]"
12:10:56.806 [pool-2-thread-1] DEBUG org.apache.http.wire - http-outgoing-1 << "[\r][\n]"
12:10:56.806 [pool-2-thread-1] DEBUG org.apache.http.wire - http-outgoing-1 << "{"Attributes":{"inactive":{"N":"0"},"version":{"N":"1"},"bookId":{"S":"book.a360139e-74d1-49cf-8fdb-3c214b115cd0"},"text":{"S":"text"},"genre":{"S":"TRAVEL"},"title":{"S":"title"},"author":{"S":"author"}}}"
12:10:56.806 [pool-2-thread-1] DEBUG org.apache.http.headers - http-outgoing-1 << HTTP/1.1 200 OK
12:10:56.807 [pool-2-thread-1] DEBUG org.apache.http.headers - http-outgoing-1 << Server: Server
12:10:56.807 [pool-2-thread-1] DEBUG org.apache.http.headers - http-outgoing-1 << Date: Thu, 02 Jun 2022 19:10:56 GMT
12:10:56.807 [pool-2-thread-1] DEBUG org.apache.http.headers - http-outgoing-1 << Content-Type: application/x-amz-json-1.0
12:10:56.807 [pool-2-thread-1] DEBUG org.apache.http.headers - http-outgoing-1 << Content-Length: 205
12:10:56.807 [pool-2-thread-1] DEBUG org.apache.http.headers - http-outgoing-1 << Connection: keep-alive
12:10:56.807 [pool-2-thread-1] DEBUG org.apache.http.headers - http-outgoing-1 << x-amzn-RequestId: 1N4Q4EP32BFQGKAF8O1GVJ1FUVVV4KQNSO5AEMVJF66Q9ASUAAJG
12:10:56.807 [pool-2-thread-1] DEBUG org.apache.http.headers - http-outgoing-1 << x-amz-crc32: 2832816917
12:10:56.807 [pool-2-thread-1] DEBUG org.apache.http.impl.execchain.MainClientExec - Connection can be kept alive for 60000 MILLISECONDS
12:10:56.807 [pool-2-thread-1] DEBUG com.amazonaws.retry.ClockSkewAdjuster - Reported server date (from 'Date' header): Thu, 02 Jun 2022 19:10:56 GMT
12:10:56.808 [pool-2-thread-1] DEBUG org.apache.http.impl.conn.PoolingHttpClientConnectionManager - Connection [id: 1][route: {s}->https://dynamodb.us-west-2.amazonaws.com:443] can be kept alive for 60.0 seconds
12:10:56.808 [pool-2-thread-1] DEBUG org.apache.http.impl.conn.DefaultManagedHttpClientConnection - http-outgoing-1: set socket timeout to 0
12:10:56.808 [pool-2-thread-1] DEBUG org.apache.http.impl.conn.PoolingHttpClientConnectionManager - Connection released: [id: 1][route: {s}->https://dynamodb.us-west-2.amazonaws.com:443][total available: 2; route allocated: 2 of 50; total allocated: 2 of 50]
12:10:56.808 [pool-2-thread-1] DEBUG com.amazonaws.request - Received successful response: 200, AWS Request ID: 1N4Q4EP32BFQGKAF8O1GVJ1FUVVV4KQNSO5AEMVJF66Q9ASUAAJG
12:10:56.808 [pool-2-thread-1] DEBUG com.amazonaws.requestId - x-amzn-RequestId: 1N4Q4EP32BFQGKAF8O1GVJ1FUVVV4KQNSO5AEMVJF66Q9ASUAAJG
12:10:56.809 [pool-2-thread-1] DEBUG com.amazonaws.request - Sending Request: POST https://dynamodb.us-west-2.amazonaws.com / Headers: (amz-sdk-invocation-id: 1902a83a-47fe-4d6d-c79d-1b16e3db4563, Content-Length: 372, Content-Type: application/x-amz-json-1.0, User-Agent: aws-sdk-java/1.11.1020 Mac_OS_X/11.6.4 OpenJDK_64-Bit_Server_VM/11.0.13+8-LTS java/11.0.13 vendor/Amazon.com_Inc. cfg/retry-mode/legacy com.amazonaws.services.dynamodbv2.datamodeling.DynamoDBMapper/1.11.1020, X-Amz-Target: DynamoDB_20120810.UpdateItem, ) 
12:10:56.810 [pool-2-thread-1] DEBUG com.amazonaws.auth.AWS4Signer - AWS4 Canonical Request: '"POST
/

amz-sdk-invocation-id:1902a83a-47fe-4d6d-c79d-1b16e3db4563
amz-sdk-request:ttl=20220602T191146Z;attempt=1;max=11
amz-sdk-retry:0/0/500
content-length:372
content-type:application/x-amz-json-1.0
host:dynamodb.us-west-2.amazonaws.com
user-agent:aws-sdk-java/1.11.1020 Mac_OS_X/11.6.4 OpenJDK_64-Bit_Server_VM/11.0.13+8-LTS java/11.0.13 vendor/Amazon.com_Inc. cfg/retry-mode/legacy com.amazonaws.services.dynamodbv2.datamodeling.DynamoDBMapper/1.11.1020
x-amz-date:20220602T191056Z
x-amz-target:DynamoDB_20120810.UpdateItem

amz-sdk-invocation-id;amz-sdk-request;amz-sdk-retry;content-length;content-type;host;user-agent;x-amz-date;x-amz-target
dcf066f5a254820a04f4898b63f93dca50234605d2ed7f6f10d54bfafaf2abb0"
12:10:56.810 [pool-2-thread-1] DEBUG com.amazonaws.auth.AWS4Signer - AWS4 String to Sign: '"AWS4-HMAC-SHA256
20220602T191056Z
20220602/us-west-2/dynamodb/aws4_request
2060a0e4481677df3236c4fb353df400addb06c681eec0612cdf97b4be5abf09"
12:10:56.810 [pool-2-thread-1] DEBUG org.apache.http.client.protocol.RequestAddCookies - CookieSpec selected: default
12:10:56.810 [pool-2-thread-1] DEBUG org.apache.http.client.protocol.RequestAuthCache - Auth cache not set in the context
12:10:56.811 [pool-2-thread-1] DEBUG org.apache.http.impl.conn.PoolingHttpClientConnectionManager - Connection request: [route: {s}->https://dynamodb.us-west-2.amazonaws.com:443][total available: 2; route allocated: 2 of 50; total allocated: 2 of 50]
12:10:56.811 [pool-2-thread-1] DEBUG org.apache.http.impl.conn.PoolingHttpClientConnectionManager - Connection leased: [id: 1][route: {s}->https://dynamodb.us-west-2.amazonaws.com:443][total available: 1; route allocated: 2 of 50; total allocated: 2 of 50]
12:10:56.811 [pool-2-thread-1] DEBUG org.apache.http.impl.conn.DefaultManagedHttpClientConnection - http-outgoing-1: set socket timeout to 50000
12:10:56.811 [pool-2-thread-1] DEBUG org.apache.http.impl.conn.DefaultManagedHttpClientConnection - http-outgoing-1: set socket timeout to 50000
12:10:56.811 [pool-2-thread-1] DEBUG org.apache.http.impl.execchain.MainClientExec - Executing request POST / HTTP/1.1
12:10:56.811 [pool-2-thread-1] DEBUG org.apache.http.impl.execchain.MainClientExec - Proxy auth state: UNCHALLENGED
12:10:56.811 [pool-2-thread-1] DEBUG org.apache.http.headers - http-outgoing-1 >> POST / HTTP/1.1
12:10:56.811 [pool-2-thread-1] DEBUG org.apache.http.headers - http-outgoing-1 >> Host: dynamodb.us-west-2.amazonaws.com
12:10:56.811 [pool-2-thread-1] DEBUG org.apache.http.headers - http-outgoing-1 >> amz-sdk-invocation-id: 1902a83a-47fe-4d6d-c79d-1b16e3db4563
12:10:56.811 [pool-2-thread-1] DEBUG org.apache.http.headers - http-outgoing-1 >> amz-sdk-request: ttl=20220602T191146Z;attempt=1;max=11
12:10:56.811 [pool-2-thread-1] DEBUG org.apache.http.headers - http-outgoing-1 >> amz-sdk-retry: 0/0/500
12:10:56.811 [pool-2-thread-1] DEBUG org.apache.http.headers - http-outgoing-1 >> Authorization: AWS4-HMAC-SHA256 Credential=AKIA4QVT5K6IDDIUW4SY/20220602/us-west-2/dynamodb/aws4_request, SignedHeaders=amz-sdk-invocation-id;amz-sdk-request;amz-sdk-retry;content-length;content-type;host;user-agent;x-amz-date;x-amz-target, Signature=33569ce44cae0b7016f8d0b0b0dbe48dc8f27dd947254de1a01ca50a071c06b3
12:10:56.811 [pool-2-thread-1] DEBUG org.apache.http.headers - http-outgoing-1 >> Content-Type: application/x-amz-json-1.0
12:10:56.811 [pool-2-thread-1] DEBUG org.apache.http.headers - http-outgoing-1 >> User-Agent: aws-sdk-java/1.11.1020 Mac_OS_X/11.6.4 OpenJDK_64-Bit_Server_VM/11.0.13+8-LTS java/11.0.13 vendor/Amazon.com_Inc. cfg/retry-mode/legacy com.amazonaws.services.dynamodbv2.datamodeling.DynamoDBMapper/1.11.1020
12:10:56.811 [pool-2-thread-1] DEBUG org.apache.http.headers - http-outgoing-1 >> X-Amz-Date: 20220602T191056Z
12:10:56.811 [pool-2-thread-1] DEBUG org.apache.http.headers - http-outgoing-1 >> X-Amz-Target: DynamoDB_20120810.UpdateItem
12:10:56.811 [pool-2-thread-1] DEBUG org.apache.http.headers - http-outgoing-1 >> Content-Length: 372
12:10:56.811 [pool-2-thread-1] DEBUG org.apache.http.headers - http-outgoing-1 >> Connection: Keep-Alive
12:10:56.811 [pool-2-thread-1] DEBUG org.apache.http.wire - http-outgoing-1 >> "POST / HTTP/1.1[\r][\n]"
12:10:56.811 [pool-2-thread-1] DEBUG org.apache.http.wire - http-outgoing-1 >> "Host: dynamodb.us-west-2.amazonaws.com[\r][\n]"
12:10:56.811 [pool-2-thread-1] DEBUG org.apache.http.wire - http-outgoing-1 >> "amz-sdk-invocation-id: 1902a83a-47fe-4d6d-c79d-1b16e3db4563[\r][\n]"
12:10:56.811 [pool-2-thread-1] DEBUG org.apache.http.wire - http-outgoing-1 >> "amz-sdk-request: ttl=20220602T191146Z;attempt=1;max=11[\r][\n]"
12:10:56.811 [pool-2-thread-1] DEBUG org.apache.http.wire - http-outgoing-1 >> "amz-sdk-retry: 0/0/500[\r][\n]"
12:10:56.812 [pool-2-thread-1] DEBUG org.apache.http.wire - http-outgoing-1 >> "Authorization: AWS4-HMAC-SHA256 Credential=AKIA4QVT5K6IDDIUW4SY/20220602/us-west-2/dynamodb/aws4_request, SignedHeaders=amz-sdk-invocation-id;amz-sdk-request;amz-sdk-retry;content-length;content-type;host;user-agent;x-amz-date;x-amz-target, Signature=33569ce44cae0b7016f8d0b0b0dbe48dc8f27dd947254de1a01ca50a071c06b3[\r][\n]"
12:10:56.812 [pool-2-thread-1] DEBUG org.apache.http.wire - http-outgoing-1 >> "Content-Type: application/x-amz-json-1.0[\r][\n]"
12:10:56.812 [pool-2-thread-1] DEBUG org.apache.http.wire - http-outgoing-1 >> "User-Agent: aws-sdk-java/1.11.1020 Mac_OS_X/11.6.4 OpenJDK_64-Bit_Server_VM/11.0.13+8-LTS java/11.0.13 vendor/Amazon.com_Inc. cfg/retry-mode/legacy com.amazonaws.services.dynamodbv2.datamodeling.DynamoDBMapper/1.11.1020[\r][\n]"
12:10:56.812 [pool-2-thread-1] DEBUG org.apache.http.wire - http-outgoing-1 >> "X-Amz-Date: 20220602T191056Z[\r][\n]"
12:10:56.812 [pool-2-thread-1] DEBUG org.apache.http.wire - http-outgoing-1 >> "X-Amz-Target: DynamoDB_20120810.UpdateItem[\r][\n]"
12:10:56.812 [pool-2-thread-1] DEBUG org.apache.http.wire - http-outgoing-1 >> "Content-Length: 372[\r][\n]"
12:10:56.812 [pool-2-thread-1] DEBUG org.apache.http.wire - http-outgoing-1 >> "Connection: Keep-Alive[\r][\n]"
12:10:56.812 [pool-2-thread-1] DEBUG org.apache.http.wire - http-outgoing-1 >> "[\r][\n]"
12:10:56.812 [pool-2-thread-1] DEBUG org.apache.http.wire - http-outgoing-1 >> "{"TableName":"PublishingStatus","Key":{"publishingRecordId":{"S":"publishingstatus.d5be4ca3-5e0e-4852-a17f-4d9f005ca340"},"status":{"S":"SUCCESSFUL"}},"AttributeUpdates":{"statusMessage":{"Value":{"S":"Book published at 2022-06-02 12:10:56.808"},"Action":"PUT"},"bookId":{"Value":{"S":"book.a360139e-74d1-49cf-8fdb-3c214b115cd0"},"Action":"PUT"}},"ReturnValues":"ALL_NEW"}"
12:10:56.880 [pool-2-thread-1] DEBUG org.apache.http.wire - http-outgoing-1 << "HTTP/1.1 200 OK[\r][\n]"
12:10:56.881 [pool-2-thread-1] DEBUG org.apache.http.wire - http-outgoing-1 << "Server: Server[\r][\n]"
12:10:56.881 [pool-2-thread-1] DEBUG org.apache.http.wire - http-outgoing-1 << "Date: Thu, 02 Jun 2022 19:10:57 GMT[\r][\n]"
12:10:56.881 [pool-2-thread-1] DEBUG org.apache.http.wire - http-outgoing-1 << "Content-Type: application/x-amz-json-1.0[\r][\n]"
12:10:56.881 [pool-2-thread-1] DEBUG org.apache.http.wire - http-outgoing-1 << "Content-Length: 252[\r][\n]"
12:10:56.881 [pool-2-thread-1] DEBUG org.apache.http.wire - http-outgoing-1 << "Connection: keep-alive[\r][\n]"
12:10:56.881 [pool-2-thread-1] DEBUG org.apache.http.wire - http-outgoing-1 << "x-amzn-RequestId: 28GOFT77R0RQFTUH1E9DHCJ8DFVV4KQNSO5AEMVJF66Q9ASUAAJG[\r][\n]"
12:10:56.881 [pool-2-thread-1] DEBUG org.apache.http.wire - http-outgoing-1 << "x-amz-crc32: 3969266801[\r][\n]"
12:10:56.881 [pool-2-thread-1] DEBUG org.apache.http.wire - http-outgoing-1 << "[\r][\n]"
12:10:56.881 [pool-2-thread-1] DEBUG org.apache.http.wire - http-outgoing-1 << "{"Attributes":{"publishingRecordId":{"S":"publishingstatus.d5be4ca3-5e0e-4852-a17f-4d9f005ca340"},"bookId":{"S":"book.a360139e-74d1-49cf-8fdb-3c214b115cd0"},"statusMessage":{"S":"Book published at 2022-06-02 12:10:56.808"},"status":{"S":"SUCCESSFUL"}}}"
12:10:56.881 [pool-2-thread-1] DEBUG org.apache.http.headers - http-outgoing-1 << HTTP/1.1 200 OK
12:10:56.881 [pool-2-thread-1] DEBUG org.apache.http.headers - http-outgoing-1 << Server: Server
12:10:56.881 [pool-2-thread-1] DEBUG org.apache.http.headers - http-outgoing-1 << Date: Thu, 02 Jun 2022 19:10:57 GMT
12:10:56.881 [pool-2-thread-1] DEBUG org.apache.http.headers - http-outgoing-1 << Content-Type: application/x-amz-json-1.0
12:10:56.881 [pool-2-thread-1] DEBUG org.apache.http.headers - http-outgoing-1 << Content-Length: 252
12:10:56.881 [pool-2-thread-1] DEBUG org.apache.http.headers - http-outgoing-1 << Connection: keep-alive
12:10:56.881 [pool-2-thread-1] DEBUG org.apache.http.headers - http-outgoing-1 << x-amzn-RequestId: 28GOFT77R0RQFTUH1E9DHCJ8DFVV4KQNSO5AEMVJF66Q9ASUAAJG
12:10:56.881 [pool-2-thread-1] DEBUG org.apache.http.headers - http-outgoing-1 << x-amz-crc32: 3969266801
12:10:56.881 [pool-2-thread-1] DEBUG org.apache.http.impl.execchain.MainClientExec - Connection can be kept alive for 60000 MILLISECONDS
12:10:56.882 [pool-2-thread-1] DEBUG com.amazonaws.retry.ClockSkewAdjuster - Reported server date (from 'Date' header): Thu, 02 Jun 2022 19:10:57 GMT
12:10:56.882 [pool-2-thread-1] DEBUG org.apache.http.impl.conn.PoolingHttpClientConnectionManager - Connection [id: 1][route: {s}->https://dynamodb.us-west-2.amazonaws.com:443] can be kept alive for 60.0 seconds
12:10:56.882 [pool-2-thread-1] DEBUG org.apache.http.impl.conn.DefaultManagedHttpClientConnection - http-outgoing-1: set socket timeout to 0
12:10:56.882 [pool-2-thread-1] DEBUG org.apache.http.impl.conn.PoolingHttpClientConnectionManager - Connection released: [id: 1][route: {s}->https://dynamodb.us-west-2.amazonaws.com:443][total available: 2; route allocated: 2 of 50; total allocated: 2 of 50]
12:10:56.882 [pool-2-thread-1] DEBUG com.amazonaws.request - Received successful response: 200, AWS Request ID: 28GOFT77R0RQFTUH1E9DHCJ8DFVV4KQNSO5AEMVJF66Q9ASUAAJG
12:10:56.882 [pool-2-thread-1] DEBUG com.amazonaws.requestId - x-amzn-RequestId: 28GOFT77R0RQFTUH1E9DHCJ8DFVV4KQNSO5AEMVJF66Q9ASUAAJG
BookPublishingTask is running!!!
BookPublishingTask is running!!!
BookPublishingTask is running!!!
BookPublishingTask is running!!!
BookPublishingTask is running!!!
Looking for publish request with ID publishingstatus.d5be4ca3-5e0e-4852-a17f-4d9f005ca340 in SUCCESSFUL status.
Making 10 attempts with 500 ms in between attempts.
Attempt [1]: Calling GetPublishingStatus
12:11:02.275 [Test worker] DEBUG com.amazonaws.request - Sending Request: POST https://dynamodb.us-west-2.amazonaws.com / Headers: (amz-sdk-invocation-id: 433ced32-e328-a702-7291-f2f9eeab7092, Content-Length: 260, Content-Type: application/x-amz-json-1.0, User-Agent: aws-sdk-java/1.11.1020 Mac_OS_X/11.6.4 OpenJDK_64-Bit_Server_VM/11.0.13+8-LTS java/11.0.13 vendor/Amazon.com_Inc. cfg/retry-mode/legacy com.amazonaws.services.dynamodbv2.datamodeling.DynamoDBMapper/1.11.1020, X-Amz-Target: DynamoDB_20120810.Query, ) 
12:11:02.276 [Test worker] DEBUG com.amazonaws.auth.AWS4Signer - AWS4 Canonical Request: '"POST
/

amz-sdk-invocation-id:433ced32-e328-a702-7291-f2f9eeab7092
amz-sdk-request:ttl=20220602T191152Z;attempt=1;max=11
amz-sdk-retry:0/0/500
content-length:260
content-type:application/x-amz-json-1.0
host:dynamodb.us-west-2.amazonaws.com
user-agent:aws-sdk-java/1.11.1020 Mac_OS_X/11.6.4 OpenJDK_64-Bit_Server_VM/11.0.13+8-LTS java/11.0.13 vendor/Amazon.com_Inc. cfg/retry-mode/legacy com.amazonaws.services.dynamodbv2.datamodeling.DynamoDBMapper/1.11.1020
x-amz-date:20220602T191102Z
x-amz-target:DynamoDB_20120810.Query

amz-sdk-invocation-id;amz-sdk-request;amz-sdk-retry;content-length;content-type;host;user-agent;x-amz-date;x-amz-target
013f7e7edec603175de8a32a577a8f3ba844b6f1a2f6026aa01d8969dffa4f42"
12:11:02.276 [Test worker] DEBUG com.amazonaws.auth.AWS4Signer - AWS4 String to Sign: '"AWS4-HMAC-SHA256
20220602T191102Z
20220602/us-west-2/dynamodb/aws4_request
57ff359cb854c51b472506fff9bd0d11dd3e8e96038c9883dedbe4c72c1527e3"
12:11:02.277 [Test worker] DEBUG org.apache.http.client.protocol.RequestAddCookies - CookieSpec selected: default
12:11:02.277 [Test worker] DEBUG org.apache.http.client.protocol.RequestAuthCache - Auth cache not set in the context
12:11:02.277 [Test worker] DEBUG org.apache.http.impl.conn.PoolingHttpClientConnectionManager - Connection request: [route: {s}->https://dynamodb.us-west-2.amazonaws.com:443][total available: 2; route allocated: 2 of 50; total allocated: 2 of 50]
12:11:02.278 [Test worker] DEBUG org.apache.http.wire - http-outgoing-1 << "[read] I/O error: Read timed out"
12:11:02.278 [Test worker] DEBUG org.apache.http.impl.conn.PoolingHttpClientConnectionManager - Connection leased: [id: 1][route: {s}->https://dynamodb.us-west-2.amazonaws.com:443][total available: 1; route allocated: 2 of 50; total allocated: 2 of 50]
12:11:02.278 [Test worker] DEBUG org.apache.http.impl.conn.DefaultManagedHttpClientConnection - http-outgoing-1: set socket timeout to 50000
12:11:02.278 [Test worker] DEBUG org.apache.http.impl.conn.DefaultManagedHttpClientConnection - http-outgoing-1: set socket timeout to 50000
12:11:02.279 [Test worker] DEBUG org.apache.http.impl.execchain.MainClientExec - Executing request POST / HTTP/1.1
12:11:02.279 [Test worker] DEBUG org.apache.http.impl.execchain.MainClientExec - Proxy auth state: UNCHALLENGED
12:11:02.279 [Test worker] DEBUG org.apache.http.headers - http-outgoing-1 >> POST / HTTP/1.1
12:11:02.279 [Test worker] DEBUG org.apache.http.headers - http-outgoing-1 >> Host: dynamodb.us-west-2.amazonaws.com
12:11:02.279 [Test worker] DEBUG org.apache.http.headers - http-outgoing-1 >> amz-sdk-invocation-id: 433ced32-e328-a702-7291-f2f9eeab7092
12:11:02.279 [Test worker] DEBUG org.apache.http.headers - http-outgoing-1 >> amz-sdk-request: ttl=20220602T191152Z;attempt=1;max=11
12:11:02.279 [Test worker] DEBUG org.apache.http.headers - http-outgoing-1 >> amz-sdk-retry: 0/0/500
12:11:02.279 [Test worker] DEBUG org.apache.http.headers - http-outgoing-1 >> Authorization: AWS4-HMAC-SHA256 Credential=AKIA4QVT5K6IDDIUW4SY/20220602/us-west-2/dynamodb/aws4_request, SignedHeaders=amz-sdk-invocation-id;amz-sdk-request;amz-sdk-retry;content-length;content-type;host;user-agent;x-amz-date;x-amz-target, Signature=e3d0381b0c9ec3e0acc2eec4118797eed5bf3c482b3f6c0eecb2e5f08f13b882
12:11:02.279 [Test worker] DEBUG org.apache.http.headers - http-outgoing-1 >> Content-Type: application/x-amz-json-1.0
12:11:02.279 [Test worker] DEBUG org.apache.http.headers - http-outgoing-1 >> User-Agent: aws-sdk-java/1.11.1020 Mac_OS_X/11.6.4 OpenJDK_64-Bit_Server_VM/11.0.13+8-LTS java/11.0.13 vendor/Amazon.com_Inc. cfg/retry-mode/legacy com.amazonaws.services.dynamodbv2.datamodeling.DynamoDBMapper/1.11.1020
12:11:02.279 [Test worker] DEBUG org.apache.http.headers - http-outgoing-1 >> X-Amz-Date: 20220602T191102Z
12:11:02.279 [Test worker] DEBUG org.apache.http.headers - http-outgoing-1 >> X-Amz-Target: DynamoDB_20120810.Query
12:11:02.279 [Test worker] DEBUG org.apache.http.headers - http-outgoing-1 >> Content-Length: 260
12:11:02.279 [Test worker] DEBUG org.apache.http.headers - http-outgoing-1 >> Connection: Keep-Alive
12:11:02.279 [Test worker] DEBUG org.apache.http.wire - http-outgoing-1 >> "POST / HTTP/1.1[\r][\n]"
12:11:02.279 [Test worker] DEBUG org.apache.http.wire - http-outgoing-1 >> "Host: dynamodb.us-west-2.amazonaws.com[\r][\n]"
12:11:02.279 [Test worker] DEBUG org.apache.http.wire - http-outgoing-1 >> "amz-sdk-invocation-id: 433ced32-e328-a702-7291-f2f9eeab7092[\r][\n]"
12:11:02.279 [Test worker] DEBUG org.apache.http.wire - http-outgoing-1 >> "amz-sdk-request: ttl=20220602T191152Z;attempt=1;max=11[\r][\n]"
12:11:02.279 [Test worker] DEBUG org.apache.http.wire - http-outgoing-1 >> "amz-sdk-retry: 0/0/500[\r][\n]"
12:11:02.279 [Test worker] DEBUG org.apache.http.wire - http-outgoing-1 >> "Authorization: AWS4-HMAC-SHA256 Credential=AKIA4QVT5K6IDDIUW4SY/20220602/us-west-2/dynamodb/aws4_request, SignedHeaders=amz-sdk-invocation-id;amz-sdk-request;amz-sdk-retry;content-length;content-type;host;user-agent;x-amz-date;x-amz-target, Signature=e3d0381b0c9ec3e0acc2eec4118797eed5bf3c482b3f6c0eecb2e5f08f13b882[\r][\n]"
12:11:02.279 [Test worker] DEBUG org.apache.http.wire - http-outgoing-1 >> "Content-Type: application/x-amz-json-1.0[\r][\n]"
12:11:02.279 [Test worker] DEBUG org.apache.http.wire - http-outgoing-1 >> "User-Agent: aws-sdk-java/1.11.1020 Mac_OS_X/11.6.4 OpenJDK_64-Bit_Server_VM/11.0.13+8-LTS java/11.0.13 vendor/Amazon.com_Inc. cfg/retry-mode/legacy com.amazonaws.services.dynamodbv2.datamodeling.DynamoDBMapper/1.11.1020[\r][\n]"
12:11:02.280 [Test worker] DEBUG org.apache.http.wire - http-outgoing-1 >> "X-Amz-Date: 20220602T191102Z[\r][\n]"
12:11:02.280 [Test worker] DEBUG org.apache.http.wire - http-outgoing-1 >> "X-Amz-Target: DynamoDB_20120810.Query[\r][\n]"
12:11:02.280 [Test worker] DEBUG org.apache.http.wire - http-outgoing-1 >> "Content-Length: 260[\r][\n]"
12:11:02.280 [Test worker] DEBUG org.apache.http.wire - http-outgoing-1 >> "Connection: Keep-Alive[\r][\n]"
12:11:02.280 [Test worker] DEBUG org.apache.http.wire - http-outgoing-1 >> "[\r][\n]"
12:11:02.280 [Test worker] DEBUG org.apache.http.wire - http-outgoing-1 >> "{"TableName":"PublishingStatus","ConsistentRead":true,"ScanIndexForward":true,"KeyConditionExpression":"publishingRecordId = :publishingRecordId","ExpressionAttributeValues":{":publishingRecordId":{"S":"publishingstatus.d5be4ca3-5e0e-4852-a17f-4d9f005ca340"}}}"
12:11:02.313 [Test worker] DEBUG org.apache.http.wire - http-outgoing-1 << "HTTP/1.1 200 OK[\r][\n]"
12:11:02.313 [Test worker] DEBUG org.apache.http.wire - http-outgoing-1 << "Server: Server[\r][\n]"
12:11:02.313 [Test worker] DEBUG org.apache.http.wire - http-outgoing-1 << "Date: Thu, 02 Jun 2022 19:11:02 GMT[\r][\n]"
12:11:02.313 [Test worker] DEBUG org.apache.http.wire - http-outgoing-1 << "Content-Type: application/x-amz-json-1.0[\r][\n]"
12:11:02.313 [Test worker] DEBUG org.apache.http.wire - http-outgoing-1 << "Content-Length: 642[\r][\n]"
12:11:02.313 [Test worker] DEBUG org.apache.http.wire - http-outgoing-1 << "Connection: keep-alive[\r][\n]"
12:11:02.314 [Test worker] DEBUG org.apache.http.wire - http-outgoing-1 << "x-amzn-RequestId: RN729VAJPHNE7F989DBM8TVD1RVV4KQNSO5AEMVJF66Q9ASUAAJG[\r][\n]"
12:11:02.314 [Test worker] DEBUG org.apache.http.wire - http-outgoing-1 << "x-amz-crc32: 979557919[\r][\n]"
12:11:02.314 [Test worker] DEBUG org.apache.http.wire - http-outgoing-1 << "[\r][\n]"
12:11:02.314 [Test worker] DEBUG org.apache.http.wire - http-outgoing-1 << "{"Count":3,"Items":[{"publishingRecordId":{"S":"publishingstatus.d5be4ca3-5e0e-4852-a17f-4d9f005ca340"},"statusMessage":{"S":"Processing started at 2022-06-02 12:10:46.717"},"status":{"S":"IN_PROGRESS"}},{"publishingRecordId":{"S":"publishingstatus.d5be4ca3-5e0e-4852-a17f-4d9f005ca340"},"statusMessage":{"S":"Queued for publishing at 2022-06-02 12:10:46.065"},"status":{"S":"QUEUED"}},{"publishingRecordId":{"S":"publishingstatus.d5be4ca3-5e0e-4852-a17f-4d9f005ca340"},"bookId":{"S":"book.a360139e-74d1-49cf-8fdb-3c214b115cd0"},"statusMessage":{"S":"Book published at 2022-06-02 12:10:56.808"},"status":{"S":"SUCCESSFUL"}}],"ScannedCount":3}"
12:11:02.314 [Test worker] DEBUG org.apache.http.headers - http-outgoing-1 << HTTP/1.1 200 OK
12:11:02.314 [Test worker] DEBUG org.apache.http.headers - http-outgoing-1 << Server: Server
12:11:02.314 [Test worker] DEBUG org.apache.http.headers - http-outgoing-1 << Date: Thu, 02 Jun 2022 19:11:02 GMT
12:11:02.314 [Test worker] DEBUG org.apache.http.headers - http-outgoing-1 << Content-Type: application/x-amz-json-1.0
12:11:02.314 [Test worker] DEBUG org.apache.http.headers - http-outgoing-1 << Content-Length: 642
12:11:02.314 [Test worker] DEBUG org.apache.http.headers - http-outgoing-1 << Connection: keep-alive
12:11:02.314 [Test worker] DEBUG org.apache.http.headers - http-outgoing-1 << x-amzn-RequestId: RN729VAJPHNE7F989DBM8TVD1RVV4KQNSO5AEMVJF66Q9ASUAAJG
12:11:02.314 [Test worker] DEBUG org.apache.http.headers - http-outgoing-1 << x-amz-crc32: 979557919
12:11:02.314 [Test worker] DEBUG org.apache.http.impl.execchain.MainClientExec - Connection can be kept alive for 60000 MILLISECONDS
12:11:02.314 [Test worker] DEBUG com.amazonaws.retry.ClockSkewAdjuster - Reported server date (from 'Date' header): Thu, 02 Jun 2022 19:11:02 GMT
12:11:02.315 [Test worker] DEBUG org.apache.http.impl.conn.PoolingHttpClientConnectionManager - Connection [id: 1][route: {s}->https://dynamodb.us-west-2.amazonaws.com:443] can be kept alive for 60.0 seconds
12:11:02.315 [Test worker] DEBUG org.apache.http.impl.conn.DefaultManagedHttpClientConnection - http-outgoing-1: set socket timeout to 0
12:11:02.315 [Test worker] DEBUG org.apache.http.impl.conn.PoolingHttpClientConnectionManager - Connection released: [id: 1][route: {s}->https://dynamodb.us-west-2.amazonaws.com:443][total available: 2; route allocated: 2 of 50; total allocated: 2 of 50]
12:11:02.315 [Test worker] DEBUG com.amazonaws.request - Received successful response: 200, AWS Request ID: RN729VAJPHNE7F989DBM8TVD1RVV4KQNSO5AEMVJF66Q9ASUAAJG
12:11:02.315 [Test worker] DEBUG com.amazonaws.requestId - x-amzn-RequestId: RN729VAJPHNE7F989DBM8TVD1RVV4KQNSO5AEMVJF66Q9ASUAAJG
Attempt [1]: Found record! [com.amazon.ata.kindlepublishingservice.models.PublishingStatusRecord@dec51e0a]
12:11:02.316 [Test worker] DEBUG com.amazonaws.request - Sending Request: POST https://dynamodb.us-west-2.amazonaws.com / Headers: (amz-sdk-invocation-id: aaac89f8-8565-fcec-ca59-f1646feea8a8, Content-Length: 220, Content-Type: application/x-amz-json-1.0, User-Agent: aws-sdk-java/1.11.1020 Mac_OS_X/11.6.4 OpenJDK_64-Bit_Server_VM/11.0.13+8-LTS java/11.0.13 vendor/Amazon.com_Inc. cfg/retry-mode/legacy com.amazonaws.services.dynamodbv2.datamodeling.DynamoDBMapper/1.11.1020, X-Amz-Target: DynamoDB_20120810.Query, ) 
12:11:02.317 [Test worker] DEBUG com.amazonaws.auth.AWS4Signer - AWS4 Canonical Request: '"POST
/

amz-sdk-invocation-id:aaac89f8-8565-fcec-ca59-f1646feea8a8
amz-sdk-request:ttl=20220602T191152Z;attempt=1;max=11
amz-sdk-retry:0/0/500
content-length:220
content-type:application/x-amz-json-1.0
host:dynamodb.us-west-2.amazonaws.com
user-agent:aws-sdk-java/1.11.1020 Mac_OS_X/11.6.4 OpenJDK_64-Bit_Server_VM/11.0.13+8-LTS java/11.0.13 vendor/Amazon.com_Inc. cfg/retry-mode/legacy com.amazonaws.services.dynamodbv2.datamodeling.DynamoDBMapper/1.11.1020
x-amz-date:20220602T191102Z
x-amz-target:DynamoDB_20120810.Query

amz-sdk-invocation-id;amz-sdk-request;amz-sdk-retry;content-length;content-type;host;user-agent;x-amz-date;x-amz-target
60c78f6010a5b5ed602e742b10eeefd221d090a93f7effac6386c5796b512170"
12:11:02.317 [Test worker] DEBUG com.amazonaws.auth.AWS4Signer - AWS4 String to Sign: '"AWS4-HMAC-SHA256
20220602T191102Z
20220602/us-west-2/dynamodb/aws4_request
8f944372731fef9a1cbe5d0468427a3cfd656bb5e8b998b96cdb89b8e7b83255"
12:11:02.317 [Test worker] DEBUG org.apache.http.client.protocol.RequestAddCookies - CookieSpec selected: default
12:11:02.317 [Test worker] DEBUG org.apache.http.client.protocol.RequestAuthCache - Auth cache not set in the context
12:11:02.318 [Test worker] DEBUG org.apache.http.impl.conn.PoolingHttpClientConnectionManager - Connection request: [route: {s}->https://dynamodb.us-west-2.amazonaws.com:443][total available: 2; route allocated: 2 of 50; total allocated: 2 of 50]
12:11:02.318 [Test worker] DEBUG org.apache.http.impl.conn.PoolingHttpClientConnectionManager - Connection leased: [id: 1][route: {s}->https://dynamodb.us-west-2.amazonaws.com:443][total available: 1; route allocated: 2 of 50; total allocated: 2 of 50]
12:11:02.318 [Test worker] DEBUG org.apache.http.impl.conn.DefaultManagedHttpClientConnection - http-outgoing-1: set socket timeout to 50000
12:11:02.318 [Test worker] DEBUG org.apache.http.impl.conn.DefaultManagedHttpClientConnection - http-outgoing-1: set socket timeout to 50000
12:11:02.318 [Test worker] DEBUG org.apache.http.impl.execchain.MainClientExec - Executing request POST / HTTP/1.1
12:11:02.318 [Test worker] DEBUG org.apache.http.impl.execchain.MainClientExec - Proxy auth state: UNCHALLENGED
12:11:02.318 [Test worker] DEBUG org.apache.http.headers - http-outgoing-1 >> POST / HTTP/1.1
12:11:02.318 [Test worker] DEBUG org.apache.http.headers - http-outgoing-1 >> Host: dynamodb.us-west-2.amazonaws.com
12:11:02.318 [Test worker] DEBUG org.apache.http.headers - http-outgoing-1 >> amz-sdk-invocation-id: aaac89f8-8565-fcec-ca59-f1646feea8a8
12:11:02.318 [Test worker] DEBUG org.apache.http.headers - http-outgoing-1 >> amz-sdk-request: ttl=20220602T191152Z;attempt=1;max=11
12:11:02.318 [Test worker] DEBUG org.apache.http.headers - http-outgoing-1 >> amz-sdk-retry: 0/0/500
12:11:02.318 [Test worker] DEBUG org.apache.http.headers - http-outgoing-1 >> Authorization: AWS4-HMAC-SHA256 Credential=AKIA4QVT5K6IDDIUW4SY/20220602/us-west-2/dynamodb/aws4_request, SignedHeaders=amz-sdk-invocation-id;amz-sdk-request;amz-sdk-retry;content-length;content-type;host;user-agent;x-amz-date;x-amz-target, Signature=f9729e2cf003236cdf18ce39a290dce82dd73f33ef12a092910a4117a4862600
12:11:02.318 [Test worker] DEBUG org.apache.http.headers - http-outgoing-1 >> Content-Type: application/x-amz-json-1.0
12:11:02.318 [Test worker] DEBUG org.apache.http.headers - http-outgoing-1 >> User-Agent: aws-sdk-java/1.11.1020 Mac_OS_X/11.6.4 OpenJDK_64-Bit_Server_VM/11.0.13+8-LTS java/11.0.13 vendor/Amazon.com_Inc. cfg/retry-mode/legacy com.amazonaws.services.dynamodbv2.datamodeling.DynamoDBMapper/1.11.1020
12:11:02.318 [Test worker] DEBUG org.apache.http.headers - http-outgoing-1 >> X-Amz-Date: 20220602T191102Z
12:11:02.318 [Test worker] DEBUG org.apache.http.headers - http-outgoing-1 >> X-Amz-Target: DynamoDB_20120810.Query
12:11:02.318 [Test worker] DEBUG org.apache.http.headers - http-outgoing-1 >> Content-Length: 220
12:11:02.318 [Test worker] DEBUG org.apache.http.headers - http-outgoing-1 >> Connection: Keep-Alive
12:11:02.318 [Test worker] DEBUG org.apache.http.wire - http-outgoing-1 >> "POST / HTTP/1.1[\r][\n]"
12:11:02.318 [Test worker] DEBUG org.apache.http.wire - http-outgoing-1 >> "Host: dynamodb.us-west-2.amazonaws.com[\r][\n]"
12:11:02.318 [Test worker] DEBUG org.apache.http.wire - http-outgoing-1 >> "amz-sdk-invocation-id: aaac89f8-8565-fcec-ca59-f1646feea8a8[\r][\n]"
12:11:02.318 [Test worker] DEBUG org.apache.http.wire - http-outgoing-1 >> "amz-sdk-request: ttl=20220602T191152Z;attempt=1;max=11[\r][\n]"
12:11:02.318 [Test worker] DEBUG org.apache.http.wire - http-outgoing-1 >> "amz-sdk-retry: 0/0/500[\r][\n]"
12:11:02.318 [Test worker] DEBUG org.apache.http.wire - http-outgoing-1 >> "Authorization: AWS4-HMAC-SHA256 Credential=AKIA4QVT5K6IDDIUW4SY/20220602/us-west-2/dynamodb/aws4_request, SignedHeaders=amz-sdk-invocation-id;amz-sdk-request;amz-sdk-retry;content-length;content-type;host;user-agent;x-amz-date;x-amz-target, Signature=f9729e2cf003236cdf18ce39a290dce82dd73f33ef12a092910a4117a4862600[\r][\n]"
12:11:02.318 [Test worker] DEBUG org.apache.http.wire - http-outgoing-1 >> "Content-Type: application/x-amz-json-1.0[\r][\n]"
12:11:02.318 [Test worker] DEBUG org.apache.http.wire - http-outgoing-1 >> "User-Agent: aws-sdk-java/1.11.1020 Mac_OS_X/11.6.4 OpenJDK_64-Bit_Server_VM/11.0.13+8-LTS java/11.0.13 vendor/Amazon.com_Inc. cfg/retry-mode/legacy com.amazonaws.services.dynamodbv2.datamodeling.DynamoDBMapper/1.11.1020[\r][\n]"
12:11:02.318 [Test worker] DEBUG org.apache.http.wire - http-outgoing-1 >> "X-Amz-Date: 20220602T191102Z[\r][\n]"
12:11:02.318 [Test worker] DEBUG org.apache.http.wire - http-outgoing-1 >> "X-Amz-Target: DynamoDB_20120810.Query[\r][\n]"
12:11:02.318 [Test worker] DEBUG org.apache.http.wire - http-outgoing-1 >> "Content-Length: 220[\r][\n]"
12:11:02.318 [Test worker] DEBUG org.apache.http.wire - http-outgoing-1 >> "Connection: Keep-Alive[\r][\n]"
12:11:02.318 [Test worker] DEBUG org.apache.http.wire - http-outgoing-1 >> "[\r][\n]"
12:11:02.318 [Test worker] DEBUG org.apache.http.wire - http-outgoing-1 >> "{"TableName":"CatalogItemVersions","Limit":1,"ConsistentRead":true,"KeyConditions":{"bookId":{"AttributeValueList":[{"S":"book.a360139e-74d1-49cf-8fdb-3c214b115cd0"}],"ComparisonOperator":"EQ"}},"ScanIndexForward":false}"
12:11:02.351 [Test worker] DEBUG org.apache.http.wire - http-outgoing-1 << "HTTP/1.1 200 OK[\r][\n]"
12:11:02.351 [Test worker] DEBUG org.apache.http.wire - http-outgoing-1 << "Server: Server[\r][\n]"
12:11:02.351 [Test worker] DEBUG org.apache.http.wire - http-outgoing-1 << "Date: Thu, 02 Jun 2022 19:11:02 GMT[\r][\n]"
12:11:02.351 [Test worker] DEBUG org.apache.http.wire - http-outgoing-1 << "Content-Type: application/x-amz-json-1.0[\r][\n]"
12:11:02.351 [Test worker] DEBUG org.apache.http.wire - http-outgoing-1 << "Content-Length: 229[\r][\n]"
12:11:02.351 [Test worker] DEBUG org.apache.http.wire - http-outgoing-1 << "Connection: keep-alive[\r][\n]"
12:11:02.351 [Test worker] DEBUG org.apache.http.wire - http-outgoing-1 << "x-amzn-RequestId: 2OSMD110JT203PEVEE97GEHHBFVV4KQNSO5AEMVJF66Q9ASUAAJG[\r][\n]"
12:11:02.351 [Test worker] DEBUG org.apache.http.wire - http-outgoing-1 << "x-amz-crc32: 1867693523[\r][\n]"
12:11:02.351 [Test worker] DEBUG org.apache.http.wire - http-outgoing-1 << "[\r][\n]"
12:11:02.351 [Test worker] DEBUG org.apache.http.wire - http-outgoing-1 << "{"Count":1,"Items":[{"inactive":{"N":"0"},"version":{"N":"1"},"bookId":{"S":"book.a360139e-74d1-49cf-8fdb-3c214b115cd0"},"text":{"S":"text"},"genre":{"S":"TRAVEL"},"title":{"S":"title"},"author":{"S":"author"}}],"ScannedCount":1}"
12:11:02.352 [Test worker] DEBUG org.apache.http.headers - http-outgoing-1 << HTTP/1.1 200 OK
12:11:02.352 [Test worker] DEBUG org.apache.http.headers - http-outgoing-1 << Server: Server
12:11:02.352 [Test worker] DEBUG org.apache.http.headers - http-outgoing-1 << Date: Thu, 02 Jun 2022 19:11:02 GMT
12:11:02.352 [Test worker] DEBUG org.apache.http.headers - http-outgoing-1 << Content-Type: application/x-amz-json-1.0
12:11:02.352 [Test worker] DEBUG org.apache.http.headers - http-outgoing-1 << Content-Length: 229
12:11:02.352 [Test worker] DEBUG org.apache.http.headers - http-outgoing-1 << Connection: keep-alive
12:11:02.352 [Test worker] DEBUG org.apache.http.headers - http-outgoing-1 << x-amzn-RequestId: 2OSMD110JT203PEVEE97GEHHBFVV4KQNSO5AEMVJF66Q9ASUAAJG
12:11:02.352 [Test worker] DEBUG org.apache.http.headers - http-outgoing-1 << x-amz-crc32: 1867693523
12:11:02.352 [Test worker] DEBUG org.apache.http.impl.execchain.MainClientExec - Connection can be kept alive for 60000 MILLISECONDS
12:11:02.352 [Test worker] DEBUG com.amazonaws.retry.ClockSkewAdjuster - Reported server date (from 'Date' header): Thu, 02 Jun 2022 19:11:02 GMT
12:11:02.353 [Test worker] DEBUG org.apache.http.impl.conn.PoolingHttpClientConnectionManager - Connection [id: 1][route: {s}->https://dynamodb.us-west-2.amazonaws.com:443] can be kept alive for 60.0 seconds
12:11:02.353 [Test worker] DEBUG org.apache.http.impl.conn.DefaultManagedHttpClientConnection - http-outgoing-1: set socket timeout to 0
12:11:02.353 [Test worker] DEBUG org.apache.http.impl.conn.PoolingHttpClientConnectionManager - Connection released: [id: 1][route: {s}->https://dynamodb.us-west-2.amazonaws.com:443][total available: 2; route allocated: 2 of 50; total allocated: 2 of 50]
12:11:02.353 [Test worker] DEBUG com.amazonaws.request - Received successful response: 200, AWS Request ID: 2OSMD110JT203PEVEE97GEHHBFVV4KQNSO5AEMVJF66Q9ASUAAJG
12:11:02.353 [Test worker] DEBUG com.amazonaws.requestId - x-amzn-RequestId: 2OSMD110JT203PEVEE97GEHHBFVV4KQNSO5AEMVJF66Q9ASUAAJG
BookPublishingTask is running!!!
BookPublishingTask is running!!!
BookPublishingTask is running!!!
BookPublishingTask is running!!!
BookPublishingTask is running!!!
BookPublishingTask is running!!!
Cleaning up test data, wrote [1] items to DynamoDB.
12:11:08.358 [Test worker] DEBUG com.amazonaws.request - Sending Request: POST https://dynamodb.us-west-2.amazonaws.com / Headers: (amz-sdk-invocation-id: 771e658b-0f16-2aa8-3c88-59a0f5308ab4, Content-Length: 149, Content-Type: application/x-amz-json-1.0, User-Agent: aws-sdk-java/1.11.1020 Mac_OS_X/11.6.4 OpenJDK_64-Bit_Server_VM/11.0.13+8-LTS java/11.0.13 vendor/Amazon.com_Inc. cfg/retry-mode/legacy com.amazonaws.services.dynamodbv2.datamodeling.DynamoDBMapper_batch_operation/1.11.1020, X-Amz-Target: DynamoDB_20120810.BatchWriteItem, ) 
12:11:08.359 [Test worker] DEBUG com.amazonaws.auth.AWS4Signer - AWS4 Canonical Request: '"POST
/

amz-sdk-invocation-id:771e658b-0f16-2aa8-3c88-59a0f5308ab4
amz-sdk-request:ttl=20220602T191158Z;attempt=1;max=11
amz-sdk-retry:0/0/500
content-length:149
content-type:application/x-amz-json-1.0
host:dynamodb.us-west-2.amazonaws.com
user-agent:aws-sdk-java/1.11.1020 Mac_OS_X/11.6.4 OpenJDK_64-Bit_Server_VM/11.0.13+8-LTS java/11.0.13 vendor/Amazon.com_Inc. cfg/retry-mode/legacy com.amazonaws.services.dynamodbv2.datamodeling.DynamoDBMapper_batch_operation/1.11.1020
x-amz-date:20220602T191108Z
x-amz-target:DynamoDB_20120810.BatchWriteItem

amz-sdk-invocation-id;amz-sdk-request;amz-sdk-retry;content-length;content-type;host;user-agent;x-amz-date;x-amz-target
3f2dfd6cc2d2ce01013fe2effa3f5639a64823cf4dde3d043df057977e6e7d5e"
12:11:08.359 [Test worker] DEBUG com.amazonaws.auth.AWS4Signer - AWS4 String to Sign: '"AWS4-HMAC-SHA256
20220602T191108Z
20220602/us-west-2/dynamodb/aws4_request
972e7553a35d0f7bbd20f4046a302028b013dfbc006a54e68e1579b3389dd11a"
12:11:08.360 [Test worker] DEBUG org.apache.http.client.protocol.RequestAddCookies - CookieSpec selected: default
12:11:08.360 [Test worker] DEBUG org.apache.http.client.protocol.RequestAuthCache - Auth cache not set in the context
12:11:08.360 [Test worker] DEBUG org.apache.http.impl.conn.PoolingHttpClientConnectionManager - Connection request: [route: {s}->https://dynamodb.us-west-2.amazonaws.com:443][total available: 1; route allocated: 1 of 50; total allocated: 1 of 50]
12:11:08.361 [Test worker] DEBUG org.apache.http.wire - http-outgoing-0 << "[read] I/O error: Read timed out"
12:11:08.361 [Test worker] DEBUG org.apache.http.impl.conn.PoolingHttpClientConnectionManager - Connection leased: [id: 0][route: {s}->https://dynamodb.us-west-2.amazonaws.com:443][total available: 0; route allocated: 1 of 50; total allocated: 1 of 50]
12:11:08.362 [Test worker] DEBUG org.apache.http.impl.conn.DefaultManagedHttpClientConnection - http-outgoing-0: set socket timeout to 50000
12:11:08.362 [Test worker] DEBUG org.apache.http.impl.conn.DefaultManagedHttpClientConnection - http-outgoing-0: set socket timeout to 50000
12:11:08.362 [Test worker] DEBUG org.apache.http.impl.execchain.MainClientExec - Executing request POST / HTTP/1.1
12:11:08.362 [Test worker] DEBUG org.apache.http.impl.execchain.MainClientExec - Proxy auth state: UNCHALLENGED
12:11:08.362 [Test worker] DEBUG org.apache.http.headers - http-outgoing-0 >> POST / HTTP/1.1
12:11:08.362 [Test worker] DEBUG org.apache.http.headers - http-outgoing-0 >> Host: dynamodb.us-west-2.amazonaws.com
12:11:08.362 [Test worker] DEBUG org.apache.http.headers - http-outgoing-0 >> amz-sdk-invocation-id: 771e658b-0f16-2aa8-3c88-59a0f5308ab4
12:11:08.362 [Test worker] DEBUG org.apache.http.headers - http-outgoing-0 >> amz-sdk-request: ttl=20220602T191158Z;attempt=1;max=11
12:11:08.362 [Test worker] DEBUG org.apache.http.headers - http-outgoing-0 >> amz-sdk-retry: 0/0/500
12:11:08.362 [Test worker] DEBUG org.apache.http.headers - http-outgoing-0 >> Authorization: AWS4-HMAC-SHA256 Credential=AKIA4QVT5K6IDDIUW4SY/20220602/us-west-2/dynamodb/aws4_request, SignedHeaders=amz-sdk-invocation-id;amz-sdk-request;amz-sdk-retry;content-length;content-type;host;user-agent;x-amz-date;x-amz-target, Signature=a5da37f8efb87a703654bd7c38481a90572a69efa6aa6d241afe586ac2f1a522
12:11:08.362 [Test worker] DEBUG org.apache.http.headers - http-outgoing-0 >> Content-Type: application/x-amz-json-1.0
12:11:08.362 [Test worker] DEBUG org.apache.http.headers - http-outgoing-0 >> User-Agent: aws-sdk-java/1.11.1020 Mac_OS_X/11.6.4 OpenJDK_64-Bit_Server_VM/11.0.13+8-LTS java/11.0.13 vendor/Amazon.com_Inc. cfg/retry-mode/legacy com.amazonaws.services.dynamodbv2.datamodeling.DynamoDBMapper_batch_operation/1.11.1020
12:11:08.362 [Test worker] DEBUG org.apache.http.headers - http-outgoing-0 >> X-Amz-Date: 20220602T191108Z
12:11:08.362 [Test worker] DEBUG org.apache.http.headers - http-outgoing-0 >> X-Amz-Target: DynamoDB_20120810.BatchWriteItem
12:11:08.362 [Test worker] DEBUG org.apache.http.headers - http-outgoing-0 >> Content-Length: 149
12:11:08.362 [Test worker] DEBUG org.apache.http.headers - http-outgoing-0 >> Connection: Keep-Alive
12:11:08.362 [Test worker] DEBUG org.apache.http.wire - http-outgoing-0 >> "POST / HTTP/1.1[\r][\n]"
12:11:08.362 [Test worker] DEBUG org.apache.http.wire - http-outgoing-0 >> "Host: dynamodb.us-west-2.amazonaws.com[\r][\n]"
12:11:08.362 [Test worker] DEBUG org.apache.http.wire - http-outgoing-0 >> "amz-sdk-invocation-id: 771e658b-0f16-2aa8-3c88-59a0f5308ab4[\r][\n]"
12:11:08.362 [Test worker] DEBUG org.apache.http.wire - http-outgoing-0 >> "amz-sdk-request: ttl=20220602T191158Z;attempt=1;max=11[\r][\n]"
12:11:08.362 [Test worker] DEBUG org.apache.http.wire - http-outgoing-0 >> "amz-sdk-retry: 0/0/500[\r][\n]"
12:11:08.362 [Test worker] DEBUG org.apache.http.wire - http-outgoing-0 >> "Authorization: AWS4-HMAC-SHA256 Credential=AKIA4QVT5K6IDDIUW4SY/20220602/us-west-2/dynamodb/aws4_request, SignedHeaders=amz-sdk-invocation-id;amz-sdk-request;amz-sdk-retry;content-length;content-type;host;user-agent;x-amz-date;x-amz-target, Signature=a5da37f8efb87a703654bd7c38481a90572a69efa6aa6d241afe586ac2f1a522[\r][\n]"
12:11:08.362 [Test worker] DEBUG org.apache.http.wire - http-outgoing-0 >> "Content-Type: application/x-amz-json-1.0[\r][\n]"
12:11:08.362 [Test worker] DEBUG org.apache.http.wire - http-outgoing-0 >> "User-Agent: aws-sdk-java/1.11.1020 Mac_OS_X/11.6.4 OpenJDK_64-Bit_Server_VM/11.0.13+8-LTS java/11.0.13 vendor/Amazon.com_Inc. cfg/retry-mode/legacy com.amazonaws.services.dynamodbv2.datamodeling.DynamoDBMapper_batch_operation/1.11.1020[\r][\n]"
12:11:08.362 [Test worker] DEBUG org.apache.http.wire - http-outgoing-0 >> "X-Amz-Date: 20220602T191108Z[\r][\n]"
12:11:08.362 [Test worker] DEBUG org.apache.http.wire - http-outgoing-0 >> "X-Amz-Target: DynamoDB_20120810.BatchWriteItem[\r][\n]"
12:11:08.362 [Test worker] DEBUG org.apache.http.wire - http-outgoing-0 >> "Content-Length: 149[\r][\n]"
12:11:08.362 [Test worker] DEBUG org.apache.http.wire - http-outgoing-0 >> "Connection: Keep-Alive[\r][\n]"
12:11:08.362 [Test worker] DEBUG org.apache.http.wire - http-outgoing-0 >> "[\r][\n]"
12:11:08.362 [Test worker] DEBUG org.apache.http.wire - http-outgoing-0 >> "{"RequestItems":{"CatalogItemVersions":[{"DeleteRequest":{"Key":{"bookId":{"S":"book.d4d6c3c3-a8e4-4598-9010-977aae05cac3"},"version":{"N":"1"}}}}]}}"
12:11:08.395 [Test worker] DEBUG org.apache.http.wire - http-outgoing-0 << "HTTP/1.1 200 OK[\r][\n]"
12:11:08.395 [Test worker] DEBUG org.apache.http.wire - http-outgoing-0 << "Server: Server[\r][\n]"
12:11:08.395 [Test worker] DEBUG org.apache.http.wire - http-outgoing-0 << "Date: Thu, 02 Jun 2022 19:11:08 GMT[\r][\n]"
12:11:08.395 [Test worker] DEBUG org.apache.http.wire - http-outgoing-0 << "Content-Type: application/x-amz-json-1.0[\r][\n]"
12:11:08.395 [Test worker] DEBUG org.apache.http.wire - http-outgoing-0 << "Content-Length: 23[\r][\n]"
12:11:08.395 [Test worker] DEBUG org.apache.http.wire - http-outgoing-0 << "Connection: keep-alive[\r][\n]"
12:11:08.395 [Test worker] DEBUG org.apache.http.wire - http-outgoing-0 << "x-amzn-RequestId: QHEUKC9HRS57UJ4EK5LQ7SB0P7VV4KQNSO5AEMVJF66Q9ASUAAJG[\r][\n]"
12:11:08.395 [Test worker] DEBUG org.apache.http.wire - http-outgoing-0 << "x-amz-crc32: 4185382651[\r][\n]"
12:11:08.395 [Test worker] DEBUG org.apache.http.wire - http-outgoing-0 << "[\r][\n]"
12:11:08.395 [Test worker] DEBUG org.apache.http.wire - http-outgoing-0 << "{"UnprocessedItems":{}}"
12:11:08.395 [Test worker] DEBUG org.apache.http.headers - http-outgoing-0 << HTTP/1.1 200 OK
12:11:08.395 [Test worker] DEBUG org.apache.http.headers - http-outgoing-0 << Server: Server
12:11:08.395 [Test worker] DEBUG org.apache.http.headers - http-outgoing-0 << Date: Thu, 02 Jun 2022 19:11:08 GMT
12:11:08.395 [Test worker] DEBUG org.apache.http.headers - http-outgoing-0 << Content-Type: application/x-amz-json-1.0
12:11:08.395 [Test worker] DEBUG org.apache.http.headers - http-outgoing-0 << Content-Length: 23
12:11:08.395 [Test worker] DEBUG org.apache.http.headers - http-outgoing-0 << Connection: keep-alive
12:11:08.395 [Test worker] DEBUG org.apache.http.headers - http-outgoing-0 << x-amzn-RequestId: QHEUKC9HRS57UJ4EK5LQ7SB0P7VV4KQNSO5AEMVJF66Q9ASUAAJG
12:11:08.395 [Test worker] DEBUG org.apache.http.headers - http-outgoing-0 << x-amz-crc32: 4185382651
12:11:08.396 [Test worker] DEBUG org.apache.http.impl.execchain.MainClientExec - Connection can be kept alive for 60000 MILLISECONDS
12:11:08.396 [Test worker] DEBUG com.amazonaws.retry.ClockSkewAdjuster - Reported server date (from 'Date' header): Thu, 02 Jun 2022 19:11:08 GMT
12:11:08.396 [Test worker] DEBUG org.apache.http.impl.conn.PoolingHttpClientConnectionManager - Connection [id: 0][route: {s}->https://dynamodb.us-west-2.amazonaws.com:443] can be kept alive for 60.0 seconds
12:11:08.396 [Test worker] DEBUG org.apache.http.impl.conn.DefaultManagedHttpClientConnection - http-outgoing-0: set socket timeout to 0
12:11:08.396 [Test worker] DEBUG org.apache.http.impl.conn.PoolingHttpClientConnectionManager - Connection released: [id: 0][route: {s}->https://dynamodb.us-west-2.amazonaws.com:443][total available: 1; route allocated: 1 of 50; total allocated: 1 of 50]
12:11:08.396 [Test worker] DEBUG com.amazonaws.request - Received successful response: 200, AWS Request ID: QHEUKC9HRS57UJ4EK5LQ7SB0P7VV4KQNSO5AEMVJF66Q9ASUAAJG
12:11:08.396 [Test worker] DEBUG com.amazonaws.requestId - x-amzn-RequestId: QHEUKC9HRS57UJ4EK5LQ7SB0P7VV4KQNSO5AEMVJF66Q9ASUAAJG
]]></system-out>
  <system-err><![CDATA[]]></system-err>
</testsuite>
